[2024-11-08 03:10:51,123] {processor.py:163} INFO - Started process (PID=350) to work on /home/airflow/.local/lib/python3.6/site-packages/airflow/example_dags/tutorial_taskflow_api_etl_virtualenv.py
[2024-11-08 03:10:51,124] {processor.py:642} INFO - Processing file /home/airflow/.local/lib/python3.6/site-packages/airflow/example_dags/tutorial_taskflow_api_etl_virtualenv.py for tasks to queue
[2024-11-08 03:10:51,125] {logging_mixin.py:109} INFO - [2024-11-08 03:10:51,125] {dagbag.py:500} INFO - Filling up the DagBag from /home/airflow/.local/lib/python3.6/site-packages/airflow/example_dags/tutorial_taskflow_api_etl_virtualenv.py
[2024-11-08 03:10:51,157] {processor.py:652} INFO - DAG(s) dict_keys(['tutorial_taskflow_api_etl_virtualenv']) retrieved from /home/airflow/.local/lib/python3.6/site-packages/airflow/example_dags/tutorial_taskflow_api_etl_virtualenv.py
[2024-11-08 03:10:54,064] {logging_mixin.py:109} INFO - [2024-11-08 03:10:54,064] {manager.py:496} INFO - Created Permission View: can edit on DAG:tutorial_taskflow_api_etl_virtualenv
[2024-11-08 03:10:54,076] {logging_mixin.py:109} INFO - [2024-11-08 03:10:54,075] {manager.py:496} INFO - Created Permission View: can read on DAG:tutorial_taskflow_api_etl_virtualenv
[2024-11-08 03:10:54,078] {logging_mixin.py:109} INFO - [2024-11-08 03:10:54,076] {dag.py:2398} INFO - Sync 1 DAGs
[2024-11-08 03:10:54,095] {logging_mixin.py:109} INFO - [2024-11-08 03:10:54,093] {dag.py:2417} INFO - Creating ORM DAG for tutorial_taskflow_api_etl_virtualenv
[2024-11-08 03:10:54,104] {logging_mixin.py:109} INFO - [2024-11-08 03:10:54,104] {dag.py:2937} INFO - Setting next_dagrun for tutorial_taskflow_api_etl_virtualenv to None
[2024-11-08 03:10:54,119] {processor.py:171} INFO - Processing /home/airflow/.local/lib/python3.6/site-packages/airflow/example_dags/tutorial_taskflow_api_etl_virtualenv.py took 3.001 seconds
[2024-11-08 03:11:24,397] {processor.py:163} INFO - Started process (PID=526) to work on /home/airflow/.local/lib/python3.6/site-packages/airflow/example_dags/tutorial_taskflow_api_etl_virtualenv.py
[2024-11-08 03:11:24,400] {processor.py:642} INFO - Processing file /home/airflow/.local/lib/python3.6/site-packages/airflow/example_dags/tutorial_taskflow_api_etl_virtualenv.py for tasks to queue
[2024-11-08 03:11:24,402] {logging_mixin.py:109} INFO - [2024-11-08 03:11:24,402] {dagbag.py:500} INFO - Filling up the DagBag from /home/airflow/.local/lib/python3.6/site-packages/airflow/example_dags/tutorial_taskflow_api_etl_virtualenv.py
[2024-11-08 03:11:24,589] {processor.py:652} INFO - DAG(s) dict_keys(['tutorial_taskflow_api_etl_virtualenv']) retrieved from /home/airflow/.local/lib/python3.6/site-packages/airflow/example_dags/tutorial_taskflow_api_etl_virtualenv.py
[2024-11-08 03:11:25,704] {logging_mixin.py:109} INFO - [2024-11-08 03:11:25,704] {dag.py:2398} INFO - Sync 1 DAGs
[2024-11-08 03:11:25,736] {logging_mixin.py:109} INFO - [2024-11-08 03:11:25,735] {dag.py:2937} INFO - Setting next_dagrun for tutorial_taskflow_api_etl_virtualenv to None
[2024-11-08 03:11:25,757] {processor.py:171} INFO - Processing /home/airflow/.local/lib/python3.6/site-packages/airflow/example_dags/tutorial_taskflow_api_etl_virtualenv.py took 1.413 seconds
[2024-11-08 03:11:55,993] {processor.py:163} INFO - Started process (PID=589) to work on /home/airflow/.local/lib/python3.6/site-packages/airflow/example_dags/tutorial_taskflow_api_etl_virtualenv.py
[2024-11-08 03:11:55,995] {processor.py:642} INFO - Processing file /home/airflow/.local/lib/python3.6/site-packages/airflow/example_dags/tutorial_taskflow_api_etl_virtualenv.py for tasks to queue
[2024-11-08 03:11:55,996] {logging_mixin.py:109} INFO - [2024-11-08 03:11:55,996] {dagbag.py:500} INFO - Filling up the DagBag from /home/airflow/.local/lib/python3.6/site-packages/airflow/example_dags/tutorial_taskflow_api_etl_virtualenv.py
[2024-11-08 03:11:56,021] {processor.py:652} INFO - DAG(s) dict_keys(['tutorial_taskflow_api_etl_virtualenv']) retrieved from /home/airflow/.local/lib/python3.6/site-packages/airflow/example_dags/tutorial_taskflow_api_etl_virtualenv.py
[2024-11-08 03:11:56,319] {logging_mixin.py:109} INFO - [2024-11-08 03:11:56,319] {dag.py:2398} INFO - Sync 1 DAGs
[2024-11-08 03:11:56,331] {logging_mixin.py:109} INFO - [2024-11-08 03:11:56,331] {dag.py:2937} INFO - Setting next_dagrun for tutorial_taskflow_api_etl_virtualenv to None
[2024-11-08 03:11:56,340] {processor.py:171} INFO - Processing /home/airflow/.local/lib/python3.6/site-packages/airflow/example_dags/tutorial_taskflow_api_etl_virtualenv.py took 0.351 seconds
[2024-11-08 03:12:26,542] {processor.py:163} INFO - Started process (PID=641) to work on /home/airflow/.local/lib/python3.6/site-packages/airflow/example_dags/tutorial_taskflow_api_etl_virtualenv.py
[2024-11-08 03:12:26,544] {processor.py:642} INFO - Processing file /home/airflow/.local/lib/python3.6/site-packages/airflow/example_dags/tutorial_taskflow_api_etl_virtualenv.py for tasks to queue
[2024-11-08 03:12:26,545] {logging_mixin.py:109} INFO - [2024-11-08 03:12:26,545] {dagbag.py:500} INFO - Filling up the DagBag from /home/airflow/.local/lib/python3.6/site-packages/airflow/example_dags/tutorial_taskflow_api_etl_virtualenv.py
[2024-11-08 03:12:26,610] {processor.py:652} INFO - DAG(s) dict_keys(['tutorial_taskflow_api_etl_virtualenv']) retrieved from /home/airflow/.local/lib/python3.6/site-packages/airflow/example_dags/tutorial_taskflow_api_etl_virtualenv.py
[2024-11-08 03:12:26,898] {logging_mixin.py:109} INFO - [2024-11-08 03:12:26,898] {dag.py:2398} INFO - Sync 1 DAGs
[2024-11-08 03:12:26,910] {logging_mixin.py:109} INFO - [2024-11-08 03:12:26,910] {dag.py:2937} INFO - Setting next_dagrun for tutorial_taskflow_api_etl_virtualenv to None
[2024-11-08 03:12:26,921] {processor.py:171} INFO - Processing /home/airflow/.local/lib/python3.6/site-packages/airflow/example_dags/tutorial_taskflow_api_etl_virtualenv.py took 0.398 seconds
[2024-11-08 03:12:56,986] {processor.py:163} INFO - Started process (PID=704) to work on /home/airflow/.local/lib/python3.6/site-packages/airflow/example_dags/tutorial_taskflow_api_etl_virtualenv.py
[2024-11-08 03:12:56,987] {processor.py:642} INFO - Processing file /home/airflow/.local/lib/python3.6/site-packages/airflow/example_dags/tutorial_taskflow_api_etl_virtualenv.py for tasks to queue
[2024-11-08 03:12:56,988] {logging_mixin.py:109} INFO - [2024-11-08 03:12:56,988] {dagbag.py:500} INFO - Filling up the DagBag from /home/airflow/.local/lib/python3.6/site-packages/airflow/example_dags/tutorial_taskflow_api_etl_virtualenv.py
[2024-11-08 03:12:57,015] {processor.py:652} INFO - DAG(s) dict_keys(['tutorial_taskflow_api_etl_virtualenv']) retrieved from /home/airflow/.local/lib/python3.6/site-packages/airflow/example_dags/tutorial_taskflow_api_etl_virtualenv.py
[2024-11-08 03:12:57,311] {logging_mixin.py:109} INFO - [2024-11-08 03:12:57,311] {dag.py:2398} INFO - Sync 1 DAGs
[2024-11-08 03:12:57,323] {logging_mixin.py:109} INFO - [2024-11-08 03:12:57,323] {dag.py:2937} INFO - Setting next_dagrun for tutorial_taskflow_api_etl_virtualenv to None
[2024-11-08 03:12:57,332] {processor.py:171} INFO - Processing /home/airflow/.local/lib/python3.6/site-packages/airflow/example_dags/tutorial_taskflow_api_etl_virtualenv.py took 0.349 seconds
[2024-11-08 03:13:27,416] {processor.py:163} INFO - Started process (PID=757) to work on /home/airflow/.local/lib/python3.6/site-packages/airflow/example_dags/tutorial_taskflow_api_etl_virtualenv.py
[2024-11-08 03:13:27,418] {processor.py:642} INFO - Processing file /home/airflow/.local/lib/python3.6/site-packages/airflow/example_dags/tutorial_taskflow_api_etl_virtualenv.py for tasks to queue
[2024-11-08 03:13:27,419] {logging_mixin.py:109} INFO - [2024-11-08 03:13:27,419] {dagbag.py:500} INFO - Filling up the DagBag from /home/airflow/.local/lib/python3.6/site-packages/airflow/example_dags/tutorial_taskflow_api_etl_virtualenv.py
[2024-11-08 03:13:27,450] {processor.py:652} INFO - DAG(s) dict_keys(['tutorial_taskflow_api_etl_virtualenv']) retrieved from /home/airflow/.local/lib/python3.6/site-packages/airflow/example_dags/tutorial_taskflow_api_etl_virtualenv.py
[2024-11-08 03:13:27,572] {logging_mixin.py:109} INFO - [2024-11-08 03:13:27,572] {dag.py:2398} INFO - Sync 1 DAGs
[2024-11-08 03:13:27,592] {logging_mixin.py:109} INFO - [2024-11-08 03:13:27,592] {dag.py:2937} INFO - Setting next_dagrun for tutorial_taskflow_api_etl_virtualenv to None
[2024-11-08 03:13:27,604] {processor.py:171} INFO - Processing /home/airflow/.local/lib/python3.6/site-packages/airflow/example_dags/tutorial_taskflow_api_etl_virtualenv.py took 0.194 seconds
[2024-11-08 03:13:58,399] {processor.py:163} INFO - Started process (PID=810) to work on /home/airflow/.local/lib/python3.6/site-packages/airflow/example_dags/tutorial_taskflow_api_etl_virtualenv.py
[2024-11-08 03:13:58,401] {processor.py:642} INFO - Processing file /home/airflow/.local/lib/python3.6/site-packages/airflow/example_dags/tutorial_taskflow_api_etl_virtualenv.py for tasks to queue
[2024-11-08 03:13:58,402] {logging_mixin.py:109} INFO - [2024-11-08 03:13:58,402] {dagbag.py:500} INFO - Filling up the DagBag from /home/airflow/.local/lib/python3.6/site-packages/airflow/example_dags/tutorial_taskflow_api_etl_virtualenv.py
[2024-11-08 03:13:58,526] {processor.py:652} INFO - DAG(s) dict_keys(['tutorial_taskflow_api_etl_virtualenv']) retrieved from /home/airflow/.local/lib/python3.6/site-packages/airflow/example_dags/tutorial_taskflow_api_etl_virtualenv.py
[2024-11-08 03:13:58,728] {logging_mixin.py:109} INFO - [2024-11-08 03:13:58,728] {dag.py:2398} INFO - Sync 1 DAGs
[2024-11-08 03:13:58,740] {logging_mixin.py:109} INFO - [2024-11-08 03:13:58,740] {dag.py:2937} INFO - Setting next_dagrun for tutorial_taskflow_api_etl_virtualenv to None
[2024-11-08 03:13:58,749] {processor.py:171} INFO - Processing /home/airflow/.local/lib/python3.6/site-packages/airflow/example_dags/tutorial_taskflow_api_etl_virtualenv.py took 0.355 seconds
[2024-11-08 03:14:28,892] {processor.py:163} INFO - Started process (PID=873) to work on /home/airflow/.local/lib/python3.6/site-packages/airflow/example_dags/tutorial_taskflow_api_etl_virtualenv.py
[2024-11-08 03:14:28,894] {processor.py:642} INFO - Processing file /home/airflow/.local/lib/python3.6/site-packages/airflow/example_dags/tutorial_taskflow_api_etl_virtualenv.py for tasks to queue
[2024-11-08 03:14:28,895] {logging_mixin.py:109} INFO - [2024-11-08 03:14:28,895] {dagbag.py:500} INFO - Filling up the DagBag from /home/airflow/.local/lib/python3.6/site-packages/airflow/example_dags/tutorial_taskflow_api_etl_virtualenv.py
[2024-11-08 03:14:29,012] {processor.py:652} INFO - DAG(s) dict_keys(['tutorial_taskflow_api_etl_virtualenv']) retrieved from /home/airflow/.local/lib/python3.6/site-packages/airflow/example_dags/tutorial_taskflow_api_etl_virtualenv.py
[2024-11-08 03:14:29,205] {logging_mixin.py:109} INFO - [2024-11-08 03:14:29,205] {dag.py:2398} INFO - Sync 1 DAGs
[2024-11-08 03:14:29,219] {logging_mixin.py:109} INFO - [2024-11-08 03:14:29,219] {dag.py:2937} INFO - Setting next_dagrun for tutorial_taskflow_api_etl_virtualenv to None
[2024-11-08 03:14:29,228] {processor.py:171} INFO - Processing /home/airflow/.local/lib/python3.6/site-packages/airflow/example_dags/tutorial_taskflow_api_etl_virtualenv.py took 0.339 seconds
[2024-11-08 03:14:59,282] {processor.py:163} INFO - Started process (PID=926) to work on /home/airflow/.local/lib/python3.6/site-packages/airflow/example_dags/tutorial_taskflow_api_etl_virtualenv.py
[2024-11-08 03:14:59,283] {processor.py:642} INFO - Processing file /home/airflow/.local/lib/python3.6/site-packages/airflow/example_dags/tutorial_taskflow_api_etl_virtualenv.py for tasks to queue
[2024-11-08 03:14:59,284] {logging_mixin.py:109} INFO - [2024-11-08 03:14:59,284] {dagbag.py:500} INFO - Filling up the DagBag from /home/airflow/.local/lib/python3.6/site-packages/airflow/example_dags/tutorial_taskflow_api_etl_virtualenv.py
[2024-11-08 03:14:59,406] {processor.py:652} INFO - DAG(s) dict_keys(['tutorial_taskflow_api_etl_virtualenv']) retrieved from /home/airflow/.local/lib/python3.6/site-packages/airflow/example_dags/tutorial_taskflow_api_etl_virtualenv.py
[2024-11-08 03:14:59,603] {logging_mixin.py:109} INFO - [2024-11-08 03:14:59,602] {dag.py:2398} INFO - Sync 1 DAGs
[2024-11-08 03:14:59,615] {logging_mixin.py:109} INFO - [2024-11-08 03:14:59,615] {dag.py:2937} INFO - Setting next_dagrun for tutorial_taskflow_api_etl_virtualenv to None
[2024-11-08 03:14:59,623] {processor.py:171} INFO - Processing /home/airflow/.local/lib/python3.6/site-packages/airflow/example_dags/tutorial_taskflow_api_etl_virtualenv.py took 0.346 seconds
[2024-11-08 03:15:29,671] {processor.py:163} INFO - Started process (PID=989) to work on /home/airflow/.local/lib/python3.6/site-packages/airflow/example_dags/tutorial_taskflow_api_etl_virtualenv.py
[2024-11-08 03:15:29,673] {processor.py:642} INFO - Processing file /home/airflow/.local/lib/python3.6/site-packages/airflow/example_dags/tutorial_taskflow_api_etl_virtualenv.py for tasks to queue
[2024-11-08 03:15:29,674] {logging_mixin.py:109} INFO - [2024-11-08 03:15:29,674] {dagbag.py:500} INFO - Filling up the DagBag from /home/airflow/.local/lib/python3.6/site-packages/airflow/example_dags/tutorial_taskflow_api_etl_virtualenv.py
[2024-11-08 03:15:29,793] {processor.py:652} INFO - DAG(s) dict_keys(['tutorial_taskflow_api_etl_virtualenv']) retrieved from /home/airflow/.local/lib/python3.6/site-packages/airflow/example_dags/tutorial_taskflow_api_etl_virtualenv.py
[2024-11-08 03:15:29,990] {logging_mixin.py:109} INFO - [2024-11-08 03:15:29,990] {dag.py:2398} INFO - Sync 1 DAGs
[2024-11-08 03:15:30,002] {logging_mixin.py:109} INFO - [2024-11-08 03:15:30,002] {dag.py:2937} INFO - Setting next_dagrun for tutorial_taskflow_api_etl_virtualenv to None
[2024-11-08 03:15:30,011] {processor.py:171} INFO - Processing /home/airflow/.local/lib/python3.6/site-packages/airflow/example_dags/tutorial_taskflow_api_etl_virtualenv.py took 0.343 seconds
[2024-11-08 03:16:00,335] {processor.py:163} INFO - Started process (PID=1042) to work on /home/airflow/.local/lib/python3.6/site-packages/airflow/example_dags/tutorial_taskflow_api_etl_virtualenv.py
[2024-11-08 03:16:00,337] {processor.py:642} INFO - Processing file /home/airflow/.local/lib/python3.6/site-packages/airflow/example_dags/tutorial_taskflow_api_etl_virtualenv.py for tasks to queue
[2024-11-08 03:16:00,338] {logging_mixin.py:109} INFO - [2024-11-08 03:16:00,338] {dagbag.py:500} INFO - Filling up the DagBag from /home/airflow/.local/lib/python3.6/site-packages/airflow/example_dags/tutorial_taskflow_api_etl_virtualenv.py
[2024-11-08 03:16:00,457] {processor.py:652} INFO - DAG(s) dict_keys(['tutorial_taskflow_api_etl_virtualenv']) retrieved from /home/airflow/.local/lib/python3.6/site-packages/airflow/example_dags/tutorial_taskflow_api_etl_virtualenv.py
[2024-11-08 03:16:00,662] {logging_mixin.py:109} INFO - [2024-11-08 03:16:00,662] {dag.py:2398} INFO - Sync 1 DAGs
[2024-11-08 03:16:00,675] {logging_mixin.py:109} INFO - [2024-11-08 03:16:00,674] {dag.py:2937} INFO - Setting next_dagrun for tutorial_taskflow_api_etl_virtualenv to None
[2024-11-08 03:16:00,683] {processor.py:171} INFO - Processing /home/airflow/.local/lib/python3.6/site-packages/airflow/example_dags/tutorial_taskflow_api_etl_virtualenv.py took 0.351 seconds
[2024-11-08 03:16:30,796] {processor.py:163} INFO - Started process (PID=1105) to work on /home/airflow/.local/lib/python3.6/site-packages/airflow/example_dags/tutorial_taskflow_api_etl_virtualenv.py
[2024-11-08 03:16:30,797] {processor.py:642} INFO - Processing file /home/airflow/.local/lib/python3.6/site-packages/airflow/example_dags/tutorial_taskflow_api_etl_virtualenv.py for tasks to queue
[2024-11-08 03:16:30,798] {logging_mixin.py:109} INFO - [2024-11-08 03:16:30,798] {dagbag.py:500} INFO - Filling up the DagBag from /home/airflow/.local/lib/python3.6/site-packages/airflow/example_dags/tutorial_taskflow_api_etl_virtualenv.py
[2024-11-08 03:16:30,912] {processor.py:652} INFO - DAG(s) dict_keys(['tutorial_taskflow_api_etl_virtualenv']) retrieved from /home/airflow/.local/lib/python3.6/site-packages/airflow/example_dags/tutorial_taskflow_api_etl_virtualenv.py
[2024-11-08 03:16:31,099] {logging_mixin.py:109} INFO - [2024-11-08 03:16:31,099] {dag.py:2398} INFO - Sync 1 DAGs
[2024-11-08 03:16:31,111] {logging_mixin.py:109} INFO - [2024-11-08 03:16:31,110] {dag.py:2937} INFO - Setting next_dagrun for tutorial_taskflow_api_etl_virtualenv to None
[2024-11-08 03:16:31,120] {processor.py:171} INFO - Processing /home/airflow/.local/lib/python3.6/site-packages/airflow/example_dags/tutorial_taskflow_api_etl_virtualenv.py took 0.329 seconds
[2024-11-08 03:17:01,284] {processor.py:163} INFO - Started process (PID=1157) to work on /home/airflow/.local/lib/python3.6/site-packages/airflow/example_dags/tutorial_taskflow_api_etl_virtualenv.py
[2024-11-08 03:17:01,285] {processor.py:642} INFO - Processing file /home/airflow/.local/lib/python3.6/site-packages/airflow/example_dags/tutorial_taskflow_api_etl_virtualenv.py for tasks to queue
[2024-11-08 03:17:01,287] {logging_mixin.py:109} INFO - [2024-11-08 03:17:01,286] {dagbag.py:500} INFO - Filling up the DagBag from /home/airflow/.local/lib/python3.6/site-packages/airflow/example_dags/tutorial_taskflow_api_etl_virtualenv.py
[2024-11-08 03:17:01,400] {processor.py:652} INFO - DAG(s) dict_keys(['tutorial_taskflow_api_etl_virtualenv']) retrieved from /home/airflow/.local/lib/python3.6/site-packages/airflow/example_dags/tutorial_taskflow_api_etl_virtualenv.py
[2024-11-08 03:17:01,583] {logging_mixin.py:109} INFO - [2024-11-08 03:17:01,583] {dag.py:2398} INFO - Sync 1 DAGs
[2024-11-08 03:17:01,595] {logging_mixin.py:109} INFO - [2024-11-08 03:17:01,595] {dag.py:2937} INFO - Setting next_dagrun for tutorial_taskflow_api_etl_virtualenv to None
[2024-11-08 03:17:01,604] {processor.py:171} INFO - Processing /home/airflow/.local/lib/python3.6/site-packages/airflow/example_dags/tutorial_taskflow_api_etl_virtualenv.py took 0.325 seconds
[2024-11-08 03:17:31,957] {processor.py:163} INFO - Started process (PID=1219) to work on /home/airflow/.local/lib/python3.6/site-packages/airflow/example_dags/tutorial_taskflow_api_etl_virtualenv.py
[2024-11-08 03:17:31,959] {processor.py:642} INFO - Processing file /home/airflow/.local/lib/python3.6/site-packages/airflow/example_dags/tutorial_taskflow_api_etl_virtualenv.py for tasks to queue
[2024-11-08 03:17:31,960] {logging_mixin.py:109} INFO - [2024-11-08 03:17:31,960] {dagbag.py:500} INFO - Filling up the DagBag from /home/airflow/.local/lib/python3.6/site-packages/airflow/example_dags/tutorial_taskflow_api_etl_virtualenv.py
[2024-11-08 03:17:31,988] {processor.py:652} INFO - DAG(s) dict_keys(['tutorial_taskflow_api_etl_virtualenv']) retrieved from /home/airflow/.local/lib/python3.6/site-packages/airflow/example_dags/tutorial_taskflow_api_etl_virtualenv.py
[2024-11-08 03:17:32,240] {logging_mixin.py:109} INFO - [2024-11-08 03:17:32,240] {dag.py:2398} INFO - Sync 1 DAGs
[2024-11-08 03:17:32,257] {logging_mixin.py:109} INFO - [2024-11-08 03:17:32,257] {dag.py:2937} INFO - Setting next_dagrun for tutorial_taskflow_api_etl_virtualenv to None
[2024-11-08 03:17:32,267] {processor.py:171} INFO - Processing /home/airflow/.local/lib/python3.6/site-packages/airflow/example_dags/tutorial_taskflow_api_etl_virtualenv.py took 0.314 seconds
[2024-11-08 03:18:02,483] {processor.py:163} INFO - Started process (PID=1272) to work on /home/airflow/.local/lib/python3.6/site-packages/airflow/example_dags/tutorial_taskflow_api_etl_virtualenv.py
[2024-11-08 03:18:02,485] {processor.py:642} INFO - Processing file /home/airflow/.local/lib/python3.6/site-packages/airflow/example_dags/tutorial_taskflow_api_etl_virtualenv.py for tasks to queue
[2024-11-08 03:18:02,486] {logging_mixin.py:109} INFO - [2024-11-08 03:18:02,486] {dagbag.py:500} INFO - Filling up the DagBag from /home/airflow/.local/lib/python3.6/site-packages/airflow/example_dags/tutorial_taskflow_api_etl_virtualenv.py
[2024-11-08 03:18:02,510] {processor.py:652} INFO - DAG(s) dict_keys(['tutorial_taskflow_api_etl_virtualenv']) retrieved from /home/airflow/.local/lib/python3.6/site-packages/airflow/example_dags/tutorial_taskflow_api_etl_virtualenv.py
[2024-11-08 03:18:02,737] {logging_mixin.py:109} INFO - [2024-11-08 03:18:02,737] {dag.py:2398} INFO - Sync 1 DAGs
[2024-11-08 03:18:02,760] {logging_mixin.py:109} INFO - [2024-11-08 03:18:02,759] {dag.py:2937} INFO - Setting next_dagrun for tutorial_taskflow_api_etl_virtualenv to None
[2024-11-08 03:18:02,775] {processor.py:171} INFO - Processing /home/airflow/.local/lib/python3.6/site-packages/airflow/example_dags/tutorial_taskflow_api_etl_virtualenv.py took 0.297 seconds
[2024-11-08 03:18:33,325] {processor.py:163} INFO - Started process (PID=1335) to work on /home/airflow/.local/lib/python3.6/site-packages/airflow/example_dags/tutorial_taskflow_api_etl_virtualenv.py
[2024-11-08 03:18:33,328] {processor.py:642} INFO - Processing file /home/airflow/.local/lib/python3.6/site-packages/airflow/example_dags/tutorial_taskflow_api_etl_virtualenv.py for tasks to queue
[2024-11-08 03:18:33,330] {logging_mixin.py:109} INFO - [2024-11-08 03:18:33,329] {dagbag.py:500} INFO - Filling up the DagBag from /home/airflow/.local/lib/python3.6/site-packages/airflow/example_dags/tutorial_taskflow_api_etl_virtualenv.py
[2024-11-08 03:18:33,490] {processor.py:652} INFO - DAG(s) dict_keys(['tutorial_taskflow_api_etl_virtualenv']) retrieved from /home/airflow/.local/lib/python3.6/site-packages/airflow/example_dags/tutorial_taskflow_api_etl_virtualenv.py
[2024-11-08 03:18:34,147] {logging_mixin.py:109} INFO - [2024-11-08 03:18:34,146] {dag.py:2398} INFO - Sync 1 DAGs
[2024-11-08 03:18:34,173] {logging_mixin.py:109} INFO - [2024-11-08 03:18:34,172] {dag.py:2937} INFO - Setting next_dagrun for tutorial_taskflow_api_etl_virtualenv to None
[2024-11-08 03:18:34,187] {processor.py:171} INFO - Processing /home/airflow/.local/lib/python3.6/site-packages/airflow/example_dags/tutorial_taskflow_api_etl_virtualenv.py took 0.868 seconds
[2024-11-08 03:19:04,225] {processor.py:163} INFO - Started process (PID=1388) to work on /home/airflow/.local/lib/python3.6/site-packages/airflow/example_dags/tutorial_taskflow_api_etl_virtualenv.py
[2024-11-08 03:19:04,227] {processor.py:642} INFO - Processing file /home/airflow/.local/lib/python3.6/site-packages/airflow/example_dags/tutorial_taskflow_api_etl_virtualenv.py for tasks to queue
[2024-11-08 03:19:04,228] {logging_mixin.py:109} INFO - [2024-11-08 03:19:04,228] {dagbag.py:500} INFO - Filling up the DagBag from /home/airflow/.local/lib/python3.6/site-packages/airflow/example_dags/tutorial_taskflow_api_etl_virtualenv.py
[2024-11-08 03:19:04,256] {processor.py:652} INFO - DAG(s) dict_keys(['tutorial_taskflow_api_etl_virtualenv']) retrieved from /home/airflow/.local/lib/python3.6/site-packages/airflow/example_dags/tutorial_taskflow_api_etl_virtualenv.py
[2024-11-08 03:19:04,477] {logging_mixin.py:109} INFO - [2024-11-08 03:19:04,477] {dag.py:2398} INFO - Sync 1 DAGs
[2024-11-08 03:19:04,496] {logging_mixin.py:109} INFO - [2024-11-08 03:19:04,496] {dag.py:2937} INFO - Setting next_dagrun for tutorial_taskflow_api_etl_virtualenv to None
[2024-11-08 03:19:04,509] {processor.py:171} INFO - Processing /home/airflow/.local/lib/python3.6/site-packages/airflow/example_dags/tutorial_taskflow_api_etl_virtualenv.py took 0.288 seconds
[2024-11-08 03:19:35,423] {processor.py:163} INFO - Started process (PID=1441) to work on /home/airflow/.local/lib/python3.6/site-packages/airflow/example_dags/tutorial_taskflow_api_etl_virtualenv.py
[2024-11-08 03:19:35,425] {processor.py:642} INFO - Processing file /home/airflow/.local/lib/python3.6/site-packages/airflow/example_dags/tutorial_taskflow_api_etl_virtualenv.py for tasks to queue
[2024-11-08 03:19:35,426] {logging_mixin.py:109} INFO - [2024-11-08 03:19:35,425] {dagbag.py:500} INFO - Filling up the DagBag from /home/airflow/.local/lib/python3.6/site-packages/airflow/example_dags/tutorial_taskflow_api_etl_virtualenv.py
[2024-11-08 03:19:35,452] {processor.py:652} INFO - DAG(s) dict_keys(['tutorial_taskflow_api_etl_virtualenv']) retrieved from /home/airflow/.local/lib/python3.6/site-packages/airflow/example_dags/tutorial_taskflow_api_etl_virtualenv.py
[2024-11-08 03:19:35,679] {logging_mixin.py:109} INFO - [2024-11-08 03:19:35,679] {dag.py:2398} INFO - Sync 1 DAGs
[2024-11-08 03:19:35,710] {logging_mixin.py:109} INFO - [2024-11-08 03:19:35,709] {dag.py:2937} INFO - Setting next_dagrun for tutorial_taskflow_api_etl_virtualenv to None
[2024-11-08 03:19:35,724] {processor.py:171} INFO - Processing /home/airflow/.local/lib/python3.6/site-packages/airflow/example_dags/tutorial_taskflow_api_etl_virtualenv.py took 0.305 seconds
[2024-11-08 03:23:58,177] {processor.py:163} INFO - Started process (PID=335) to work on /home/airflow/.local/lib/python3.6/site-packages/airflow/example_dags/tutorial_taskflow_api_etl_virtualenv.py
[2024-11-08 03:23:58,178] {processor.py:642} INFO - Processing file /home/airflow/.local/lib/python3.6/site-packages/airflow/example_dags/tutorial_taskflow_api_etl_virtualenv.py for tasks to queue
[2024-11-08 03:23:58,179] {logging_mixin.py:109} INFO - [2024-11-08 03:23:58,179] {dagbag.py:500} INFO - Filling up the DagBag from /home/airflow/.local/lib/python3.6/site-packages/airflow/example_dags/tutorial_taskflow_api_etl_virtualenv.py
[2024-11-08 03:23:58,215] {processor.py:652} INFO - DAG(s) dict_keys(['tutorial_taskflow_api_etl_virtualenv']) retrieved from /home/airflow/.local/lib/python3.6/site-packages/airflow/example_dags/tutorial_taskflow_api_etl_virtualenv.py
[2024-11-08 03:24:00,998] {logging_mixin.py:109} INFO - [2024-11-08 03:24:00,998] {manager.py:496} INFO - Created Permission View: can read on DAG:tutorial_taskflow_api_etl_virtualenv
[2024-11-08 03:24:01,014] {logging_mixin.py:109} INFO - [2024-11-08 03:24:01,014] {manager.py:496} INFO - Created Permission View: can edit on DAG:tutorial_taskflow_api_etl_virtualenv
[2024-11-08 03:24:01,017] {logging_mixin.py:109} INFO - [2024-11-08 03:24:01,016] {dag.py:2398} INFO - Sync 1 DAGs
[2024-11-08 03:24:01,034] {logging_mixin.py:109} INFO - [2024-11-08 03:24:01,033] {dag.py:2417} INFO - Creating ORM DAG for tutorial_taskflow_api_etl_virtualenv
[2024-11-08 03:24:01,043] {logging_mixin.py:109} INFO - [2024-11-08 03:24:01,043] {dag.py:2937} INFO - Setting next_dagrun for tutorial_taskflow_api_etl_virtualenv to None
[2024-11-08 03:24:01,057] {processor.py:171} INFO - Processing /home/airflow/.local/lib/python3.6/site-packages/airflow/example_dags/tutorial_taskflow_api_etl_virtualenv.py took 2.886 seconds
[2024-11-08 03:24:31,817] {processor.py:163} INFO - Started process (PID=518) to work on /home/airflow/.local/lib/python3.6/site-packages/airflow/example_dags/tutorial_taskflow_api_etl_virtualenv.py
[2024-11-08 03:24:31,819] {processor.py:642} INFO - Processing file /home/airflow/.local/lib/python3.6/site-packages/airflow/example_dags/tutorial_taskflow_api_etl_virtualenv.py for tasks to queue
[2024-11-08 03:24:31,820] {logging_mixin.py:109} INFO - [2024-11-08 03:24:31,820] {dagbag.py:500} INFO - Filling up the DagBag from /home/airflow/.local/lib/python3.6/site-packages/airflow/example_dags/tutorial_taskflow_api_etl_virtualenv.py
[2024-11-08 03:24:31,850] {processor.py:652} INFO - DAG(s) dict_keys(['tutorial_taskflow_api_etl_virtualenv']) retrieved from /home/airflow/.local/lib/python3.6/site-packages/airflow/example_dags/tutorial_taskflow_api_etl_virtualenv.py
[2024-11-08 03:24:32,141] {logging_mixin.py:109} INFO - [2024-11-08 03:24:32,141] {dag.py:2398} INFO - Sync 1 DAGs
[2024-11-08 03:24:32,153] {logging_mixin.py:109} INFO - [2024-11-08 03:24:32,153] {dag.py:2937} INFO - Setting next_dagrun for tutorial_taskflow_api_etl_virtualenv to None
[2024-11-08 03:24:32,162] {processor.py:171} INFO - Processing /home/airflow/.local/lib/python3.6/site-packages/airflow/example_dags/tutorial_taskflow_api_etl_virtualenv.py took 0.351 seconds
[2024-11-08 03:25:02,704] {processor.py:163} INFO - Started process (PID=571) to work on /home/airflow/.local/lib/python3.6/site-packages/airflow/example_dags/tutorial_taskflow_api_etl_virtualenv.py
[2024-11-08 03:25:02,705] {processor.py:642} INFO - Processing file /home/airflow/.local/lib/python3.6/site-packages/airflow/example_dags/tutorial_taskflow_api_etl_virtualenv.py for tasks to queue
[2024-11-08 03:25:02,706] {logging_mixin.py:109} INFO - [2024-11-08 03:25:02,706] {dagbag.py:500} INFO - Filling up the DagBag from /home/airflow/.local/lib/python3.6/site-packages/airflow/example_dags/tutorial_taskflow_api_etl_virtualenv.py
[2024-11-08 03:25:02,734] {processor.py:652} INFO - DAG(s) dict_keys(['tutorial_taskflow_api_etl_virtualenv']) retrieved from /home/airflow/.local/lib/python3.6/site-packages/airflow/example_dags/tutorial_taskflow_api_etl_virtualenv.py
[2024-11-08 03:25:03,043] {logging_mixin.py:109} INFO - [2024-11-08 03:25:03,043] {dag.py:2398} INFO - Sync 1 DAGs
[2024-11-08 03:25:03,055] {logging_mixin.py:109} INFO - [2024-11-08 03:25:03,055] {dag.py:2937} INFO - Setting next_dagrun for tutorial_taskflow_api_etl_virtualenv to None
[2024-11-08 03:25:03,064] {processor.py:171} INFO - Processing /home/airflow/.local/lib/python3.6/site-packages/airflow/example_dags/tutorial_taskflow_api_etl_virtualenv.py took 0.365 seconds
[2024-11-08 03:25:33,186] {processor.py:163} INFO - Started process (PID=635) to work on /home/airflow/.local/lib/python3.6/site-packages/airflow/example_dags/tutorial_taskflow_api_etl_virtualenv.py
[2024-11-08 03:25:33,187] {processor.py:642} INFO - Processing file /home/airflow/.local/lib/python3.6/site-packages/airflow/example_dags/tutorial_taskflow_api_etl_virtualenv.py for tasks to queue
[2024-11-08 03:25:33,189] {logging_mixin.py:109} INFO - [2024-11-08 03:25:33,188] {dagbag.py:500} INFO - Filling up the DagBag from /home/airflow/.local/lib/python3.6/site-packages/airflow/example_dags/tutorial_taskflow_api_etl_virtualenv.py
[2024-11-08 03:25:33,221] {processor.py:652} INFO - DAG(s) dict_keys(['tutorial_taskflow_api_etl_virtualenv']) retrieved from /home/airflow/.local/lib/python3.6/site-packages/airflow/example_dags/tutorial_taskflow_api_etl_virtualenv.py
[2024-11-08 03:25:33,263] {logging_mixin.py:109} INFO - [2024-11-08 03:25:33,263] {dag.py:2398} INFO - Sync 1 DAGs
[2024-11-08 03:25:33,388] {logging_mixin.py:109} INFO - [2024-11-08 03:25:33,388] {dag.py:2937} INFO - Setting next_dagrun for tutorial_taskflow_api_etl_virtualenv to None
[2024-11-08 03:25:33,399] {processor.py:171} INFO - Processing /home/airflow/.local/lib/python3.6/site-packages/airflow/example_dags/tutorial_taskflow_api_etl_virtualenv.py took 0.218 seconds
[2024-11-08 04:33:51,027] {processor.py:163} INFO - Started process (PID=399) to work on /home/airflow/.local/lib/python3.6/site-packages/airflow/example_dags/tutorial_taskflow_api_etl_virtualenv.py
[2024-11-08 04:33:51,035] {processor.py:642} INFO - Processing file /home/airflow/.local/lib/python3.6/site-packages/airflow/example_dags/tutorial_taskflow_api_etl_virtualenv.py for tasks to queue
[2024-11-08 04:33:51,039] {logging_mixin.py:109} INFO - [2024-11-08 04:33:51,038] {dagbag.py:500} INFO - Filling up the DagBag from /home/airflow/.local/lib/python3.6/site-packages/airflow/example_dags/tutorial_taskflow_api_etl_virtualenv.py
[2024-11-08 04:33:51,099] {processor.py:652} INFO - DAG(s) dict_keys(['tutorial_taskflow_api_etl_virtualenv']) retrieved from /home/airflow/.local/lib/python3.6/site-packages/airflow/example_dags/tutorial_taskflow_api_etl_virtualenv.py
[2024-11-08 04:33:55,894] {logging_mixin.py:109} INFO - [2024-11-08 04:33:55,894] {manager.py:496} INFO - Created Permission View: can edit on DAG:tutorial_taskflow_api_etl_virtualenv
[2024-11-08 04:33:55,921] {logging_mixin.py:109} INFO - [2024-11-08 04:33:55,921] {manager.py:496} INFO - Created Permission View: can read on DAG:tutorial_taskflow_api_etl_virtualenv
[2024-11-08 04:33:55,926] {logging_mixin.py:109} INFO - [2024-11-08 04:33:55,922] {dag.py:2398} INFO - Sync 1 DAGs
[2024-11-08 04:33:55,960] {logging_mixin.py:109} INFO - [2024-11-08 04:33:55,956] {dag.py:2417} INFO - Creating ORM DAG for tutorial_taskflow_api_etl_virtualenv
[2024-11-08 04:33:55,983] {logging_mixin.py:109} INFO - [2024-11-08 04:33:55,983] {dag.py:2937} INFO - Setting next_dagrun for tutorial_taskflow_api_etl_virtualenv to None
[2024-11-08 04:33:56,020] {processor.py:171} INFO - Processing /home/airflow/.local/lib/python3.6/site-packages/airflow/example_dags/tutorial_taskflow_api_etl_virtualenv.py took 5.006 seconds
