[2024-11-08 03:10:39,876] {processor.py:163} INFO - Started process (PID=240) to work on /home/airflow/.local/lib/python3.6/site-packages/airflow/example_dags/tutorial_taskflow_api_etl.py
[2024-11-08 03:10:39,877] {processor.py:642} INFO - Processing file /home/airflow/.local/lib/python3.6/site-packages/airflow/example_dags/tutorial_taskflow_api_etl.py for tasks to queue
[2024-11-08 03:10:39,879] {logging_mixin.py:109} INFO - [2024-11-08 03:10:39,879] {dagbag.py:500} INFO - Filling up the DagBag from /home/airflow/.local/lib/python3.6/site-packages/airflow/example_dags/tutorial_taskflow_api_etl.py
[2024-11-08 03:10:39,913] {processor.py:652} INFO - DAG(s) dict_keys(['tutorial_taskflow_api_etl']) retrieved from /home/airflow/.local/lib/python3.6/site-packages/airflow/example_dags/tutorial_taskflow_api_etl.py
[2024-11-08 03:10:42,675] {logging_mixin.py:109} INFO - [2024-11-08 03:10:42,675] {manager.py:496} INFO - Created Permission View: can edit on DAG:tutorial_taskflow_api_etl
[2024-11-08 03:10:42,687] {logging_mixin.py:109} INFO - [2024-11-08 03:10:42,687] {manager.py:496} INFO - Created Permission View: can read on DAG:tutorial_taskflow_api_etl
[2024-11-08 03:10:42,689] {logging_mixin.py:109} INFO - [2024-11-08 03:10:42,687] {dag.py:2398} INFO - Sync 1 DAGs
[2024-11-08 03:10:42,707] {logging_mixin.py:109} INFO - [2024-11-08 03:10:42,705] {dag.py:2417} INFO - Creating ORM DAG for tutorial_taskflow_api_etl
[2024-11-08 03:10:42,718] {logging_mixin.py:109} INFO - [2024-11-08 03:10:42,717] {dag.py:2937} INFO - Setting next_dagrun for tutorial_taskflow_api_etl to None
[2024-11-08 03:10:42,734] {processor.py:171} INFO - Processing /home/airflow/.local/lib/python3.6/site-packages/airflow/example_dags/tutorial_taskflow_api_etl.py took 2.864 seconds
[2024-11-08 03:11:13,312] {processor.py:163} INFO - Started process (PID=509) to work on /home/airflow/.local/lib/python3.6/site-packages/airflow/example_dags/tutorial_taskflow_api_etl.py
[2024-11-08 03:11:13,314] {processor.py:642} INFO - Processing file /home/airflow/.local/lib/python3.6/site-packages/airflow/example_dags/tutorial_taskflow_api_etl.py for tasks to queue
[2024-11-08 03:11:13,315] {logging_mixin.py:109} INFO - [2024-11-08 03:11:13,314] {dagbag.py:500} INFO - Filling up the DagBag from /home/airflow/.local/lib/python3.6/site-packages/airflow/example_dags/tutorial_taskflow_api_etl.py
[2024-11-08 03:11:13,340] {processor.py:652} INFO - DAG(s) dict_keys(['tutorial_taskflow_api_etl']) retrieved from /home/airflow/.local/lib/python3.6/site-packages/airflow/example_dags/tutorial_taskflow_api_etl.py
[2024-11-08 03:11:13,712] {logging_mixin.py:109} INFO - [2024-11-08 03:11:13,711] {dag.py:2398} INFO - Sync 1 DAGs
[2024-11-08 03:11:13,726] {logging_mixin.py:109} INFO - [2024-11-08 03:11:13,726] {dag.py:2937} INFO - Setting next_dagrun for tutorial_taskflow_api_etl to None
[2024-11-08 03:11:13,737] {processor.py:171} INFO - Processing /home/airflow/.local/lib/python3.6/site-packages/airflow/example_dags/tutorial_taskflow_api_etl.py took 0.429 seconds
[2024-11-08 03:11:43,991] {processor.py:163} INFO - Started process (PID=572) to work on /home/airflow/.local/lib/python3.6/site-packages/airflow/example_dags/tutorial_taskflow_api_etl.py
[2024-11-08 03:11:43,992] {processor.py:642} INFO - Processing file /home/airflow/.local/lib/python3.6/site-packages/airflow/example_dags/tutorial_taskflow_api_etl.py for tasks to queue
[2024-11-08 03:11:43,993] {logging_mixin.py:109} INFO - [2024-11-08 03:11:43,993] {dagbag.py:500} INFO - Filling up the DagBag from /home/airflow/.local/lib/python3.6/site-packages/airflow/example_dags/tutorial_taskflow_api_etl.py
[2024-11-08 03:11:44,016] {processor.py:652} INFO - DAG(s) dict_keys(['tutorial_taskflow_api_etl']) retrieved from /home/airflow/.local/lib/python3.6/site-packages/airflow/example_dags/tutorial_taskflow_api_etl.py
[2024-11-08 03:11:44,311] {logging_mixin.py:109} INFO - [2024-11-08 03:11:44,311] {dag.py:2398} INFO - Sync 1 DAGs
[2024-11-08 03:11:44,325] {logging_mixin.py:109} INFO - [2024-11-08 03:11:44,325] {dag.py:2937} INFO - Setting next_dagrun for tutorial_taskflow_api_etl to None
[2024-11-08 03:11:44,335] {processor.py:171} INFO - Processing /home/airflow/.local/lib/python3.6/site-packages/airflow/example_dags/tutorial_taskflow_api_etl.py took 0.348 seconds
[2024-11-08 03:12:14,379] {processor.py:163} INFO - Started process (PID=625) to work on /home/airflow/.local/lib/python3.6/site-packages/airflow/example_dags/tutorial_taskflow_api_etl.py
[2024-11-08 03:12:14,380] {processor.py:642} INFO - Processing file /home/airflow/.local/lib/python3.6/site-packages/airflow/example_dags/tutorial_taskflow_api_etl.py for tasks to queue
[2024-11-08 03:12:14,381] {logging_mixin.py:109} INFO - [2024-11-08 03:12:14,381] {dagbag.py:500} INFO - Filling up the DagBag from /home/airflow/.local/lib/python3.6/site-packages/airflow/example_dags/tutorial_taskflow_api_etl.py
[2024-11-08 03:12:14,406] {processor.py:652} INFO - DAG(s) dict_keys(['tutorial_taskflow_api_etl']) retrieved from /home/airflow/.local/lib/python3.6/site-packages/airflow/example_dags/tutorial_taskflow_api_etl.py
[2024-11-08 03:12:14,895] {logging_mixin.py:109} INFO - [2024-11-08 03:12:14,895] {dag.py:2398} INFO - Sync 1 DAGs
[2024-11-08 03:12:14,913] {logging_mixin.py:109} INFO - [2024-11-08 03:12:14,913] {dag.py:2937} INFO - Setting next_dagrun for tutorial_taskflow_api_etl to None
[2024-11-08 03:12:14,924] {processor.py:171} INFO - Processing /home/airflow/.local/lib/python3.6/site-packages/airflow/example_dags/tutorial_taskflow_api_etl.py took 0.549 seconds
[2024-11-08 03:12:44,982] {processor.py:163} INFO - Started process (PID=687) to work on /home/airflow/.local/lib/python3.6/site-packages/airflow/example_dags/tutorial_taskflow_api_etl.py
[2024-11-08 03:12:44,984] {processor.py:642} INFO - Processing file /home/airflow/.local/lib/python3.6/site-packages/airflow/example_dags/tutorial_taskflow_api_etl.py for tasks to queue
[2024-11-08 03:12:44,985] {logging_mixin.py:109} INFO - [2024-11-08 03:12:44,985] {dagbag.py:500} INFO - Filling up the DagBag from /home/airflow/.local/lib/python3.6/site-packages/airflow/example_dags/tutorial_taskflow_api_etl.py
[2024-11-08 03:12:45,013] {processor.py:652} INFO - DAG(s) dict_keys(['tutorial_taskflow_api_etl']) retrieved from /home/airflow/.local/lib/python3.6/site-packages/airflow/example_dags/tutorial_taskflow_api_etl.py
[2024-11-08 03:12:45,313] {logging_mixin.py:109} INFO - [2024-11-08 03:12:45,313] {dag.py:2398} INFO - Sync 1 DAGs
[2024-11-08 03:12:45,326] {logging_mixin.py:109} INFO - [2024-11-08 03:12:45,326] {dag.py:2937} INFO - Setting next_dagrun for tutorial_taskflow_api_etl to None
[2024-11-08 03:12:45,340] {processor.py:171} INFO - Processing /home/airflow/.local/lib/python3.6/site-packages/airflow/example_dags/tutorial_taskflow_api_etl.py took 0.364 seconds
[2024-11-08 03:13:15,665] {processor.py:163} INFO - Started process (PID=740) to work on /home/airflow/.local/lib/python3.6/site-packages/airflow/example_dags/tutorial_taskflow_api_etl.py
[2024-11-08 03:13:15,667] {processor.py:642} INFO - Processing file /home/airflow/.local/lib/python3.6/site-packages/airflow/example_dags/tutorial_taskflow_api_etl.py for tasks to queue
[2024-11-08 03:13:15,668] {logging_mixin.py:109} INFO - [2024-11-08 03:13:15,668] {dagbag.py:500} INFO - Filling up the DagBag from /home/airflow/.local/lib/python3.6/site-packages/airflow/example_dags/tutorial_taskflow_api_etl.py
[2024-11-08 03:13:15,705] {processor.py:652} INFO - DAG(s) dict_keys(['tutorial_taskflow_api_etl']) retrieved from /home/airflow/.local/lib/python3.6/site-packages/airflow/example_dags/tutorial_taskflow_api_etl.py
[2024-11-08 03:13:16,450] {logging_mixin.py:109} INFO - [2024-11-08 03:13:16,450] {dag.py:2398} INFO - Sync 1 DAGs
[2024-11-08 03:13:16,568] {logging_mixin.py:109} INFO - [2024-11-08 03:13:16,568] {dag.py:2937} INFO - Setting next_dagrun for tutorial_taskflow_api_etl to None
[2024-11-08 03:13:16,589] {processor.py:171} INFO - Processing /home/airflow/.local/lib/python3.6/site-packages/airflow/example_dags/tutorial_taskflow_api_etl.py took 0.931 seconds
[2024-11-08 03:13:47,400] {processor.py:163} INFO - Started process (PID=802) to work on /home/airflow/.local/lib/python3.6/site-packages/airflow/example_dags/tutorial_taskflow_api_etl.py
[2024-11-08 03:13:47,401] {processor.py:642} INFO - Processing file /home/airflow/.local/lib/python3.6/site-packages/airflow/example_dags/tutorial_taskflow_api_etl.py for tasks to queue
[2024-11-08 03:13:47,402] {logging_mixin.py:109} INFO - [2024-11-08 03:13:47,402] {dagbag.py:500} INFO - Filling up the DagBag from /home/airflow/.local/lib/python3.6/site-packages/airflow/example_dags/tutorial_taskflow_api_etl.py
[2024-11-08 03:13:47,428] {processor.py:652} INFO - DAG(s) dict_keys(['tutorial_taskflow_api_etl']) retrieved from /home/airflow/.local/lib/python3.6/site-packages/airflow/example_dags/tutorial_taskflow_api_etl.py
[2024-11-08 03:13:47,731] {logging_mixin.py:109} INFO - [2024-11-08 03:13:47,730] {dag.py:2398} INFO - Sync 1 DAGs
[2024-11-08 03:13:47,745] {logging_mixin.py:109} INFO - [2024-11-08 03:13:47,744] {dag.py:2937} INFO - Setting next_dagrun for tutorial_taskflow_api_etl to None
[2024-11-08 03:13:47,755] {processor.py:171} INFO - Processing /home/airflow/.local/lib/python3.6/site-packages/airflow/example_dags/tutorial_taskflow_api_etl.py took 0.360 seconds
[2024-11-08 03:14:18,012] {processor.py:163} INFO - Started process (PID=856) to work on /home/airflow/.local/lib/python3.6/site-packages/airflow/example_dags/tutorial_taskflow_api_etl.py
[2024-11-08 03:14:18,013] {processor.py:642} INFO - Processing file /home/airflow/.local/lib/python3.6/site-packages/airflow/example_dags/tutorial_taskflow_api_etl.py for tasks to queue
[2024-11-08 03:14:18,014] {logging_mixin.py:109} INFO - [2024-11-08 03:14:18,013] {dagbag.py:500} INFO - Filling up the DagBag from /home/airflow/.local/lib/python3.6/site-packages/airflow/example_dags/tutorial_taskflow_api_etl.py
[2024-11-08 03:14:18,124] {processor.py:652} INFO - DAG(s) dict_keys(['tutorial_taskflow_api_etl']) retrieved from /home/airflow/.local/lib/python3.6/site-packages/airflow/example_dags/tutorial_taskflow_api_etl.py
[2024-11-08 03:14:18,353] {logging_mixin.py:109} INFO - [2024-11-08 03:14:18,353] {dag.py:2398} INFO - Sync 1 DAGs
[2024-11-08 03:14:18,371] {logging_mixin.py:109} INFO - [2024-11-08 03:14:18,371] {dag.py:2937} INFO - Setting next_dagrun for tutorial_taskflow_api_etl to None
[2024-11-08 03:14:18,385] {processor.py:171} INFO - Processing /home/airflow/.local/lib/python3.6/site-packages/airflow/example_dags/tutorial_taskflow_api_etl.py took 0.377 seconds
[2024-11-08 03:14:48,490] {processor.py:163} INFO - Started process (PID=918) to work on /home/airflow/.local/lib/python3.6/site-packages/airflow/example_dags/tutorial_taskflow_api_etl.py
[2024-11-08 03:14:48,492] {processor.py:642} INFO - Processing file /home/airflow/.local/lib/python3.6/site-packages/airflow/example_dags/tutorial_taskflow_api_etl.py for tasks to queue
[2024-11-08 03:14:48,493] {logging_mixin.py:109} INFO - [2024-11-08 03:14:48,493] {dagbag.py:500} INFO - Filling up the DagBag from /home/airflow/.local/lib/python3.6/site-packages/airflow/example_dags/tutorial_taskflow_api_etl.py
[2024-11-08 03:14:48,610] {processor.py:652} INFO - DAG(s) dict_keys(['tutorial_taskflow_api_etl']) retrieved from /home/airflow/.local/lib/python3.6/site-packages/airflow/example_dags/tutorial_taskflow_api_etl.py
[2024-11-08 03:14:48,814] {logging_mixin.py:109} INFO - [2024-11-08 03:14:48,814] {dag.py:2398} INFO - Sync 1 DAGs
[2024-11-08 03:14:48,829] {logging_mixin.py:109} INFO - [2024-11-08 03:14:48,829] {dag.py:2937} INFO - Setting next_dagrun for tutorial_taskflow_api_etl to None
[2024-11-08 03:14:48,842] {processor.py:171} INFO - Processing /home/airflow/.local/lib/python3.6/site-packages/airflow/example_dags/tutorial_taskflow_api_etl.py took 0.356 seconds
[2024-11-08 03:15:18,906] {processor.py:163} INFO - Started process (PID=972) to work on /home/airflow/.local/lib/python3.6/site-packages/airflow/example_dags/tutorial_taskflow_api_etl.py
[2024-11-08 03:15:18,908] {processor.py:642} INFO - Processing file /home/airflow/.local/lib/python3.6/site-packages/airflow/example_dags/tutorial_taskflow_api_etl.py for tasks to queue
[2024-11-08 03:15:18,909] {logging_mixin.py:109} INFO - [2024-11-08 03:15:18,909] {dagbag.py:500} INFO - Filling up the DagBag from /home/airflow/.local/lib/python3.6/site-packages/airflow/example_dags/tutorial_taskflow_api_etl.py
[2024-11-08 03:15:19,029] {processor.py:652} INFO - DAG(s) dict_keys(['tutorial_taskflow_api_etl']) retrieved from /home/airflow/.local/lib/python3.6/site-packages/airflow/example_dags/tutorial_taskflow_api_etl.py
[2024-11-08 03:15:19,218] {logging_mixin.py:109} INFO - [2024-11-08 03:15:19,218] {dag.py:2398} INFO - Sync 1 DAGs
[2024-11-08 03:15:19,231] {logging_mixin.py:109} INFO - [2024-11-08 03:15:19,231] {dag.py:2937} INFO - Setting next_dagrun for tutorial_taskflow_api_etl to None
[2024-11-08 03:15:19,239] {processor.py:171} INFO - Processing /home/airflow/.local/lib/python3.6/site-packages/airflow/example_dags/tutorial_taskflow_api_etl.py took 0.337 seconds
[2024-11-08 03:15:49,453] {processor.py:163} INFO - Started process (PID=1025) to work on /home/airflow/.local/lib/python3.6/site-packages/airflow/example_dags/tutorial_taskflow_api_etl.py
[2024-11-08 03:15:49,454] {processor.py:642} INFO - Processing file /home/airflow/.local/lib/python3.6/site-packages/airflow/example_dags/tutorial_taskflow_api_etl.py for tasks to queue
[2024-11-08 03:15:49,455] {logging_mixin.py:109} INFO - [2024-11-08 03:15:49,455] {dagbag.py:500} INFO - Filling up the DagBag from /home/airflow/.local/lib/python3.6/site-packages/airflow/example_dags/tutorial_taskflow_api_etl.py
[2024-11-08 03:15:49,575] {processor.py:652} INFO - DAG(s) dict_keys(['tutorial_taskflow_api_etl']) retrieved from /home/airflow/.local/lib/python3.6/site-packages/airflow/example_dags/tutorial_taskflow_api_etl.py
[2024-11-08 03:15:49,787] {logging_mixin.py:109} INFO - [2024-11-08 03:15:49,787] {dag.py:2398} INFO - Sync 1 DAGs
[2024-11-08 03:15:49,800] {logging_mixin.py:109} INFO - [2024-11-08 03:15:49,800] {dag.py:2937} INFO - Setting next_dagrun for tutorial_taskflow_api_etl to None
[2024-11-08 03:15:49,811] {processor.py:171} INFO - Processing /home/airflow/.local/lib/python3.6/site-packages/airflow/example_dags/tutorial_taskflow_api_etl.py took 0.363 seconds
[2024-11-08 03:16:20,826] {processor.py:163} INFO - Started process (PID=1087) to work on /home/airflow/.local/lib/python3.6/site-packages/airflow/example_dags/tutorial_taskflow_api_etl.py
[2024-11-08 03:16:20,828] {processor.py:642} INFO - Processing file /home/airflow/.local/lib/python3.6/site-packages/airflow/example_dags/tutorial_taskflow_api_etl.py for tasks to queue
[2024-11-08 03:16:20,829] {logging_mixin.py:109} INFO - [2024-11-08 03:16:20,828] {dagbag.py:500} INFO - Filling up the DagBag from /home/airflow/.local/lib/python3.6/site-packages/airflow/example_dags/tutorial_taskflow_api_etl.py
[2024-11-08 03:16:20,950] {processor.py:652} INFO - DAG(s) dict_keys(['tutorial_taskflow_api_etl']) retrieved from /home/airflow/.local/lib/python3.6/site-packages/airflow/example_dags/tutorial_taskflow_api_etl.py
[2024-11-08 03:16:21,149] {logging_mixin.py:109} INFO - [2024-11-08 03:16:21,149] {dag.py:2398} INFO - Sync 1 DAGs
[2024-11-08 03:16:21,162] {logging_mixin.py:109} INFO - [2024-11-08 03:16:21,161] {dag.py:2937} INFO - Setting next_dagrun for tutorial_taskflow_api_etl to None
[2024-11-08 03:16:21,172] {processor.py:171} INFO - Processing /home/airflow/.local/lib/python3.6/site-packages/airflow/example_dags/tutorial_taskflow_api_etl.py took 0.350 seconds
[2024-11-08 03:16:51,924] {processor.py:163} INFO - Started process (PID=1149) to work on /home/airflow/.local/lib/python3.6/site-packages/airflow/example_dags/tutorial_taskflow_api_etl.py
[2024-11-08 03:16:51,925] {processor.py:642} INFO - Processing file /home/airflow/.local/lib/python3.6/site-packages/airflow/example_dags/tutorial_taskflow_api_etl.py for tasks to queue
[2024-11-08 03:16:51,926] {logging_mixin.py:109} INFO - [2024-11-08 03:16:51,926] {dagbag.py:500} INFO - Filling up the DagBag from /home/airflow/.local/lib/python3.6/site-packages/airflow/example_dags/tutorial_taskflow_api_etl.py
[2024-11-08 03:16:52,048] {processor.py:652} INFO - DAG(s) dict_keys(['tutorial_taskflow_api_etl']) retrieved from /home/airflow/.local/lib/python3.6/site-packages/airflow/example_dags/tutorial_taskflow_api_etl.py
[2024-11-08 03:16:52,450] {logging_mixin.py:109} INFO - [2024-11-08 03:16:52,450] {dag.py:2398} INFO - Sync 1 DAGs
[2024-11-08 03:16:52,476] {logging_mixin.py:109} INFO - [2024-11-08 03:16:52,476] {dag.py:2937} INFO - Setting next_dagrun for tutorial_taskflow_api_etl to None
[2024-11-08 03:16:52,492] {processor.py:171} INFO - Processing /home/airflow/.local/lib/python3.6/site-packages/airflow/example_dags/tutorial_taskflow_api_etl.py took 0.571 seconds
[2024-11-08 03:17:22,663] {processor.py:163} INFO - Started process (PID=1202) to work on /home/airflow/.local/lib/python3.6/site-packages/airflow/example_dags/tutorial_taskflow_api_etl.py
[2024-11-08 03:17:22,664] {processor.py:642} INFO - Processing file /home/airflow/.local/lib/python3.6/site-packages/airflow/example_dags/tutorial_taskflow_api_etl.py for tasks to queue
[2024-11-08 03:17:22,666] {logging_mixin.py:109} INFO - [2024-11-08 03:17:22,665] {dagbag.py:500} INFO - Filling up the DagBag from /home/airflow/.local/lib/python3.6/site-packages/airflow/example_dags/tutorial_taskflow_api_etl.py
[2024-11-08 03:17:22,797] {processor.py:652} INFO - DAG(s) dict_keys(['tutorial_taskflow_api_etl']) retrieved from /home/airflow/.local/lib/python3.6/site-packages/airflow/example_dags/tutorial_taskflow_api_etl.py
[2024-11-08 03:17:23,023] {logging_mixin.py:109} INFO - [2024-11-08 03:17:23,023] {dag.py:2398} INFO - Sync 1 DAGs
[2024-11-08 03:17:23,037] {logging_mixin.py:109} INFO - [2024-11-08 03:17:23,037] {dag.py:2937} INFO - Setting next_dagrun for tutorial_taskflow_api_etl to None
[2024-11-08 03:17:23,047] {processor.py:171} INFO - Processing /home/airflow/.local/lib/python3.6/site-packages/airflow/example_dags/tutorial_taskflow_api_etl.py took 0.390 seconds
[2024-11-08 03:17:54,383] {processor.py:163} INFO - Started process (PID=1265) to work on /home/airflow/.local/lib/python3.6/site-packages/airflow/example_dags/tutorial_taskflow_api_etl.py
[2024-11-08 03:17:54,387] {processor.py:642} INFO - Processing file /home/airflow/.local/lib/python3.6/site-packages/airflow/example_dags/tutorial_taskflow_api_etl.py for tasks to queue
[2024-11-08 03:17:54,390] {logging_mixin.py:109} INFO - [2024-11-08 03:17:54,390] {dagbag.py:500} INFO - Filling up the DagBag from /home/airflow/.local/lib/python3.6/site-packages/airflow/example_dags/tutorial_taskflow_api_etl.py
[2024-11-08 03:17:54,476] {processor.py:652} INFO - DAG(s) dict_keys(['tutorial_taskflow_api_etl']) retrieved from /home/airflow/.local/lib/python3.6/site-packages/airflow/example_dags/tutorial_taskflow_api_etl.py
[2024-11-08 03:17:54,959] {logging_mixin.py:109} INFO - [2024-11-08 03:17:54,958] {dag.py:2398} INFO - Sync 1 DAGs
[2024-11-08 03:17:55,052] {logging_mixin.py:109} INFO - [2024-11-08 03:17:55,051] {dag.py:2937} INFO - Setting next_dagrun for tutorial_taskflow_api_etl to None
[2024-11-08 03:17:55,093] {processor.py:171} INFO - Processing /home/airflow/.local/lib/python3.6/site-packages/airflow/example_dags/tutorial_taskflow_api_etl.py took 0.739 seconds
[2024-11-08 03:18:25,716] {processor.py:163} INFO - Started process (PID=1318) to work on /home/airflow/.local/lib/python3.6/site-packages/airflow/example_dags/tutorial_taskflow_api_etl.py
[2024-11-08 03:18:25,717] {processor.py:642} INFO - Processing file /home/airflow/.local/lib/python3.6/site-packages/airflow/example_dags/tutorial_taskflow_api_etl.py for tasks to queue
[2024-11-08 03:18:25,718] {logging_mixin.py:109} INFO - [2024-11-08 03:18:25,718] {dagbag.py:500} INFO - Filling up the DagBag from /home/airflow/.local/lib/python3.6/site-packages/airflow/example_dags/tutorial_taskflow_api_etl.py
[2024-11-08 03:18:25,748] {processor.py:652} INFO - DAG(s) dict_keys(['tutorial_taskflow_api_etl']) retrieved from /home/airflow/.local/lib/python3.6/site-packages/airflow/example_dags/tutorial_taskflow_api_etl.py
[2024-11-08 03:18:25,987] {logging_mixin.py:109} INFO - [2024-11-08 03:18:25,987] {dag.py:2398} INFO - Sync 1 DAGs
[2024-11-08 03:18:26,006] {logging_mixin.py:109} INFO - [2024-11-08 03:18:26,006] {dag.py:2937} INFO - Setting next_dagrun for tutorial_taskflow_api_etl to None
[2024-11-08 03:18:26,017] {processor.py:171} INFO - Processing /home/airflow/.local/lib/python3.6/site-packages/airflow/example_dags/tutorial_taskflow_api_etl.py took 0.306 seconds
[2024-11-08 03:18:56,187] {processor.py:163} INFO - Started process (PID=1371) to work on /home/airflow/.local/lib/python3.6/site-packages/airflow/example_dags/tutorial_taskflow_api_etl.py
[2024-11-08 03:18:56,189] {processor.py:642} INFO - Processing file /home/airflow/.local/lib/python3.6/site-packages/airflow/example_dags/tutorial_taskflow_api_etl.py for tasks to queue
[2024-11-08 03:18:56,190] {logging_mixin.py:109} INFO - [2024-11-08 03:18:56,190] {dagbag.py:500} INFO - Filling up the DagBag from /home/airflow/.local/lib/python3.6/site-packages/airflow/example_dags/tutorial_taskflow_api_etl.py
[2024-11-08 03:18:56,236] {processor.py:652} INFO - DAG(s) dict_keys(['tutorial_taskflow_api_etl']) retrieved from /home/airflow/.local/lib/python3.6/site-packages/airflow/example_dags/tutorial_taskflow_api_etl.py
[2024-11-08 03:18:56,631] {logging_mixin.py:109} INFO - [2024-11-08 03:18:56,631] {dag.py:2398} INFO - Sync 1 DAGs
[2024-11-08 03:18:56,654] {logging_mixin.py:109} INFO - [2024-11-08 03:18:56,654] {dag.py:2937} INFO - Setting next_dagrun for tutorial_taskflow_api_etl to None
[2024-11-08 03:18:56,668] {processor.py:171} INFO - Processing /home/airflow/.local/lib/python3.6/site-packages/airflow/example_dags/tutorial_taskflow_api_etl.py took 0.485 seconds
[2024-11-08 03:19:26,924] {processor.py:163} INFO - Started process (PID=1432) to work on /home/airflow/.local/lib/python3.6/site-packages/airflow/example_dags/tutorial_taskflow_api_etl.py
[2024-11-08 03:19:26,925] {processor.py:642} INFO - Processing file /home/airflow/.local/lib/python3.6/site-packages/airflow/example_dags/tutorial_taskflow_api_etl.py for tasks to queue
[2024-11-08 03:19:26,926] {logging_mixin.py:109} INFO - [2024-11-08 03:19:26,926] {dagbag.py:500} INFO - Filling up the DagBag from /home/airflow/.local/lib/python3.6/site-packages/airflow/example_dags/tutorial_taskflow_api_etl.py
[2024-11-08 03:19:26,962] {processor.py:652} INFO - DAG(s) dict_keys(['tutorial_taskflow_api_etl']) retrieved from /home/airflow/.local/lib/python3.6/site-packages/airflow/example_dags/tutorial_taskflow_api_etl.py
[2024-11-08 03:19:27,012] {logging_mixin.py:109} INFO - [2024-11-08 03:19:27,012] {dag.py:2398} INFO - Sync 1 DAGs
[2024-11-08 03:19:27,046] {logging_mixin.py:109} INFO - [2024-11-08 03:19:27,046] {dag.py:2937} INFO - Setting next_dagrun for tutorial_taskflow_api_etl to None
[2024-11-08 03:19:27,068] {processor.py:171} INFO - Processing /home/airflow/.local/lib/python3.6/site-packages/airflow/example_dags/tutorial_taskflow_api_etl.py took 0.148 seconds
[2024-11-08 03:23:45,361] {processor.py:163} INFO - Started process (PID=222) to work on /home/airflow/.local/lib/python3.6/site-packages/airflow/example_dags/tutorial_taskflow_api_etl.py
[2024-11-08 03:23:45,364] {processor.py:642} INFO - Processing file /home/airflow/.local/lib/python3.6/site-packages/airflow/example_dags/tutorial_taskflow_api_etl.py for tasks to queue
[2024-11-08 03:23:45,366] {logging_mixin.py:109} INFO - [2024-11-08 03:23:45,365] {dagbag.py:500} INFO - Filling up the DagBag from /home/airflow/.local/lib/python3.6/site-packages/airflow/example_dags/tutorial_taskflow_api_etl.py
[2024-11-08 03:23:45,432] {processor.py:652} INFO - DAG(s) dict_keys(['tutorial_taskflow_api_etl']) retrieved from /home/airflow/.local/lib/python3.6/site-packages/airflow/example_dags/tutorial_taskflow_api_etl.py
[2024-11-08 03:23:49,566] {logging_mixin.py:109} INFO - [2024-11-08 03:23:49,565] {manager.py:496} INFO - Created Permission View: can read on DAG:tutorial_taskflow_api_etl
[2024-11-08 03:23:49,576] {logging_mixin.py:109} INFO - [2024-11-08 03:23:49,576] {manager.py:496} INFO - Created Permission View: can edit on DAG:tutorial_taskflow_api_etl
[2024-11-08 03:23:49,579] {logging_mixin.py:109} INFO - [2024-11-08 03:23:49,577] {dag.py:2398} INFO - Sync 1 DAGs
[2024-11-08 03:23:49,595] {logging_mixin.py:109} INFO - [2024-11-08 03:23:49,593] {dag.py:2417} INFO - Creating ORM DAG for tutorial_taskflow_api_etl
[2024-11-08 03:23:49,605] {logging_mixin.py:109} INFO - [2024-11-08 03:23:49,604] {dag.py:2937} INFO - Setting next_dagrun for tutorial_taskflow_api_etl to None
[2024-11-08 03:23:49,620] {processor.py:171} INFO - Processing /home/airflow/.local/lib/python3.6/site-packages/airflow/example_dags/tutorial_taskflow_api_etl.py took 4.266 seconds
[2024-11-08 03:24:19,965] {processor.py:163} INFO - Started process (PID=501) to work on /home/airflow/.local/lib/python3.6/site-packages/airflow/example_dags/tutorial_taskflow_api_etl.py
[2024-11-08 03:24:19,967] {processor.py:642} INFO - Processing file /home/airflow/.local/lib/python3.6/site-packages/airflow/example_dags/tutorial_taskflow_api_etl.py for tasks to queue
[2024-11-08 03:24:19,968] {logging_mixin.py:109} INFO - [2024-11-08 03:24:19,968] {dagbag.py:500} INFO - Filling up the DagBag from /home/airflow/.local/lib/python3.6/site-packages/airflow/example_dags/tutorial_taskflow_api_etl.py
[2024-11-08 03:24:19,994] {processor.py:652} INFO - DAG(s) dict_keys(['tutorial_taskflow_api_etl']) retrieved from /home/airflow/.local/lib/python3.6/site-packages/airflow/example_dags/tutorial_taskflow_api_etl.py
[2024-11-08 03:24:20,294] {logging_mixin.py:109} INFO - [2024-11-08 03:24:20,294] {dag.py:2398} INFO - Sync 1 DAGs
[2024-11-08 03:24:20,309] {logging_mixin.py:109} INFO - [2024-11-08 03:24:20,309] {dag.py:2937} INFO - Setting next_dagrun for tutorial_taskflow_api_etl to None
[2024-11-08 03:24:20,321] {processor.py:171} INFO - Processing /home/airflow/.local/lib/python3.6/site-packages/airflow/example_dags/tutorial_taskflow_api_etl.py took 0.360 seconds
[2024-11-08 03:24:50,415] {processor.py:163} INFO - Started process (PID=554) to work on /home/airflow/.local/lib/python3.6/site-packages/airflow/example_dags/tutorial_taskflow_api_etl.py
[2024-11-08 03:24:50,416] {processor.py:642} INFO - Processing file /home/airflow/.local/lib/python3.6/site-packages/airflow/example_dags/tutorial_taskflow_api_etl.py for tasks to queue
[2024-11-08 03:24:50,417] {logging_mixin.py:109} INFO - [2024-11-08 03:24:50,417] {dagbag.py:500} INFO - Filling up the DagBag from /home/airflow/.local/lib/python3.6/site-packages/airflow/example_dags/tutorial_taskflow_api_etl.py
[2024-11-08 03:24:50,447] {processor.py:652} INFO - DAG(s) dict_keys(['tutorial_taskflow_api_etl']) retrieved from /home/airflow/.local/lib/python3.6/site-packages/airflow/example_dags/tutorial_taskflow_api_etl.py
[2024-11-08 03:24:50,967] {logging_mixin.py:109} INFO - [2024-11-08 03:24:50,967] {dag.py:2398} INFO - Sync 1 DAGs
[2024-11-08 03:24:50,991] {logging_mixin.py:109} INFO - [2024-11-08 03:24:50,991] {dag.py:2937} INFO - Setting next_dagrun for tutorial_taskflow_api_etl to None
[2024-11-08 03:24:51,007] {processor.py:171} INFO - Processing /home/airflow/.local/lib/python3.6/site-packages/airflow/example_dags/tutorial_taskflow_api_etl.py took 0.598 seconds
[2024-11-08 03:25:21,664] {processor.py:163} INFO - Started process (PID=617) to work on /home/airflow/.local/lib/python3.6/site-packages/airflow/example_dags/tutorial_taskflow_api_etl.py
[2024-11-08 03:25:21,665] {processor.py:642} INFO - Processing file /home/airflow/.local/lib/python3.6/site-packages/airflow/example_dags/tutorial_taskflow_api_etl.py for tasks to queue
[2024-11-08 03:25:21,666] {logging_mixin.py:109} INFO - [2024-11-08 03:25:21,666] {dagbag.py:500} INFO - Filling up the DagBag from /home/airflow/.local/lib/python3.6/site-packages/airflow/example_dags/tutorial_taskflow_api_etl.py
[2024-11-08 03:25:21,688] {processor.py:652} INFO - DAG(s) dict_keys(['tutorial_taskflow_api_etl']) retrieved from /home/airflow/.local/lib/python3.6/site-packages/airflow/example_dags/tutorial_taskflow_api_etl.py
[2024-11-08 03:25:22,006] {logging_mixin.py:109} INFO - [2024-11-08 03:25:22,006] {dag.py:2398} INFO - Sync 1 DAGs
[2024-11-08 03:25:22,045] {logging_mixin.py:109} INFO - [2024-11-08 03:25:22,045] {dag.py:2937} INFO - Setting next_dagrun for tutorial_taskflow_api_etl to None
[2024-11-08 03:25:22,069] {processor.py:171} INFO - Processing /home/airflow/.local/lib/python3.6/site-packages/airflow/example_dags/tutorial_taskflow_api_etl.py took 0.408 seconds
[2024-11-08 04:33:33,953] {processor.py:163} INFO - Started process (PID=310) to work on /home/airflow/.local/lib/python3.6/site-packages/airflow/example_dags/tutorial_taskflow_api_etl.py
[2024-11-08 04:33:33,956] {processor.py:642} INFO - Processing file /home/airflow/.local/lib/python3.6/site-packages/airflow/example_dags/tutorial_taskflow_api_etl.py for tasks to queue
[2024-11-08 04:33:33,958] {logging_mixin.py:109} INFO - [2024-11-08 04:33:33,958] {dagbag.py:500} INFO - Filling up the DagBag from /home/airflow/.local/lib/python3.6/site-packages/airflow/example_dags/tutorial_taskflow_api_etl.py
[2024-11-08 04:33:34,032] {processor.py:652} INFO - DAG(s) dict_keys(['tutorial_taskflow_api_etl']) retrieved from /home/airflow/.local/lib/python3.6/site-packages/airflow/example_dags/tutorial_taskflow_api_etl.py
[2024-11-08 04:33:39,811] {logging_mixin.py:109} INFO - [2024-11-08 04:33:39,811] {manager.py:496} INFO - Created Permission View: can edit on DAG:tutorial_taskflow_api_etl
[2024-11-08 04:33:39,852] {logging_mixin.py:109} INFO - [2024-11-08 04:33:39,851] {manager.py:496} INFO - Created Permission View: can read on DAG:tutorial_taskflow_api_etl
[2024-11-08 04:33:39,862] {logging_mixin.py:109} INFO - [2024-11-08 04:33:39,854] {dag.py:2398} INFO - Sync 1 DAGs
[2024-11-08 04:33:39,928] {logging_mixin.py:109} INFO - [2024-11-08 04:33:39,921] {dag.py:2417} INFO - Creating ORM DAG for tutorial_taskflow_api_etl
[2024-11-08 04:33:39,960] {logging_mixin.py:109} INFO - [2024-11-08 04:33:39,960] {dag.py:2937} INFO - Setting next_dagrun for tutorial_taskflow_api_etl to None
[2024-11-08 04:33:40,014] {processor.py:171} INFO - Processing /home/airflow/.local/lib/python3.6/site-packages/airflow/example_dags/tutorial_taskflow_api_etl.py took 6.068 seconds
