[2024-11-08 03:10:59,856] {processor.py:163} INFO - Started process (PID=431) to work on /home/airflow/.local/lib/python3.6/site-packages/airflow/example_dags/tutorial_etl_dag.py
[2024-11-08 03:10:59,857] {processor.py:642} INFO - Processing file /home/airflow/.local/lib/python3.6/site-packages/airflow/example_dags/tutorial_etl_dag.py for tasks to queue
[2024-11-08 03:10:59,859] {logging_mixin.py:109} INFO - [2024-11-08 03:10:59,859] {dagbag.py:500} INFO - Filling up the DagBag from /home/airflow/.local/lib/python3.6/site-packages/airflow/example_dags/tutorial_etl_dag.py
[2024-11-08 03:10:59,885] {processor.py:652} INFO - DAG(s) dict_keys(['tutorial_etl_dag']) retrieved from /home/airflow/.local/lib/python3.6/site-packages/airflow/example_dags/tutorial_etl_dag.py
[2024-11-08 03:11:02,283] {logging_mixin.py:109} INFO - [2024-11-08 03:11:02,283] {manager.py:496} INFO - Created Permission View: can edit on DAG:tutorial_etl_dag
[2024-11-08 03:11:02,293] {logging_mixin.py:109} INFO - [2024-11-08 03:11:02,292] {manager.py:496} INFO - Created Permission View: can read on DAG:tutorial_etl_dag
[2024-11-08 03:11:02,295] {logging_mixin.py:109} INFO - [2024-11-08 03:11:02,293] {dag.py:2398} INFO - Sync 1 DAGs
[2024-11-08 03:11:02,308] {logging_mixin.py:109} INFO - [2024-11-08 03:11:02,307] {dag.py:2417} INFO - Creating ORM DAG for tutorial_etl_dag
[2024-11-08 03:11:02,316] {logging_mixin.py:109} INFO - [2024-11-08 03:11:02,316] {dag.py:2937} INFO - Setting next_dagrun for tutorial_etl_dag to None
[2024-11-08 03:11:02,331] {processor.py:171} INFO - Processing /home/airflow/.local/lib/python3.6/site-packages/airflow/example_dags/tutorial_etl_dag.py took 2.480 seconds
[2024-11-08 03:11:33,043] {processor.py:163} INFO - Started process (PID=542) to work on /home/airflow/.local/lib/python3.6/site-packages/airflow/example_dags/tutorial_etl_dag.py
[2024-11-08 03:11:33,044] {processor.py:642} INFO - Processing file /home/airflow/.local/lib/python3.6/site-packages/airflow/example_dags/tutorial_etl_dag.py for tasks to queue
[2024-11-08 03:11:33,045] {logging_mixin.py:109} INFO - [2024-11-08 03:11:33,045] {dagbag.py:500} INFO - Filling up the DagBag from /home/airflow/.local/lib/python3.6/site-packages/airflow/example_dags/tutorial_etl_dag.py
[2024-11-08 03:11:33,067] {processor.py:652} INFO - DAG(s) dict_keys(['tutorial_etl_dag']) retrieved from /home/airflow/.local/lib/python3.6/site-packages/airflow/example_dags/tutorial_etl_dag.py
[2024-11-08 03:11:33,093] {logging_mixin.py:109} INFO - [2024-11-08 03:11:33,093] {dag.py:2398} INFO - Sync 1 DAGs
[2024-11-08 03:11:33,197] {logging_mixin.py:109} INFO - [2024-11-08 03:11:33,197] {dag.py:2937} INFO - Setting next_dagrun for tutorial_etl_dag to None
[2024-11-08 03:11:33,207] {processor.py:171} INFO - Processing /home/airflow/.local/lib/python3.6/site-packages/airflow/example_dags/tutorial_etl_dag.py took 0.168 seconds
[2024-11-08 03:12:03,581] {processor.py:163} INFO - Started process (PID=595) to work on /home/airflow/.local/lib/python3.6/site-packages/airflow/example_dags/tutorial_etl_dag.py
[2024-11-08 03:12:03,583] {processor.py:642} INFO - Processing file /home/airflow/.local/lib/python3.6/site-packages/airflow/example_dags/tutorial_etl_dag.py for tasks to queue
[2024-11-08 03:12:03,584] {logging_mixin.py:109} INFO - [2024-11-08 03:12:03,583] {dagbag.py:500} INFO - Filling up the DagBag from /home/airflow/.local/lib/python3.6/site-packages/airflow/example_dags/tutorial_etl_dag.py
[2024-11-08 03:12:03,606] {processor.py:652} INFO - DAG(s) dict_keys(['tutorial_etl_dag']) retrieved from /home/airflow/.local/lib/python3.6/site-packages/airflow/example_dags/tutorial_etl_dag.py
[2024-11-08 03:12:03,633] {logging_mixin.py:109} INFO - [2024-11-08 03:12:03,632] {dag.py:2398} INFO - Sync 1 DAGs
[2024-11-08 03:12:03,747] {logging_mixin.py:109} INFO - [2024-11-08 03:12:03,747] {dag.py:2937} INFO - Setting next_dagrun for tutorial_etl_dag to None
[2024-11-08 03:12:03,757] {processor.py:171} INFO - Processing /home/airflow/.local/lib/python3.6/site-packages/airflow/example_dags/tutorial_etl_dag.py took 0.180 seconds
[2024-11-08 03:12:33,935] {processor.py:163} INFO - Started process (PID=657) to work on /home/airflow/.local/lib/python3.6/site-packages/airflow/example_dags/tutorial_etl_dag.py
[2024-11-08 03:12:33,936] {processor.py:642} INFO - Processing file /home/airflow/.local/lib/python3.6/site-packages/airflow/example_dags/tutorial_etl_dag.py for tasks to queue
[2024-11-08 03:12:33,937] {logging_mixin.py:109} INFO - [2024-11-08 03:12:33,937] {dagbag.py:500} INFO - Filling up the DagBag from /home/airflow/.local/lib/python3.6/site-packages/airflow/example_dags/tutorial_etl_dag.py
[2024-11-08 03:12:33,959] {processor.py:652} INFO - DAG(s) dict_keys(['tutorial_etl_dag']) retrieved from /home/airflow/.local/lib/python3.6/site-packages/airflow/example_dags/tutorial_etl_dag.py
[2024-11-08 03:12:33,985] {logging_mixin.py:109} INFO - [2024-11-08 03:12:33,985] {dag.py:2398} INFO - Sync 1 DAGs
[2024-11-08 03:12:34,101] {logging_mixin.py:109} INFO - [2024-11-08 03:12:34,101] {dag.py:2937} INFO - Setting next_dagrun for tutorial_etl_dag to None
[2024-11-08 03:12:34,112] {processor.py:171} INFO - Processing /home/airflow/.local/lib/python3.6/site-packages/airflow/example_dags/tutorial_etl_dag.py took 0.181 seconds
[2024-11-08 03:13:04,559] {processor.py:163} INFO - Started process (PID=710) to work on /home/airflow/.local/lib/python3.6/site-packages/airflow/example_dags/tutorial_etl_dag.py
[2024-11-08 03:13:04,560] {processor.py:642} INFO - Processing file /home/airflow/.local/lib/python3.6/site-packages/airflow/example_dags/tutorial_etl_dag.py for tasks to queue
[2024-11-08 03:13:04,561] {logging_mixin.py:109} INFO - [2024-11-08 03:13:04,561] {dagbag.py:500} INFO - Filling up the DagBag from /home/airflow/.local/lib/python3.6/site-packages/airflow/example_dags/tutorial_etl_dag.py
[2024-11-08 03:13:04,581] {processor.py:652} INFO - DAG(s) dict_keys(['tutorial_etl_dag']) retrieved from /home/airflow/.local/lib/python3.6/site-packages/airflow/example_dags/tutorial_etl_dag.py
[2024-11-08 03:13:04,605] {logging_mixin.py:109} INFO - [2024-11-08 03:13:04,604] {dag.py:2398} INFO - Sync 1 DAGs
[2024-11-08 03:13:04,718] {logging_mixin.py:109} INFO - [2024-11-08 03:13:04,718] {dag.py:2937} INFO - Setting next_dagrun for tutorial_etl_dag to None
[2024-11-08 03:13:04,729] {processor.py:171} INFO - Processing /home/airflow/.local/lib/python3.6/site-packages/airflow/example_dags/tutorial_etl_dag.py took 0.174 seconds
[2024-11-08 03:13:34,869] {processor.py:163} INFO - Started process (PID=763) to work on /home/airflow/.local/lib/python3.6/site-packages/airflow/example_dags/tutorial_etl_dag.py
[2024-11-08 03:13:34,871] {processor.py:642} INFO - Processing file /home/airflow/.local/lib/python3.6/site-packages/airflow/example_dags/tutorial_etl_dag.py for tasks to queue
[2024-11-08 03:13:34,872] {logging_mixin.py:109} INFO - [2024-11-08 03:13:34,872] {dagbag.py:500} INFO - Filling up the DagBag from /home/airflow/.local/lib/python3.6/site-packages/airflow/example_dags/tutorial_etl_dag.py
[2024-11-08 03:13:34,892] {processor.py:652} INFO - DAG(s) dict_keys(['tutorial_etl_dag']) retrieved from /home/airflow/.local/lib/python3.6/site-packages/airflow/example_dags/tutorial_etl_dag.py
[2024-11-08 03:13:34,913] {logging_mixin.py:109} INFO - [2024-11-08 03:13:34,913] {dag.py:2398} INFO - Sync 1 DAGs
[2024-11-08 03:13:35,012] {logging_mixin.py:109} INFO - [2024-11-08 03:13:35,012] {dag.py:2937} INFO - Setting next_dagrun for tutorial_etl_dag to None
[2024-11-08 03:13:35,023] {processor.py:171} INFO - Processing /home/airflow/.local/lib/python3.6/site-packages/airflow/example_dags/tutorial_etl_dag.py took 0.157 seconds
[2024-11-08 03:14:05,163] {processor.py:163} INFO - Started process (PID=826) to work on /home/airflow/.local/lib/python3.6/site-packages/airflow/example_dags/tutorial_etl_dag.py
[2024-11-08 03:14:05,165] {processor.py:642} INFO - Processing file /home/airflow/.local/lib/python3.6/site-packages/airflow/example_dags/tutorial_etl_dag.py for tasks to queue
[2024-11-08 03:14:05,166] {logging_mixin.py:109} INFO - [2024-11-08 03:14:05,166] {dagbag.py:500} INFO - Filling up the DagBag from /home/airflow/.local/lib/python3.6/site-packages/airflow/example_dags/tutorial_etl_dag.py
[2024-11-08 03:14:05,187] {processor.py:652} INFO - DAG(s) dict_keys(['tutorial_etl_dag']) retrieved from /home/airflow/.local/lib/python3.6/site-packages/airflow/example_dags/tutorial_etl_dag.py
[2024-11-08 03:14:05,301] {logging_mixin.py:109} INFO - [2024-11-08 03:14:05,301] {dag.py:2398} INFO - Sync 1 DAGs
[2024-11-08 03:14:05,319] {logging_mixin.py:109} INFO - [2024-11-08 03:14:05,319] {dag.py:2937} INFO - Setting next_dagrun for tutorial_etl_dag to None
[2024-11-08 03:14:05,329] {processor.py:171} INFO - Processing /home/airflow/.local/lib/python3.6/site-packages/airflow/example_dags/tutorial_etl_dag.py took 0.169 seconds
[2024-11-08 03:14:35,679] {processor.py:163} INFO - Started process (PID=879) to work on /home/airflow/.local/lib/python3.6/site-packages/airflow/example_dags/tutorial_etl_dag.py
[2024-11-08 03:14:35,680] {processor.py:642} INFO - Processing file /home/airflow/.local/lib/python3.6/site-packages/airflow/example_dags/tutorial_etl_dag.py for tasks to queue
[2024-11-08 03:14:35,681] {logging_mixin.py:109} INFO - [2024-11-08 03:14:35,681] {dagbag.py:500} INFO - Filling up the DagBag from /home/airflow/.local/lib/python3.6/site-packages/airflow/example_dags/tutorial_etl_dag.py
[2024-11-08 03:14:35,797] {processor.py:652} INFO - DAG(s) dict_keys(['tutorial_etl_dag']) retrieved from /home/airflow/.local/lib/python3.6/site-packages/airflow/example_dags/tutorial_etl_dag.py
[2024-11-08 03:14:35,821] {logging_mixin.py:109} INFO - [2024-11-08 03:14:35,821] {dag.py:2398} INFO - Sync 1 DAGs
[2024-11-08 03:14:35,839] {logging_mixin.py:109} INFO - [2024-11-08 03:14:35,839] {dag.py:2937} INFO - Setting next_dagrun for tutorial_etl_dag to None
[2024-11-08 03:14:35,849] {processor.py:171} INFO - Processing /home/airflow/.local/lib/python3.6/site-packages/airflow/example_dags/tutorial_etl_dag.py took 0.174 seconds
[2024-11-08 03:15:05,874] {processor.py:163} INFO - Started process (PID=942) to work on /home/airflow/.local/lib/python3.6/site-packages/airflow/example_dags/tutorial_etl_dag.py
[2024-11-08 03:15:05,876] {processor.py:642} INFO - Processing file /home/airflow/.local/lib/python3.6/site-packages/airflow/example_dags/tutorial_etl_dag.py for tasks to queue
[2024-11-08 03:15:05,876] {logging_mixin.py:109} INFO - [2024-11-08 03:15:05,876] {dagbag.py:500} INFO - Filling up the DagBag from /home/airflow/.local/lib/python3.6/site-packages/airflow/example_dags/tutorial_etl_dag.py
[2024-11-08 03:15:05,988] {processor.py:652} INFO - DAG(s) dict_keys(['tutorial_etl_dag']) retrieved from /home/airflow/.local/lib/python3.6/site-packages/airflow/example_dags/tutorial_etl_dag.py
[2024-11-08 03:15:06,011] {logging_mixin.py:109} INFO - [2024-11-08 03:15:06,011] {dag.py:2398} INFO - Sync 1 DAGs
[2024-11-08 03:15:06,027] {logging_mixin.py:109} INFO - [2024-11-08 03:15:06,027] {dag.py:2937} INFO - Setting next_dagrun for tutorial_etl_dag to None
[2024-11-08 03:15:06,036] {processor.py:171} INFO - Processing /home/airflow/.local/lib/python3.6/site-packages/airflow/example_dags/tutorial_etl_dag.py took 0.167 seconds
[2024-11-08 03:15:36,266] {processor.py:163} INFO - Started process (PID=995) to work on /home/airflow/.local/lib/python3.6/site-packages/airflow/example_dags/tutorial_etl_dag.py
[2024-11-08 03:15:36,268] {processor.py:642} INFO - Processing file /home/airflow/.local/lib/python3.6/site-packages/airflow/example_dags/tutorial_etl_dag.py for tasks to queue
[2024-11-08 03:15:36,269] {logging_mixin.py:109} INFO - [2024-11-08 03:15:36,268] {dagbag.py:500} INFO - Filling up the DagBag from /home/airflow/.local/lib/python3.6/site-packages/airflow/example_dags/tutorial_etl_dag.py
[2024-11-08 03:15:36,428] {processor.py:652} INFO - DAG(s) dict_keys(['tutorial_etl_dag']) retrieved from /home/airflow/.local/lib/python3.6/site-packages/airflow/example_dags/tutorial_etl_dag.py
[2024-11-08 03:15:36,452] {logging_mixin.py:109} INFO - [2024-11-08 03:15:36,452] {dag.py:2398} INFO - Sync 1 DAGs
[2024-11-08 03:15:36,469] {logging_mixin.py:109} INFO - [2024-11-08 03:15:36,469] {dag.py:2937} INFO - Setting next_dagrun for tutorial_etl_dag to None
[2024-11-08 03:15:36,480] {processor.py:171} INFO - Processing /home/airflow/.local/lib/python3.6/site-packages/airflow/example_dags/tutorial_etl_dag.py took 0.217 seconds
[2024-11-08 03:16:06,947] {processor.py:163} INFO - Started process (PID=1058) to work on /home/airflow/.local/lib/python3.6/site-packages/airflow/example_dags/tutorial_etl_dag.py
[2024-11-08 03:16:06,949] {processor.py:642} INFO - Processing file /home/airflow/.local/lib/python3.6/site-packages/airflow/example_dags/tutorial_etl_dag.py for tasks to queue
[2024-11-08 03:16:06,950] {logging_mixin.py:109} INFO - [2024-11-08 03:16:06,949] {dagbag.py:500} INFO - Filling up the DagBag from /home/airflow/.local/lib/python3.6/site-packages/airflow/example_dags/tutorial_etl_dag.py
[2024-11-08 03:16:07,069] {processor.py:652} INFO - DAG(s) dict_keys(['tutorial_etl_dag']) retrieved from /home/airflow/.local/lib/python3.6/site-packages/airflow/example_dags/tutorial_etl_dag.py
[2024-11-08 03:16:07,093] {logging_mixin.py:109} INFO - [2024-11-08 03:16:07,093] {dag.py:2398} INFO - Sync 1 DAGs
[2024-11-08 03:16:07,111] {logging_mixin.py:109} INFO - [2024-11-08 03:16:07,110] {dag.py:2937} INFO - Setting next_dagrun for tutorial_etl_dag to None
[2024-11-08 03:16:07,120] {processor.py:171} INFO - Processing /home/airflow/.local/lib/python3.6/site-packages/airflow/example_dags/tutorial_etl_dag.py took 0.177 seconds
[2024-11-08 03:16:37,217] {processor.py:163} INFO - Started process (PID=1110) to work on /home/airflow/.local/lib/python3.6/site-packages/airflow/example_dags/tutorial_etl_dag.py
[2024-11-08 03:16:37,218] {processor.py:642} INFO - Processing file /home/airflow/.local/lib/python3.6/site-packages/airflow/example_dags/tutorial_etl_dag.py for tasks to queue
[2024-11-08 03:16:37,219] {logging_mixin.py:109} INFO - [2024-11-08 03:16:37,219] {dagbag.py:500} INFO - Filling up the DagBag from /home/airflow/.local/lib/python3.6/site-packages/airflow/example_dags/tutorial_etl_dag.py
[2024-11-08 03:16:37,336] {processor.py:652} INFO - DAG(s) dict_keys(['tutorial_etl_dag']) retrieved from /home/airflow/.local/lib/python3.6/site-packages/airflow/example_dags/tutorial_etl_dag.py
[2024-11-08 03:16:37,360] {logging_mixin.py:109} INFO - [2024-11-08 03:16:37,360] {dag.py:2398} INFO - Sync 1 DAGs
[2024-11-08 03:16:37,378] {logging_mixin.py:109} INFO - [2024-11-08 03:16:37,378] {dag.py:2937} INFO - Setting next_dagrun for tutorial_etl_dag to None
[2024-11-08 03:16:37,390] {processor.py:171} INFO - Processing /home/airflow/.local/lib/python3.6/site-packages/airflow/example_dags/tutorial_etl_dag.py took 0.176 seconds
[2024-11-08 03:17:07,510] {processor.py:163} INFO - Started process (PID=1172) to work on /home/airflow/.local/lib/python3.6/site-packages/airflow/example_dags/tutorial_etl_dag.py
[2024-11-08 03:17:07,512] {processor.py:642} INFO - Processing file /home/airflow/.local/lib/python3.6/site-packages/airflow/example_dags/tutorial_etl_dag.py for tasks to queue
[2024-11-08 03:17:07,513] {logging_mixin.py:109} INFO - [2024-11-08 03:17:07,513] {dagbag.py:500} INFO - Filling up the DagBag from /home/airflow/.local/lib/python3.6/site-packages/airflow/example_dags/tutorial_etl_dag.py
[2024-11-08 03:17:07,628] {processor.py:652} INFO - DAG(s) dict_keys(['tutorial_etl_dag']) retrieved from /home/airflow/.local/lib/python3.6/site-packages/airflow/example_dags/tutorial_etl_dag.py
[2024-11-08 03:17:07,653] {logging_mixin.py:109} INFO - [2024-11-08 03:17:07,653] {dag.py:2398} INFO - Sync 1 DAGs
[2024-11-08 03:17:07,670] {logging_mixin.py:109} INFO - [2024-11-08 03:17:07,670] {dag.py:2937} INFO - Setting next_dagrun for tutorial_etl_dag to None
[2024-11-08 03:17:07,679] {processor.py:171} INFO - Processing /home/airflow/.local/lib/python3.6/site-packages/airflow/example_dags/tutorial_etl_dag.py took 0.173 seconds
[2024-11-08 03:17:38,428] {processor.py:163} INFO - Started process (PID=1225) to work on /home/airflow/.local/lib/python3.6/site-packages/airflow/example_dags/tutorial_etl_dag.py
[2024-11-08 03:17:38,430] {processor.py:642} INFO - Processing file /home/airflow/.local/lib/python3.6/site-packages/airflow/example_dags/tutorial_etl_dag.py for tasks to queue
[2024-11-08 03:17:38,431] {logging_mixin.py:109} INFO - [2024-11-08 03:17:38,431] {dagbag.py:500} INFO - Filling up the DagBag from /home/airflow/.local/lib/python3.6/site-packages/airflow/example_dags/tutorial_etl_dag.py
[2024-11-08 03:17:38,454] {processor.py:652} INFO - DAG(s) dict_keys(['tutorial_etl_dag']) retrieved from /home/airflow/.local/lib/python3.6/site-packages/airflow/example_dags/tutorial_etl_dag.py
[2024-11-08 03:17:38,481] {logging_mixin.py:109} INFO - [2024-11-08 03:17:38,481] {dag.py:2398} INFO - Sync 1 DAGs
[2024-11-08 03:17:38,505] {logging_mixin.py:109} INFO - [2024-11-08 03:17:38,505] {dag.py:2937} INFO - Setting next_dagrun for tutorial_etl_dag to None
[2024-11-08 03:17:38,516] {processor.py:171} INFO - Processing /home/airflow/.local/lib/python3.6/site-packages/airflow/example_dags/tutorial_etl_dag.py took 0.093 seconds
[2024-11-08 03:18:08,833] {processor.py:163} INFO - Started process (PID=1288) to work on /home/airflow/.local/lib/python3.6/site-packages/airflow/example_dags/tutorial_etl_dag.py
[2024-11-08 03:18:08,835] {processor.py:642} INFO - Processing file /home/airflow/.local/lib/python3.6/site-packages/airflow/example_dags/tutorial_etl_dag.py for tasks to queue
[2024-11-08 03:18:08,836] {logging_mixin.py:109} INFO - [2024-11-08 03:18:08,836] {dagbag.py:500} INFO - Filling up the DagBag from /home/airflow/.local/lib/python3.6/site-packages/airflow/example_dags/tutorial_etl_dag.py
[2024-11-08 03:18:08,859] {processor.py:652} INFO - DAG(s) dict_keys(['tutorial_etl_dag']) retrieved from /home/airflow/.local/lib/python3.6/site-packages/airflow/example_dags/tutorial_etl_dag.py
[2024-11-08 03:18:08,887] {logging_mixin.py:109} INFO - [2024-11-08 03:18:08,887] {dag.py:2398} INFO - Sync 1 DAGs
[2024-11-08 03:18:08,917] {logging_mixin.py:109} INFO - [2024-11-08 03:18:08,917] {dag.py:2937} INFO - Setting next_dagrun for tutorial_etl_dag to None
[2024-11-08 03:18:08,928] {processor.py:171} INFO - Processing /home/airflow/.local/lib/python3.6/site-packages/airflow/example_dags/tutorial_etl_dag.py took 0.099 seconds
[2024-11-08 03:18:39,034] {processor.py:163} INFO - Started process (PID=1341) to work on /home/airflow/.local/lib/python3.6/site-packages/airflow/example_dags/tutorial_etl_dag.py
[2024-11-08 03:18:39,035] {processor.py:642} INFO - Processing file /home/airflow/.local/lib/python3.6/site-packages/airflow/example_dags/tutorial_etl_dag.py for tasks to queue
[2024-11-08 03:18:39,036] {logging_mixin.py:109} INFO - [2024-11-08 03:18:39,036] {dagbag.py:500} INFO - Filling up the DagBag from /home/airflow/.local/lib/python3.6/site-packages/airflow/example_dags/tutorial_etl_dag.py
[2024-11-08 03:18:39,056] {processor.py:652} INFO - DAG(s) dict_keys(['tutorial_etl_dag']) retrieved from /home/airflow/.local/lib/python3.6/site-packages/airflow/example_dags/tutorial_etl_dag.py
[2024-11-08 03:18:39,080] {logging_mixin.py:109} INFO - [2024-11-08 03:18:39,080] {dag.py:2398} INFO - Sync 1 DAGs
[2024-11-08 03:18:39,101] {logging_mixin.py:109} INFO - [2024-11-08 03:18:39,101] {dag.py:2937} INFO - Setting next_dagrun for tutorial_etl_dag to None
[2024-11-08 03:18:39,111] {processor.py:171} INFO - Processing /home/airflow/.local/lib/python3.6/site-packages/airflow/example_dags/tutorial_etl_dag.py took 0.081 seconds
[2024-11-08 03:19:09,448] {processor.py:163} INFO - Started process (PID=1394) to work on /home/airflow/.local/lib/python3.6/site-packages/airflow/example_dags/tutorial_etl_dag.py
[2024-11-08 03:19:09,449] {processor.py:642} INFO - Processing file /home/airflow/.local/lib/python3.6/site-packages/airflow/example_dags/tutorial_etl_dag.py for tasks to queue
[2024-11-08 03:19:09,451] {logging_mixin.py:109} INFO - [2024-11-08 03:19:09,450] {dagbag.py:500} INFO - Filling up the DagBag from /home/airflow/.local/lib/python3.6/site-packages/airflow/example_dags/tutorial_etl_dag.py
[2024-11-08 03:19:09,473] {processor.py:652} INFO - DAG(s) dict_keys(['tutorial_etl_dag']) retrieved from /home/airflow/.local/lib/python3.6/site-packages/airflow/example_dags/tutorial_etl_dag.py
[2024-11-08 03:19:09,500] {logging_mixin.py:109} INFO - [2024-11-08 03:19:09,500] {dag.py:2398} INFO - Sync 1 DAGs
[2024-11-08 03:19:09,523] {logging_mixin.py:109} INFO - [2024-11-08 03:19:09,523] {dag.py:2937} INFO - Setting next_dagrun for tutorial_etl_dag to None
[2024-11-08 03:19:09,534] {processor.py:171} INFO - Processing /home/airflow/.local/lib/python3.6/site-packages/airflow/example_dags/tutorial_etl_dag.py took 0.090 seconds
[2024-11-08 03:19:39,692] {processor.py:163} INFO - Started process (PID=1455) to work on /home/airflow/.local/lib/python3.6/site-packages/airflow/example_dags/tutorial_etl_dag.py
[2024-11-08 03:19:39,694] {processor.py:642} INFO - Processing file /home/airflow/.local/lib/python3.6/site-packages/airflow/example_dags/tutorial_etl_dag.py for tasks to queue
[2024-11-08 03:19:39,695] {logging_mixin.py:109} INFO - [2024-11-08 03:19:39,695] {dagbag.py:500} INFO - Filling up the DagBag from /home/airflow/.local/lib/python3.6/site-packages/airflow/example_dags/tutorial_etl_dag.py
[2024-11-08 03:19:39,724] {processor.py:652} INFO - DAG(s) dict_keys(['tutorial_etl_dag']) retrieved from /home/airflow/.local/lib/python3.6/site-packages/airflow/example_dags/tutorial_etl_dag.py
[2024-11-08 03:19:39,755] {logging_mixin.py:109} INFO - [2024-11-08 03:19:39,755] {dag.py:2398} INFO - Sync 1 DAGs
[2024-11-08 03:19:39,780] {logging_mixin.py:109} INFO - [2024-11-08 03:19:39,780] {dag.py:2937} INFO - Setting next_dagrun for tutorial_etl_dag to None
[2024-11-08 03:19:39,790] {processor.py:171} INFO - Processing /home/airflow/.local/lib/python3.6/site-packages/airflow/example_dags/tutorial_etl_dag.py took 0.105 seconds
[2024-11-08 03:24:07,221] {processor.py:163} INFO - Started process (PID=423) to work on /home/airflow/.local/lib/python3.6/site-packages/airflow/example_dags/tutorial_etl_dag.py
[2024-11-08 03:24:07,223] {processor.py:642} INFO - Processing file /home/airflow/.local/lib/python3.6/site-packages/airflow/example_dags/tutorial_etl_dag.py for tasks to queue
[2024-11-08 03:24:07,225] {logging_mixin.py:109} INFO - [2024-11-08 03:24:07,225] {dagbag.py:500} INFO - Filling up the DagBag from /home/airflow/.local/lib/python3.6/site-packages/airflow/example_dags/tutorial_etl_dag.py
[2024-11-08 03:24:07,257] {processor.py:652} INFO - DAG(s) dict_keys(['tutorial_etl_dag']) retrieved from /home/airflow/.local/lib/python3.6/site-packages/airflow/example_dags/tutorial_etl_dag.py
[2024-11-08 03:24:10,139] {logging_mixin.py:109} INFO - [2024-11-08 03:24:10,139] {manager.py:496} INFO - Created Permission View: can read on DAG:tutorial_etl_dag
[2024-11-08 03:24:10,149] {logging_mixin.py:109} INFO - [2024-11-08 03:24:10,149] {manager.py:496} INFO - Created Permission View: can edit on DAG:tutorial_etl_dag
[2024-11-08 03:24:10,151] {logging_mixin.py:109} INFO - [2024-11-08 03:24:10,149] {dag.py:2398} INFO - Sync 1 DAGs
[2024-11-08 03:24:10,166] {logging_mixin.py:109} INFO - [2024-11-08 03:24:10,164] {dag.py:2417} INFO - Creating ORM DAG for tutorial_etl_dag
[2024-11-08 03:24:10,174] {logging_mixin.py:109} INFO - [2024-11-08 03:24:10,174] {dag.py:2937} INFO - Setting next_dagrun for tutorial_etl_dag to None
[2024-11-08 03:24:10,190] {processor.py:171} INFO - Processing /home/airflow/.local/lib/python3.6/site-packages/airflow/example_dags/tutorial_etl_dag.py took 2.975 seconds
[2024-11-08 03:24:40,423] {processor.py:163} INFO - Started process (PID=524) to work on /home/airflow/.local/lib/python3.6/site-packages/airflow/example_dags/tutorial_etl_dag.py
[2024-11-08 03:24:40,424] {processor.py:642} INFO - Processing file /home/airflow/.local/lib/python3.6/site-packages/airflow/example_dags/tutorial_etl_dag.py for tasks to queue
[2024-11-08 03:24:40,425] {logging_mixin.py:109} INFO - [2024-11-08 03:24:40,425] {dagbag.py:500} INFO - Filling up the DagBag from /home/airflow/.local/lib/python3.6/site-packages/airflow/example_dags/tutorial_etl_dag.py
[2024-11-08 03:24:40,449] {processor.py:652} INFO - DAG(s) dict_keys(['tutorial_etl_dag']) retrieved from /home/airflow/.local/lib/python3.6/site-packages/airflow/example_dags/tutorial_etl_dag.py
[2024-11-08 03:24:40,480] {logging_mixin.py:109} INFO - [2024-11-08 03:24:40,480] {dag.py:2398} INFO - Sync 1 DAGs
[2024-11-08 03:24:40,503] {logging_mixin.py:109} INFO - [2024-11-08 03:24:40,503] {dag.py:2937} INFO - Setting next_dagrun for tutorial_etl_dag to None
[2024-11-08 03:24:40,511] {processor.py:171} INFO - Processing /home/airflow/.local/lib/python3.6/site-packages/airflow/example_dags/tutorial_etl_dag.py took 0.093 seconds
[2024-11-08 03:25:10,837] {processor.py:163} INFO - Started process (PID=587) to work on /home/airflow/.local/lib/python3.6/site-packages/airflow/example_dags/tutorial_etl_dag.py
[2024-11-08 03:25:10,838] {processor.py:642} INFO - Processing file /home/airflow/.local/lib/python3.6/site-packages/airflow/example_dags/tutorial_etl_dag.py for tasks to queue
[2024-11-08 03:25:10,839] {logging_mixin.py:109} INFO - [2024-11-08 03:25:10,839] {dagbag.py:500} INFO - Filling up the DagBag from /home/airflow/.local/lib/python3.6/site-packages/airflow/example_dags/tutorial_etl_dag.py
[2024-11-08 03:25:10,863] {processor.py:652} INFO - DAG(s) dict_keys(['tutorial_etl_dag']) retrieved from /home/airflow/.local/lib/python3.6/site-packages/airflow/example_dags/tutorial_etl_dag.py
[2024-11-08 03:25:10,890] {logging_mixin.py:109} INFO - [2024-11-08 03:25:10,890] {dag.py:2398} INFO - Sync 1 DAGs
[2024-11-08 03:25:11,016] {logging_mixin.py:109} INFO - [2024-11-08 03:25:11,016] {dag.py:2937} INFO - Setting next_dagrun for tutorial_etl_dag to None
[2024-11-08 03:25:11,027] {processor.py:171} INFO - Processing /home/airflow/.local/lib/python3.6/site-packages/airflow/example_dags/tutorial_etl_dag.py took 0.195 seconds
[2024-11-08 04:34:20,498] {processor.py:163} INFO - Started process (PID=497) to work on /home/airflow/.local/lib/python3.6/site-packages/airflow/example_dags/tutorial_etl_dag.py
[2024-11-08 04:34:20,887] {processor.py:642} INFO - Processing file /home/airflow/.local/lib/python3.6/site-packages/airflow/example_dags/tutorial_etl_dag.py for tasks to queue
[2024-11-08 04:34:21,245] {logging_mixin.py:109} INFO - [2024-11-08 04:34:21,223] {dagbag.py:500} INFO - Filling up the DagBag from /home/airflow/.local/lib/python3.6/site-packages/airflow/example_dags/tutorial_etl_dag.py
[2024-11-08 04:34:23,319] {processor.py:652} INFO - DAG(s) dict_keys(['tutorial_etl_dag']) retrieved from /home/airflow/.local/lib/python3.6/site-packages/airflow/example_dags/tutorial_etl_dag.py
[2024-11-08 04:34:31,501] {logging_mixin.py:109} INFO - [2024-11-08 04:34:31,501] {manager.py:496} INFO - Created Permission View: can edit on DAG:tutorial_etl_dag
[2024-11-08 04:34:31,539] {logging_mixin.py:109} INFO - [2024-11-08 04:34:31,539] {manager.py:496} INFO - Created Permission View: can read on DAG:tutorial_etl_dag
[2024-11-08 04:34:31,549] {logging_mixin.py:109} INFO - [2024-11-08 04:34:31,541] {dag.py:2398} INFO - Sync 1 DAGs
[2024-11-08 04:34:31,623] {logging_mixin.py:109} INFO - [2024-11-08 04:34:31,616] {dag.py:2417} INFO - Creating ORM DAG for tutorial_etl_dag
[2024-11-08 04:34:31,663] {logging_mixin.py:109} INFO - [2024-11-08 04:34:31,663] {dag.py:2937} INFO - Setting next_dagrun for tutorial_etl_dag to None
[2024-11-08 04:34:31,716] {processor.py:171} INFO - Processing /home/airflow/.local/lib/python3.6/site-packages/airflow/example_dags/tutorial_etl_dag.py took 12.020 seconds
