[2024-11-07T18:38:52.019+0000] {taskinstance.py:1083} INFO - Dependencies all met for <TaskInstance: spark_airflow_dag.spark_submit_task manual__2024-11-07T18:38:43.680128+00:00 [queued]>
[2024-11-07T18:38:52.048+0000] {taskinstance.py:1083} INFO - Dependencies all met for <TaskInstance: spark_airflow_dag.spark_submit_task manual__2024-11-07T18:38:43.680128+00:00 [queued]>
[2024-11-07T18:38:52.049+0000] {taskinstance.py:1279} INFO - 
--------------------------------------------------------------------------------
[2024-11-07T18:38:52.049+0000] {taskinstance.py:1280} INFO - Starting attempt 1 of 1
[2024-11-07T18:38:52.050+0000] {taskinstance.py:1281} INFO - 
--------------------------------------------------------------------------------
[2024-11-07T18:38:52.089+0000] {taskinstance.py:1300} INFO - Executing <Task(SparkSubmitOperator): spark_submit_task> on 2024-11-07 18:38:43.680128+00:00
[2024-11-07T18:38:52.104+0000] {standard_task_runner.py:55} INFO - Started process 1101 to run task
[2024-11-07T18:38:52.111+0000] {standard_task_runner.py:82} INFO - Running: ['***', 'tasks', 'run', 'spark_***_dag', 'spark_submit_task', 'manual__2024-11-07T18:38:43.680128+00:00', '--job-id', '3', '--raw', '--subdir', 'DAGS_FOLDER/spark_jobs_dag.py', '--cfg-path', '/tmp/tmpp6rbhpfd']
[2024-11-07T18:38:52.112+0000] {standard_task_runner.py:83} INFO - Job 3: Subtask spark_submit_task
[2024-11-07T18:38:52.151+0000] {warnings.py:110} WARNING - /home/***/.local/lib/python3.7/site-packages/***/settings.py:249: DeprecationWarning: The sql_alchemy_conn option in [core] has been moved to the sql_alchemy_conn option in [database] - the old setting has been used, but please update your config.
  SQL_ALCHEMY_CONN = conf.get("database", "SQL_ALCHEMY_CONN")

[2024-11-07T18:38:52.270+0000] {task_command.py:388} INFO - Running <TaskInstance: spark_airflow_dag.spark_submit_task manual__2024-11-07T18:38:43.680128+00:00 [running]> on host c3147672876a
[2024-11-07T18:38:52.444+0000] {taskinstance.py:1509} INFO - Exporting the following env vars:
AIRFLOW_CTX_DAG_OWNER=***
AIRFLOW_CTX_DAG_ID=spark_***_dag
AIRFLOW_CTX_TASK_ID=spark_submit_task
AIRFLOW_CTX_EXECUTION_DATE=2024-11-07T18:38:43.680128+00:00
AIRFLOW_CTX_TRY_NUMBER=1
AIRFLOW_CTX_DAG_RUN_ID=manual__2024-11-07T18:38:43.680128+00:00
[2024-11-07T18:38:52.471+0000] {base.py:73} INFO - Using connection ID 'spark_local' for task execution.
[2024-11-07T18:38:52.476+0000] {spark_submit.py:339} INFO - Spark-Submit cmd: spark-submit --master spark://172.19.0.3:7077 --name arrow-spark --queue root.default /opt/***/dags/spark_etl_script_docker.py
[2024-11-07T18:38:52.951+0000] {spark_submit.py:490} INFO - /home/***/.local/lib/python3.7/site-packages/pyspark/bin/load-spark-env.sh: line 68: ps: command not found
[2024-11-07T18:39:11.619+0000] {spark_submit.py:490} INFO - 24/11/07 18:39:11 INFO SparkContext: Running Spark version 3.4.4
[2024-11-07T18:39:11.856+0000] {spark_submit.py:490} INFO - 24/11/07 18:39:11 WARN NativeCodeLoader: Unable to load native-hadoop library for your platform... using builtin-java classes where applicable
[2024-11-07T18:39:12.150+0000] {spark_submit.py:490} INFO - 24/11/07 18:39:12 INFO ResourceUtils: ==============================================================
[2024-11-07T18:39:12.280+0000] {spark_submit.py:490} INFO - 24/11/07 18:39:12 INFO ResourceUtils: No custom resources configured for spark.driver.
[2024-11-07T18:39:12.281+0000] {spark_submit.py:490} INFO - 24/11/07 18:39:12 INFO ResourceUtils: ==============================================================
[2024-11-07T18:39:12.282+0000] {spark_submit.py:490} INFO - 24/11/07 18:39:12 INFO SparkContext: Submitted application: DataExtraction
[2024-11-07T18:39:12.283+0000] {spark_submit.py:490} INFO - 24/11/07 18:39:12 INFO ResourceProfile: Default ResourceProfile created, executor resources: Map(memory -> name: memory, amount: 1024, script: , vendor: , offHeap -> name: offHeap, amount: 0, script: , vendor: ), task resources: Map(cpus -> name: cpus, amount: 1.0)
[2024-11-07T18:39:12.284+0000] {spark_submit.py:490} INFO - 24/11/07 18:39:12 INFO ResourceProfile: Limiting resource is cpu
[2024-11-07T18:39:12.285+0000] {spark_submit.py:490} INFO - 24/11/07 18:39:12 INFO ResourceProfileManager: Added ResourceProfile id: 0
[2024-11-07T18:39:12.453+0000] {spark_submit.py:490} INFO - 24/11/07 18:39:12 INFO SecurityManager: Changing view acls to: default
[2024-11-07T18:39:12.455+0000] {spark_submit.py:490} INFO - 24/11/07 18:39:12 INFO SecurityManager: Changing modify acls to: default
[2024-11-07T18:39:12.456+0000] {spark_submit.py:490} INFO - 24/11/07 18:39:12 INFO SecurityManager: Changing view acls groups to:
[2024-11-07T18:39:12.457+0000] {spark_submit.py:490} INFO - 24/11/07 18:39:12 INFO SecurityManager: Changing modify acls groups to:
[2024-11-07T18:39:12.458+0000] {spark_submit.py:490} INFO - 24/11/07 18:39:12 INFO SecurityManager: SecurityManager: authentication disabled; ui acls disabled; users with view permissions: default; groups with view permissions: EMPTY; users with modify permissions: default; groups with modify permissions: EMPTY
[2024-11-07T18:39:13.701+0000] {spark_submit.py:490} INFO - 24/11/07 18:39:13 INFO Utils: Successfully started service 'sparkDriver' on port 44201.
[2024-11-07T18:39:14.126+0000] {spark_submit.py:490} INFO - 24/11/07 18:39:14 INFO SparkEnv: Registering MapOutputTracker
[2024-11-07T18:39:14.310+0000] {spark_submit.py:490} INFO - 24/11/07 18:39:14 INFO SparkEnv: Registering BlockManagerMaster
[2024-11-07T18:39:14.424+0000] {spark_submit.py:490} INFO - 24/11/07 18:39:14 INFO BlockManagerMasterEndpoint: Using org.apache.spark.storage.DefaultTopologyMapper for getting topology information
[2024-11-07T18:39:14.426+0000] {spark_submit.py:490} INFO - 24/11/07 18:39:14 INFO BlockManagerMasterEndpoint: BlockManagerMasterEndpoint up
[2024-11-07T18:39:14.444+0000] {spark_submit.py:490} INFO - 24/11/07 18:39:14 INFO SparkEnv: Registering BlockManagerMasterHeartbeat
[2024-11-07T18:39:14.592+0000] {spark_submit.py:490} INFO - 24/11/07 18:39:14 INFO DiskBlockManager: Created local directory at /tmp/blockmgr-51e3f6c2-8cf4-4a61-ab98-8a59489a2fb8
[2024-11-07T18:39:14.716+0000] {spark_submit.py:490} INFO - 24/11/07 18:39:14 INFO MemoryStore: MemoryStore started with capacity 434.4 MiB
[2024-11-07T18:39:14.832+0000] {spark_submit.py:490} INFO - 24/11/07 18:39:14 INFO SparkEnv: Registering OutputCommitCoordinator
[2024-11-07T18:39:15.733+0000] {spark_submit.py:490} INFO - 24/11/07 18:39:15 INFO JettyUtils: Start Jetty 0.0.0.0:4040 for SparkUI
[2024-11-07T18:39:16.134+0000] {spark_submit.py:490} INFO - 24/11/07 18:39:16 INFO Utils: Successfully started service 'SparkUI' on port 4040.
[2024-11-07T18:39:16.712+0000] {spark_submit.py:490} INFO - 24/11/07 18:39:16 INFO StandaloneAppClient$ClientEndpoint: Connecting to master spark://172.19.0.3:7077...
[2024-11-07T18:39:16.932+0000] {spark_submit.py:490} INFO - 24/11/07 18:39:16 INFO TransportClientFactory: Successfully created connection to /172.19.0.3:7077 after 137 ms (0 ms spent in bootstraps)
[2024-11-07T18:39:36.718+0000] {spark_submit.py:490} INFO - 24/11/07 18:39:36 INFO StandaloneAppClient$ClientEndpoint: Connecting to master spark://172.19.0.3:7077...
[2024-11-07T18:39:56.716+0000] {spark_submit.py:490} INFO - 24/11/07 18:39:56 INFO StandaloneAppClient$ClientEndpoint: Connecting to master spark://172.19.0.3:7077...
[2024-11-07T18:40:16.720+0000] {spark_submit.py:490} INFO - 24/11/07 18:40:16 WARN StandaloneSchedulerBackend: Application ID is not initialized yet.
[2024-11-07T18:40:16.721+0000] {spark_submit.py:490} INFO - 24/11/07 18:40:16 ERROR StandaloneSchedulerBackend: Application has been killed. Reason: All masters are unresponsive! Giving up.
[2024-11-07T18:40:16.739+0000] {spark_submit.py:490} INFO - 24/11/07 18:40:16 INFO Utils: Successfully started service 'org.apache.spark.network.netty.NettyBlockTransferService' on port 41879.
[2024-11-07T18:40:16.741+0000] {spark_submit.py:490} INFO - 24/11/07 18:40:16 INFO NettyBlockTransferService: Server created on c3147672876a:41879
[2024-11-07T18:40:16.744+0000] {spark_submit.py:490} INFO - 24/11/07 18:40:16 INFO BlockManager: Using org.apache.spark.storage.RandomBlockReplicationPolicy for block replication policy
[2024-11-07T18:40:16.795+0000] {spark_submit.py:490} INFO - 24/11/07 18:40:16 INFO BlockManagerMaster: Registering BlockManager BlockManagerId(driver, c3147672876a, 41879, None)
[2024-11-07T18:40:16.807+0000] {spark_submit.py:490} INFO - 24/11/07 18:40:16 INFO BlockManagerMasterEndpoint: Registering block manager c3147672876a:41879 with 434.4 MiB RAM, BlockManagerId(driver, c3147672876a, 41879, None)
[2024-11-07T18:40:16.813+0000] {spark_submit.py:490} INFO - 24/11/07 18:40:16 INFO BlockManagerMaster: Registered BlockManager BlockManagerId(driver, c3147672876a, 41879, None)
[2024-11-07T18:40:16.815+0000] {spark_submit.py:490} INFO - 24/11/07 18:40:16 INFO BlockManager: Initialized BlockManager: BlockManagerId(driver, c3147672876a, 41879, None)
[2024-11-07T18:40:17.436+0000] {spark_submit.py:490} INFO - 24/11/07 18:40:17 INFO StandaloneSchedulerBackend: SchedulerBackend is ready for scheduling beginning after reached minRegisteredResourcesRatio: 0.0
[2024-11-07T18:40:17.515+0000] {spark_submit.py:490} INFO - /home/***/.local/lib/python3.7/site-packages/pyspark/python/lib/pyspark.zip/pyspark/context.py:317: FutureWarning: Python 3.7 support is deprecated in Spark 3.4.
[2024-11-07T18:40:17.515+0000] {spark_submit.py:490} INFO - warnings.warn("Python 3.7 support is deprecated in Spark 3.4.", FutureWarning)
[2024-11-07T18:40:17.921+0000] {spark_submit.py:490} INFO - 24/11/07 18:40:17 INFO SparkContext: SparkContext is stopping with exitCode 0.
[2024-11-07T18:40:17.946+0000] {spark_submit.py:490} INFO - 24/11/07 18:40:17 INFO SparkUI: Stopped Spark web UI at http://c3147672876a:4040
[2024-11-07T18:40:17.955+0000] {spark_submit.py:490} INFO - 24/11/07 18:40:17 INFO StandaloneSchedulerBackend: Shutting down all executors
[2024-11-07T18:40:17.962+0000] {spark_submit.py:490} INFO - 24/11/07 18:40:17 INFO StandaloneSchedulerBackend$StandaloneDriverEndpoint: Asking each executor to shut down
[2024-11-07T18:40:17.975+0000] {spark_submit.py:490} INFO - 24/11/07 18:40:17 WARN StandaloneAppClient$ClientEndpoint: Drop UnregisterApplication(null) because has not yet connected to master
[2024-11-07T18:40:18.000+0000] {spark_submit.py:490} INFO - 24/11/07 18:40:17 INFO MapOutputTrackerMasterEndpoint: MapOutputTrackerMasterEndpoint stopped!
[2024-11-07T18:40:18.040+0000] {spark_submit.py:490} INFO - 24/11/07 18:40:18 INFO MemoryStore: MemoryStore cleared
[2024-11-07T18:40:18.041+0000] {spark_submit.py:490} INFO - 24/11/07 18:40:18 INFO BlockManager: BlockManager stopped
[2024-11-07T18:40:18.059+0000] {spark_submit.py:490} INFO - 24/11/07 18:40:18 INFO BlockManagerMaster: BlockManagerMaster stopped
[2024-11-07T18:40:18.063+0000] {spark_submit.py:490} INFO - 24/11/07 18:40:18 INFO OutputCommitCoordinator$OutputCommitCoordinatorEndpoint: OutputCommitCoordinator stopped!
[2024-11-07T18:40:18.114+0000] {spark_submit.py:490} INFO - 24/11/07 18:40:18 INFO SparkContext: Successfully stopped SparkContext
[2024-11-07T18:40:18.621+0000] {spark_submit.py:490} INFO - Traceback (most recent call last):
[2024-11-07T18:40:18.624+0000] {spark_submit.py:490} INFO - File "/opt/***/dags/spark_etl_script_docker.py", line 25, in <module>
[2024-11-07T18:40:18.625+0000] {spark_submit.py:490} INFO - RDD = sparkContext.parallelize([data])
[2024-11-07T18:40:18.626+0000] {spark_submit.py:490} INFO - File "/home/***/.local/lib/python3.7/site-packages/pyspark/python/lib/pyspark.zip/pyspark/context.py", line 780, in parallelize
[2024-11-07T18:40:18.626+0000] {spark_submit.py:490} INFO - File "/home/***/.local/lib/python3.7/site-packages/pyspark/python/lib/pyspark.zip/pyspark/context.py", line 627, in defaultParallelism
[2024-11-07T18:40:18.627+0000] {spark_submit.py:490} INFO - File "/home/***/.local/lib/python3.7/site-packages/pyspark/python/lib/py4j-0.10.9.7-src.zip/py4j/java_gateway.py", line 1323, in __call__
[2024-11-07T18:40:18.629+0000] {spark_submit.py:490} INFO - File "/home/***/.local/lib/python3.7/site-packages/pyspark/python/lib/pyspark.zip/pyspark/errors/exceptions/captured.py", line 169, in deco
[2024-11-07T18:40:18.629+0000] {spark_submit.py:490} INFO - File "/home/***/.local/lib/python3.7/site-packages/pyspark/python/lib/py4j-0.10.9.7-src.zip/py4j/protocol.py", line 328, in get_return_value
[2024-11-07T18:40:18.630+0000] {spark_submit.py:490} INFO - py4j.protocol.Py4JJavaError: An error occurred while calling o24.defaultParallelism.
[2024-11-07T18:40:18.631+0000] {spark_submit.py:490} INFO - : java.lang.IllegalStateException: Cannot call methods on a stopped SparkContext.
[2024-11-07T18:40:18.631+0000] {spark_submit.py:490} INFO - This stopped SparkContext was created at:
[2024-11-07T18:40:18.632+0000] {spark_submit.py:490} INFO - 
[2024-11-07T18:40:18.632+0000] {spark_submit.py:490} INFO - org.apache.spark.api.java.JavaSparkContext.<init>(JavaSparkContext.scala:58)
[2024-11-07T18:40:18.632+0000] {spark_submit.py:490} INFO - java.base/jdk.internal.reflect.NativeConstructorAccessorImpl.newInstance0(Native Method)
[2024-11-07T18:40:18.633+0000] {spark_submit.py:490} INFO - java.base/jdk.internal.reflect.NativeConstructorAccessorImpl.newInstance(NativeConstructorAccessorImpl.java:62)
[2024-11-07T18:40:18.633+0000] {spark_submit.py:490} INFO - java.base/jdk.internal.reflect.DelegatingConstructorAccessorImpl.newInstance(DelegatingConstructorAccessorImpl.java:45)
[2024-11-07T18:40:18.633+0000] {spark_submit.py:490} INFO - java.base/java.lang.reflect.Constructor.newInstance(Constructor.java:490)
[2024-11-07T18:40:18.634+0000] {spark_submit.py:490} INFO - py4j.reflection.MethodInvoker.invoke(MethodInvoker.java:247)
[2024-11-07T18:40:18.634+0000] {spark_submit.py:490} INFO - py4j.reflection.ReflectionEngine.invoke(ReflectionEngine.java:374)
[2024-11-07T18:40:18.634+0000] {spark_submit.py:490} INFO - py4j.Gateway.invoke(Gateway.java:238)
[2024-11-07T18:40:18.635+0000] {spark_submit.py:490} INFO - py4j.commands.ConstructorCommand.invokeConstructor(ConstructorCommand.java:80)
[2024-11-07T18:40:18.635+0000] {spark_submit.py:490} INFO - py4j.commands.ConstructorCommand.execute(ConstructorCommand.java:69)
[2024-11-07T18:40:18.636+0000] {spark_submit.py:490} INFO - py4j.ClientServerConnection.waitForCommands(ClientServerConnection.java:182)
[2024-11-07T18:40:18.636+0000] {spark_submit.py:490} INFO - py4j.ClientServerConnection.run(ClientServerConnection.java:106)
[2024-11-07T18:40:18.636+0000] {spark_submit.py:490} INFO - java.base/java.lang.Thread.run(Thread.java:829)
[2024-11-07T18:40:18.637+0000] {spark_submit.py:490} INFO - 
[2024-11-07T18:40:18.637+0000] {spark_submit.py:490} INFO - The currently active SparkContext was created at:
[2024-11-07T18:40:18.637+0000] {spark_submit.py:490} INFO - 
[2024-11-07T18:40:18.638+0000] {spark_submit.py:490} INFO - (No active SparkContext.)
[2024-11-07T18:40:18.638+0000] {spark_submit.py:490} INFO - 
[2024-11-07T18:40:18.639+0000] {spark_submit.py:490} INFO - at org.apache.spark.SparkContext.assertNotStopped(SparkContext.scala:120)
[2024-11-07T18:40:18.639+0000] {spark_submit.py:490} INFO - at org.apache.spark.SparkContext.defaultParallelism(SparkContext.scala:2554)
[2024-11-07T18:40:18.639+0000] {spark_submit.py:490} INFO - at java.base/jdk.internal.reflect.NativeMethodAccessorImpl.invoke0(Native Method)
[2024-11-07T18:40:18.640+0000] {spark_submit.py:490} INFO - at java.base/jdk.internal.reflect.NativeMethodAccessorImpl.invoke(NativeMethodAccessorImpl.java:62)
[2024-11-07T18:40:18.640+0000] {spark_submit.py:490} INFO - at java.base/jdk.internal.reflect.DelegatingMethodAccessorImpl.invoke(DelegatingMethodAccessorImpl.java:43)
[2024-11-07T18:40:18.640+0000] {spark_submit.py:490} INFO - at java.base/java.lang.reflect.Method.invoke(Method.java:566)
[2024-11-07T18:40:18.641+0000] {spark_submit.py:490} INFO - at py4j.reflection.MethodInvoker.invoke(MethodInvoker.java:244)
[2024-11-07T18:40:18.641+0000] {spark_submit.py:490} INFO - at py4j.reflection.ReflectionEngine.invoke(ReflectionEngine.java:374)
[2024-11-07T18:40:18.641+0000] {spark_submit.py:490} INFO - at py4j.Gateway.invoke(Gateway.java:282)
[2024-11-07T18:40:18.642+0000] {spark_submit.py:490} INFO - at py4j.commands.AbstractCommand.invokeMethod(AbstractCommand.java:132)
[2024-11-07T18:40:18.642+0000] {spark_submit.py:490} INFO - at py4j.commands.CallCommand.execute(CallCommand.java:79)
[2024-11-07T18:40:18.643+0000] {spark_submit.py:490} INFO - at py4j.ClientServerConnection.waitForCommands(ClientServerConnection.java:182)
[2024-11-07T18:40:18.643+0000] {spark_submit.py:490} INFO - at py4j.ClientServerConnection.run(ClientServerConnection.java:106)
[2024-11-07T18:40:18.643+0000] {spark_submit.py:490} INFO - at java.base/java.lang.Thread.run(Thread.java:829)
[2024-11-07T18:40:18.643+0000] {spark_submit.py:490} INFO - 
[2024-11-07T18:40:18.696+0000] {spark_submit.py:490} INFO - 24/11/07 18:40:18 INFO ShutdownHookManager: Shutdown hook called
[2024-11-07T18:40:18.697+0000] {spark_submit.py:490} INFO - 24/11/07 18:40:18 INFO ShutdownHookManager: Deleting directory /tmp/spark-3f9c88c2-4e2f-4035-9b2f-ad9e60d327fb
[2024-11-07T18:40:18.711+0000] {spark_submit.py:490} INFO - 24/11/07 18:40:18 INFO ShutdownHookManager: Deleting directory /tmp/spark-ff6b72b5-d407-4811-a56e-11f00fba6790/pyspark-eeadb2ed-3ccc-4ed2-94a1-2501b74703f4
[2024-11-07T18:40:18.731+0000] {spark_submit.py:490} INFO - 24/11/07 18:40:18 INFO ShutdownHookManager: Deleting directory /tmp/spark-ff6b72b5-d407-4811-a56e-11f00fba6790
[2024-11-07T18:40:18.921+0000] {taskinstance.py:1768} ERROR - Task failed with exception
Traceback (most recent call last):
  File "/home/airflow/.local/lib/python3.7/site-packages/airflow/providers/apache/spark/operators/spark_submit.py", line 157, in execute
    self._hook.submit(self._application)
  File "/home/airflow/.local/lib/python3.7/site-packages/airflow/providers/apache/spark/hooks/spark_submit.py", line 422, in submit
    f"Cannot execute: {self._mask_cmd(spark_submit_cmd)}. Error code is: {returncode}."
airflow.exceptions.AirflowException: Cannot execute: spark-submit --master spark://172.19.0.3:7077 --name arrow-spark --queue root.default /opt/***/dags/spark_etl_script_docker.py. Error code is: 1.
[2024-11-07T18:40:18.944+0000] {taskinstance.py:1323} INFO - Marking task as FAILED. dag_id=spark_***_dag, task_id=spark_submit_task, execution_date=20241107T183843, start_date=20241107T183852, end_date=20241107T184018
[2024-11-07T18:40:18.994+0000] {standard_task_runner.py:105} ERROR - Failed to execute job 3 for task spark_submit_task (Cannot execute: spark-submit --master spark://172.19.0.3:7077 --name arrow-spark --queue root.default /opt/***/dags/spark_etl_script_docker.py. Error code is: 1.; 1101)
[2024-11-07T18:40:19.063+0000] {local_task_job.py:208} INFO - Task exited with return code 1
[2024-11-07T18:40:19.104+0000] {taskinstance.py:2578} INFO - 0 downstream tasks scheduled from follow-on schedule check
