[2024-11-07T18:43:29.515+0000] {taskinstance.py:1083} INFO - Dependencies all met for <TaskInstance: spark_airflow_dag.spark_submit_task manual__2024-11-07T18:43:27.050952+00:00 [queued]>
[2024-11-07T18:43:29.553+0000] {taskinstance.py:1083} INFO - Dependencies all met for <TaskInstance: spark_airflow_dag.spark_submit_task manual__2024-11-07T18:43:27.050952+00:00 [queued]>
[2024-11-07T18:43:29.555+0000] {taskinstance.py:1279} INFO - 
--------------------------------------------------------------------------------
[2024-11-07T18:43:29.555+0000] {taskinstance.py:1280} INFO - Starting attempt 1 of 1
[2024-11-07T18:43:29.557+0000] {taskinstance.py:1281} INFO - 
--------------------------------------------------------------------------------
[2024-11-07T18:43:29.609+0000] {taskinstance.py:1300} INFO - Executing <Task(SparkSubmitOperator): spark_submit_task> on 2024-11-07 18:43:27.050952+00:00
[2024-11-07T18:43:29.620+0000] {standard_task_runner.py:55} INFO - Started process 1661 to run task
[2024-11-07T18:43:29.630+0000] {standard_task_runner.py:82} INFO - Running: ['***', 'tasks', 'run', 'spark_***_dag', 'spark_submit_task', 'manual__2024-11-07T18:43:27.050952+00:00', '--job-id', '4', '--raw', '--subdir', 'DAGS_FOLDER/spark_jobs_dag.py', '--cfg-path', '/tmp/tmp1asf97qj']
[2024-11-07T18:43:29.631+0000] {standard_task_runner.py:83} INFO - Job 4: Subtask spark_submit_task
[2024-11-07T18:43:29.668+0000] {warnings.py:110} WARNING - /home/***/.local/lib/python3.7/site-packages/***/settings.py:249: DeprecationWarning: The sql_alchemy_conn option in [core] has been moved to the sql_alchemy_conn option in [database] - the old setting has been used, but please update your config.
  SQL_ALCHEMY_CONN = conf.get("database", "SQL_ALCHEMY_CONN")

[2024-11-07T18:43:29.773+0000] {task_command.py:388} INFO - Running <TaskInstance: spark_airflow_dag.spark_submit_task manual__2024-11-07T18:43:27.050952+00:00 [running]> on host c3147672876a
[2024-11-07T18:43:29.908+0000] {taskinstance.py:1509} INFO - Exporting the following env vars:
AIRFLOW_CTX_DAG_OWNER=***
AIRFLOW_CTX_DAG_ID=spark_***_dag
AIRFLOW_CTX_TASK_ID=spark_submit_task
AIRFLOW_CTX_EXECUTION_DATE=2024-11-07T18:43:27.050952+00:00
AIRFLOW_CTX_TRY_NUMBER=1
AIRFLOW_CTX_DAG_RUN_ID=manual__2024-11-07T18:43:27.050952+00:00
[2024-11-07T18:43:29.924+0000] {base.py:73} INFO - Using connection ID 'spark_local' for task execution.
[2024-11-07T18:43:29.927+0000] {spark_submit.py:339} INFO - Spark-Submit cmd: spark-submit --master spark://6d477d0a94f0:7077 --name arrow-spark --queue root.default /opt/***/dags/spark_etl_script_docker.py
[2024-11-07T18:43:30.145+0000] {spark_submit.py:490} INFO - /home/***/.local/lib/python3.7/site-packages/pyspark/bin/load-spark-env.sh: line 68: ps: command not found
[2024-11-07T18:43:36.427+0000] {spark_submit.py:490} INFO - 24/11/07 18:43:36 INFO SparkContext: Running Spark version 3.4.4
[2024-11-07T18:43:36.553+0000] {spark_submit.py:490} INFO - 24/11/07 18:43:36 WARN NativeCodeLoader: Unable to load native-hadoop library for your platform... using builtin-java classes where applicable
[2024-11-07T18:43:36.725+0000] {spark_submit.py:490} INFO - 24/11/07 18:43:36 INFO ResourceUtils: ==============================================================
[2024-11-07T18:43:36.726+0000] {spark_submit.py:490} INFO - 24/11/07 18:43:36 INFO ResourceUtils: No custom resources configured for spark.driver.
[2024-11-07T18:43:36.727+0000] {spark_submit.py:490} INFO - 24/11/07 18:43:36 INFO ResourceUtils: ==============================================================
[2024-11-07T18:43:36.728+0000] {spark_submit.py:490} INFO - 24/11/07 18:43:36 INFO SparkContext: Submitted application: DataExtraction
[2024-11-07T18:43:36.783+0000] {spark_submit.py:490} INFO - 24/11/07 18:43:36 INFO ResourceProfile: Default ResourceProfile created, executor resources: Map(memory -> name: memory, amount: 1024, script: , vendor: , offHeap -> name: offHeap, amount: 0, script: , vendor: ), task resources: Map(cpus -> name: cpus, amount: 1.0)
[2024-11-07T18:43:36.819+0000] {spark_submit.py:490} INFO - 24/11/07 18:43:36 INFO ResourceProfile: Limiting resource is cpu
[2024-11-07T18:43:36.822+0000] {spark_submit.py:490} INFO - 24/11/07 18:43:36 INFO ResourceProfileManager: Added ResourceProfile id: 0
[2024-11-07T18:43:36.920+0000] {spark_submit.py:490} INFO - 24/11/07 18:43:36 INFO SecurityManager: Changing view acls to: default
[2024-11-07T18:43:36.920+0000] {spark_submit.py:490} INFO - 24/11/07 18:43:36 INFO SecurityManager: Changing modify acls to: default
[2024-11-07T18:43:36.921+0000] {spark_submit.py:490} INFO - 24/11/07 18:43:36 INFO SecurityManager: Changing view acls groups to:
[2024-11-07T18:43:36.921+0000] {spark_submit.py:490} INFO - 24/11/07 18:43:36 INFO SecurityManager: Changing modify acls groups to:
[2024-11-07T18:43:36.921+0000] {spark_submit.py:490} INFO - 24/11/07 18:43:36 INFO SecurityManager: SecurityManager: authentication disabled; ui acls disabled; users with view permissions: default; groups with view permissions: EMPTY; users with modify permissions: default; groups with modify permissions: EMPTY
[2024-11-07T18:43:37.351+0000] {spark_submit.py:490} INFO - 24/11/07 18:43:37 INFO Utils: Successfully started service 'sparkDriver' on port 42437.
[2024-11-07T18:43:37.402+0000] {spark_submit.py:490} INFO - 24/11/07 18:43:37 INFO SparkEnv: Registering MapOutputTracker
[2024-11-07T18:43:37.459+0000] {spark_submit.py:490} INFO - 24/11/07 18:43:37 INFO SparkEnv: Registering BlockManagerMaster
[2024-11-07T18:43:37.492+0000] {spark_submit.py:490} INFO - 24/11/07 18:43:37 INFO BlockManagerMasterEndpoint: Using org.apache.spark.storage.DefaultTopologyMapper for getting topology information
[2024-11-07T18:43:37.493+0000] {spark_submit.py:490} INFO - 24/11/07 18:43:37 INFO BlockManagerMasterEndpoint: BlockManagerMasterEndpoint up
[2024-11-07T18:43:37.499+0000] {spark_submit.py:490} INFO - 24/11/07 18:43:37 INFO SparkEnv: Registering BlockManagerMasterHeartbeat
[2024-11-07T18:43:37.527+0000] {spark_submit.py:490} INFO - 24/11/07 18:43:37 INFO DiskBlockManager: Created local directory at /tmp/blockmgr-ddfcc1f1-d788-4a2d-bbc9-a6719003f460
[2024-11-07T18:43:37.550+0000] {spark_submit.py:490} INFO - 24/11/07 18:43:37 INFO MemoryStore: MemoryStore started with capacity 434.4 MiB
[2024-11-07T18:43:37.573+0000] {spark_submit.py:490} INFO - 24/11/07 18:43:37 INFO SparkEnv: Registering OutputCommitCoordinator
[2024-11-07T18:43:37.870+0000] {spark_submit.py:490} INFO - 24/11/07 18:43:37 INFO JettyUtils: Start Jetty 0.0.0.0:4040 for SparkUI
[2024-11-07T18:43:37.983+0000] {spark_submit.py:490} INFO - 24/11/07 18:43:37 INFO Utils: Successfully started service 'SparkUI' on port 4040.
[2024-11-07T18:43:38.150+0000] {spark_submit.py:490} INFO - 24/11/07 18:43:38 INFO StandaloneAppClient$ClientEndpoint: Connecting to master spark://6d477d0a94f0:7077...
[2024-11-07T18:43:38.253+0000] {spark_submit.py:490} INFO - 24/11/07 18:43:38 INFO TransportClientFactory: Successfully created connection to 6d477d0a94f0/172.19.0.3:7077 after 73 ms (0 ms spent in bootstraps)
[2024-11-07T18:43:58.151+0000] {spark_submit.py:490} INFO - 24/11/07 18:43:58 INFO StandaloneAppClient$ClientEndpoint: Connecting to master spark://6d477d0a94f0:7077...
[2024-11-07T18:44:18.150+0000] {spark_submit.py:490} INFO - 24/11/07 18:44:18 INFO StandaloneAppClient$ClientEndpoint: Connecting to master spark://6d477d0a94f0:7077...
[2024-11-07T18:44:38.173+0000] {spark_submit.py:490} INFO - 24/11/07 18:44:38 WARN StandaloneSchedulerBackend: Application ID is not initialized yet.
[2024-11-07T18:44:38.180+0000] {spark_submit.py:490} INFO - 24/11/07 18:44:38 ERROR StandaloneSchedulerBackend: Application has been killed. Reason: All masters are unresponsive! Giving up.
[2024-11-07T18:44:38.260+0000] {spark_submit.py:490} INFO - 24/11/07 18:44:38 INFO Utils: Successfully started service 'org.apache.spark.network.netty.NettyBlockTransferService' on port 34543.
[2024-11-07T18:44:38.263+0000] {spark_submit.py:490} INFO - 24/11/07 18:44:38 INFO NettyBlockTransferService: Server created on c3147672876a:34543
[2024-11-07T18:44:38.276+0000] {spark_submit.py:490} INFO - 24/11/07 18:44:38 INFO BlockManager: Using org.apache.spark.storage.RandomBlockReplicationPolicy for block replication policy
[2024-11-07T18:44:38.323+0000] {spark_submit.py:490} INFO - 24/11/07 18:44:38 INFO BlockManagerMaster: Registering BlockManager BlockManagerId(driver, c3147672876a, 34543, None)
[2024-11-07T18:44:38.342+0000] {spark_submit.py:490} INFO - 24/11/07 18:44:38 INFO BlockManagerMasterEndpoint: Registering block manager c3147672876a:34543 with 434.4 MiB RAM, BlockManagerId(driver, c3147672876a, 34543, None)
[2024-11-07T18:44:38.353+0000] {spark_submit.py:490} INFO - 24/11/07 18:44:38 INFO BlockManagerMaster: Registered BlockManager BlockManagerId(driver, c3147672876a, 34543, None)
[2024-11-07T18:44:38.358+0000] {spark_submit.py:490} INFO - 24/11/07 18:44:38 INFO BlockManager: Initialized BlockManager: BlockManagerId(driver, c3147672876a, 34543, None)
[2024-11-07T18:44:39.896+0000] {spark_submit.py:490} INFO - 24/11/07 18:44:39 INFO StandaloneSchedulerBackend: SchedulerBackend is ready for scheduling beginning after reached minRegisteredResourcesRatio: 0.0
[2024-11-07T18:44:40.099+0000] {spark_submit.py:490} INFO - /home/***/.local/lib/python3.7/site-packages/pyspark/python/lib/pyspark.zip/pyspark/context.py:317: FutureWarning: Python 3.7 support is deprecated in Spark 3.4.
[2024-11-07T18:44:40.104+0000] {spark_submit.py:490} INFO - warnings.warn("Python 3.7 support is deprecated in Spark 3.4.", FutureWarning)
[2024-11-07T18:44:41.904+0000] {spark_submit.py:490} INFO - 24/11/07 18:44:41 INFO SparkContext: SparkContext is stopping with exitCode 0.
[2024-11-07T18:44:41.970+0000] {spark_submit.py:490} INFO - 24/11/07 18:44:41 INFO SparkUI: Stopped Spark web UI at http://c3147672876a:4040
[2024-11-07T18:44:42.002+0000] {spark_submit.py:490} INFO - 24/11/07 18:44:42 INFO StandaloneSchedulerBackend: Shutting down all executors
[2024-11-07T18:44:42.016+0000] {spark_submit.py:490} INFO - 24/11/07 18:44:42 INFO StandaloneSchedulerBackend$StandaloneDriverEndpoint: Asking each executor to shut down
[2024-11-07T18:44:42.048+0000] {spark_submit.py:490} INFO - 24/11/07 18:44:42 WARN StandaloneAppClient$ClientEndpoint: Drop UnregisterApplication(null) because has not yet connected to master
[2024-11-07T18:44:42.126+0000] {spark_submit.py:490} INFO - 24/11/07 18:44:42 INFO MapOutputTrackerMasterEndpoint: MapOutputTrackerMasterEndpoint stopped!
[2024-11-07T18:44:42.254+0000] {spark_submit.py:490} INFO - 24/11/07 18:44:42 INFO MemoryStore: MemoryStore cleared
[2024-11-07T18:44:42.255+0000] {spark_submit.py:490} INFO - 24/11/07 18:44:42 INFO BlockManager: BlockManager stopped
[2024-11-07T18:44:42.290+0000] {spark_submit.py:490} INFO - 24/11/07 18:44:42 INFO BlockManagerMaster: BlockManagerMaster stopped
[2024-11-07T18:44:42.305+0000] {spark_submit.py:490} INFO - 24/11/07 18:44:42 INFO OutputCommitCoordinator$OutputCommitCoordinatorEndpoint: OutputCommitCoordinator stopped!
[2024-11-07T18:44:42.343+0000] {spark_submit.py:490} INFO - Traceback (most recent call last):
[2024-11-07T18:44:42.351+0000] {spark_submit.py:490} INFO - File "/opt/***/dags/spark_etl_script_docker.py", line 25, in <module>
[2024-11-07T18:44:42.360+0000] {spark_submit.py:490} INFO - RDD = sparkContext.parallelize([data])
[2024-11-07T18:44:42.374+0000] {spark_submit.py:490} INFO - File "/home/***/.local/lib/python3.7/site-packages/pyspark/python/lib/pyspark.zip/pyspark/context.py", line 780, in parallelize
[2024-11-07T18:44:42.392+0000] {spark_submit.py:490} INFO - File "/home/***/.local/lib/python3.7/site-packages/pyspark/python/lib/pyspark.zip/pyspark/context.py", line 627, in defaultParallelism
[2024-11-07T18:44:42.404+0000] {spark_submit.py:490} INFO - File "/home/***/.local/lib/python3.7/site-packages/pyspark/python/lib/py4j-0.10.9.7-src.zip/py4j/java_gateway.py", line 1323, in __call__
[2024-11-07T18:44:42.407+0000] {spark_submit.py:490} INFO - File "/home/***/.local/lib/python3.7/site-packages/pyspark/python/lib/pyspark.zip/pyspark/errors/exceptions/captured.py", line 169, in deco
[2024-11-07T18:44:42.409+0000] {spark_submit.py:490} INFO - File "/home/***/.local/lib/python3.7/site-packages/pyspark/python/lib/py4j-0.10.9.7-src.zip/py4j/protocol.py", line 328, in get_return_value
[2024-11-07T18:44:42.424+0000] {spark_submit.py:490} INFO - py4j.protocol.Py4JJavaError: An error occurred while calling o24.defaultParallelism.
[2024-11-07T18:44:42.437+0000] {spark_submit.py:490} INFO - : java.lang.IllegalStateException: Cannot call methods on a stopped SparkContext.
[2024-11-07T18:44:42.440+0000] {spark_submit.py:490} INFO - This stopped SparkContext was created at:
[2024-11-07T18:44:42.450+0000] {spark_submit.py:490} INFO - 
[2024-11-07T18:44:42.464+0000] {spark_submit.py:490} INFO - org.apache.spark.api.java.JavaSparkContext.<init>(JavaSparkContext.scala:58)
[2024-11-07T18:44:42.466+0000] {spark_submit.py:490} INFO - java.base/jdk.internal.reflect.NativeConstructorAccessorImpl.newInstance0(Native Method)
[2024-11-07T18:44:42.467+0000] {spark_submit.py:490} INFO - java.base/jdk.internal.reflect.NativeConstructorAccessorImpl.newInstance(NativeConstructorAccessorImpl.java:62)
[2024-11-07T18:44:42.470+0000] {spark_submit.py:490} INFO - java.base/jdk.internal.reflect.DelegatingConstructorAccessorImpl.newInstance(DelegatingConstructorAccessorImpl.java:45)
[2024-11-07T18:44:42.471+0000] {spark_submit.py:490} INFO - java.base/java.lang.reflect.Constructor.newInstance(Constructor.java:490)
[2024-11-07T18:44:42.472+0000] {spark_submit.py:490} INFO - py4j.reflection.MethodInvoker.invoke(MethodInvoker.java:247)
[2024-11-07T18:44:42.473+0000] {spark_submit.py:490} INFO - py4j.reflection.ReflectionEngine.invoke(ReflectionEngine.java:374)
[2024-11-07T18:44:42.474+0000] {spark_submit.py:490} INFO - py4j.Gateway.invoke(Gateway.java:238)
[2024-11-07T18:44:42.475+0000] {spark_submit.py:490} INFO - py4j.commands.ConstructorCommand.invokeConstructor(ConstructorCommand.java:80)
[2024-11-07T18:44:42.476+0000] {spark_submit.py:490} INFO - py4j.commands.ConstructorCommand.execute(ConstructorCommand.java:69)
[2024-11-07T18:44:42.477+0000] {spark_submit.py:490} INFO - py4j.ClientServerConnection.waitForCommands(ClientServerConnection.java:182)
[2024-11-07T18:44:42.478+0000] {spark_submit.py:490} INFO - py4j.ClientServerConnection.run(ClientServerConnection.java:106)
[2024-11-07T18:44:42.479+0000] {spark_submit.py:490} INFO - java.base/java.lang.Thread.run(Thread.java:829)
[2024-11-07T18:44:42.481+0000] {spark_submit.py:490} INFO - 
[2024-11-07T18:44:42.482+0000] {spark_submit.py:490} INFO - The currently active SparkContext was created at:
[2024-11-07T18:44:42.483+0000] {spark_submit.py:490} INFO - 
[2024-11-07T18:44:42.485+0000] {spark_submit.py:490} INFO - org.apache.spark.api.java.JavaSparkContext.<init>(JavaSparkContext.scala:58)
[2024-11-07T18:44:42.487+0000] {spark_submit.py:490} INFO - java.base/jdk.internal.reflect.NativeConstructorAccessorImpl.newInstance0(Native Method)
[2024-11-07T18:44:42.491+0000] {spark_submit.py:490} INFO - java.base/jdk.internal.reflect.NativeConstructorAccessorImpl.newInstance(NativeConstructorAccessorImpl.java:62)
[2024-11-07T18:44:42.501+0000] {spark_submit.py:490} INFO - java.base/jdk.internal.reflect.DelegatingConstructorAccessorImpl.newInstance(DelegatingConstructorAccessorImpl.java:45)
[2024-11-07T18:44:42.502+0000] {spark_submit.py:490} INFO - java.base/java.lang.reflect.Constructor.newInstance(Constructor.java:490)
[2024-11-07T18:44:42.503+0000] {spark_submit.py:490} INFO - py4j.reflection.MethodInvoker.invoke(MethodInvoker.java:247)
[2024-11-07T18:44:42.505+0000] {spark_submit.py:490} INFO - py4j.reflection.ReflectionEngine.invoke(ReflectionEngine.java:374)
[2024-11-07T18:44:42.505+0000] {spark_submit.py:490} INFO - py4j.Gateway.invoke(Gateway.java:238)
[2024-11-07T18:44:42.507+0000] {spark_submit.py:490} INFO - py4j.commands.ConstructorCommand.invokeConstructor(ConstructorCommand.java:80)
[2024-11-07T18:44:42.508+0000] {spark_submit.py:490} INFO - py4j.commands.ConstructorCommand.execute(ConstructorCommand.java:69)
[2024-11-07T18:44:42.509+0000] {spark_submit.py:490} INFO - py4j.ClientServerConnection.waitForCommands(ClientServerConnection.java:182)
[2024-11-07T18:44:42.510+0000] {spark_submit.py:490} INFO - py4j.ClientServerConnection.run(ClientServerConnection.java:106)
[2024-11-07T18:44:42.513+0000] {spark_submit.py:490} INFO - java.base/java.lang.Thread.run(Thread.java:829)
[2024-11-07T18:44:42.515+0000] {spark_submit.py:490} INFO - 
[2024-11-07T18:44:42.516+0000] {spark_submit.py:490} INFO - at org.apache.spark.SparkContext.assertNotStopped(SparkContext.scala:120)
[2024-11-07T18:44:42.517+0000] {spark_submit.py:490} INFO - at org.apache.spark.SparkContext.defaultParallelism(SparkContext.scala:2554)
[2024-11-07T18:44:42.518+0000] {spark_submit.py:490} INFO - at java.base/jdk.internal.reflect.NativeMethodAccessorImpl.invoke0(Native Method)
[2024-11-07T18:44:42.520+0000] {spark_submit.py:490} INFO - at java.base/jdk.internal.reflect.NativeMethodAccessorImpl.invoke(NativeMethodAccessorImpl.java:62)
[2024-11-07T18:44:42.521+0000] {spark_submit.py:490} INFO - at java.base/jdk.internal.reflect.DelegatingMethodAccessorImpl.invoke(DelegatingMethodAccessorImpl.java:43)
[2024-11-07T18:44:42.522+0000] {spark_submit.py:490} INFO - at java.base/java.lang.reflect.Method.invoke(Method.java:566)
[2024-11-07T18:44:42.522+0000] {spark_submit.py:490} INFO - at py4j.reflection.MethodInvoker.invoke(MethodInvoker.java:244)
[2024-11-07T18:44:42.523+0000] {spark_submit.py:490} INFO - at py4j.reflection.ReflectionEngine.invoke(ReflectionEngine.java:374)
[2024-11-07T18:44:42.524+0000] {spark_submit.py:490} INFO - at py4j.Gateway.invoke(Gateway.java:282)
[2024-11-07T18:44:42.525+0000] {spark_submit.py:490} INFO - at py4j.commands.AbstractCommand.invokeMethod(AbstractCommand.java:132)
[2024-11-07T18:44:42.525+0000] {spark_submit.py:490} INFO - at py4j.commands.CallCommand.execute(CallCommand.java:79)
[2024-11-07T18:44:42.526+0000] {spark_submit.py:490} INFO - at py4j.ClientServerConnection.waitForCommands(ClientServerConnection.java:182)
[2024-11-07T18:44:42.527+0000] {spark_submit.py:490} INFO - at py4j.ClientServerConnection.run(ClientServerConnection.java:106)
[2024-11-07T18:44:42.527+0000] {spark_submit.py:490} INFO - at java.base/java.lang.Thread.run(Thread.java:829)
[2024-11-07T18:44:42.528+0000] {spark_submit.py:490} INFO - 
[2024-11-07T18:44:42.529+0000] {spark_submit.py:490} INFO - 24/11/07 18:44:42 INFO SparkContext: Successfully stopped SparkContext
[2024-11-07T18:44:42.739+0000] {spark_submit.py:490} INFO - 24/11/07 18:44:42 INFO ShutdownHookManager: Shutdown hook called
[2024-11-07T18:44:42.744+0000] {spark_submit.py:490} INFO - 24/11/07 18:44:42 INFO ShutdownHookManager: Deleting directory /tmp/spark-bfa27ed3-1eb7-4dec-9b43-95425d136ba2
[2024-11-07T18:44:42.814+0000] {spark_submit.py:490} INFO - 24/11/07 18:44:42 INFO ShutdownHookManager: Deleting directory /tmp/spark-e4d497d9-dc07-4cf2-896c-e6463718fed3
[2024-11-07T18:44:42.911+0000] {spark_submit.py:490} INFO - 24/11/07 18:44:42 INFO ShutdownHookManager: Deleting directory /tmp/spark-e4d497d9-dc07-4cf2-896c-e6463718fed3/pyspark-40866886-d4c5-4d99-b03a-eda0a681e358
[2024-11-07T18:44:43.259+0000] {taskinstance.py:1768} ERROR - Task failed with exception
Traceback (most recent call last):
  File "/home/airflow/.local/lib/python3.7/site-packages/airflow/providers/apache/spark/operators/spark_submit.py", line 157, in execute
    self._hook.submit(self._application)
  File "/home/airflow/.local/lib/python3.7/site-packages/airflow/providers/apache/spark/hooks/spark_submit.py", line 422, in submit
    f"Cannot execute: {self._mask_cmd(spark_submit_cmd)}. Error code is: {returncode}."
airflow.exceptions.AirflowException: Cannot execute: spark-submit --master spark://6d477d0a94f0:7077 --name arrow-spark --queue root.default /opt/***/dags/spark_etl_script_docker.py. Error code is: 1.
[2024-11-07T18:44:43.313+0000] {taskinstance.py:1323} INFO - Marking task as FAILED. dag_id=spark_***_dag, task_id=spark_submit_task, execution_date=20241107T184327, start_date=20241107T184329, end_date=20241107T184443
[2024-11-07T18:44:43.440+0000] {standard_task_runner.py:105} ERROR - Failed to execute job 4 for task spark_submit_task (Cannot execute: spark-submit --master spark://6d477d0a94f0:7077 --name arrow-spark --queue root.default /opt/***/dags/spark_etl_script_docker.py. Error code is: 1.; 1661)
[2024-11-07T18:44:43.521+0000] {local_task_job.py:208} INFO - Task exited with return code 1
[2024-11-07T18:44:43.635+0000] {taskinstance.py:2578} INFO - 0 downstream tasks scheduled from follow-on schedule check
