[2024-11-07T17:55:05.067+0000] {taskinstance.py:1083} INFO - Dependencies all met for <TaskInstance: spark_airflow_dag.spark_submit_task manual__2024-11-07T17:55:01.233010+00:00 [queued]>
[2024-11-07T17:55:05.086+0000] {taskinstance.py:1083} INFO - Dependencies all met for <TaskInstance: spark_airflow_dag.spark_submit_task manual__2024-11-07T17:55:01.233010+00:00 [queued]>
[2024-11-07T17:55:05.087+0000] {taskinstance.py:1279} INFO - 
--------------------------------------------------------------------------------
[2024-11-07T17:55:05.087+0000] {taskinstance.py:1280} INFO - Starting attempt 1 of 1
[2024-11-07T17:55:05.088+0000] {taskinstance.py:1281} INFO - 
--------------------------------------------------------------------------------
[2024-11-07T17:55:05.122+0000] {taskinstance.py:1300} INFO - Executing <Task(SparkSubmitOperator): spark_submit_task> on 2024-11-07 17:55:01.233010+00:00
[2024-11-07T17:55:05.134+0000] {standard_task_runner.py:55} INFO - Started process 498 to run task
[2024-11-07T17:55:05.139+0000] {standard_task_runner.py:82} INFO - Running: ['***', 'tasks', 'run', 'spark_***_dag', 'spark_submit_task', 'manual__2024-11-07T17:55:01.233010+00:00', '--job-id', '3', '--raw', '--subdir', 'DAGS_FOLDER/spark_jobs_dag.py', '--cfg-path', '/tmp/tmp3fvfsdiv']
[2024-11-07T17:55:05.140+0000] {standard_task_runner.py:83} INFO - Job 3: Subtask spark_submit_task
[2024-11-07T17:55:05.165+0000] {warnings.py:110} WARNING - /home/***/.local/lib/python3.7/site-packages/***/settings.py:249: DeprecationWarning: The sql_alchemy_conn option in [core] has been moved to the sql_alchemy_conn option in [database] - the old setting has been used, but please update your config.
  SQL_ALCHEMY_CONN = conf.get("database", "SQL_ALCHEMY_CONN")

[2024-11-07T17:55:05.254+0000] {task_command.py:388} INFO - Running <TaskInstance: spark_airflow_dag.spark_submit_task manual__2024-11-07T17:55:01.233010+00:00 [running]> on host 25d0a0554898
[2024-11-07T17:55:05.395+0000] {taskinstance.py:1509} INFO - Exporting the following env vars:
AIRFLOW_CTX_DAG_OWNER=***
AIRFLOW_CTX_DAG_ID=spark_***_dag
AIRFLOW_CTX_TASK_ID=spark_submit_task
AIRFLOW_CTX_EXECUTION_DATE=2024-11-07T17:55:01.233010+00:00
AIRFLOW_CTX_TRY_NUMBER=1
AIRFLOW_CTX_DAG_RUN_ID=manual__2024-11-07T17:55:01.233010+00:00
[2024-11-07T17:55:05.412+0000] {base.py:73} INFO - Using connection ID 'spark_local' for task execution.
[2024-11-07T17:55:05.415+0000] {spark_submit.py:339} INFO - Spark-Submit cmd: spark-submit --master spark://spark:7077 --name arrow-spark --queue root.default /opt/***/dags/spark_etl_script_docker.py
[2024-11-07T17:55:05.622+0000] {spark_submit.py:490} INFO - /home/***/.local/lib/python3.7/site-packages/pyspark/bin/load-spark-env.sh: line 68: ps: command not found
[2024-11-07T17:55:21.277+0000] {spark_submit.py:490} INFO - 24/11/07 17:55:21 INFO SparkContext: Running Spark version 3.4.4
[2024-11-07T17:55:21.883+0000] {spark_submit.py:490} INFO - 24/11/07 17:55:21 WARN NativeCodeLoader: Unable to load native-hadoop library for your platform... using builtin-java classes where applicable
[2024-11-07T17:55:22.505+0000] {spark_submit.py:490} INFO - 24/11/07 17:55:22 INFO ResourceUtils: ==============================================================
[2024-11-07T17:55:22.507+0000] {spark_submit.py:490} INFO - 24/11/07 17:55:22 INFO ResourceUtils: No custom resources configured for spark.driver.
[2024-11-07T17:55:22.508+0000] {spark_submit.py:490} INFO - 24/11/07 17:55:22 INFO ResourceUtils: ==============================================================
[2024-11-07T17:55:22.511+0000] {spark_submit.py:490} INFO - 24/11/07 17:55:22 INFO SparkContext: Submitted application: DataExtraction
[2024-11-07T17:55:22.598+0000] {spark_submit.py:490} INFO - 24/11/07 17:55:22 INFO ResourceProfile: Default ResourceProfile created, executor resources: Map(memory -> name: memory, amount: 1024, script: , vendor: , offHeap -> name: offHeap, amount: 0, script: , vendor: ), task resources: Map(cpus -> name: cpus, amount: 1.0)
[2024-11-07T17:55:22.640+0000] {spark_submit.py:490} INFO - 24/11/07 17:55:22 INFO ResourceProfile: Limiting resource is cpu
[2024-11-07T17:55:22.643+0000] {spark_submit.py:490} INFO - 24/11/07 17:55:22 INFO ResourceProfileManager: Added ResourceProfile id: 0
[2024-11-07T17:55:22.889+0000] {spark_submit.py:490} INFO - 24/11/07 17:55:22 INFO SecurityManager: Changing view acls to: default
[2024-11-07T17:55:22.893+0000] {spark_submit.py:490} INFO - 24/11/07 17:55:22 INFO SecurityManager: Changing modify acls to: default
[2024-11-07T17:55:22.895+0000] {spark_submit.py:490} INFO - 24/11/07 17:55:22 INFO SecurityManager: Changing view acls groups to:
[2024-11-07T17:55:22.897+0000] {spark_submit.py:490} INFO - 24/11/07 17:55:22 INFO SecurityManager: Changing modify acls groups to:
[2024-11-07T17:55:22.899+0000] {spark_submit.py:490} INFO - 24/11/07 17:55:22 INFO SecurityManager: SecurityManager: authentication disabled; ui acls disabled; users with view permissions: default; groups with view permissions: EMPTY; users with modify permissions: default; groups with modify permissions: EMPTY
[2024-11-07T17:55:23.858+0000] {spark_submit.py:490} INFO - 24/11/07 17:55:23 INFO Utils: Successfully started service 'sparkDriver' on port 44309.
[2024-11-07T17:55:24.084+0000] {spark_submit.py:490} INFO - 24/11/07 17:55:24 INFO SparkEnv: Registering MapOutputTracker
[2024-11-07T17:55:24.264+0000] {spark_submit.py:490} INFO - 24/11/07 17:55:24 INFO SparkEnv: Registering BlockManagerMaster
[2024-11-07T17:55:24.353+0000] {spark_submit.py:490} INFO - 24/11/07 17:55:24 INFO BlockManagerMasterEndpoint: Using org.apache.spark.storage.DefaultTopologyMapper for getting topology information
[2024-11-07T17:55:24.360+0000] {spark_submit.py:490} INFO - 24/11/07 17:55:24 INFO BlockManagerMasterEndpoint: BlockManagerMasterEndpoint up
[2024-11-07T17:55:24.378+0000] {spark_submit.py:490} INFO - 24/11/07 17:55:24 INFO SparkEnv: Registering BlockManagerMasterHeartbeat
[2024-11-07T17:55:24.505+0000] {spark_submit.py:490} INFO - 24/11/07 17:55:24 INFO DiskBlockManager: Created local directory at /tmp/blockmgr-4a1d04db-7f60-493b-9a0a-7046942f3648
[2024-11-07T17:55:24.562+0000] {spark_submit.py:490} INFO - 24/11/07 17:55:24 INFO MemoryStore: MemoryStore started with capacity 434.4 MiB
[2024-11-07T17:55:24.610+0000] {spark_submit.py:490} INFO - 24/11/07 17:55:24 INFO SparkEnv: Registering OutputCommitCoordinator
[2024-11-07T17:55:25.195+0000] {spark_submit.py:490} INFO - 24/11/07 17:55:25 INFO JettyUtils: Start Jetty 0.0.0.0:4040 for SparkUI
[2024-11-07T17:55:25.381+0000] {spark_submit.py:490} INFO - 24/11/07 17:55:25 INFO Utils: Successfully started service 'SparkUI' on port 4040.
[2024-11-07T17:55:25.737+0000] {spark_submit.py:490} INFO - 24/11/07 17:55:25 INFO StandaloneAppClient$ClientEndpoint: Connecting to master spark://spark:7077...
[2024-11-07T17:55:25.893+0000] {spark_submit.py:490} INFO - 24/11/07 17:55:25 INFO TransportClientFactory: Successfully created connection to spark/172.19.0.3:7077 after 100 ms (0 ms spent in bootstraps)
[2024-11-07T17:55:45.738+0000] {spark_submit.py:490} INFO - 24/11/07 17:55:45 INFO StandaloneAppClient$ClientEndpoint: Connecting to master spark://spark:7077...
[2024-11-07T17:56:05.743+0000] {spark_submit.py:490} INFO - 24/11/07 17:56:05 INFO StandaloneAppClient$ClientEndpoint: Connecting to master spark://spark:7077...
[2024-11-07T17:56:25.756+0000] {spark_submit.py:490} INFO - 24/11/07 17:56:25 WARN StandaloneSchedulerBackend: Application ID is not initialized yet.
[2024-11-07T17:56:25.760+0000] {spark_submit.py:490} INFO - 24/11/07 17:56:25 ERROR StandaloneSchedulerBackend: Application has been killed. Reason: All masters are unresponsive! Giving up.
[2024-11-07T17:56:25.796+0000] {spark_submit.py:490} INFO - 24/11/07 17:56:25 INFO Utils: Successfully started service 'org.apache.spark.network.netty.NettyBlockTransferService' on port 35703.
[2024-11-07T17:56:25.797+0000] {spark_submit.py:490} INFO - 24/11/07 17:56:25 INFO NettyBlockTransferService: Server created on 25d0a0554898:35703
[2024-11-07T17:56:25.806+0000] {spark_submit.py:490} INFO - 24/11/07 17:56:25 INFO BlockManager: Using org.apache.spark.storage.RandomBlockReplicationPolicy for block replication policy
[2024-11-07T17:56:25.827+0000] {spark_submit.py:490} INFO - 24/11/07 17:56:25 INFO BlockManagerMaster: Registering BlockManager BlockManagerId(driver, 25d0a0554898, 35703, None)
[2024-11-07T17:56:25.838+0000] {spark_submit.py:490} INFO - 24/11/07 17:56:25 INFO BlockManagerMasterEndpoint: Registering block manager 25d0a0554898:35703 with 434.4 MiB RAM, BlockManagerId(driver, 25d0a0554898, 35703, None)
[2024-11-07T17:56:25.846+0000] {spark_submit.py:490} INFO - 24/11/07 17:56:25 INFO BlockManagerMaster: Registered BlockManager BlockManagerId(driver, 25d0a0554898, 35703, None)
[2024-11-07T17:56:25.850+0000] {spark_submit.py:490} INFO - 24/11/07 17:56:25 INFO BlockManager: Initialized BlockManager: BlockManagerId(driver, 25d0a0554898, 35703, None)
[2024-11-07T17:56:26.447+0000] {spark_submit.py:490} INFO - 24/11/07 17:56:26 INFO StandaloneSchedulerBackend: SchedulerBackend is ready for scheduling beginning after reached minRegisteredResourcesRatio: 0.0
[2024-11-07T17:56:26.526+0000] {spark_submit.py:490} INFO - /home/***/.local/lib/python3.7/site-packages/pyspark/python/lib/pyspark.zip/pyspark/context.py:317: FutureWarning: Python 3.7 support is deprecated in Spark 3.4.
[2024-11-07T17:56:26.528+0000] {spark_submit.py:490} INFO - warnings.warn("Python 3.7 support is deprecated in Spark 3.4.", FutureWarning)
[2024-11-07T17:56:27.099+0000] {spark_submit.py:490} INFO - 24/11/07 17:56:27 INFO SparkContext: SparkContext is stopping with exitCode 0.
[2024-11-07T17:56:27.138+0000] {spark_submit.py:490} INFO - 24/11/07 17:56:27 INFO SparkUI: Stopped Spark web UI at http://25d0a0554898:4040
[2024-11-07T17:56:27.154+0000] {spark_submit.py:490} INFO - 24/11/07 17:56:27 INFO StandaloneSchedulerBackend: Shutting down all executors
[2024-11-07T17:56:27.164+0000] {spark_submit.py:490} INFO - 24/11/07 17:56:27 INFO StandaloneSchedulerBackend$StandaloneDriverEndpoint: Asking each executor to shut down
[2024-11-07T17:56:27.181+0000] {spark_submit.py:490} INFO - 24/11/07 17:56:27 WARN StandaloneAppClient$ClientEndpoint: Drop UnregisterApplication(null) because has not yet connected to master
[2024-11-07T17:56:27.216+0000] {spark_submit.py:490} INFO - 24/11/07 17:56:27 INFO MapOutputTrackerMasterEndpoint: MapOutputTrackerMasterEndpoint stopped!
[2024-11-07T17:56:27.265+0000] {spark_submit.py:490} INFO - 24/11/07 17:56:27 INFO MemoryStore: MemoryStore cleared
[2024-11-07T17:56:27.266+0000] {spark_submit.py:490} INFO - 24/11/07 17:56:27 INFO BlockManager: BlockManager stopped
[2024-11-07T17:56:27.288+0000] {spark_submit.py:490} INFO - 24/11/07 17:56:27 INFO BlockManagerMaster: BlockManagerMaster stopped
[2024-11-07T17:56:27.298+0000] {spark_submit.py:490} INFO - 24/11/07 17:56:27 INFO OutputCommitCoordinator$OutputCommitCoordinatorEndpoint: OutputCommitCoordinator stopped!
[2024-11-07T17:56:27.352+0000] {spark_submit.py:490} INFO - 24/11/07 17:56:27 INFO SparkContext: Successfully stopped SparkContext
[2024-11-07T17:56:27.912+0000] {spark_submit.py:490} INFO - Traceback (most recent call last):
[2024-11-07T17:56:27.913+0000] {spark_submit.py:490} INFO - File "/opt/***/dags/spark_etl_script_docker.py", line 25, in <module>
[2024-11-07T17:56:27.914+0000] {spark_submit.py:490} INFO - RDD = sparkContext.parallelize([data])
[2024-11-07T17:56:27.915+0000] {spark_submit.py:490} INFO - File "/home/***/.local/lib/python3.7/site-packages/pyspark/python/lib/pyspark.zip/pyspark/context.py", line 780, in parallelize
[2024-11-07T17:56:27.916+0000] {spark_submit.py:490} INFO - File "/home/***/.local/lib/python3.7/site-packages/pyspark/python/lib/pyspark.zip/pyspark/context.py", line 627, in defaultParallelism
[2024-11-07T17:56:27.917+0000] {spark_submit.py:490} INFO - File "/home/***/.local/lib/python3.7/site-packages/pyspark/python/lib/py4j-0.10.9.7-src.zip/py4j/java_gateway.py", line 1323, in __call__
[2024-11-07T17:56:27.918+0000] {spark_submit.py:490} INFO - File "/home/***/.local/lib/python3.7/site-packages/pyspark/python/lib/pyspark.zip/pyspark/errors/exceptions/captured.py", line 169, in deco
[2024-11-07T17:56:27.919+0000] {spark_submit.py:490} INFO - File "/home/***/.local/lib/python3.7/site-packages/pyspark/python/lib/py4j-0.10.9.7-src.zip/py4j/protocol.py", line 328, in get_return_value
[2024-11-07T17:56:27.922+0000] {spark_submit.py:490} INFO - py4j.protocol.Py4JJavaError: An error occurred while calling o24.defaultParallelism.
[2024-11-07T17:56:27.923+0000] {spark_submit.py:490} INFO - : java.lang.IllegalStateException: Cannot call methods on a stopped SparkContext.
[2024-11-07T17:56:27.924+0000] {spark_submit.py:490} INFO - This stopped SparkContext was created at:
[2024-11-07T17:56:27.925+0000] {spark_submit.py:490} INFO - 
[2024-11-07T17:56:27.926+0000] {spark_submit.py:490} INFO - org.apache.spark.api.java.JavaSparkContext.<init>(JavaSparkContext.scala:58)
[2024-11-07T17:56:27.928+0000] {spark_submit.py:490} INFO - java.base/jdk.internal.reflect.NativeConstructorAccessorImpl.newInstance0(Native Method)
[2024-11-07T17:56:27.929+0000] {spark_submit.py:490} INFO - java.base/jdk.internal.reflect.NativeConstructorAccessorImpl.newInstance(NativeConstructorAccessorImpl.java:62)
[2024-11-07T17:56:27.930+0000] {spark_submit.py:490} INFO - java.base/jdk.internal.reflect.DelegatingConstructorAccessorImpl.newInstance(DelegatingConstructorAccessorImpl.java:45)
[2024-11-07T17:56:27.931+0000] {spark_submit.py:490} INFO - java.base/java.lang.reflect.Constructor.newInstance(Constructor.java:490)
[2024-11-07T17:56:27.931+0000] {spark_submit.py:490} INFO - py4j.reflection.MethodInvoker.invoke(MethodInvoker.java:247)
[2024-11-07T17:56:27.934+0000] {spark_submit.py:490} INFO - py4j.reflection.ReflectionEngine.invoke(ReflectionEngine.java:374)
[2024-11-07T17:56:27.935+0000] {spark_submit.py:490} INFO - py4j.Gateway.invoke(Gateway.java:238)
[2024-11-07T17:56:27.938+0000] {spark_submit.py:490} INFO - py4j.commands.ConstructorCommand.invokeConstructor(ConstructorCommand.java:80)
[2024-11-07T17:56:27.940+0000] {spark_submit.py:490} INFO - py4j.commands.ConstructorCommand.execute(ConstructorCommand.java:69)
[2024-11-07T17:56:27.940+0000] {spark_submit.py:490} INFO - py4j.ClientServerConnection.waitForCommands(ClientServerConnection.java:182)
[2024-11-07T17:56:27.941+0000] {spark_submit.py:490} INFO - py4j.ClientServerConnection.run(ClientServerConnection.java:106)
[2024-11-07T17:56:27.941+0000] {spark_submit.py:490} INFO - java.base/java.lang.Thread.run(Thread.java:829)
[2024-11-07T17:56:27.943+0000] {spark_submit.py:490} INFO - 
[2024-11-07T17:56:27.945+0000] {spark_submit.py:490} INFO - The currently active SparkContext was created at:
[2024-11-07T17:56:27.948+0000] {spark_submit.py:490} INFO - 
[2024-11-07T17:56:27.949+0000] {spark_submit.py:490} INFO - (No active SparkContext.)
[2024-11-07T17:56:27.952+0000] {spark_submit.py:490} INFO - 
[2024-11-07T17:56:27.953+0000] {spark_submit.py:490} INFO - at org.apache.spark.SparkContext.assertNotStopped(SparkContext.scala:120)
[2024-11-07T17:56:27.953+0000] {spark_submit.py:490} INFO - at org.apache.spark.SparkContext.defaultParallelism(SparkContext.scala:2554)
[2024-11-07T17:56:27.954+0000] {spark_submit.py:490} INFO - at java.base/jdk.internal.reflect.NativeMethodAccessorImpl.invoke0(Native Method)
[2024-11-07T17:56:27.954+0000] {spark_submit.py:490} INFO - at java.base/jdk.internal.reflect.NativeMethodAccessorImpl.invoke(NativeMethodAccessorImpl.java:62)
[2024-11-07T17:56:27.955+0000] {spark_submit.py:490} INFO - at java.base/jdk.internal.reflect.DelegatingMethodAccessorImpl.invoke(DelegatingMethodAccessorImpl.java:43)
[2024-11-07T17:56:27.958+0000] {spark_submit.py:490} INFO - at java.base/java.lang.reflect.Method.invoke(Method.java:566)
[2024-11-07T17:56:27.958+0000] {spark_submit.py:490} INFO - at py4j.reflection.MethodInvoker.invoke(MethodInvoker.java:244)
[2024-11-07T17:56:27.959+0000] {spark_submit.py:490} INFO - at py4j.reflection.ReflectionEngine.invoke(ReflectionEngine.java:374)
[2024-11-07T17:56:27.959+0000] {spark_submit.py:490} INFO - at py4j.Gateway.invoke(Gateway.java:282)
[2024-11-07T17:56:27.960+0000] {spark_submit.py:490} INFO - at py4j.commands.AbstractCommand.invokeMethod(AbstractCommand.java:132)
[2024-11-07T17:56:27.961+0000] {spark_submit.py:490} INFO - at py4j.commands.CallCommand.execute(CallCommand.java:79)
[2024-11-07T17:56:27.961+0000] {spark_submit.py:490} INFO - at py4j.ClientServerConnection.waitForCommands(ClientServerConnection.java:182)
[2024-11-07T17:56:27.962+0000] {spark_submit.py:490} INFO - at py4j.ClientServerConnection.run(ClientServerConnection.java:106)
[2024-11-07T17:56:27.962+0000] {spark_submit.py:490} INFO - at java.base/java.lang.Thread.run(Thread.java:829)
[2024-11-07T17:56:27.963+0000] {spark_submit.py:490} INFO - 
[2024-11-07T17:56:28.043+0000] {spark_submit.py:490} INFO - 24/11/07 17:56:28 INFO ShutdownHookManager: Shutdown hook called
[2024-11-07T17:56:28.045+0000] {spark_submit.py:490} INFO - 24/11/07 17:56:28 INFO ShutdownHookManager: Deleting directory /tmp/spark-d534da8d-d9bb-499d-a7e5-41c6c31095ee/pyspark-1a9931d5-5cab-48dc-98f5-605d79383274
[2024-11-07T17:56:28.056+0000] {spark_submit.py:490} INFO - 24/11/07 17:56:28 INFO ShutdownHookManager: Deleting directory /tmp/spark-d534da8d-d9bb-499d-a7e5-41c6c31095ee
[2024-11-07T17:56:28.070+0000] {spark_submit.py:490} INFO - 24/11/07 17:56:28 INFO ShutdownHookManager: Deleting directory /tmp/spark-ee371636-4a07-4f08-ad33-61a05d783181
[2024-11-07T17:56:28.219+0000] {taskinstance.py:1768} ERROR - Task failed with exception
Traceback (most recent call last):
  File "/home/airflow/.local/lib/python3.7/site-packages/airflow/providers/apache/spark/operators/spark_submit.py", line 157, in execute
    self._hook.submit(self._application)
  File "/home/airflow/.local/lib/python3.7/site-packages/airflow/providers/apache/spark/hooks/spark_submit.py", line 422, in submit
    f"Cannot execute: {self._mask_cmd(spark_submit_cmd)}. Error code is: {returncode}."
airflow.exceptions.AirflowException: Cannot execute: spark-submit --master spark://spark:7077 --name arrow-spark --queue root.default /opt/***/dags/spark_etl_script_docker.py. Error code is: 1.
[2024-11-07T17:56:28.241+0000] {taskinstance.py:1323} INFO - Marking task as FAILED. dag_id=spark_***_dag, task_id=spark_submit_task, execution_date=20241107T175501, start_date=20241107T175505, end_date=20241107T175628
[2024-11-07T17:56:28.312+0000] {standard_task_runner.py:105} ERROR - Failed to execute job 3 for task spark_submit_task (Cannot execute: spark-submit --master spark://spark:7077 --name arrow-spark --queue root.default /opt/***/dags/spark_etl_script_docker.py. Error code is: 1.; 498)
[2024-11-07T17:56:28.392+0000] {local_task_job.py:208} INFO - Task exited with return code 1
[2024-11-07T17:56:28.470+0000] {taskinstance.py:2578} INFO - 0 downstream tasks scheduled from follow-on schedule check
