[2024-11-07T17:58:15.180+0000] {taskinstance.py:1083} INFO - Dependencies all met for <TaskInstance: spark_airflow_dag.spark_submit_task manual__2024-11-07T17:55:01.233010+00:00 [queued]>
[2024-11-07T17:58:15.195+0000] {taskinstance.py:1083} INFO - Dependencies all met for <TaskInstance: spark_airflow_dag.spark_submit_task manual__2024-11-07T17:55:01.233010+00:00 [queued]>
[2024-11-07T17:58:15.196+0000] {taskinstance.py:1279} INFO - 
--------------------------------------------------------------------------------
[2024-11-07T17:58:15.196+0000] {taskinstance.py:1280} INFO - Starting attempt 2 of 2
[2024-11-07T17:58:15.197+0000] {taskinstance.py:1281} INFO - 
--------------------------------------------------------------------------------
[2024-11-07T17:58:15.219+0000] {taskinstance.py:1300} INFO - Executing <Task(SparkSubmitOperator): spark_submit_task> on 2024-11-07 17:55:01.233010+00:00
[2024-11-07T17:58:15.227+0000] {standard_task_runner.py:55} INFO - Started process 913 to run task
[2024-11-07T17:58:15.232+0000] {standard_task_runner.py:82} INFO - Running: ['***', 'tasks', 'run', 'spark_***_dag', 'spark_submit_task', 'manual__2024-11-07T17:55:01.233010+00:00', '--job-id', '4', '--raw', '--subdir', 'DAGS_FOLDER/spark_jobs_dag.py', '--cfg-path', '/tmp/tmp116gi50b']
[2024-11-07T17:58:15.233+0000] {standard_task_runner.py:83} INFO - Job 4: Subtask spark_submit_task
[2024-11-07T17:58:15.251+0000] {warnings.py:110} WARNING - /home/***/.local/lib/python3.7/site-packages/***/settings.py:249: DeprecationWarning: The sql_alchemy_conn option in [core] has been moved to the sql_alchemy_conn option in [database] - the old setting has been used, but please update your config.
  SQL_ALCHEMY_CONN = conf.get("database", "SQL_ALCHEMY_CONN")

[2024-11-07T17:58:15.322+0000] {task_command.py:388} INFO - Running <TaskInstance: spark_airflow_dag.spark_submit_task manual__2024-11-07T17:55:01.233010+00:00 [running]> on host 25d0a0554898
[2024-11-07T17:58:15.424+0000] {taskinstance.py:1509} INFO - Exporting the following env vars:
AIRFLOW_CTX_DAG_OWNER=***
AIRFLOW_CTX_DAG_ID=spark_***_dag
AIRFLOW_CTX_TASK_ID=spark_submit_task
AIRFLOW_CTX_EXECUTION_DATE=2024-11-07T17:55:01.233010+00:00
AIRFLOW_CTX_TRY_NUMBER=2
AIRFLOW_CTX_DAG_RUN_ID=manual__2024-11-07T17:55:01.233010+00:00
[2024-11-07T17:58:15.442+0000] {base.py:73} INFO - Using connection ID 'spark_local' for task execution.
[2024-11-07T17:58:15.461+0000] {spark_submit.py:339} INFO - Spark-Submit cmd: spark-submit --master spark://172.19.0.3:7077 --name arrow-spark --queue root.default /opt/***/dags/spark_etl_script_docker.py
[2024-11-07T17:58:15.679+0000] {spark_submit.py:490} INFO - /home/***/.local/lib/python3.7/site-packages/pyspark/bin/load-spark-env.sh: line 68: ps: command not found
[2024-11-07T17:58:22.904+0000] {spark_submit.py:490} INFO - 24/11/07 17:58:22 INFO SparkContext: Running Spark version 3.4.4
[2024-11-07T17:58:23.247+0000] {spark_submit.py:490} INFO - 24/11/07 17:58:23 WARN NativeCodeLoader: Unable to load native-hadoop library for your platform... using builtin-java classes where applicable
[2024-11-07T17:58:23.634+0000] {spark_submit.py:490} INFO - 24/11/07 17:58:23 INFO ResourceUtils: ==============================================================
[2024-11-07T17:58:23.636+0000] {spark_submit.py:490} INFO - 24/11/07 17:58:23 INFO ResourceUtils: No custom resources configured for spark.driver.
[2024-11-07T17:58:23.637+0000] {spark_submit.py:490} INFO - 24/11/07 17:58:23 INFO ResourceUtils: ==============================================================
[2024-11-07T17:58:23.639+0000] {spark_submit.py:490} INFO - 24/11/07 17:58:23 INFO SparkContext: Submitted application: DataExtraction
[2024-11-07T17:58:23.727+0000] {spark_submit.py:490} INFO - 24/11/07 17:58:23 INFO ResourceProfile: Default ResourceProfile created, executor resources: Map(memory -> name: memory, amount: 1024, script: , vendor: , offHeap -> name: offHeap, amount: 0, script: , vendor: ), task resources: Map(cpus -> name: cpus, amount: 1.0)
[2024-11-07T17:58:23.795+0000] {spark_submit.py:490} INFO - 24/11/07 17:58:23 INFO ResourceProfile: Limiting resource is cpu
[2024-11-07T17:58:23.798+0000] {spark_submit.py:490} INFO - 24/11/07 17:58:23 INFO ResourceProfileManager: Added ResourceProfile id: 0
[2024-11-07T17:58:24.073+0000] {spark_submit.py:490} INFO - 24/11/07 17:58:24 INFO SecurityManager: Changing view acls to: default
[2024-11-07T17:58:24.074+0000] {spark_submit.py:490} INFO - 24/11/07 17:58:24 INFO SecurityManager: Changing modify acls to: default
[2024-11-07T17:58:24.076+0000] {spark_submit.py:490} INFO - 24/11/07 17:58:24 INFO SecurityManager: Changing view acls groups to:
[2024-11-07T17:58:24.077+0000] {spark_submit.py:490} INFO - 24/11/07 17:58:24 INFO SecurityManager: Changing modify acls groups to:
[2024-11-07T17:58:24.079+0000] {spark_submit.py:490} INFO - 24/11/07 17:58:24 INFO SecurityManager: SecurityManager: authentication disabled; ui acls disabled; users with view permissions: default; groups with view permissions: EMPTY; users with modify permissions: default; groups with modify permissions: EMPTY
[2024-11-07T17:58:26.827+0000] {spark_submit.py:490} INFO - 24/11/07 17:58:26 INFO Utils: Successfully started service 'sparkDriver' on port 44663.
[2024-11-07T17:58:27.000+0000] {spark_submit.py:490} INFO - 24/11/07 17:58:27 INFO SparkEnv: Registering MapOutputTracker
[2024-11-07T17:58:27.142+0000] {spark_submit.py:490} INFO - 24/11/07 17:58:27 INFO SparkEnv: Registering BlockManagerMaster
[2024-11-07T17:58:27.216+0000] {spark_submit.py:490} INFO - 24/11/07 17:58:27 INFO BlockManagerMasterEndpoint: Using org.apache.spark.storage.DefaultTopologyMapper for getting topology information
[2024-11-07T17:58:27.218+0000] {spark_submit.py:490} INFO - 24/11/07 17:58:27 INFO BlockManagerMasterEndpoint: BlockManagerMasterEndpoint up
[2024-11-07T17:58:27.245+0000] {spark_submit.py:490} INFO - 24/11/07 17:58:27 INFO SparkEnv: Registering BlockManagerMasterHeartbeat
[2024-11-07T17:58:27.368+0000] {spark_submit.py:490} INFO - 24/11/07 17:58:27 INFO DiskBlockManager: Created local directory at /tmp/blockmgr-b3711b8e-ae52-4e53-8503-742bf2c56734
[2024-11-07T17:58:27.453+0000] {spark_submit.py:490} INFO - 24/11/07 17:58:27 INFO MemoryStore: MemoryStore started with capacity 434.4 MiB
[2024-11-07T17:58:27.527+0000] {spark_submit.py:490} INFO - 24/11/07 17:58:27 INFO SparkEnv: Registering OutputCommitCoordinator
[2024-11-07T17:58:28.341+0000] {spark_submit.py:490} INFO - 24/11/07 17:58:28 INFO JettyUtils: Start Jetty 0.0.0.0:4040 for SparkUI
[2024-11-07T17:58:28.538+0000] {spark_submit.py:490} INFO - 24/11/07 17:58:28 INFO Utils: Successfully started service 'SparkUI' on port 4040.
[2024-11-07T17:58:28.909+0000] {spark_submit.py:490} INFO - 24/11/07 17:58:28 INFO StandaloneAppClient$ClientEndpoint: Connecting to master spark://172.19.0.3:7077...
[2024-11-07T17:58:29.080+0000] {spark_submit.py:490} INFO - 24/11/07 17:58:29 INFO TransportClientFactory: Successfully created connection to /172.19.0.3:7077 after 112 ms (0 ms spent in bootstraps)
[2024-11-07T17:58:48.908+0000] {spark_submit.py:490} INFO - 24/11/07 17:58:48 INFO StandaloneAppClient$ClientEndpoint: Connecting to master spark://172.19.0.3:7077...
[2024-11-07T17:59:08.913+0000] {spark_submit.py:490} INFO - 24/11/07 17:59:08 INFO StandaloneAppClient$ClientEndpoint: Connecting to master spark://172.19.0.3:7077...
[2024-11-07T17:59:28.913+0000] {spark_submit.py:490} INFO - 24/11/07 17:59:28 WARN StandaloneSchedulerBackend: Application ID is not initialized yet.
[2024-11-07T17:59:28.917+0000] {spark_submit.py:490} INFO - 24/11/07 17:59:28 ERROR StandaloneSchedulerBackend: Application has been killed. Reason: All masters are unresponsive! Giving up.
[2024-11-07T17:59:28.933+0000] {spark_submit.py:490} INFO - 24/11/07 17:59:28 INFO Utils: Successfully started service 'org.apache.spark.network.netty.NettyBlockTransferService' on port 38451.
[2024-11-07T17:59:28.934+0000] {spark_submit.py:490} INFO - 24/11/07 17:59:28 INFO NettyBlockTransferService: Server created on 25d0a0554898:38451
[2024-11-07T17:59:28.938+0000] {spark_submit.py:490} INFO - 24/11/07 17:59:28 INFO BlockManager: Using org.apache.spark.storage.RandomBlockReplicationPolicy for block replication policy
[2024-11-07T17:59:28.948+0000] {spark_submit.py:490} INFO - 24/11/07 17:59:28 INFO BlockManagerMaster: Registering BlockManager BlockManagerId(driver, 25d0a0554898, 38451, None)
[2024-11-07T17:59:28.955+0000] {spark_submit.py:490} INFO - 24/11/07 17:59:28 INFO BlockManagerMasterEndpoint: Registering block manager 25d0a0554898:38451 with 434.4 MiB RAM, BlockManagerId(driver, 25d0a0554898, 38451, None)
[2024-11-07T17:59:28.961+0000] {spark_submit.py:490} INFO - 24/11/07 17:59:28 INFO BlockManagerMaster: Registered BlockManager BlockManagerId(driver, 25d0a0554898, 38451, None)
[2024-11-07T17:59:28.966+0000] {spark_submit.py:490} INFO - 24/11/07 17:59:28 INFO BlockManager: Initialized BlockManager: BlockManagerId(driver, 25d0a0554898, 38451, None)
[2024-11-07T17:59:29.443+0000] {spark_submit.py:490} INFO - 24/11/07 17:59:29 INFO StandaloneSchedulerBackend: SchedulerBackend is ready for scheduling beginning after reached minRegisteredResourcesRatio: 0.0
[2024-11-07T17:59:29.529+0000] {spark_submit.py:490} INFO - /home/***/.local/lib/python3.7/site-packages/pyspark/python/lib/pyspark.zip/pyspark/context.py:317: FutureWarning: Python 3.7 support is deprecated in Spark 3.4.
[2024-11-07T17:59:29.530+0000] {spark_submit.py:490} INFO - warnings.warn("Python 3.7 support is deprecated in Spark 3.4.", FutureWarning)
[2024-11-07T17:59:31.156+0000] {spark_submit.py:490} INFO - 24/11/07 17:59:31 INFO SparkContext: SparkContext is stopping with exitCode 0.
[2024-11-07T17:59:31.200+0000] {spark_submit.py:490} INFO - 24/11/07 17:59:31 INFO SparkUI: Stopped Spark web UI at http://25d0a0554898:4040
[2024-11-07T17:59:31.219+0000] {spark_submit.py:490} INFO - 24/11/07 17:59:31 INFO StandaloneSchedulerBackend: Shutting down all executors
[2024-11-07T17:59:31.226+0000] {spark_submit.py:490} INFO - 24/11/07 17:59:31 INFO StandaloneSchedulerBackend$StandaloneDriverEndpoint: Asking each executor to shut down
[2024-11-07T17:59:31.237+0000] {spark_submit.py:490} INFO - 24/11/07 17:59:31 WARN StandaloneAppClient$ClientEndpoint: Drop UnregisterApplication(null) because has not yet connected to master
[2024-11-07T17:59:31.267+0000] {spark_submit.py:490} INFO - 24/11/07 17:59:31 INFO MapOutputTrackerMasterEndpoint: MapOutputTrackerMasterEndpoint stopped!
[2024-11-07T17:59:31.298+0000] {spark_submit.py:490} INFO - 24/11/07 17:59:31 INFO MemoryStore: MemoryStore cleared
[2024-11-07T17:59:31.300+0000] {spark_submit.py:490} INFO - 24/11/07 17:59:31 INFO BlockManager: BlockManager stopped
[2024-11-07T17:59:31.314+0000] {spark_submit.py:490} INFO - 24/11/07 17:59:31 INFO BlockManagerMaster: BlockManagerMaster stopped
[2024-11-07T17:59:31.319+0000] {spark_submit.py:490} INFO - 24/11/07 17:59:31 INFO OutputCommitCoordinator$OutputCommitCoordinatorEndpoint: OutputCommitCoordinator stopped!
[2024-11-07T17:59:31.329+0000] {spark_submit.py:490} INFO - Traceback (most recent call last):
[2024-11-07T17:59:31.329+0000] {spark_submit.py:490} INFO - File "/opt/***/dags/spark_etl_script_docker.py", line 25, in <module>
[2024-11-07T17:59:31.331+0000] {spark_submit.py:490} INFO - RDD = sparkContext.parallelize([data])
[2024-11-07T17:59:31.331+0000] {spark_submit.py:490} INFO - File "/home/***/.local/lib/python3.7/site-packages/pyspark/python/lib/pyspark.zip/pyspark/context.py", line 821, in parallelize
[2024-11-07T17:59:31.332+0000] {spark_submit.py:490} INFO - File "/home/***/.local/lib/python3.7/site-packages/pyspark/python/lib/pyspark.zip/pyspark/context.py", line 867, in _serialize_to_jvm
[2024-11-07T17:59:31.332+0000] {spark_submit.py:490} INFO - File "/home/***/.local/lib/python3.7/site-packages/pyspark/python/lib/pyspark.zip/pyspark/context.py", line 815, in reader_func
[2024-11-07T17:59:31.333+0000] {spark_submit.py:490} INFO - File "/home/***/.local/lib/python3.7/site-packages/pyspark/python/lib/py4j-0.10.9.7-src.zip/py4j/java_gateway.py", line 1323, in __call__
[2024-11-07T17:59:31.333+0000] {spark_submit.py:490} INFO - File "/home/***/.local/lib/python3.7/site-packages/pyspark/python/lib/pyspark.zip/pyspark/errors/exceptions/captured.py", line 169, in deco
[2024-11-07T17:59:31.334+0000] {spark_submit.py:490} INFO - File "/home/***/.local/lib/python3.7/site-packages/pyspark/python/lib/py4j-0.10.9.7-src.zip/py4j/protocol.py", line 328, in get_return_value
[2024-11-07T17:59:31.335+0000] {spark_submit.py:490} INFO - py4j.protocol.Py4JJavaError: An error occurred while calling z:org.apache.spark.api.python.PythonRDD.readRDDFromFile.
[2024-11-07T17:59:31.336+0000] {spark_submit.py:490} INFO - : java.lang.IllegalStateException: Cannot call methods on a stopped SparkContext.
[2024-11-07T17:59:31.337+0000] {spark_submit.py:490} INFO - This stopped SparkContext was created at:
[2024-11-07T17:59:31.338+0000] {spark_submit.py:490} INFO - 
[2024-11-07T17:59:31.339+0000] {spark_submit.py:490} INFO - org.apache.spark.api.java.JavaSparkContext.<init>(JavaSparkContext.scala:58)
[2024-11-07T17:59:31.339+0000] {spark_submit.py:490} INFO - java.base/jdk.internal.reflect.NativeConstructorAccessorImpl.newInstance0(Native Method)
[2024-11-07T17:59:31.340+0000] {spark_submit.py:490} INFO - java.base/jdk.internal.reflect.NativeConstructorAccessorImpl.newInstance(NativeConstructorAccessorImpl.java:62)
[2024-11-07T17:59:31.341+0000] {spark_submit.py:490} INFO - java.base/jdk.internal.reflect.DelegatingConstructorAccessorImpl.newInstance(DelegatingConstructorAccessorImpl.java:45)
[2024-11-07T17:59:31.341+0000] {spark_submit.py:490} INFO - java.base/java.lang.reflect.Constructor.newInstance(Constructor.java:490)
[2024-11-07T17:59:31.341+0000] {spark_submit.py:490} INFO - py4j.reflection.MethodInvoker.invoke(MethodInvoker.java:247)
[2024-11-07T17:59:31.342+0000] {spark_submit.py:490} INFO - py4j.reflection.ReflectionEngine.invoke(ReflectionEngine.java:374)
[2024-11-07T17:59:31.343+0000] {spark_submit.py:490} INFO - py4j.Gateway.invoke(Gateway.java:238)
[2024-11-07T17:59:31.344+0000] {spark_submit.py:490} INFO - py4j.commands.ConstructorCommand.invokeConstructor(ConstructorCommand.java:80)
[2024-11-07T17:59:31.344+0000] {spark_submit.py:490} INFO - py4j.commands.ConstructorCommand.execute(ConstructorCommand.java:69)
[2024-11-07T17:59:31.345+0000] {spark_submit.py:490} INFO - py4j.ClientServerConnection.waitForCommands(ClientServerConnection.java:182)
[2024-11-07T17:59:31.346+0000] {spark_submit.py:490} INFO - py4j.ClientServerConnection.run(ClientServerConnection.java:106)
[2024-11-07T17:59:31.346+0000] {spark_submit.py:490} INFO - java.base/java.lang.Thread.run(Thread.java:829)
[2024-11-07T17:59:31.347+0000] {spark_submit.py:490} INFO - 
[2024-11-07T17:59:31.347+0000] {spark_submit.py:490} INFO - The currently active SparkContext was created at:
[2024-11-07T17:59:31.348+0000] {spark_submit.py:490} INFO - 
[2024-11-07T17:59:31.348+0000] {spark_submit.py:490} INFO - org.apache.spark.api.java.JavaSparkContext.<init>(JavaSparkContext.scala:58)
[2024-11-07T17:59:31.349+0000] {spark_submit.py:490} INFO - java.base/jdk.internal.reflect.NativeConstructorAccessorImpl.newInstance0(Native Method)
[2024-11-07T17:59:31.350+0000] {spark_submit.py:490} INFO - java.base/jdk.internal.reflect.NativeConstructorAccessorImpl.newInstance(NativeConstructorAccessorImpl.java:62)
[2024-11-07T17:59:31.350+0000] {spark_submit.py:490} INFO - java.base/jdk.internal.reflect.DelegatingConstructorAccessorImpl.newInstance(DelegatingConstructorAccessorImpl.java:45)
[2024-11-07T17:59:31.351+0000] {spark_submit.py:490} INFO - java.base/java.lang.reflect.Constructor.newInstance(Constructor.java:490)
[2024-11-07T17:59:31.352+0000] {spark_submit.py:490} INFO - py4j.reflection.MethodInvoker.invoke(MethodInvoker.java:247)
[2024-11-07T17:59:31.352+0000] {spark_submit.py:490} INFO - py4j.reflection.ReflectionEngine.invoke(ReflectionEngine.java:374)
[2024-11-07T17:59:31.352+0000] {spark_submit.py:490} INFO - py4j.Gateway.invoke(Gateway.java:238)
[2024-11-07T17:59:31.353+0000] {spark_submit.py:490} INFO - py4j.commands.ConstructorCommand.invokeConstructor(ConstructorCommand.java:80)
[2024-11-07T17:59:31.353+0000] {spark_submit.py:490} INFO - py4j.commands.ConstructorCommand.execute(ConstructorCommand.java:69)
[2024-11-07T17:59:31.354+0000] {spark_submit.py:490} INFO - py4j.ClientServerConnection.waitForCommands(ClientServerConnection.java:182)
[2024-11-07T17:59:31.354+0000] {spark_submit.py:490} INFO - py4j.ClientServerConnection.run(ClientServerConnection.java:106)
[2024-11-07T17:59:31.355+0000] {spark_submit.py:490} INFO - java.base/java.lang.Thread.run(Thread.java:829)
[2024-11-07T17:59:31.355+0000] {spark_submit.py:490} INFO - 
[2024-11-07T17:59:31.356+0000] {spark_submit.py:490} INFO - at org.apache.spark.SparkContext.assertNotStopped(SparkContext.scala:120)
[2024-11-07T17:59:31.356+0000] {spark_submit.py:490} INFO - at org.apache.spark.SparkContext.$anonfun$parallelize$1(SparkContext.scala:823)
[2024-11-07T17:59:31.357+0000] {spark_submit.py:490} INFO - at org.apache.spark.rdd.RDDOperationScope$.withScope(RDDOperationScope.scala:151)
[2024-11-07T17:59:31.357+0000] {spark_submit.py:490} INFO - at org.apache.spark.rdd.RDDOperationScope$.withScope(RDDOperationScope.scala:112)
[2024-11-07T17:59:31.357+0000] {spark_submit.py:490} INFO - at org.apache.spark.SparkContext.withScope(SparkContext.scala:805)
[2024-11-07T17:59:31.358+0000] {spark_submit.py:490} INFO - at org.apache.spark.SparkContext.parallelize(SparkContext.scala:822)
[2024-11-07T17:59:31.359+0000] {spark_submit.py:490} INFO - at org.apache.spark.api.java.JavaRDD$.readRDDFromInputStream(JavaRDD.scala:259)
[2024-11-07T17:59:31.359+0000] {spark_submit.py:490} INFO - at org.apache.spark.api.java.JavaRDD$.readRDDFromFile(JavaRDD.scala:239)
[2024-11-07T17:59:31.359+0000] {spark_submit.py:490} INFO - at org.apache.spark.api.python.PythonRDD$.readRDDFromFile(PythonRDD.scala:287)
[2024-11-07T17:59:31.360+0000] {spark_submit.py:490} INFO - at org.apache.spark.api.python.PythonRDD.readRDDFromFile(PythonRDD.scala)
[2024-11-07T17:59:31.361+0000] {spark_submit.py:490} INFO - at java.base/jdk.internal.reflect.NativeMethodAccessorImpl.invoke0(Native Method)
[2024-11-07T17:59:31.361+0000] {spark_submit.py:490} INFO - at java.base/jdk.internal.reflect.NativeMethodAccessorImpl.invoke(NativeMethodAccessorImpl.java:62)
[2024-11-07T17:59:31.362+0000] {spark_submit.py:490} INFO - at java.base/jdk.internal.reflect.DelegatingMethodAccessorImpl.invoke(DelegatingMethodAccessorImpl.java:43)
[2024-11-07T17:59:31.362+0000] {spark_submit.py:490} INFO - at java.base/java.lang.reflect.Method.invoke(Method.java:566)
[2024-11-07T17:59:31.363+0000] {spark_submit.py:490} INFO - at py4j.reflection.MethodInvoker.invoke(MethodInvoker.java:244)
[2024-11-07T17:59:31.363+0000] {spark_submit.py:490} INFO - at py4j.reflection.ReflectionEngine.invoke(ReflectionEngine.java:374)
[2024-11-07T17:59:31.364+0000] {spark_submit.py:490} INFO - at py4j.Gateway.invoke(Gateway.java:282)
[2024-11-07T17:59:31.364+0000] {spark_submit.py:490} INFO - at py4j.commands.AbstractCommand.invokeMethod(AbstractCommand.java:132)
[2024-11-07T17:59:31.365+0000] {spark_submit.py:490} INFO - at py4j.commands.CallCommand.execute(CallCommand.java:79)
[2024-11-07T17:59:31.365+0000] {spark_submit.py:490} INFO - at py4j.ClientServerConnection.waitForCommands(ClientServerConnection.java:182)
[2024-11-07T17:59:31.366+0000] {spark_submit.py:490} INFO - at py4j.ClientServerConnection.run(ClientServerConnection.java:106)
[2024-11-07T17:59:31.366+0000] {spark_submit.py:490} INFO - at java.base/java.lang.Thread.run(Thread.java:829)
[2024-11-07T17:59:31.367+0000] {spark_submit.py:490} INFO - 
[2024-11-07T17:59:31.368+0000] {spark_submit.py:490} INFO - 24/11/07 17:59:31 INFO SparkContext: Successfully stopped SparkContext
[2024-11-07T17:59:31.468+0000] {spark_submit.py:490} INFO - 24/11/07 17:59:31 INFO ShutdownHookManager: Shutdown hook called
[2024-11-07T17:59:31.470+0000] {spark_submit.py:490} INFO - 24/11/07 17:59:31 INFO ShutdownHookManager: Deleting directory /tmp/spark-5ed07218-e6de-4579-aff3-25a489ef6fe8/pyspark-e5cffde1-8b4a-44ee-86df-7c82545f1553
[2024-11-07T17:59:31.480+0000] {spark_submit.py:490} INFO - 24/11/07 17:59:31 INFO ShutdownHookManager: Deleting directory /tmp/spark-12017e20-34bb-4196-b923-59d32e94023a
[2024-11-07T17:59:31.496+0000] {spark_submit.py:490} INFO - 24/11/07 17:59:31 INFO ShutdownHookManager: Deleting directory /tmp/spark-5ed07218-e6de-4579-aff3-25a489ef6fe8
[2024-11-07T17:59:31.606+0000] {taskinstance.py:1768} ERROR - Task failed with exception
Traceback (most recent call last):
  File "/home/airflow/.local/lib/python3.7/site-packages/airflow/providers/apache/spark/operators/spark_submit.py", line 157, in execute
    self._hook.submit(self._application)
  File "/home/airflow/.local/lib/python3.7/site-packages/airflow/providers/apache/spark/hooks/spark_submit.py", line 422, in submit
    f"Cannot execute: {self._mask_cmd(spark_submit_cmd)}. Error code is: {returncode}."
airflow.exceptions.AirflowException: Cannot execute: spark-submit --master spark://172.19.0.3:7077 --name arrow-spark --queue root.default /opt/***/dags/spark_etl_script_docker.py. Error code is: 1.
[2024-11-07T17:59:31.616+0000] {taskinstance.py:1323} INFO - Marking task as FAILED. dag_id=spark_***_dag, task_id=spark_submit_task, execution_date=20241107T175501, start_date=20241107T175815, end_date=20241107T175931
[2024-11-07T17:59:31.652+0000] {standard_task_runner.py:105} ERROR - Failed to execute job 4 for task spark_submit_task (Cannot execute: spark-submit --master spark://172.19.0.3:7077 --name arrow-spark --queue root.default /opt/***/dags/spark_etl_script_docker.py. Error code is: 1.; 913)
[2024-11-07T17:59:31.666+0000] {local_task_job.py:208} INFO - Task exited with return code 1
[2024-11-07T17:59:31.703+0000] {taskinstance.py:2578} INFO - 0 downstream tasks scheduled from follow-on schedule check
