[2024-11-07T18:45:25.658+0000] {taskinstance.py:1083} INFO - Dependencies all met for <TaskInstance: spark_airflow_dag.spark_submit_task manual__2024-11-07T18:45:23.424875+00:00 [queued]>
[2024-11-07T18:45:25.674+0000] {taskinstance.py:1083} INFO - Dependencies all met for <TaskInstance: spark_airflow_dag.spark_submit_task manual__2024-11-07T18:45:23.424875+00:00 [queued]>
[2024-11-07T18:45:25.675+0000] {taskinstance.py:1279} INFO - 
--------------------------------------------------------------------------------
[2024-11-07T18:45:25.675+0000] {taskinstance.py:1280} INFO - Starting attempt 1 of 1
[2024-11-07T18:45:25.676+0000] {taskinstance.py:1281} INFO - 
--------------------------------------------------------------------------------
[2024-11-07T18:45:25.703+0000] {taskinstance.py:1300} INFO - Executing <Task(SparkSubmitOperator): spark_submit_task> on 2024-11-07 18:45:23.424875+00:00
[2024-11-07T18:45:25.712+0000] {standard_task_runner.py:55} INFO - Started process 1991 to run task
[2024-11-07T18:45:25.719+0000] {standard_task_runner.py:82} INFO - Running: ['***', 'tasks', 'run', 'spark_***_dag', 'spark_submit_task', 'manual__2024-11-07T18:45:23.424875+00:00', '--job-id', '5', '--raw', '--subdir', 'DAGS_FOLDER/spark_jobs_dag.py', '--cfg-path', '/tmp/tmpjxdspm6r']
[2024-11-07T18:45:25.720+0000] {standard_task_runner.py:83} INFO - Job 5: Subtask spark_submit_task
[2024-11-07T18:45:25.751+0000] {warnings.py:110} WARNING - /home/***/.local/lib/python3.7/site-packages/***/settings.py:249: DeprecationWarning: The sql_alchemy_conn option in [core] has been moved to the sql_alchemy_conn option in [database] - the old setting has been used, but please update your config.
  SQL_ALCHEMY_CONN = conf.get("database", "SQL_ALCHEMY_CONN")

[2024-11-07T18:45:25.849+0000] {task_command.py:388} INFO - Running <TaskInstance: spark_airflow_dag.spark_submit_task manual__2024-11-07T18:45:23.424875+00:00 [running]> on host c3147672876a
[2024-11-07T18:45:25.974+0000] {taskinstance.py:1509} INFO - Exporting the following env vars:
AIRFLOW_CTX_DAG_OWNER=***
AIRFLOW_CTX_DAG_ID=spark_***_dag
AIRFLOW_CTX_TASK_ID=spark_submit_task
AIRFLOW_CTX_EXECUTION_DATE=2024-11-07T18:45:23.424875+00:00
AIRFLOW_CTX_TRY_NUMBER=1
AIRFLOW_CTX_DAG_RUN_ID=manual__2024-11-07T18:45:23.424875+00:00
[2024-11-07T18:45:25.993+0000] {base.py:73} INFO - Using connection ID 'spark_local' for task execution.
[2024-11-07T18:45:25.997+0000] {spark_submit.py:339} INFO - Spark-Submit cmd: spark-submit --master spark://6d477d0a94f0:7077 --name arrow-spark --queue root.default /opt/***/dags/spark_etl_script_docker.py
[2024-11-07T18:45:26.295+0000] {spark_submit.py:490} INFO - /home/***/.local/lib/python3.7/site-packages/pyspark/bin/load-spark-env.sh: line 68: ps: command not found
[2024-11-07T18:45:34.250+0000] {spark_submit.py:490} INFO - 24/11/07 18:45:34 INFO SparkContext: Running Spark version 3.4.4
[2024-11-07T18:45:34.358+0000] {spark_submit.py:490} INFO - 24/11/07 18:45:34 WARN NativeCodeLoader: Unable to load native-hadoop library for your platform... using builtin-java classes where applicable
[2024-11-07T18:45:34.510+0000] {spark_submit.py:490} INFO - 24/11/07 18:45:34 INFO ResourceUtils: ==============================================================
[2024-11-07T18:45:34.511+0000] {spark_submit.py:490} INFO - 24/11/07 18:45:34 INFO ResourceUtils: No custom resources configured for spark.driver.
[2024-11-07T18:45:34.511+0000] {spark_submit.py:490} INFO - 24/11/07 18:45:34 INFO ResourceUtils: ==============================================================
[2024-11-07T18:45:34.512+0000] {spark_submit.py:490} INFO - 24/11/07 18:45:34 INFO SparkContext: Submitted application: DataExtraction
[2024-11-07T18:45:34.547+0000] {spark_submit.py:490} INFO - 24/11/07 18:45:34 INFO ResourceProfile: Default ResourceProfile created, executor resources: Map(memory -> name: memory, amount: 1024, script: , vendor: , offHeap -> name: offHeap, amount: 0, script: , vendor: ), task resources: Map(cpus -> name: cpus, amount: 1.0)
[2024-11-07T18:45:34.565+0000] {spark_submit.py:490} INFO - 24/11/07 18:45:34 INFO ResourceProfile: Limiting resource is cpu
[2024-11-07T18:45:34.567+0000] {spark_submit.py:490} INFO - 24/11/07 18:45:34 INFO ResourceProfileManager: Added ResourceProfile id: 0
[2024-11-07T18:45:34.651+0000] {spark_submit.py:490} INFO - 24/11/07 18:45:34 INFO SecurityManager: Changing view acls to: default
[2024-11-07T18:45:34.652+0000] {spark_submit.py:490} INFO - 24/11/07 18:45:34 INFO SecurityManager: Changing modify acls to: default
[2024-11-07T18:45:34.653+0000] {spark_submit.py:490} INFO - 24/11/07 18:45:34 INFO SecurityManager: Changing view acls groups to:
[2024-11-07T18:45:34.653+0000] {spark_submit.py:490} INFO - 24/11/07 18:45:34 INFO SecurityManager: Changing modify acls groups to:
[2024-11-07T18:45:34.654+0000] {spark_submit.py:490} INFO - 24/11/07 18:45:34 INFO SecurityManager: SecurityManager: authentication disabled; ui acls disabled; users with view permissions: default; groups with view permissions: EMPTY; users with modify permissions: default; groups with modify permissions: EMPTY
[2024-11-07T18:45:35.189+0000] {spark_submit.py:490} INFO - 24/11/07 18:45:35 INFO Utils: Successfully started service 'sparkDriver' on port 41811.
[2024-11-07T18:45:35.243+0000] {spark_submit.py:490} INFO - 24/11/07 18:45:35 INFO SparkEnv: Registering MapOutputTracker
[2024-11-07T18:45:35.304+0000] {spark_submit.py:490} INFO - 24/11/07 18:45:35 INFO SparkEnv: Registering BlockManagerMaster
[2024-11-07T18:45:35.335+0000] {spark_submit.py:490} INFO - 24/11/07 18:45:35 INFO BlockManagerMasterEndpoint: Using org.apache.spark.storage.DefaultTopologyMapper for getting topology information
[2024-11-07T18:45:35.336+0000] {spark_submit.py:490} INFO - 24/11/07 18:45:35 INFO BlockManagerMasterEndpoint: BlockManagerMasterEndpoint up
[2024-11-07T18:45:35.343+0000] {spark_submit.py:490} INFO - 24/11/07 18:45:35 INFO SparkEnv: Registering BlockManagerMasterHeartbeat
[2024-11-07T18:45:35.380+0000] {spark_submit.py:490} INFO - 24/11/07 18:45:35 INFO DiskBlockManager: Created local directory at /tmp/blockmgr-3db87852-b3c2-4be6-adeb-5fd8e60194ee
[2024-11-07T18:45:35.409+0000] {spark_submit.py:490} INFO - 24/11/07 18:45:35 INFO MemoryStore: MemoryStore started with capacity 434.4 MiB
[2024-11-07T18:45:35.438+0000] {spark_submit.py:490} INFO - 24/11/07 18:45:35 INFO SparkEnv: Registering OutputCommitCoordinator
[2024-11-07T18:45:35.706+0000] {spark_submit.py:490} INFO - 24/11/07 18:45:35 INFO JettyUtils: Start Jetty 0.0.0.0:4040 for SparkUI
[2024-11-07T18:45:35.827+0000] {spark_submit.py:490} INFO - 24/11/07 18:45:35 INFO Utils: Successfully started service 'SparkUI' on port 4040.
[2024-11-07T18:45:36.032+0000] {spark_submit.py:490} INFO - 24/11/07 18:45:36 INFO StandaloneAppClient$ClientEndpoint: Connecting to master spark://6d477d0a94f0:7077...
[2024-11-07T18:45:36.124+0000] {spark_submit.py:490} INFO - 24/11/07 18:45:36 INFO TransportClientFactory: Successfully created connection to 6d477d0a94f0/172.19.0.3:7077 after 59 ms (0 ms spent in bootstraps)
[2024-11-07T18:45:56.029+0000] {spark_submit.py:490} INFO - 24/11/07 18:45:56 INFO StandaloneAppClient$ClientEndpoint: Connecting to master spark://6d477d0a94f0:7077...
[2024-11-07T18:46:16.083+0000] {spark_submit.py:490} INFO - 24/11/07 18:46:16 INFO StandaloneAppClient$ClientEndpoint: Connecting to master spark://6d477d0a94f0:7077...
[2024-11-07T18:46:36.084+0000] {spark_submit.py:490} INFO - 24/11/07 18:46:36 ERROR StandaloneSchedulerBackend: Application has been killed. Reason: All masters are unresponsive! Giving up.
[2024-11-07T18:46:36.089+0000] {spark_submit.py:490} INFO - 24/11/07 18:46:36 WARN StandaloneSchedulerBackend: Application ID is not initialized yet.
[2024-11-07T18:46:36.255+0000] {spark_submit.py:490} INFO - 24/11/07 18:46:36 INFO Utils: Successfully started service 'org.apache.spark.network.netty.NettyBlockTransferService' on port 37721.
[2024-11-07T18:46:36.259+0000] {spark_submit.py:490} INFO - 24/11/07 18:46:36 INFO NettyBlockTransferService: Server created on c3147672876a:37721
[2024-11-07T18:46:36.282+0000] {spark_submit.py:490} INFO - 24/11/07 18:46:36 INFO BlockManager: Using org.apache.spark.storage.RandomBlockReplicationPolicy for block replication policy
[2024-11-07T18:46:36.340+0000] {spark_submit.py:490} INFO - 24/11/07 18:46:36 INFO BlockManagerMaster: Registering BlockManager BlockManagerId(driver, c3147672876a, 37721, None)
[2024-11-07T18:46:36.371+0000] {spark_submit.py:490} INFO - 24/11/07 18:46:36 INFO BlockManagerMasterEndpoint: Registering block manager c3147672876a:37721 with 434.4 MiB RAM, BlockManagerId(driver, c3147672876a, 37721, None)
[2024-11-07T18:46:36.393+0000] {spark_submit.py:490} INFO - 24/11/07 18:46:36 INFO BlockManagerMaster: Registered BlockManager BlockManagerId(driver, c3147672876a, 37721, None)
[2024-11-07T18:46:36.403+0000] {spark_submit.py:490} INFO - 24/11/07 18:46:36 INFO BlockManager: Initialized BlockManager: BlockManagerId(driver, c3147672876a, 37721, None)
[2024-11-07T18:46:37.763+0000] {spark_submit.py:490} INFO - 24/11/07 18:46:37 INFO StandaloneSchedulerBackend: SchedulerBackend is ready for scheduling beginning after reached minRegisteredResourcesRatio: 0.0
[2024-11-07T18:46:37.954+0000] {spark_submit.py:490} INFO - /home/***/.local/lib/python3.7/site-packages/pyspark/python/lib/pyspark.zip/pyspark/context.py:317: FutureWarning: Python 3.7 support is deprecated in Spark 3.4.
[2024-11-07T18:46:37.959+0000] {spark_submit.py:490} INFO - warnings.warn("Python 3.7 support is deprecated in Spark 3.4.", FutureWarning)
[2024-11-07T18:46:39.468+0000] {spark_submit.py:490} INFO - 24/11/07 18:46:39 INFO SparkContext: SparkContext is stopping with exitCode 0.
[2024-11-07T18:46:39.600+0000] {spark_submit.py:490} INFO - 24/11/07 18:46:39 INFO SparkUI: Stopped Spark web UI at http://c3147672876a:4040
[2024-11-07T18:46:39.640+0000] {spark_submit.py:490} INFO - 24/11/07 18:46:39 INFO StandaloneSchedulerBackend: Shutting down all executors
[2024-11-07T18:46:39.671+0000] {spark_submit.py:490} INFO - 24/11/07 18:46:39 INFO StandaloneSchedulerBackend$StandaloneDriverEndpoint: Asking each executor to shut down
[2024-11-07T18:46:39.715+0000] {spark_submit.py:490} INFO - 24/11/07 18:46:39 WARN StandaloneAppClient$ClientEndpoint: Drop UnregisterApplication(null) because has not yet connected to master
[2024-11-07T18:46:39.833+0000] {spark_submit.py:490} INFO - 24/11/07 18:46:39 INFO MapOutputTrackerMasterEndpoint: MapOutputTrackerMasterEndpoint stopped!
[2024-11-07T18:46:40.009+0000] {spark_submit.py:490} INFO - 24/11/07 18:46:40 INFO MemoryStore: MemoryStore cleared
[2024-11-07T18:46:40.010+0000] {spark_submit.py:490} INFO - 24/11/07 18:46:40 INFO BlockManager: BlockManager stopped
[2024-11-07T18:46:40.051+0000] {spark_submit.py:490} INFO - Traceback (most recent call last):
[2024-11-07T18:46:40.052+0000] {spark_submit.py:490} INFO - File "/opt/***/dags/spark_etl_script_docker.py", line 25, in <module>
[2024-11-07T18:46:40.059+0000] {spark_submit.py:490} INFO - RDD = sparkContext.parallelize([data])
[2024-11-07T18:46:40.061+0000] {spark_submit.py:490} INFO - File "/home/***/.local/lib/python3.7/site-packages/pyspark/python/lib/pyspark.zip/pyspark/context.py", line 780, in parallelize
[2024-11-07T18:46:40.063+0000] {spark_submit.py:490} INFO - File "/home/***/.local/lib/python3.7/site-packages/pyspark/python/lib/pyspark.zip/pyspark/context.py", line 627, in defaultParallelism
[2024-11-07T18:46:40.065+0000] {spark_submit.py:490} INFO - File "/home/***/.local/lib/python3.7/site-packages/pyspark/python/lib/py4j-0.10.9.7-src.zip/py4j/java_gateway.py", line 1323, in __call__
[2024-11-07T18:46:40.068+0000] {spark_submit.py:490} INFO - File "/home/***/.local/lib/python3.7/site-packages/pyspark/python/lib/pyspark.zip/pyspark/errors/exceptions/captured.py", line 169, in deco
[2024-11-07T18:46:40.071+0000] {spark_submit.py:490} INFO - File "/home/***/.local/lib/python3.7/site-packages/pyspark/python/lib/py4j-0.10.9.7-src.zip/py4j/protocol.py", line 328, in get_return_value
[2024-11-07T18:46:40.078+0000] {spark_submit.py:490} INFO - py4j.protocol.Py4JJavaError24/11/07 18:46:40 INFO BlockManagerMaster: BlockManagerMaster stopped
[2024-11-07T18:46:40.081+0000] {spark_submit.py:490} INFO - : An error occurred while calling o24.defaultParallelism.
[2024-11-07T18:46:40.085+0000] {spark_submit.py:490} INFO - : java.lang.IllegalStateException: Cannot call methods on a stopped SparkContext.
[2024-11-07T18:46:40.086+0000] {spark_submit.py:490} INFO - This stopped SparkContext was created at:
[2024-11-07T18:46:40.086+0000] {spark_submit.py:490} INFO - 
[2024-11-07T18:46:40.088+0000] {spark_submit.py:490} INFO - org.apache.spark.api.java.JavaSparkContext.<init>(JavaSparkContext.scala:58)
[2024-11-07T18:46:40.091+0000] {spark_submit.py:490} INFO - java.base/jdk.internal.reflect.NativeConstructorAccessorImpl.newInstance0(Native Method)
[2024-11-07T18:46:40.094+0000] {spark_submit.py:490} INFO - java.base/jdk.internal.reflect.NativeConstructorAccessorImpl.newInstance(NativeConstructorAccessorImpl.java:62)
[2024-11-07T18:46:40.096+0000] {spark_submit.py:490} INFO - java.base/jdk.internal.reflect.DelegatingConstructorAccessorImpl.newInstance(DelegatingConstructorAccessorImpl.java:45)
[2024-11-07T18:46:40.100+0000] {spark_submit.py:490} INFO - java.base/java.lang.reflect.Constructor.newInstance(Constructor.java:490)
[2024-11-07T18:46:40.102+0000] {spark_submit.py:490} INFO - py4j.reflection.MethodInvoker.invoke(MethodInvoker.java:247)
[2024-11-07T18:46:40.103+0000] {spark_submit.py:490} INFO - py4j.reflection.ReflectionEngine.invoke(ReflectionEngine.java:374)
[2024-11-07T18:46:40.105+0000] {spark_submit.py:490} INFO - py4j.Gateway.invoke(Gateway.java:238)
[2024-11-07T18:46:40.107+0000] {spark_submit.py:490} INFO - py4j.commands.ConstructorCommand.invokeConstructor(ConstructorCommand.java:80)
[2024-11-07T18:46:40.111+0000] {spark_submit.py:490} INFO - py4j.commands.ConstructorCommand.execute(ConstructorCommand.java:69)
[2024-11-07T18:46:40.113+0000] {spark_submit.py:490} INFO - py4j.ClientServerConnection.waitForCommands(ClientServerConnection.java:182)
[2024-11-07T18:46:40.114+0000] {spark_submit.py:490} INFO - py4j.ClientServerConnection.run(ClientServerConnection.java:106)
[2024-11-07T18:46:40.115+0000] {spark_submit.py:490} INFO - java.base/java.lang.Thread.run(Thread.java:829)
[2024-11-07T18:46:40.117+0000] {spark_submit.py:490} INFO - 
[2024-11-07T18:46:40.119+0000] {spark_submit.py:490} INFO - The currently active SparkContext was created at:
[2024-11-07T18:46:40.124+0000] {spark_submit.py:490} INFO - 
[2024-11-07T18:46:40.126+0000] {spark_submit.py:490} INFO - org.apache.spark.api.java.JavaSparkContext.<init>(JavaSparkContext.scala:58)
[2024-11-07T18:46:40.129+0000] {spark_submit.py:490} INFO - java.base/jdk.internal.reflect.NativeConstructorAccessorImpl.newInstance0(Native Method)
[2024-11-07T18:46:40.131+0000] {spark_submit.py:490} INFO - java.base/jdk.internal.reflect.NativeConstructorAccessorImpl.newInstance(NativeConstructorAccessorImpl.java:62)
[2024-11-07T18:46:40.133+0000] {spark_submit.py:490} INFO - java.base/jdk.internal.reflect.DelegatingConstructorAccessorImpl.newInstance(DelegatingConstructorAccessorImpl.java:45)
[2024-11-07T18:46:40.135+0000] {spark_submit.py:490} INFO - java.base/java.lang.reflect.Constructor.newInstance(Constructor.java:490)
[2024-11-07T18:46:40.136+0000] {spark_submit.py:490} INFO - py4j.reflection.MethodInvoker.invoke(MethodInvoker.java:247)
[2024-11-07T18:46:40.138+0000] {spark_submit.py:490} INFO - py4j.reflection.ReflectionEngine.invoke(ReflectionEngine.java:374)
[2024-11-07T18:46:40.139+0000] {spark_submit.py:490} INFO - py4j.Gateway.invoke(Gateway.java:238)
[2024-11-07T18:46:40.140+0000] {spark_submit.py:490} INFO - py4j.commands.ConstructorCommand.invokeConstructor(ConstructorCommand.java:80)
[2024-11-07T18:46:40.142+0000] {spark_submit.py:490} INFO - py4j.commands.ConstructorCommand.execute(ConstructorCommand.java:69)
[2024-11-07T18:46:40.143+0000] {spark_submit.py:490} INFO - py4j.ClientServerConnection.waitForCommands(ClientServerConnection.java:182)
[2024-11-07T18:46:40.145+0000] {spark_submit.py:490} INFO - py4j.ClientServerConnection.run(ClientServerConnection.java:106)
[2024-11-07T18:46:40.146+0000] {spark_submit.py:490} INFO - java.base/java.lang.Thread.run(Thread.java:829)
[2024-11-07T18:46:40.148+0000] {spark_submit.py:490} INFO - 
[2024-11-07T18:46:40.149+0000] {spark_submit.py:490} INFO - at org.apache.spark.SparkContext.assertNotStopped(SparkContext.scala:120)
[2024-11-07T18:46:40.151+0000] {spark_submit.py:490} INFO - at org.apache.spark.SparkContext.defaultParallelism(SparkContext.scala:2554)
[2024-11-07T18:46:40.152+0000] {spark_submit.py:490} INFO - at java.base/jdk.internal.reflect.NativeMethodAccessorImpl.invoke0(Native Method)
[2024-11-07T18:46:40.154+0000] {spark_submit.py:490} INFO - at java.base/jdk.internal.reflect.NativeMethodAccessorImpl.invoke(NativeMethodAccessorImpl.java:62)
[2024-11-07T18:46:40.155+0000] {spark_submit.py:490} INFO - at java.base/jdk.internal.reflect.DelegatingMethodAccessorImpl.invoke(DelegatingMethodAccessorImpl.java:43)
[2024-11-07T18:46:40.155+0000] {spark_submit.py:490} INFO - at java.base/java.lang.reflect.Method.invoke(Method.java:566)
[2024-11-07T18:46:40.156+0000] {spark_submit.py:490} INFO - at py4j.reflection.MethodInvoker.invoke(MethodInvoker.java:244)
[2024-11-07T18:46:40.158+0000] {spark_submit.py:490} INFO - at py4j.reflection.ReflectionEngine.invoke(ReflectionEngine.java:374)
[2024-11-07T18:46:40.160+0000] {spark_submit.py:490} INFO - at py4j.Gateway.invoke(Gateway.java:282)
[2024-11-07T18:46:40.161+0000] {spark_submit.py:490} INFO - at py4j.commands.AbstractCommand.invokeMethod(AbstractCommand.java:132)
[2024-11-07T18:46:40.163+0000] {spark_submit.py:490} INFO - at py4j.commands.CallCommand.execute(CallCommand.java:79)
[2024-11-07T18:46:40.164+0000] {spark_submit.py:490} INFO - at py4j.ClientServerConnection.waitForCommands(ClientServerConnection.java:182)
[2024-11-07T18:46:40.165+0000] {spark_submit.py:490} INFO - at py4j.ClientServerConnection.run(ClientServerConnection.java:106)
[2024-11-07T18:46:40.165+0000] {spark_submit.py:490} INFO - at java.base/java.lang.Thread.run(Thread.java:829)
[2024-11-07T18:46:40.166+0000] {spark_submit.py:490} INFO - 
[2024-11-07T18:46:40.167+0000] {spark_submit.py:490} INFO - 24/11/07 18:46:40 INFO OutputCommitCoordinator$OutputCommitCoordinatorEndpoint: OutputCommitCoordinator stopped!
[2024-11-07T18:46:40.196+0000] {spark_submit.py:490} INFO - 24/11/07 18:46:40 INFO SparkContext: Successfully stopped SparkContext
[2024-11-07T18:46:40.483+0000] {spark_submit.py:490} INFO - 24/11/07 18:46:40 INFO ShutdownHookManager: Shutdown hook called
[2024-11-07T18:46:40.487+0000] {spark_submit.py:490} INFO - 24/11/07 18:46:40 INFO ShutdownHookManager: Deleting directory /tmp/spark-d3daecb4-4532-4cc6-8327-67e6feb78aa1
[2024-11-07T18:46:40.538+0000] {spark_submit.py:490} INFO - 24/11/07 18:46:40 INFO ShutdownHookManager: Deleting directory /tmp/spark-3c93ed95-81dd-476f-8e51-74e2ac111880
[2024-11-07T18:46:40.585+0000] {spark_submit.py:490} INFO - 24/11/07 18:46:40 INFO ShutdownHookManager: Deleting directory /tmp/spark-3c93ed95-81dd-476f-8e51-74e2ac111880/pyspark-81f86d49-ada7-4001-9d25-0423e8fc6d80
[2024-11-07T18:46:41.172+0000] {taskinstance.py:1768} ERROR - Task failed with exception
Traceback (most recent call last):
  File "/home/airflow/.local/lib/python3.7/site-packages/airflow/providers/apache/spark/operators/spark_submit.py", line 157, in execute
    self._hook.submit(self._application)
  File "/home/airflow/.local/lib/python3.7/site-packages/airflow/providers/apache/spark/hooks/spark_submit.py", line 422, in submit
    f"Cannot execute: {self._mask_cmd(spark_submit_cmd)}. Error code is: {returncode}."
airflow.exceptions.AirflowException: Cannot execute: spark-submit --master spark://6d477d0a94f0:7077 --name arrow-spark --queue root.default /opt/***/dags/spark_etl_script_docker.py. Error code is: 1.
[2024-11-07T18:46:41.236+0000] {taskinstance.py:1323} INFO - Marking task as FAILED. dag_id=spark_***_dag, task_id=spark_submit_task, execution_date=20241107T184523, start_date=20241107T184525, end_date=20241107T184641
[2024-11-07T18:46:41.426+0000] {standard_task_runner.py:105} ERROR - Failed to execute job 5 for task spark_submit_task (Cannot execute: spark-submit --master spark://6d477d0a94f0:7077 --name arrow-spark --queue root.default /opt/***/dags/spark_etl_script_docker.py. Error code is: 1.; 1991)
[2024-11-07T18:46:41.580+0000] {local_task_job.py:208} INFO - Task exited with return code 1
[2024-11-07T18:46:41.731+0000] {taskinstance.py:2578} INFO - 0 downstream tasks scheduled from follow-on schedule check
