[2024-11-08T05:48:33.047+0000] {taskinstance.py:1083} INFO - Dependencies all met for <TaskInstance: spark_airflow_dag.spark_submit_task manual__2024-11-08T05:48:30.005988+00:00 [queued]>
[2024-11-08T05:48:33.067+0000] {taskinstance.py:1083} INFO - Dependencies all met for <TaskInstance: spark_airflow_dag.spark_submit_task manual__2024-11-08T05:48:30.005988+00:00 [queued]>
[2024-11-08T05:48:33.068+0000] {taskinstance.py:1279} INFO - 
--------------------------------------------------------------------------------
[2024-11-08T05:48:33.069+0000] {taskinstance.py:1280} INFO - Starting attempt 1 of 1
[2024-11-08T05:48:33.069+0000] {taskinstance.py:1281} INFO - 
--------------------------------------------------------------------------------
[2024-11-08T05:48:33.099+0000] {taskinstance.py:1300} INFO - Executing <Task(SparkSubmitOperator): spark_submit_task> on 2024-11-08 05:48:30.005988+00:00
[2024-11-08T05:48:33.108+0000] {standard_task_runner.py:55} INFO - Started process 499 to run task
[2024-11-08T05:48:33.116+0000] {standard_task_runner.py:82} INFO - Running: ['***', 'tasks', 'run', 'spark_***_dag', 'spark_submit_task', 'manual__2024-11-08T05:48:30.005988+00:00', '--job-id', '3', '--raw', '--subdir', 'DAGS_FOLDER/spark_jobs_dag.py', '--cfg-path', '/tmp/tmpf2qxd_gk']
[2024-11-08T05:48:33.117+0000] {standard_task_runner.py:83} INFO - Job 3: Subtask spark_submit_task
[2024-11-08T05:48:33.142+0000] {warnings.py:110} WARNING - /home/***/.local/lib/python3.7/site-packages/***/settings.py:249: DeprecationWarning: The sql_alchemy_conn option in [core] has been moved to the sql_alchemy_conn option in [database] - the old setting has been used, but please update your config.
  SQL_ALCHEMY_CONN = conf.get("database", "SQL_ALCHEMY_CONN")

[2024-11-08T05:48:33.230+0000] {task_command.py:388} INFO - Running <TaskInstance: spark_airflow_dag.spark_submit_task manual__2024-11-08T05:48:30.005988+00:00 [running]> on host 9b102d56f177
[2024-11-08T05:48:33.370+0000] {taskinstance.py:1509} INFO - Exporting the following env vars:
AIRFLOW_CTX_DAG_OWNER=***
AIRFLOW_CTX_DAG_ID=spark_***_dag
AIRFLOW_CTX_TASK_ID=spark_submit_task
AIRFLOW_CTX_EXECUTION_DATE=2024-11-08T05:48:30.005988+00:00
AIRFLOW_CTX_TRY_NUMBER=1
AIRFLOW_CTX_DAG_RUN_ID=manual__2024-11-08T05:48:30.005988+00:00
[2024-11-08T05:48:33.392+0000] {base.py:73} INFO - Using connection ID 'spark_local' for task execution.
[2024-11-08T05:48:33.397+0000] {spark_submit.py:339} INFO - Spark-Submit cmd: spark-submit --master spark://f2ffec0dd026:7077 --name arrow-spark --queue root.default /opt/***/dags/spark_etl_script_docker.py
[2024-11-08T05:48:33.599+0000] {spark_submit.py:490} INFO - /home/***/.local/lib/python3.7/site-packages/pyspark/bin/load-spark-env.sh: line 68: ps: command not found
[2024-11-08T05:48:40.564+0000] {spark_submit.py:490} INFO - 24/11/08 05:48:40 INFO SparkContext: Running Spark version 3.4.4
[2024-11-08T05:48:40.683+0000] {spark_submit.py:490} INFO - 24/11/08 05:48:40 WARN NativeCodeLoader: Unable to load native-hadoop library for your platform... using builtin-java classes where applicable
[2024-11-08T05:48:40.833+0000] {spark_submit.py:490} INFO - 24/11/08 05:48:40 INFO ResourceUtils: ==============================================================
[2024-11-08T05:48:40.834+0000] {spark_submit.py:490} INFO - 24/11/08 05:48:40 INFO ResourceUtils: No custom resources configured for spark.driver.
[2024-11-08T05:48:40.835+0000] {spark_submit.py:490} INFO - 24/11/08 05:48:40 INFO ResourceUtils: ==============================================================
[2024-11-08T05:48:40.837+0000] {spark_submit.py:490} INFO - 24/11/08 05:48:40 INFO SparkContext: Submitted application: MutualFundDataExtraction
[2024-11-08T05:48:40.878+0000] {spark_submit.py:490} INFO - 24/11/08 05:48:40 INFO ResourceProfile: Default ResourceProfile created, executor resources: Map(memory -> name: memory, amount: 1024, script: , vendor: , offHeap -> name: offHeap, amount: 0, script: , vendor: ), task resources: Map(cpus -> name: cpus, amount: 1.0)
[2024-11-08T05:48:40.897+0000] {spark_submit.py:490} INFO - 24/11/08 05:48:40 INFO ResourceProfile: Limiting resource is cpu
[2024-11-08T05:48:40.899+0000] {spark_submit.py:490} INFO - 24/11/08 05:48:40 INFO ResourceProfileManager: Added ResourceProfile id: 0
[2024-11-08T05:48:40.989+0000] {spark_submit.py:490} INFO - 24/11/08 05:48:40 INFO SecurityManager: Changing view acls to: default
[2024-11-08T05:48:40.990+0000] {spark_submit.py:490} INFO - 24/11/08 05:48:40 INFO SecurityManager: Changing modify acls to: default
[2024-11-08T05:48:40.991+0000] {spark_submit.py:490} INFO - 24/11/08 05:48:40 INFO SecurityManager: Changing view acls groups to:
[2024-11-08T05:48:40.993+0000] {spark_submit.py:490} INFO - 24/11/08 05:48:40 INFO SecurityManager: Changing modify acls groups to:
[2024-11-08T05:48:40.994+0000] {spark_submit.py:490} INFO - 24/11/08 05:48:40 INFO SecurityManager: SecurityManager: authentication disabled; ui acls disabled; users with view permissions: default; groups with view permissions: EMPTY; users with modify permissions: default; groups with modify permissions: EMPTY
[2024-11-08T05:48:41.616+0000] {spark_submit.py:490} INFO - 24/11/08 05:48:41 INFO Utils: Successfully started service 'sparkDriver' on port 35381.
[2024-11-08T05:48:41.696+0000] {spark_submit.py:490} INFO - 24/11/08 05:48:41 INFO SparkEnv: Registering MapOutputTracker
[2024-11-08T05:48:41.754+0000] {spark_submit.py:490} INFO - 24/11/08 05:48:41 INFO SparkEnv: Registering BlockManagerMaster
[2024-11-08T05:48:41.787+0000] {spark_submit.py:490} INFO - 24/11/08 05:48:41 INFO BlockManagerMasterEndpoint: Using org.apache.spark.storage.DefaultTopologyMapper for getting topology information
[2024-11-08T05:48:41.789+0000] {spark_submit.py:490} INFO - 24/11/08 05:48:41 INFO BlockManagerMasterEndpoint: BlockManagerMasterEndpoint up
[2024-11-08T05:48:41.795+0000] {spark_submit.py:490} INFO - 24/11/08 05:48:41 INFO SparkEnv: Registering BlockManagerMasterHeartbeat
[2024-11-08T05:48:41.834+0000] {spark_submit.py:490} INFO - 24/11/08 05:48:41 INFO DiskBlockManager: Created local directory at /tmp/blockmgr-271e3312-cb85-479e-b610-b8fe556b0d99
[2024-11-08T05:48:41.860+0000] {spark_submit.py:490} INFO - 24/11/08 05:48:41 INFO MemoryStore: MemoryStore started with capacity 434.4 MiB
[2024-11-08T05:48:41.887+0000] {spark_submit.py:490} INFO - 24/11/08 05:48:41 INFO SparkEnv: Registering OutputCommitCoordinator
[2024-11-08T05:48:42.164+0000] {spark_submit.py:490} INFO - 24/11/08 05:48:42 INFO JettyUtils: Start Jetty 0.0.0.0:4040 for SparkUI
[2024-11-08T05:48:42.286+0000] {spark_submit.py:490} INFO - 24/11/08 05:48:42 INFO Utils: Successfully started service 'SparkUI' on port 4040.
[2024-11-08T05:48:42.513+0000] {spark_submit.py:490} INFO - 24/11/08 05:48:42 INFO StandaloneAppClient$ClientEndpoint: Connecting to master spark://f2ffec0dd026:7077...
[2024-11-08T05:48:42.612+0000] {spark_submit.py:490} INFO - 24/11/08 05:48:42 INFO TransportClientFactory: Successfully created connection to f2ffec0dd026/172.18.0.4:7077 after 55 ms (0 ms spent in bootstraps)
[2024-11-08T05:49:02.512+0000] {spark_submit.py:490} INFO - 24/11/08 05:49:02 INFO StandaloneAppClient$ClientEndpoint: Connecting to master spark://f2ffec0dd026:7077...
[2024-11-08T05:49:22.513+0000] {spark_submit.py:490} INFO - 24/11/08 05:49:22 INFO StandaloneAppClient$ClientEndpoint: Connecting to master spark://f2ffec0dd026:7077...
[2024-11-08T05:49:42.514+0000] {spark_submit.py:490} INFO - 24/11/08 05:49:42 ERROR StandaloneSchedulerBackend: Application has been killed. Reason: All masters are unresponsive! Giving up.
[2024-11-08T05:49:42.514+0000] {spark_submit.py:490} INFO - 24/11/08 05:49:42 WARN StandaloneSchedulerBackend: Application ID is not initialized yet.
[2024-11-08T05:49:42.529+0000] {spark_submit.py:490} INFO - 24/11/08 05:49:42 INFO Utils: Successfully started service 'org.apache.spark.network.netty.NettyBlockTransferService' on port 36223.
[2024-11-08T05:49:42.529+0000] {spark_submit.py:490} INFO - 24/11/08 05:49:42 INFO NettyBlockTransferService: Server created on 9b102d56f177:36223
[2024-11-08T05:49:42.532+0000] {spark_submit.py:490} INFO - 24/11/08 05:49:42 INFO BlockManager: Using org.apache.spark.storage.RandomBlockReplicationPolicy for block replication policy
[2024-11-08T05:49:42.544+0000] {spark_submit.py:490} INFO - 24/11/08 05:49:42 INFO BlockManagerMaster: Registering BlockManager BlockManagerId(driver, 9b102d56f177, 36223, None)
[2024-11-08T05:49:42.551+0000] {spark_submit.py:490} INFO - 24/11/08 05:49:42 INFO BlockManagerMasterEndpoint: Registering block manager 9b102d56f177:36223 with 434.4 MiB RAM, BlockManagerId(driver, 9b102d56f177, 36223, None)
[2024-11-08T05:49:42.555+0000] {spark_submit.py:490} INFO - 24/11/08 05:49:42 INFO BlockManagerMaster: Registered BlockManager BlockManagerId(driver, 9b102d56f177, 36223, None)
[2024-11-08T05:49:42.557+0000] {spark_submit.py:490} INFO - 24/11/08 05:49:42 INFO BlockManager: Initialized BlockManager: BlockManagerId(driver, 9b102d56f177, 36223, None)
[2024-11-08T05:49:42.846+0000] {spark_submit.py:490} INFO - 24/11/08 05:49:42 INFO StandaloneSchedulerBackend: SchedulerBackend is ready for scheduling beginning after reached minRegisteredResourcesRatio: 0.0
[2024-11-08T05:49:42.888+0000] {spark_submit.py:490} INFO - /home/***/.local/lib/python3.7/site-packages/pyspark/python/lib/pyspark.zip/pyspark/context.py:317: FutureWarning: Python 3.7 support is deprecated in Spark 3.4.
[2024-11-08T05:49:42.889+0000] {spark_submit.py:490} INFO - warnings.warn("Python 3.7 support is deprecated in Spark 3.4.", FutureWarning)
[2024-11-08T05:49:43.098+0000] {spark_submit.py:490} INFO - INFO:__main__:SparkSession created successfully
[2024-11-08T05:49:43.180+0000] {spark_submit.py:490} INFO - 24/11/08 05:49:43 INFO SparkContext: SparkContext is stopping with exitCode 0.
[2024-11-08T05:49:43.198+0000] {spark_submit.py:490} INFO - 24/11/08 05:49:43 INFO SparkUI: Stopped Spark web UI at http://9b102d56f177:4040
[2024-11-08T05:49:43.208+0000] {spark_submit.py:490} INFO - 24/11/08 05:49:43 INFO StandaloneSchedulerBackend: Shutting down all executors
[2024-11-08T05:49:43.214+0000] {spark_submit.py:490} INFO - 24/11/08 05:49:43 INFO StandaloneSchedulerBackend$StandaloneDriverEndpoint: Asking each executor to shut down
[2024-11-08T05:49:43.221+0000] {spark_submit.py:490} INFO - 24/11/08 05:49:43 WARN StandaloneAppClient$ClientEndpoint: Drop UnregisterApplication(null) because has not yet connected to master
[2024-11-08T05:49:43.235+0000] {spark_submit.py:490} INFO - 24/11/08 05:49:43 INFO MapOutputTrackerMasterEndpoint: MapOutputTrackerMasterEndpoint stopped!
[2024-11-08T05:49:43.262+0000] {spark_submit.py:490} INFO - 24/11/08 05:49:43 INFO MemoryStore: MemoryStore cleared
[2024-11-08T05:49:43.265+0000] {spark_submit.py:490} INFO - 24/11/08 05:49:43 INFO BlockManager: BlockManager stopped
[2024-11-08T05:49:43.271+0000] {spark_submit.py:490} INFO - 24/11/08 05:49:43 INFO BlockManagerMaster: BlockManagerMaster stopped
[2024-11-08T05:49:43.274+0000] {spark_submit.py:490} INFO - 24/11/08 05:49:43 INFO OutputCommitCoordinator$OutputCommitCoordinatorEndpoint: OutputCommitCoordinator stopped!
[2024-11-08T05:49:43.305+0000] {spark_submit.py:490} INFO - 24/11/08 05:49:43 INFO SparkContext: Successfully stopped SparkContext
[2024-11-08T05:49:43.616+0000] {spark_submit.py:490} INFO - INFO:__main__:Successfully fetched mutual fund data
[2024-11-08T05:49:43.666+0000] {spark_submit.py:490} INFO - ERROR:__main__:Error processing mutual fund data: An error occurred while calling o24.defaultParallelism.
[2024-11-08T05:49:43.667+0000] {spark_submit.py:490} INFO - : java.lang.IllegalStateException: Cannot call methods on a stopped SparkContext.
[2024-11-08T05:49:43.667+0000] {spark_submit.py:490} INFO - This stopped SparkContext was created at:
[2024-11-08T05:49:43.667+0000] {spark_submit.py:490} INFO - 
[2024-11-08T05:49:43.668+0000] {spark_submit.py:490} INFO - org.apache.spark.api.java.JavaSparkContext.<init>(JavaSparkContext.scala:58)
[2024-11-08T05:49:43.668+0000] {spark_submit.py:490} INFO - java.base/jdk.internal.reflect.NativeConstructorAccessorImpl.newInstance0(Native Method)
[2024-11-08T05:49:43.669+0000] {spark_submit.py:490} INFO - java.base/jdk.internal.reflect.NativeConstructorAccessorImpl.newInstance(NativeConstructorAccessorImpl.java:62)
[2024-11-08T05:49:43.669+0000] {spark_submit.py:490} INFO - java.base/jdk.internal.reflect.DelegatingConstructorAccessorImpl.newInstance(DelegatingConstructorAccessorImpl.java:45)
[2024-11-08T05:49:43.670+0000] {spark_submit.py:490} INFO - java.base/java.lang.reflect.Constructor.newInstance(Constructor.java:490)
[2024-11-08T05:49:43.670+0000] {spark_submit.py:490} INFO - py4j.reflection.MethodInvoker.invoke(MethodInvoker.java:247)
[2024-11-08T05:49:43.670+0000] {spark_submit.py:490} INFO - py4j.reflection.ReflectionEngine.invoke(ReflectionEngine.java:374)
[2024-11-08T05:49:43.671+0000] {spark_submit.py:490} INFO - py4j.Gateway.invoke(Gateway.java:238)
[2024-11-08T05:49:43.671+0000] {spark_submit.py:490} INFO - py4j.commands.ConstructorCommand.invokeConstructor(ConstructorCommand.java:80)
[2024-11-08T05:49:43.672+0000] {spark_submit.py:490} INFO - py4j.commands.ConstructorCommand.execute(ConstructorCommand.java:69)
[2024-11-08T05:49:43.672+0000] {spark_submit.py:490} INFO - py4j.ClientServerConnection.waitForCommands(ClientServerConnection.java:182)
[2024-11-08T05:49:43.672+0000] {spark_submit.py:490} INFO - py4j.ClientServerConnection.run(ClientServerConnection.java:106)
[2024-11-08T05:49:43.673+0000] {spark_submit.py:490} INFO - java.base/java.lang.Thread.run(Thread.java:829)
[2024-11-08T05:49:43.673+0000] {spark_submit.py:490} INFO - 
[2024-11-08T05:49:43.673+0000] {spark_submit.py:490} INFO - The currently active SparkContext was created at:
[2024-11-08T05:49:43.674+0000] {spark_submit.py:490} INFO - 
[2024-11-08T05:49:43.674+0000] {spark_submit.py:490} INFO - (No active SparkContext.)
[2024-11-08T05:49:43.675+0000] {spark_submit.py:490} INFO - 
[2024-11-08T05:49:43.675+0000] {spark_submit.py:490} INFO - at org.apache.spark.SparkContext.assertNotStopped(SparkContext.scala:120)
[2024-11-08T05:49:43.675+0000] {spark_submit.py:490} INFO - at org.apache.spark.SparkContext.defaultParallelism(SparkContext.scala:2554)
[2024-11-08T05:49:43.676+0000] {spark_submit.py:490} INFO - at java.base/jdk.internal.reflect.NativeMethodAccessorImpl.invoke0(Native Method)
[2024-11-08T05:49:43.676+0000] {spark_submit.py:490} INFO - at java.base/jdk.internal.reflect.NativeMethodAccessorImpl.invoke(NativeMethodAccessorImpl.java:62)
[2024-11-08T05:49:43.676+0000] {spark_submit.py:490} INFO - at java.base/jdk.internal.reflect.DelegatingMethodAccessorImpl.invoke(DelegatingMethodAccessorImpl.java:43)
[2024-11-08T05:49:43.676+0000] {spark_submit.py:490} INFO - at java.base/java.lang.reflect.Method.invoke(Method.java:566)
[2024-11-08T05:49:43.677+0000] {spark_submit.py:490} INFO - at py4j.reflection.MethodInvoker.invoke(MethodInvoker.java:244)
[2024-11-08T05:49:43.677+0000] {spark_submit.py:490} INFO - at py4j.reflection.ReflectionEngine.invoke(ReflectionEngine.java:374)
[2024-11-08T05:49:43.677+0000] {spark_submit.py:490} INFO - at py4j.Gateway.invoke(Gateway.java:282)
[2024-11-08T05:49:43.678+0000] {spark_submit.py:490} INFO - at py4j.commands.AbstractCommand.invokeMethod(AbstractCommand.java:132)
[2024-11-08T05:49:43.678+0000] {spark_submit.py:490} INFO - at py4j.commands.CallCommand.execute(CallCommand.java:79)
[2024-11-08T05:49:43.678+0000] {spark_submit.py:490} INFO - at py4j.ClientServerConnection.waitForCommands(ClientServerConnection.java:182)
[2024-11-08T05:49:43.679+0000] {spark_submit.py:490} INFO - at py4j.ClientServerConnection.run(ClientServerConnection.java:106)
[2024-11-08T05:49:43.679+0000] {spark_submit.py:490} INFO - at java.base/java.lang.Thread.run(Thread.java:829)
[2024-11-08T05:49:43.679+0000] {spark_submit.py:490} INFO - 
[2024-11-08T05:49:43.680+0000] {spark_submit.py:490} INFO - ERROR:__main__:Main process failed: An error occurred while calling o24.defaultParallelism.
[2024-11-08T05:49:43.680+0000] {spark_submit.py:490} INFO - : java.lang.IllegalStateException: Cannot call methods on a stopped SparkContext.
[2024-11-08T05:49:43.680+0000] {spark_submit.py:490} INFO - This stopped SparkContext was created at:
[2024-11-08T05:49:43.681+0000] {spark_submit.py:490} INFO - 
[2024-11-08T05:49:43.681+0000] {spark_submit.py:490} INFO - org.apache.spark.api.java.JavaSparkContext.<init>(JavaSparkContext.scala:58)
[2024-11-08T05:49:43.682+0000] {spark_submit.py:490} INFO - java.base/jdk.internal.reflect.NativeConstructorAccessorImpl.newInstance0(Native Method)
[2024-11-08T05:49:43.682+0000] {spark_submit.py:490} INFO - java.base/jdk.internal.reflect.NativeConstructorAccessorImpl.newInstance(NativeConstructorAccessorImpl.java:62)
[2024-11-08T05:49:43.682+0000] {spark_submit.py:490} INFO - java.base/jdk.internal.reflect.DelegatingConstructorAccessorImpl.newInstance(DelegatingConstructorAccessorImpl.java:45)
[2024-11-08T05:49:43.682+0000] {spark_submit.py:490} INFO - java.base/java.lang.reflect.Constructor.newInstance(Constructor.java:490)
[2024-11-08T05:49:43.683+0000] {spark_submit.py:490} INFO - py4j.reflection.MethodInvoker.invoke(MethodInvoker.java:247)
[2024-11-08T05:49:43.683+0000] {spark_submit.py:490} INFO - py4j.reflection.ReflectionEngine.invoke(ReflectionEngine.java:374)
[2024-11-08T05:49:43.683+0000] {spark_submit.py:490} INFO - py4j.Gateway.invoke(Gateway.java:238)
[2024-11-08T05:49:43.684+0000] {spark_submit.py:490} INFO - py4j.commands.ConstructorCommand.invokeConstructor(ConstructorCommand.java:80)
[2024-11-08T05:49:43.684+0000] {spark_submit.py:490} INFO - py4j.commands.ConstructorCommand.execute(ConstructorCommand.java:69)
[2024-11-08T05:49:43.684+0000] {spark_submit.py:490} INFO - py4j.ClientServerConnection.waitForCommands(ClientServerConnection.java:182)
[2024-11-08T05:49:43.685+0000] {spark_submit.py:490} INFO - py4j.ClientServerConnection.run(ClientServerConnection.java:106)
[2024-11-08T05:49:43.685+0000] {spark_submit.py:490} INFO - java.base/java.lang.Thread.run(Thread.java:829)
[2024-11-08T05:49:43.685+0000] {spark_submit.py:490} INFO - 
[2024-11-08T05:49:43.685+0000] {spark_submit.py:490} INFO - The currently active SparkContext was created at:
[2024-11-08T05:49:43.686+0000] {spark_submit.py:490} INFO - 
[2024-11-08T05:49:43.686+0000] {spark_submit.py:490} INFO - (No active SparkContext.)
[2024-11-08T05:49:43.686+0000] {spark_submit.py:490} INFO - 
[2024-11-08T05:49:43.687+0000] {spark_submit.py:490} INFO - at org.apache.spark.SparkContext.assertNotStopped(SparkContext.scala:120)
[2024-11-08T05:49:43.687+0000] {spark_submit.py:490} INFO - at org.apache.spark.SparkContext.defaultParallelism(SparkContext.scala:2554)
[2024-11-08T05:49:43.687+0000] {spark_submit.py:490} INFO - at java.base/jdk.internal.reflect.NativeMethodAccessorImpl.invoke0(Native Method)
[2024-11-08T05:49:43.688+0000] {spark_submit.py:490} INFO - at java.base/jdk.internal.reflect.NativeMethodAccessorImpl.invoke(NativeMethodAccessorImpl.java:62)
[2024-11-08T05:49:43.688+0000] {spark_submit.py:490} INFO - at java.base/jdk.internal.reflect.DelegatingMethodAccessorImpl.invoke(DelegatingMethodAccessorImpl.java:43)
[2024-11-08T05:49:43.688+0000] {spark_submit.py:490} INFO - at java.base/java.lang.reflect.Method.invoke(Method.java:566)
[2024-11-08T05:49:43.688+0000] {spark_submit.py:490} INFO - at py4j.reflection.MethodInvoker.invoke(MethodInvoker.java:244)
[2024-11-08T05:49:43.689+0000] {spark_submit.py:490} INFO - at py4j.reflection.ReflectionEngine.invoke(ReflectionEngine.java:374)
[2024-11-08T05:49:43.689+0000] {spark_submit.py:490} INFO - at py4j.Gateway.invoke(Gateway.java:282)
[2024-11-08T05:49:43.689+0000] {spark_submit.py:490} INFO - at py4j.commands.AbstractCommand.invokeMethod(AbstractCommand.java:132)
[2024-11-08T05:49:43.690+0000] {spark_submit.py:490} INFO - at py4j.commands.CallCommand.execute(CallCommand.java:79)
[2024-11-08T05:49:43.690+0000] {spark_submit.py:490} INFO - at py4j.ClientServerConnection.waitForCommands(ClientServerConnection.java:182)
[2024-11-08T05:49:43.690+0000] {spark_submit.py:490} INFO - at py4j.ClientServerConnection.run(ClientServerConnection.java:106)
[2024-11-08T05:49:43.690+0000] {spark_submit.py:490} INFO - at java.base/java.lang.Thread.run(Thread.java:829)
[2024-11-08T05:49:43.691+0000] {spark_submit.py:490} INFO - 
[2024-11-08T05:49:43.691+0000] {spark_submit.py:490} INFO - 24/11/08 05:49:43 INFO SparkContext: SparkContext is stopping with exitCode 0.
[2024-11-08T05:49:43.691+0000] {spark_submit.py:490} INFO - 24/11/08 05:49:43 INFO SparkContext: SparkContext already stopped.
[2024-11-08T05:49:43.883+0000] {spark_submit.py:490} INFO - INFO:__main__:SparkSession stopped successfully
[2024-11-08T05:49:43.883+0000] {spark_submit.py:490} INFO - Traceback (most recent call last):
[2024-11-08T05:49:43.884+0000] {spark_submit.py:490} INFO - File "/opt/***/dags/spark_etl_script_docker.py", line 121, in <module>
[2024-11-08T05:49:43.884+0000] {spark_submit.py:490} INFO - main()
[2024-11-08T05:49:43.884+0000] {spark_submit.py:490} INFO - File "/opt/***/dags/spark_etl_script_docker.py", line 97, in main
[2024-11-08T05:49:43.885+0000] {spark_submit.py:490} INFO - processed_df = process_mutual_fund_data(spark, raw_data)
[2024-11-08T05:49:43.885+0000] {spark_submit.py:490} INFO - File "/opt/***/dags/spark_etl_script_docker.py", line 50, in process_mutual_fund_data
[2024-11-08T05:49:43.885+0000] {spark_submit.py:490} INFO - rdd = spark.sparkContext.parallelize([data])
[2024-11-08T05:49:43.886+0000] {spark_submit.py:490} INFO - File "/home/***/.local/lib/python3.7/site-packages/pyspark/python/lib/pyspark.zip/pyspark/context.py", line 780, in parallelize
[2024-11-08T05:49:43.886+0000] {spark_submit.py:490} INFO - File "/home/***/.local/lib/python3.7/site-packages/pyspark/python/lib/pyspark.zip/pyspark/context.py", line 627, in defaultParallelism
[2024-11-08T05:49:43.886+0000] {spark_submit.py:490} INFO - File "/home/***/.local/lib/python3.7/site-packages/pyspark/python/lib/py4j-0.10.9.7-src.zip/py4j/java_gateway.py", line 1323, in __call__
[2024-11-08T05:49:43.887+0000] {spark_submit.py:490} INFO - File "/home/***/.local/lib/python3.7/site-packages/pyspark/python/lib/pyspark.zip/pyspark/errors/exceptions/captured.py", line 169, in deco
[2024-11-08T05:49:43.887+0000] {spark_submit.py:490} INFO - File "/home/***/.local/lib/python3.7/site-packages/pyspark/python/lib/py4j-0.10.9.7-src.zip/py4j/protocol.py", line 328, in get_return_value
[2024-11-08T05:49:43.888+0000] {spark_submit.py:490} INFO - py4j.protocol.Py4JJavaError: An error occurred while calling o24.defaultParallelism.
[2024-11-08T05:49:43.888+0000] {spark_submit.py:490} INFO - : java.lang.IllegalStateException: Cannot call methods on a stopped SparkContext.
[2024-11-08T05:49:43.889+0000] {spark_submit.py:490} INFO - This stopped SparkContext was created at:
[2024-11-08T05:49:43.889+0000] {spark_submit.py:490} INFO - 
[2024-11-08T05:49:43.889+0000] {spark_submit.py:490} INFO - org.apache.spark.api.java.JavaSparkContext.<init>(JavaSparkContext.scala:58)
[2024-11-08T05:49:43.889+0000] {spark_submit.py:490} INFO - java.base/jdk.internal.reflect.NativeConstructorAccessorImpl.newInstance0(Native Method)
[2024-11-08T05:49:43.890+0000] {spark_submit.py:490} INFO - java.base/jdk.internal.reflect.NativeConstructorAccessorImpl.newInstance(NativeConstructorAccessorImpl.java:62)
[2024-11-08T05:49:43.890+0000] {spark_submit.py:490} INFO - java.base/jdk.internal.reflect.DelegatingConstructorAccessorImpl.newInstance(DelegatingConstructorAccessorImpl.java:45)
[2024-11-08T05:49:43.890+0000] {spark_submit.py:490} INFO - java.base/java.lang.reflect.Constructor.newInstance(Constructor.java:490)
[2024-11-08T05:49:43.891+0000] {spark_submit.py:490} INFO - py4j.reflection.MethodInvoker.invoke(MethodInvoker.java:247)
[2024-11-08T05:49:43.891+0000] {spark_submit.py:490} INFO - py4j.reflection.ReflectionEngine.invoke(ReflectionEngine.java:374)
[2024-11-08T05:49:43.891+0000] {spark_submit.py:490} INFO - py4j.Gateway.invoke(Gateway.java:238)
[2024-11-08T05:49:43.891+0000] {spark_submit.py:490} INFO - py4j.commands.ConstructorCommand.invokeConstructor(ConstructorCommand.java:80)
[2024-11-08T05:49:43.892+0000] {spark_submit.py:490} INFO - py4j.commands.ConstructorCommand.execute(ConstructorCommand.java:69)
[2024-11-08T05:49:43.892+0000] {spark_submit.py:490} INFO - py4j.ClientServerConnection.waitForCommands(ClientServerConnection.java:182)
[2024-11-08T05:49:43.893+0000] {spark_submit.py:490} INFO - py4j.ClientServerConnection.run(ClientServerConnection.java:106)
[2024-11-08T05:49:43.893+0000] {spark_submit.py:490} INFO - java.base/java.lang.Thread.run(Thread.java:829)
[2024-11-08T05:49:43.894+0000] {spark_submit.py:490} INFO - 
[2024-11-08T05:49:43.894+0000] {spark_submit.py:490} INFO - The currently active SparkContext was created at:
[2024-11-08T05:49:43.894+0000] {spark_submit.py:490} INFO - 
[2024-11-08T05:49:43.895+0000] {spark_submit.py:490} INFO - (No active SparkContext.)
[2024-11-08T05:49:43.895+0000] {spark_submit.py:490} INFO - 
[2024-11-08T05:49:43.895+0000] {spark_submit.py:490} INFO - at org.apache.spark.SparkContext.assertNotStopped(SparkContext.scala:120)
[2024-11-08T05:49:43.896+0000] {spark_submit.py:490} INFO - at org.apache.spark.SparkContext.defaultParallelism(SparkContext.scala:2554)
[2024-11-08T05:49:43.896+0000] {spark_submit.py:490} INFO - at java.base/jdk.internal.reflect.NativeMethodAccessorImpl.invoke0(Native Method)
[2024-11-08T05:49:43.896+0000] {spark_submit.py:490} INFO - at java.base/jdk.internal.reflect.NativeMethodAccessorImpl.invoke(NativeMethodAccessorImpl.java:62)
[2024-11-08T05:49:43.897+0000] {spark_submit.py:490} INFO - at java.base/jdk.internal.reflect.DelegatingMethodAccessorImpl.invoke(DelegatingMethodAccessorImpl.java:43)
[2024-11-08T05:49:43.897+0000] {spark_submit.py:490} INFO - at java.base/java.lang.reflect.Method.invoke(Method.java:566)
[2024-11-08T05:49:43.897+0000] {spark_submit.py:490} INFO - at py4j.reflection.MethodInvoker.invoke(MethodInvoker.java:244)
[2024-11-08T05:49:43.898+0000] {spark_submit.py:490} INFO - at py4j.reflection.ReflectionEngine.invoke(ReflectionEngine.java:374)
[2024-11-08T05:49:43.898+0000] {spark_submit.py:490} INFO - at py4j.Gateway.invoke(Gateway.java:282)
[2024-11-08T05:49:43.898+0000] {spark_submit.py:490} INFO - at py4j.commands.AbstractCommand.invokeMethod(AbstractCommand.java:132)
[2024-11-08T05:49:43.899+0000] {spark_submit.py:490} INFO - at py4j.commands.CallCommand.execute(CallCommand.java:79)
[2024-11-08T05:49:43.899+0000] {spark_submit.py:490} INFO - at py4j.ClientServerConnection.waitForCommands(ClientServerConnection.java:182)
[2024-11-08T05:49:43.899+0000] {spark_submit.py:490} INFO - at py4j.ClientServerConnection.run(ClientServerConnection.java:106)
[2024-11-08T05:49:43.900+0000] {spark_submit.py:490} INFO - at java.base/java.lang.Thread.run(Thread.java:829)
[2024-11-08T05:49:43.900+0000] {spark_submit.py:490} INFO - 
[2024-11-08T05:49:43.953+0000] {spark_submit.py:490} INFO - 24/11/08 05:49:43 INFO ShutdownHookManager: Shutdown hook called
[2024-11-08T05:49:43.954+0000] {spark_submit.py:490} INFO - 24/11/08 05:49:43 INFO ShutdownHookManager: Deleting directory /tmp/spark-23d14970-7388-4e56-aaa0-63cc89d40be9
[2024-11-08T05:49:43.961+0000] {spark_submit.py:490} INFO - 24/11/08 05:49:43 INFO ShutdownHookManager: Deleting directory /tmp/spark-dbdc7b65-defc-441b-81d7-b8e775a2deda
[2024-11-08T05:49:43.973+0000] {spark_submit.py:490} INFO - 24/11/08 05:49:43 INFO ShutdownHookManager: Deleting directory /tmp/spark-dbdc7b65-defc-441b-81d7-b8e775a2deda/pyspark-02e5a051-b2fa-43f8-9ada-1106f81ab7a4
[2024-11-08T05:49:44.091+0000] {taskinstance.py:1768} ERROR - Task failed with exception
Traceback (most recent call last):
  File "/home/airflow/.local/lib/python3.7/site-packages/airflow/providers/apache/spark/operators/spark_submit.py", line 157, in execute
    self._hook.submit(self._application)
  File "/home/airflow/.local/lib/python3.7/site-packages/airflow/providers/apache/spark/hooks/spark_submit.py", line 422, in submit
    f"Cannot execute: {self._mask_cmd(spark_submit_cmd)}. Error code is: {returncode}."
airflow.exceptions.AirflowException: Cannot execute: spark-submit --master spark://f2ffec0dd026:7077 --name arrow-spark --queue root.default /opt/***/dags/spark_etl_script_docker.py. Error code is: 1.
[2024-11-08T05:49:44.102+0000] {taskinstance.py:1323} INFO - Marking task as FAILED. dag_id=spark_***_dag, task_id=spark_submit_task, execution_date=20241108T054830, start_date=20241108T054833, end_date=20241108T054944
[2024-11-08T05:49:44.123+0000] {standard_task_runner.py:105} ERROR - Failed to execute job 3 for task spark_submit_task (Cannot execute: spark-submit --master spark://f2ffec0dd026:7077 --name arrow-spark --queue root.default /opt/***/dags/spark_etl_script_docker.py. Error code is: 1.; 499)
[2024-11-08T05:49:44.159+0000] {local_task_job.py:208} INFO - Task exited with return code 1
[2024-11-08T05:49:44.180+0000] {taskinstance.py:2578} INFO - 0 downstream tasks scheduled from follow-on schedule check
