[2024-11-07T18:12:54.724+0000] {taskinstance.py:1083} INFO - Dependencies all met for <TaskInstance: spark_airflow_dag.spark_submit_task manual__2024-11-07T18:12:53.067079+00:00 [queued]>
[2024-11-07T18:12:54.737+0000] {taskinstance.py:1083} INFO - Dependencies all met for <TaskInstance: spark_airflow_dag.spark_submit_task manual__2024-11-07T18:12:53.067079+00:00 [queued]>
[2024-11-07T18:12:54.737+0000] {taskinstance.py:1279} INFO - 
--------------------------------------------------------------------------------
[2024-11-07T18:12:54.738+0000] {taskinstance.py:1280} INFO - Starting attempt 1 of 1
[2024-11-07T18:12:54.738+0000] {taskinstance.py:1281} INFO - 
--------------------------------------------------------------------------------
[2024-11-07T18:12:54.757+0000] {taskinstance.py:1300} INFO - Executing <Task(SparkSubmitOperator): spark_submit_task> on 2024-11-07 18:12:53.067079+00:00
[2024-11-07T18:12:54.762+0000] {standard_task_runner.py:55} INFO - Started process 3020 to run task
[2024-11-07T18:12:54.767+0000] {standard_task_runner.py:82} INFO - Running: ['***', 'tasks', 'run', 'spark_***_dag', 'spark_submit_task', 'manual__2024-11-07T18:12:53.067079+00:00', '--job-id', '9', '--raw', '--subdir', 'DAGS_FOLDER/spark_jobs_dag.py', '--cfg-path', '/tmp/tmpuzoi0kqf']
[2024-11-07T18:12:54.768+0000] {standard_task_runner.py:83} INFO - Job 9: Subtask spark_submit_task
[2024-11-07T18:12:54.784+0000] {warnings.py:110} WARNING - /home/***/.local/lib/python3.7/site-packages/***/settings.py:249: DeprecationWarning: The sql_alchemy_conn option in [core] has been moved to the sql_alchemy_conn option in [database] - the old setting has been used, but please update your config.
  SQL_ALCHEMY_CONN = conf.get("database", "SQL_ALCHEMY_CONN")

[2024-11-07T18:12:54.849+0000] {task_command.py:388} INFO - Running <TaskInstance: spark_airflow_dag.spark_submit_task manual__2024-11-07T18:12:53.067079+00:00 [running]> on host 25d0a0554898
[2024-11-07T18:12:54.989+0000] {taskinstance.py:1509} INFO - Exporting the following env vars:
AIRFLOW_CTX_DAG_OWNER=***
AIRFLOW_CTX_DAG_ID=spark_***_dag
AIRFLOW_CTX_TASK_ID=spark_submit_task
AIRFLOW_CTX_EXECUTION_DATE=2024-11-07T18:12:53.067079+00:00
AIRFLOW_CTX_TRY_NUMBER=1
AIRFLOW_CTX_DAG_RUN_ID=manual__2024-11-07T18:12:53.067079+00:00
[2024-11-07T18:12:55.002+0000] {base.py:73} INFO - Using connection ID 'spark_local' for task execution.
[2024-11-07T18:12:55.004+0000] {spark_submit.py:339} INFO - Spark-Submit cmd: spark-submit --master spark://e08aaf1b2456:7077 --name arrow-spark --queue root.default /opt/***/dags/spark_etl_script_docker.py
[2024-11-07T18:12:55.145+0000] {spark_submit.py:490} INFO - /home/***/.local/lib/python3.7/site-packages/pyspark/bin/load-spark-env.sh: line 68: ps: command not found
[2024-11-07T18:12:59.746+0000] {spark_submit.py:490} INFO - 24/11/07 18:12:59 INFO SparkContext: Running Spark version 3.4.4
[2024-11-07T18:12:59.891+0000] {spark_submit.py:490} INFO - 24/11/07 18:12:59 WARN NativeCodeLoader: Unable to load native-hadoop library for your platform... using builtin-java classes where applicable
[2024-11-07T18:13:00.069+0000] {spark_submit.py:490} INFO - 24/11/07 18:13:00 INFO ResourceUtils: ==============================================================
[2024-11-07T18:13:00.071+0000] {spark_submit.py:490} INFO - 24/11/07 18:13:00 INFO ResourceUtils: No custom resources configured for spark.driver.
[2024-11-07T18:13:00.072+0000] {spark_submit.py:490} INFO - 24/11/07 18:13:00 INFO ResourceUtils: ==============================================================
[2024-11-07T18:13:00.073+0000] {spark_submit.py:490} INFO - 24/11/07 18:13:00 INFO SparkContext: Submitted application: DataExtraction
[2024-11-07T18:13:00.127+0000] {spark_submit.py:490} INFO - 24/11/07 18:13:00 INFO ResourceProfile: Default ResourceProfile created, executor resources: Map(memory -> name: memory, amount: 1024, script: , vendor: , offHeap -> name: offHeap, amount: 0, script: , vendor: ), task resources: Map(cpus -> name: cpus, amount: 1.0)
[2024-11-07T18:13:00.145+0000] {spark_submit.py:490} INFO - 24/11/07 18:13:00 INFO ResourceProfile: Limiting resource is cpu
[2024-11-07T18:13:00.147+0000] {spark_submit.py:490} INFO - 24/11/07 18:13:00 INFO ResourceProfileManager: Added ResourceProfile id: 0
[2024-11-07T18:13:00.236+0000] {spark_submit.py:490} INFO - 24/11/07 18:13:00 INFO SecurityManager: Changing view acls to: default
[2024-11-07T18:13:00.237+0000] {spark_submit.py:490} INFO - 24/11/07 18:13:00 INFO SecurityManager: Changing modify acls to: default
[2024-11-07T18:13:00.238+0000] {spark_submit.py:490} INFO - 24/11/07 18:13:00 INFO SecurityManager: Changing view acls groups to:
[2024-11-07T18:13:00.238+0000] {spark_submit.py:490} INFO - 24/11/07 18:13:00 INFO SecurityManager: Changing modify acls groups to:
[2024-11-07T18:13:00.239+0000] {spark_submit.py:490} INFO - 24/11/07 18:13:00 INFO SecurityManager: SecurityManager: authentication disabled; ui acls disabled; users with view permissions: default; groups with view permissions: EMPTY; users with modify permissions: default; groups with modify permissions: EMPTY
[2024-11-07T18:13:00.850+0000] {spark_submit.py:490} INFO - 24/11/07 18:13:00 INFO Utils: Successfully started service 'sparkDriver' on port 33045.
[2024-11-07T18:13:00.935+0000] {spark_submit.py:490} INFO - 24/11/07 18:13:00 INFO SparkEnv: Registering MapOutputTracker
[2024-11-07T18:13:01.023+0000] {spark_submit.py:490} INFO - 24/11/07 18:13:01 INFO SparkEnv: Registering BlockManagerMaster
[2024-11-07T18:13:01.059+0000] {spark_submit.py:490} INFO - 24/11/07 18:13:01 INFO BlockManagerMasterEndpoint: Using org.apache.spark.storage.DefaultTopologyMapper for getting topology information
[2024-11-07T18:13:01.061+0000] {spark_submit.py:490} INFO - 24/11/07 18:13:01 INFO BlockManagerMasterEndpoint: BlockManagerMasterEndpoint up
[2024-11-07T18:13:01.070+0000] {spark_submit.py:490} INFO - 24/11/07 18:13:01 INFO SparkEnv: Registering BlockManagerMasterHeartbeat
[2024-11-07T18:13:01.107+0000] {spark_submit.py:490} INFO - 24/11/07 18:13:01 INFO DiskBlockManager: Created local directory at /tmp/blockmgr-2054b46c-64c6-4844-857f-b000ab344ef1
[2024-11-07T18:13:01.138+0000] {spark_submit.py:490} INFO - 24/11/07 18:13:01 INFO MemoryStore: MemoryStore started with capacity 434.4 MiB
[2024-11-07T18:13:01.163+0000] {spark_submit.py:490} INFO - 24/11/07 18:13:01 INFO SparkEnv: Registering OutputCommitCoordinator
[2024-11-07T18:13:01.394+0000] {spark_submit.py:490} INFO - 24/11/07 18:13:01 INFO JettyUtils: Start Jetty 0.0.0.0:4040 for SparkUI
[2024-11-07T18:13:01.489+0000] {spark_submit.py:490} INFO - 24/11/07 18:13:01 INFO Utils: Successfully started service 'SparkUI' on port 4040.
[2024-11-07T18:13:01.644+0000] {spark_submit.py:490} INFO - 24/11/07 18:13:01 INFO StandaloneAppClient$ClientEndpoint: Connecting to master spark://e08aaf1b2456:7077...
[2024-11-07T18:13:01.721+0000] {spark_submit.py:490} INFO - 24/11/07 18:13:01 INFO TransportClientFactory: Successfully created connection to e08aaf1b2456/172.19.0.3:7077 after 49 ms (0 ms spent in bootstraps)
[2024-11-07T18:13:21.649+0000] {spark_submit.py:490} INFO - 24/11/07 18:13:21 INFO StandaloneAppClient$ClientEndpoint: Connecting to master spark://e08aaf1b2456:7077...
[2024-11-07T18:13:41.649+0000] {spark_submit.py:490} INFO - 24/11/07 18:13:41 INFO StandaloneAppClient$ClientEndpoint: Connecting to master spark://e08aaf1b2456:7077...
[2024-11-07T18:14:01.652+0000] {spark_submit.py:490} INFO - 24/11/07 18:14:01 WARN StandaloneSchedulerBackend: Application ID is not initialized yet.
[2024-11-07T18:14:01.653+0000] {spark_submit.py:490} INFO - 24/11/07 18:14:01 ERROR StandaloneSchedulerBackend: Application has been killed. Reason: All masters are unresponsive! Giving up.
[2024-11-07T18:14:01.667+0000] {spark_submit.py:490} INFO - 24/11/07 18:14:01 INFO Utils: Successfully started service 'org.apache.spark.network.netty.NettyBlockTransferService' on port 33959.
[2024-11-07T18:14:01.670+0000] {spark_submit.py:490} INFO - 24/11/07 18:14:01 INFO NettyBlockTransferService: Server created on 25d0a0554898:33959
[2024-11-07T18:14:01.671+0000] {spark_submit.py:490} INFO - 24/11/07 18:14:01 INFO BlockManager: Using org.apache.spark.storage.RandomBlockReplicationPolicy for block replication policy
[2024-11-07T18:14:01.680+0000] {spark_submit.py:490} INFO - 24/11/07 18:14:01 INFO BlockManagerMaster: Registering BlockManager BlockManagerId(driver, 25d0a0554898, 33959, None)
[2024-11-07T18:14:01.688+0000] {spark_submit.py:490} INFO - 24/11/07 18:14:01 INFO BlockManagerMasterEndpoint: Registering block manager 25d0a0554898:33959 with 434.4 MiB RAM, BlockManagerId(driver, 25d0a0554898, 33959, None)
[2024-11-07T18:14:01.691+0000] {spark_submit.py:490} INFO - 24/11/07 18:14:01 INFO BlockManagerMaster: Registered BlockManager BlockManagerId(driver, 25d0a0554898, 33959, None)
[2024-11-07T18:14:01.692+0000] {spark_submit.py:490} INFO - 24/11/07 18:14:01 INFO BlockManager: Initialized BlockManager: BlockManagerId(driver, 25d0a0554898, 33959, None)
[2024-11-07T18:14:02.149+0000] {spark_submit.py:490} INFO - 24/11/07 18:14:02 INFO StandaloneSchedulerBackend: SchedulerBackend is ready for scheduling beginning after reached minRegisteredResourcesRatio: 0.0
[2024-11-07T18:14:02.210+0000] {spark_submit.py:490} INFO - /home/***/.local/lib/python3.7/site-packages/pyspark/python/lib/pyspark.zip/pyspark/context.py:317: FutureWarning: Python 3.7 support is deprecated in Spark 3.4.
[2024-11-07T18:14:02.211+0000] {spark_submit.py:490} INFO - warnings.warn("Python 3.7 support is deprecated in Spark 3.4.", FutureWarning)
[2024-11-07T18:14:02.563+0000] {spark_submit.py:490} INFO - 24/11/07 18:14:02 INFO SparkContext: SparkContext is stopping with exitCode 0.
[2024-11-07T18:14:02.582+0000] {spark_submit.py:490} INFO - 24/11/07 18:14:02 INFO SparkUI: Stopped Spark web UI at http://25d0a0554898:4040
[2024-11-07T18:14:02.593+0000] {spark_submit.py:490} INFO - 24/11/07 18:14:02 INFO StandaloneSchedulerBackend: Shutting down all executors
[2024-11-07T18:14:02.598+0000] {spark_submit.py:490} INFO - 24/11/07 18:14:02 INFO StandaloneSchedulerBackend$StandaloneDriverEndpoint: Asking each executor to shut down
[2024-11-07T18:14:02.605+0000] {spark_submit.py:490} INFO - 24/11/07 18:14:02 WARN StandaloneAppClient$ClientEndpoint: Drop UnregisterApplication(null) because has not yet connected to master
[2024-11-07T18:14:02.623+0000] {spark_submit.py:490} INFO - 24/11/07 18:14:02 INFO MapOutputTrackerMasterEndpoint: MapOutputTrackerMasterEndpoint stopped!
[2024-11-07T18:14:02.647+0000] {spark_submit.py:490} INFO - 24/11/07 18:14:02 INFO MemoryStore: MemoryStore cleared
[2024-11-07T18:14:02.647+0000] {spark_submit.py:490} INFO - 24/11/07 18:14:02 INFO BlockManager: BlockManager stopped
[2024-11-07T18:14:02.657+0000] {spark_submit.py:490} INFO - 24/11/07 18:14:02 INFO BlockManagerMaster: BlockManagerMaster stopped
[2024-11-07T18:14:02.660+0000] {spark_submit.py:490} INFO - 24/11/07 18:14:02 INFO OutputCommitCoordinator$OutputCommitCoordinatorEndpoint: OutputCommitCoordinator stopped!
[2024-11-07T18:14:02.678+0000] {spark_submit.py:490} INFO - 24/11/07 18:14:02 INFO SparkContext: Successfully stopped SparkContext
[2024-11-07T18:14:03.056+0000] {spark_submit.py:490} INFO - Traceback (most recent call last):
[2024-11-07T18:14:03.060+0000] {spark_submit.py:490} INFO - File "/opt/***/dags/spark_etl_script_docker.py", line 25, in <module>
[2024-11-07T18:14:03.062+0000] {spark_submit.py:490} INFO - RDD = sparkContext.parallelize([data])
[2024-11-07T18:14:03.063+0000] {spark_submit.py:490} INFO - File "/home/***/.local/lib/python3.7/site-packages/pyspark/python/lib/pyspark.zip/pyspark/context.py", line 780, in parallelize
[2024-11-07T18:14:03.063+0000] {spark_submit.py:490} INFO - File "/home/***/.local/lib/python3.7/site-packages/pyspark/python/lib/pyspark.zip/pyspark/context.py", line 627, in defaultParallelism
[2024-11-07T18:14:03.065+0000] {spark_submit.py:490} INFO - File "/home/***/.local/lib/python3.7/site-packages/pyspark/python/lib/py4j-0.10.9.7-src.zip/py4j/java_gateway.py", line 1323, in __call__
[2024-11-07T18:14:03.066+0000] {spark_submit.py:490} INFO - File "/home/***/.local/lib/python3.7/site-packages/pyspark/python/lib/pyspark.zip/pyspark/errors/exceptions/captured.py", line 169, in deco
[2024-11-07T18:14:03.067+0000] {spark_submit.py:490} INFO - File "/home/***/.local/lib/python3.7/site-packages/pyspark/python/lib/py4j-0.10.9.7-src.zip/py4j/protocol.py", line 328, in get_return_value
[2024-11-07T18:14:03.067+0000] {spark_submit.py:490} INFO - py4j.protocol.Py4JJavaError: An error occurred while calling o24.defaultParallelism.
[2024-11-07T18:14:03.068+0000] {spark_submit.py:490} INFO - : java.lang.IllegalStateException: Cannot call methods on a stopped SparkContext.
[2024-11-07T18:14:03.069+0000] {spark_submit.py:490} INFO - This stopped SparkContext was created at:
[2024-11-07T18:14:03.069+0000] {spark_submit.py:490} INFO - 
[2024-11-07T18:14:03.069+0000] {spark_submit.py:490} INFO - org.apache.spark.api.java.JavaSparkContext.<init>(JavaSparkContext.scala:58)
[2024-11-07T18:14:03.070+0000] {spark_submit.py:490} INFO - java.base/jdk.internal.reflect.NativeConstructorAccessorImpl.newInstance0(Native Method)
[2024-11-07T18:14:03.070+0000] {spark_submit.py:490} INFO - java.base/jdk.internal.reflect.NativeConstructorAccessorImpl.newInstance(NativeConstructorAccessorImpl.java:62)
[2024-11-07T18:14:03.071+0000] {spark_submit.py:490} INFO - java.base/jdk.internal.reflect.DelegatingConstructorAccessorImpl.newInstance(DelegatingConstructorAccessorImpl.java:45)
[2024-11-07T18:14:03.071+0000] {spark_submit.py:490} INFO - java.base/java.lang.reflect.Constructor.newInstance(Constructor.java:490)
[2024-11-07T18:14:03.072+0000] {spark_submit.py:490} INFO - py4j.reflection.MethodInvoker.invoke(MethodInvoker.java:247)
[2024-11-07T18:14:03.072+0000] {spark_submit.py:490} INFO - py4j.reflection.ReflectionEngine.invoke(ReflectionEngine.java:374)
[2024-11-07T18:14:03.073+0000] {spark_submit.py:490} INFO - py4j.Gateway.invoke(Gateway.java:238)
[2024-11-07T18:14:03.073+0000] {spark_submit.py:490} INFO - py4j.commands.ConstructorCommand.invokeConstructor(ConstructorCommand.java:80)
[2024-11-07T18:14:03.074+0000] {spark_submit.py:490} INFO - py4j.commands.ConstructorCommand.execute(ConstructorCommand.java:69)
[2024-11-07T18:14:03.074+0000] {spark_submit.py:490} INFO - py4j.ClientServerConnection.waitForCommands(ClientServerConnection.java:182)
[2024-11-07T18:14:03.074+0000] {spark_submit.py:490} INFO - py4j.ClientServerConnection.run(ClientServerConnection.java:106)
[2024-11-07T18:14:03.075+0000] {spark_submit.py:490} INFO - java.base/java.lang.Thread.run(Thread.java:829)
[2024-11-07T18:14:03.075+0000] {spark_submit.py:490} INFO - 
[2024-11-07T18:14:03.076+0000] {spark_submit.py:490} INFO - The currently active SparkContext was created at:
[2024-11-07T18:14:03.076+0000] {spark_submit.py:490} INFO - 
[2024-11-07T18:14:03.077+0000] {spark_submit.py:490} INFO - (No active SparkContext.)
[2024-11-07T18:14:03.077+0000] {spark_submit.py:490} INFO - 
[2024-11-07T18:14:03.077+0000] {spark_submit.py:490} INFO - at org.apache.spark.SparkContext.assertNotStopped(SparkContext.scala:120)
[2024-11-07T18:14:03.078+0000] {spark_submit.py:490} INFO - at org.apache.spark.SparkContext.defaultParallelism(SparkContext.scala:2554)
[2024-11-07T18:14:03.078+0000] {spark_submit.py:490} INFO - at java.base/jdk.internal.reflect.NativeMethodAccessorImpl.invoke0(Native Method)
[2024-11-07T18:14:03.079+0000] {spark_submit.py:490} INFO - at java.base/jdk.internal.reflect.NativeMethodAccessorImpl.invoke(NativeMethodAccessorImpl.java:62)
[2024-11-07T18:14:03.079+0000] {spark_submit.py:490} INFO - at java.base/jdk.internal.reflect.DelegatingMethodAccessorImpl.invoke(DelegatingMethodAccessorImpl.java:43)
[2024-11-07T18:14:03.080+0000] {spark_submit.py:490} INFO - at java.base/java.lang.reflect.Method.invoke(Method.java:566)
[2024-11-07T18:14:03.080+0000] {spark_submit.py:490} INFO - at py4j.reflection.MethodInvoker.invoke(MethodInvoker.java:244)
[2024-11-07T18:14:03.080+0000] {spark_submit.py:490} INFO - at py4j.reflection.ReflectionEngine.invoke(ReflectionEngine.java:374)
[2024-11-07T18:14:03.081+0000] {spark_submit.py:490} INFO - at py4j.Gateway.invoke(Gateway.java:282)
[2024-11-07T18:14:03.081+0000] {spark_submit.py:490} INFO - at py4j.commands.AbstractCommand.invokeMethod(AbstractCommand.java:132)
[2024-11-07T18:14:03.082+0000] {spark_submit.py:490} INFO - at py4j.commands.CallCommand.execute(CallCommand.java:79)
[2024-11-07T18:14:03.083+0000] {spark_submit.py:490} INFO - at py4j.ClientServerConnection.waitForCommands(ClientServerConnection.java:182)
[2024-11-07T18:14:03.083+0000] {spark_submit.py:490} INFO - at py4j.ClientServerConnection.run(ClientServerConnection.java:106)
[2024-11-07T18:14:03.083+0000] {spark_submit.py:490} INFO - at java.base/java.lang.Thread.run(Thread.java:829)
[2024-11-07T18:14:03.084+0000] {spark_submit.py:490} INFO - 
[2024-11-07T18:14:03.153+0000] {spark_submit.py:490} INFO - 24/11/07 18:14:03 INFO ShutdownHookManager: Shutdown hook called
[2024-11-07T18:14:03.155+0000] {spark_submit.py:490} INFO - 24/11/07 18:14:03 INFO ShutdownHookManager: Deleting directory /tmp/spark-107c0937-026a-4a9e-a131-31523713b77e/pyspark-111fa506-c2ce-4f03-ade0-3b616a2668b5
[2024-11-07T18:14:03.167+0000] {spark_submit.py:490} INFO - 24/11/07 18:14:03 INFO ShutdownHookManager: Deleting directory /tmp/spark-11464424-bf79-46a1-8c13-5baced707df0
[2024-11-07T18:14:03.183+0000] {spark_submit.py:490} INFO - 24/11/07 18:14:03 INFO ShutdownHookManager: Deleting directory /tmp/spark-107c0937-026a-4a9e-a131-31523713b77e
[2024-11-07T18:14:03.359+0000] {taskinstance.py:1768} ERROR - Task failed with exception
Traceback (most recent call last):
  File "/home/airflow/.local/lib/python3.7/site-packages/airflow/providers/apache/spark/operators/spark_submit.py", line 157, in execute
    self._hook.submit(self._application)
  File "/home/airflow/.local/lib/python3.7/site-packages/airflow/providers/apache/spark/hooks/spark_submit.py", line 422, in submit
    f"Cannot execute: {self._mask_cmd(spark_submit_cmd)}. Error code is: {returncode}."
airflow.exceptions.AirflowException: Cannot execute: spark-submit --master spark://e08aaf1b2456:7077 --name arrow-spark --queue root.default /opt/***/dags/spark_etl_script_docker.py. Error code is: 1.
[2024-11-07T18:14:03.377+0000] {taskinstance.py:1323} INFO - Marking task as FAILED. dag_id=spark_***_dag, task_id=spark_submit_task, execution_date=20241107T181253, start_date=20241107T181254, end_date=20241107T181403
[2024-11-07T18:14:03.439+0000] {standard_task_runner.py:105} ERROR - Failed to execute job 9 for task spark_submit_task (Cannot execute: spark-submit --master spark://e08aaf1b2456:7077 --name arrow-spark --queue root.default /opt/***/dags/spark_etl_script_docker.py. Error code is: 1.; 3020)
[2024-11-07T18:14:03.486+0000] {local_task_job.py:208} INFO - Task exited with return code 1
[2024-11-07T18:14:03.533+0000] {taskinstance.py:2578} INFO - 0 downstream tasks scheduled from follow-on schedule check
