[2024-11-07T17:05:04.125+0000] {local_task_job_runner.py:123} INFO - ::group::Pre task execution logs
[2024-11-07T17:05:04.153+0000] {taskinstance.py:2612} INFO - Dependencies all met for dep_context=non-requeueable deps ti=<TaskInstance: spark_airflow_dag.spark_submit_task manual__2024-11-07T17:04:53.686564+00:00 [queued]>
[2024-11-07T17:05:04.163+0000] {taskinstance.py:2612} INFO - Dependencies all met for dep_context=requeueable deps ti=<TaskInstance: spark_airflow_dag.spark_submit_task manual__2024-11-07T17:04:53.686564+00:00 [queued]>
[2024-11-07T17:05:04.164+0000] {taskinstance.py:2865} INFO - Starting attempt 1 of 1
[2024-11-07T17:05:04.191+0000] {taskinstance.py:2888} INFO - Executing <Task(SparkSubmitOperator): spark_submit_task> on 2024-11-07 17:04:53.686564+00:00
[2024-11-07T17:05:04.203+0000] {warnings.py:112} WARNING - /home/***/.local/lib/python3.12/site-packages/***/task/task_runner/standard_task_runner.py:70: DeprecationWarning: This process (pid=196) is multi-threaded, use of fork() may lead to deadlocks in the child.
  pid = os.fork()

[2024-11-07T17:05:04.206+0000] {standard_task_runner.py:72} INFO - Started process 198 to run task
[2024-11-07T17:05:04.207+0000] {standard_task_runner.py:104} INFO - Running: ['***', 'tasks', 'run', 'spark_***_dag', 'spark_submit_task', 'manual__2024-11-07T17:04:53.686564+00:00', '--job-id', '3', '--raw', '--subdir', 'DAGS_FOLDER/spark_jobs_dag.py', '--cfg-path', '/tmp/tmpb4tluq9r']
[2024-11-07T17:05:04.209+0000] {standard_task_runner.py:105} INFO - Job 3: Subtask spark_submit_task
[2024-11-07T17:05:04.304+0000] {task_command.py:467} INFO - Running <TaskInstance: spark_airflow_dag.spark_submit_task manual__2024-11-07T17:04:53.686564+00:00 [running]> on host 9740f73c77bc
[2024-11-07T17:05:04.465+0000] {taskinstance.py:3131} INFO - Exporting env vars: AIRFLOW_CTX_DAG_OWNER='***' AIRFLOW_CTX_DAG_ID='spark_***_dag' AIRFLOW_CTX_TASK_ID='spark_submit_task' AIRFLOW_CTX_EXECUTION_DATE='2024-11-07T17:04:53.686564+00:00' AIRFLOW_CTX_TRY_NUMBER='1' AIRFLOW_CTX_DAG_RUN_ID='manual__2024-11-07T17:04:53.686564+00:00'
[2024-11-07T17:05:04.467+0000] {logging_mixin.py:190} INFO - Task instance is in running state
[2024-11-07T17:05:04.470+0000] {logging_mixin.py:190} INFO -  Previous state of the Task instance: queued
[2024-11-07T17:05:04.471+0000] {logging_mixin.py:190} INFO - Current task name:spark_submit_task state:running start_date:2024-11-07 17:05:04.154060+00:00
[2024-11-07T17:05:04.472+0000] {logging_mixin.py:190} INFO - Dag name:spark_***_dag and current dag run status:running
[2024-11-07T17:05:04.472+0000] {taskinstance.py:731} INFO - ::endgroup::
[2024-11-07T17:05:04.499+0000] {spark_submit.py:304} INFO - Could not load connection string spark_local, defaulting to yarn
[2024-11-07T17:05:04.505+0000] {spark_submit.py:473} INFO - Spark-Submit cmd: spark-submit --master yarn --name arrow-spark /opt/***/dags/spark_etl_script_docker.py
[2024-11-07T17:05:04.625+0000] {spark_submit.py:634} INFO - /home/***/.local/lib/python3.12/site-packages/pyspark/bin/load-spark-env.sh: line 68: ps: command not found
[2024-11-07T17:05:04.628+0000] {spark_submit.py:634} INFO - JAVA_HOME is not set
[2024-11-07T17:05:04.650+0000] {taskinstance.py:3310} ERROR - Task failed with exception
Traceback (most recent call last):
  File "/home/airflow/.local/lib/python3.12/site-packages/airflow/models/taskinstance.py", line 767, in _execute_task
    result = _execute_callable(context=context, **execute_callable_kwargs)
             ^^^^^^^^^^^^^^^^^^^^^^^^^^^^^^^^^^^^^^^^^^^^^^^^^^^^^^^^^^^^^
  File "/home/airflow/.local/lib/python3.12/site-packages/airflow/models/taskinstance.py", line 733, in _execute_callable
    return ExecutionCallableRunner(
           ^^^^^^^^^^^^^^^^^^^^^^^^
  File "/home/airflow/.local/lib/python3.12/site-packages/airflow/utils/operator_helpers.py", line 252, in run
    return self.func(*args, **kwargs)
           ^^^^^^^^^^^^^^^^^^^^^^^^^^
  File "/home/airflow/.local/lib/python3.12/site-packages/airflow/models/baseoperator.py", line 406, in wrapper
    return func(self, *args, **kwargs)
           ^^^^^^^^^^^^^^^^^^^^^^^^^^^
  File "/home/airflow/.local/lib/python3.12/site-packages/airflow/providers/apache/spark/operators/spark_submit.py", line 176, in execute
    self._hook.submit(self.application)
  File "/home/airflow/.local/lib/python3.12/site-packages/airflow/providers/apache/spark/hooks/spark_submit.py", line 560, in submit
    raise AirflowException(
airflow.exceptions.AirflowException: Cannot execute: spark-submit --master yarn --name arrow-spark /opt/***/dags/spark_etl_script_docker.py. Error code is: 1.
[2024-11-07T17:05:04.677+0000] {logging_mixin.py:190} INFO - Task instance in failure state
[2024-11-07T17:05:04.677+0000] {logging_mixin.py:190} INFO - Task start:2024-11-07 17:05:04.154060+00:00 end:2024-11-07 17:05:04.672643+00:00 duration:0.518583
[2024-11-07T17:05:04.679+0000] {logging_mixin.py:190} INFO - Task:<Task(SparkSubmitOperator): spark_submit_task> dag:<DAG: spark_***_dag> dagrun:<DagRun spark_***_dag @ 2024-11-07 17:04:53.686564+00:00: manual__2024-11-07T17:04:53.686564+00:00, state:running, queued_at: 2024-11-07 17:04:53.756331+00:00. externally triggered: True>
[2024-11-07T17:05:04.680+0000] {logging_mixin.py:190} INFO - Failure caused by Cannot execute: spark-submit --master yarn --name arrow-spark /opt/***/dags/spark_etl_script_docker.py. Error code is: 1.
[2024-11-07T17:05:04.681+0000] {taskinstance.py:1225} INFO - Marking task as FAILED. dag_id=spark_***_dag, task_id=spark_submit_task, run_id=manual__2024-11-07T17:04:53.686564+00:00, execution_date=20241107T170453, start_date=20241107T170504, end_date=20241107T170504
[2024-11-07T17:05:04.723+0000] {taskinstance.py:340} INFO - ::group::Post task execution logs
[2024-11-07T17:05:04.724+0000] {standard_task_runner.py:124} ERROR - Failed to execute job 3 for task spark_submit_task (Cannot execute: spark-submit --master yarn --name arrow-spark /opt/***/dags/spark_etl_script_docker.py. Error code is: 1.; 198)
Traceback (most recent call last):
  File "/home/airflow/.local/lib/python3.12/site-packages/airflow/task/task_runner/standard_task_runner.py", line 117, in _start_by_fork
    ret = args.func(args, dag=self.dag)
          ^^^^^^^^^^^^^^^^^^^^^^^^^^^^^
  File "/home/airflow/.local/lib/python3.12/site-packages/airflow/cli/cli_config.py", line 49, in command
    return func(*args, **kwargs)
           ^^^^^^^^^^^^^^^^^^^^^
  File "/home/airflow/.local/lib/python3.12/site-packages/airflow/utils/cli.py", line 115, in wrapper
    return f(*args, **kwargs)
           ^^^^^^^^^^^^^^^^^^
  File "/home/airflow/.local/lib/python3.12/site-packages/airflow/cli/commands/task_command.py", line 483, in task_run
    task_return_code = _run_task_by_selected_method(args, _dag, ti)
                       ^^^^^^^^^^^^^^^^^^^^^^^^^^^^^^^^^^^^^^^^^^^^
  File "/home/airflow/.local/lib/python3.12/site-packages/airflow/cli/commands/task_command.py", line 256, in _run_task_by_selected_method
    return _run_raw_task(args, ti)
           ^^^^^^^^^^^^^^^^^^^^^^^
  File "/home/airflow/.local/lib/python3.12/site-packages/airflow/cli/commands/task_command.py", line 341, in _run_raw_task
    return ti._run_raw_task(
           ^^^^^^^^^^^^^^^^^
  File "/home/airflow/.local/lib/python3.12/site-packages/airflow/utils/session.py", line 97, in wrapper
    return func(*args, session=session, **kwargs)
           ^^^^^^^^^^^^^^^^^^^^^^^^^^^^^^^^^^^^^^
  File "/home/airflow/.local/lib/python3.12/site-packages/airflow/models/taskinstance.py", line 3004, in _run_raw_task
    return _run_raw_task(
           ^^^^^^^^^^^^^^
  File "/home/airflow/.local/lib/python3.12/site-packages/airflow/models/taskinstance.py", line 273, in _run_raw_task
    TaskInstance._execute_task_with_callbacks(
  File "/home/airflow/.local/lib/python3.12/site-packages/airflow/models/taskinstance.py", line 3158, in _execute_task_with_callbacks
    result = self._execute_task(context, task_orig)
             ^^^^^^^^^^^^^^^^^^^^^^^^^^^^^^^^^^^^^^
  File "/home/airflow/.local/lib/python3.12/site-packages/airflow/models/taskinstance.py", line 3182, in _execute_task
    return _execute_task(self, context, task_orig)
           ^^^^^^^^^^^^^^^^^^^^^^^^^^^^^^^^^^^^^^^
  File "/home/airflow/.local/lib/python3.12/site-packages/airflow/models/taskinstance.py", line 767, in _execute_task
    result = _execute_callable(context=context, **execute_callable_kwargs)
             ^^^^^^^^^^^^^^^^^^^^^^^^^^^^^^^^^^^^^^^^^^^^^^^^^^^^^^^^^^^^^
  File "/home/airflow/.local/lib/python3.12/site-packages/airflow/models/taskinstance.py", line 733, in _execute_callable
    return ExecutionCallableRunner(
           ^^^^^^^^^^^^^^^^^^^^^^^^
  File "/home/airflow/.local/lib/python3.12/site-packages/airflow/utils/operator_helpers.py", line 252, in run
    return self.func(*args, **kwargs)
           ^^^^^^^^^^^^^^^^^^^^^^^^^^
  File "/home/airflow/.local/lib/python3.12/site-packages/airflow/models/baseoperator.py", line 406, in wrapper
    return func(self, *args, **kwargs)
           ^^^^^^^^^^^^^^^^^^^^^^^^^^^
  File "/home/airflow/.local/lib/python3.12/site-packages/airflow/providers/apache/spark/operators/spark_submit.py", line 176, in execute
    self._hook.submit(self.application)
  File "/home/airflow/.local/lib/python3.12/site-packages/airflow/providers/apache/spark/hooks/spark_submit.py", line 560, in submit
    raise AirflowException(
airflow.exceptions.AirflowException: Cannot execute: spark-submit --master yarn --name arrow-spark /opt/***/dags/spark_etl_script_docker.py. Error code is: 1.
[2024-11-07T17:05:04.758+0000] {local_task_job_runner.py:266} INFO - Task exited with return code 1
[2024-11-07T17:05:04.794+0000] {taskinstance.py:3900} INFO - 0 downstream tasks scheduled from follow-on schedule check
[2024-11-07T17:05:04.802+0000] {local_task_job_runner.py:245} INFO - ::endgroup::
