[2024-11-07T18:05:48.813+0000] {taskinstance.py:1083} INFO - Dependencies all met for <TaskInstance: spark_airflow_dag.spark_submit_task manual__2024-11-07T18:05:46.988944+00:00 [queued]>
[2024-11-07T18:05:48.828+0000] {taskinstance.py:1083} INFO - Dependencies all met for <TaskInstance: spark_airflow_dag.spark_submit_task manual__2024-11-07T18:05:46.988944+00:00 [queued]>
[2024-11-07T18:05:48.829+0000] {taskinstance.py:1279} INFO - 
--------------------------------------------------------------------------------
[2024-11-07T18:05:48.829+0000] {taskinstance.py:1280} INFO - Starting attempt 1 of 1
[2024-11-07T18:05:48.829+0000] {taskinstance.py:1281} INFO - 
--------------------------------------------------------------------------------
[2024-11-07T18:05:48.849+0000] {taskinstance.py:1300} INFO - Executing <Task(SparkSubmitOperator): spark_submit_task> on 2024-11-07 18:05:46.988944+00:00
[2024-11-07T18:05:48.856+0000] {standard_task_runner.py:55} INFO - Started process 2053 to run task
[2024-11-07T18:05:48.862+0000] {standard_task_runner.py:82} INFO - Running: ['***', 'tasks', 'run', 'spark_***_dag', 'spark_submit_task', 'manual__2024-11-07T18:05:46.988944+00:00', '--job-id', '7', '--raw', '--subdir', 'DAGS_FOLDER/spark_jobs_dag.py', '--cfg-path', '/tmp/tmpkggv19g6']
[2024-11-07T18:05:48.863+0000] {standard_task_runner.py:83} INFO - Job 7: Subtask spark_submit_task
[2024-11-07T18:05:48.881+0000] {warnings.py:110} WARNING - /home/***/.local/lib/python3.7/site-packages/***/settings.py:249: DeprecationWarning: The sql_alchemy_conn option in [core] has been moved to the sql_alchemy_conn option in [database] - the old setting has been used, but please update your config.
  SQL_ALCHEMY_CONN = conf.get("database", "SQL_ALCHEMY_CONN")

[2024-11-07T18:05:48.950+0000] {task_command.py:388} INFO - Running <TaskInstance: spark_airflow_dag.spark_submit_task manual__2024-11-07T18:05:46.988944+00:00 [running]> on host 25d0a0554898
[2024-11-07T18:05:49.047+0000] {taskinstance.py:1509} INFO - Exporting the following env vars:
AIRFLOW_CTX_DAG_OWNER=***
AIRFLOW_CTX_DAG_ID=spark_***_dag
AIRFLOW_CTX_TASK_ID=spark_submit_task
AIRFLOW_CTX_EXECUTION_DATE=2024-11-07T18:05:46.988944+00:00
AIRFLOW_CTX_TRY_NUMBER=1
AIRFLOW_CTX_DAG_RUN_ID=manual__2024-11-07T18:05:46.988944+00:00
[2024-11-07T18:05:49.061+0000] {base.py:73} INFO - Using connection ID 'spark_local' for task execution.
[2024-11-07T18:05:49.063+0000] {spark_submit.py:339} INFO - Spark-Submit cmd: spark-submit --master spark://docker-spark-***-spark-1:7077 --name arrow-spark --queue root.default /opt/***/dags/spark_etl_script_docker.py
[2024-11-07T18:05:49.207+0000] {spark_submit.py:490} INFO - /home/***/.local/lib/python3.7/site-packages/pyspark/bin/load-spark-env.sh: line 68: ps: command not found
[2024-11-07T18:05:53.741+0000] {spark_submit.py:490} INFO - 24/11/07 18:05:53 INFO SparkContext: Running Spark version 3.4.4
[2024-11-07T18:05:53.861+0000] {spark_submit.py:490} INFO - 24/11/07 18:05:53 WARN NativeCodeLoader: Unable to load native-hadoop library for your platform... using builtin-java classes where applicable
[2024-11-07T18:05:54.018+0000] {spark_submit.py:490} INFO - 24/11/07 18:05:54 INFO ResourceUtils: ==============================================================
[2024-11-07T18:05:54.019+0000] {spark_submit.py:490} INFO - 24/11/07 18:05:54 INFO ResourceUtils: No custom resources configured for spark.driver.
[2024-11-07T18:05:54.019+0000] {spark_submit.py:490} INFO - 24/11/07 18:05:54 INFO ResourceUtils: ==============================================================
[2024-11-07T18:05:54.020+0000] {spark_submit.py:490} INFO - 24/11/07 18:05:54 INFO SparkContext: Submitted application: DataExtraction
[2024-11-07T18:05:54.052+0000] {spark_submit.py:490} INFO - 24/11/07 18:05:54 INFO ResourceProfile: Default ResourceProfile created, executor resources: Map(memory -> name: memory, amount: 1024, script: , vendor: , offHeap -> name: offHeap, amount: 0, script: , vendor: ), task resources: Map(cpus -> name: cpus, amount: 1.0)
[2024-11-07T18:05:54.067+0000] {spark_submit.py:490} INFO - 24/11/07 18:05:54 INFO ResourceProfile: Limiting resource is cpu
[2024-11-07T18:05:54.068+0000] {spark_submit.py:490} INFO - 24/11/07 18:05:54 INFO ResourceProfileManager: Added ResourceProfile id: 0
[2024-11-07T18:05:54.162+0000] {spark_submit.py:490} INFO - 24/11/07 18:05:54 INFO SecurityManager: Changing view acls to: default
[2024-11-07T18:05:54.163+0000] {spark_submit.py:490} INFO - 24/11/07 18:05:54 INFO SecurityManager: Changing modify acls to: default
[2024-11-07T18:05:54.164+0000] {spark_submit.py:490} INFO - 24/11/07 18:05:54 INFO SecurityManager: Changing view acls groups to:
[2024-11-07T18:05:54.165+0000] {spark_submit.py:490} INFO - 24/11/07 18:05:54 INFO SecurityManager: Changing modify acls groups to:
[2024-11-07T18:05:54.166+0000] {spark_submit.py:490} INFO - 24/11/07 18:05:54 INFO SecurityManager: SecurityManager: authentication disabled; ui acls disabled; users with view permissions: default; groups with view permissions: EMPTY; users with modify permissions: default; groups with modify permissions: EMPTY
[2024-11-07T18:05:54.906+0000] {spark_submit.py:490} INFO - 24/11/07 18:05:54 INFO Utils: Successfully started service 'sparkDriver' on port 33821.
[2024-11-07T18:05:55.022+0000] {spark_submit.py:490} INFO - 24/11/07 18:05:55 INFO SparkEnv: Registering MapOutputTracker
[2024-11-07T18:05:55.141+0000] {spark_submit.py:490} INFO - 24/11/07 18:05:55 INFO SparkEnv: Registering BlockManagerMaster
[2024-11-07T18:05:55.183+0000] {spark_submit.py:490} INFO - 24/11/07 18:05:55 INFO BlockManagerMasterEndpoint: Using org.apache.spark.storage.DefaultTopologyMapper for getting topology information
[2024-11-07T18:05:55.185+0000] {spark_submit.py:490} INFO - 24/11/07 18:05:55 INFO BlockManagerMasterEndpoint: BlockManagerMasterEndpoint up
[2024-11-07T18:05:55.192+0000] {spark_submit.py:490} INFO - 24/11/07 18:05:55 INFO SparkEnv: Registering BlockManagerMasterHeartbeat
[2024-11-07T18:05:55.231+0000] {spark_submit.py:490} INFO - 24/11/07 18:05:55 INFO DiskBlockManager: Created local directory at /tmp/blockmgr-c26f113b-219c-4a69-aa61-692621b4c43b
[2024-11-07T18:05:55.264+0000] {spark_submit.py:490} INFO - 24/11/07 18:05:55 INFO MemoryStore: MemoryStore started with capacity 434.4 MiB
[2024-11-07T18:05:55.295+0000] {spark_submit.py:490} INFO - 24/11/07 18:05:55 INFO SparkEnv: Registering OutputCommitCoordinator
[2024-11-07T18:05:55.651+0000] {spark_submit.py:490} INFO - 24/11/07 18:05:55 INFO JettyUtils: Start Jetty 0.0.0.0:4040 for SparkUI
[2024-11-07T18:05:55.781+0000] {spark_submit.py:490} INFO - 24/11/07 18:05:55 INFO Utils: Successfully started service 'SparkUI' on port 4040.
[2024-11-07T18:05:55.991+0000] {spark_submit.py:490} INFO - 24/11/07 18:05:55 INFO StandaloneAppClient$ClientEndpoint: Connecting to master spark://docker-spark-***-spark-1:7077...
[2024-11-07T18:05:56.162+0000] {spark_submit.py:490} INFO - 24/11/07 18:05:56 INFO TransportClientFactory: Successfully created connection to docker-spark-***-spark-1/172.19.0.3:7077 after 53 ms (0 ms spent in bootstraps)
[2024-11-07T18:06:15.992+0000] {spark_submit.py:490} INFO - 24/11/07 18:06:15 INFO StandaloneAppClient$ClientEndpoint: Connecting to master spark://docker-spark-***-spark-1:7077...
[2024-11-07T18:06:35.993+0000] {spark_submit.py:490} INFO - 24/11/07 18:06:35 INFO StandaloneAppClient$ClientEndpoint: Connecting to master spark://docker-spark-***-spark-1:7077...
[2024-11-07T18:06:55.994+0000] {spark_submit.py:490} INFO - 24/11/07 18:06:55 ERROR StandaloneSchedulerBackend: Application has been killed. Reason: All masters are unresponsive! Giving up.
[2024-11-07T18:06:55.997+0000] {spark_submit.py:490} INFO - 24/11/07 18:06:55 WARN StandaloneSchedulerBackend: Application ID is not initialized yet.
[2024-11-07T18:06:56.008+0000] {spark_submit.py:490} INFO - 24/11/07 18:06:56 INFO Utils: Successfully started service 'org.apache.spark.network.netty.NettyBlockTransferService' on port 38245.
[2024-11-07T18:06:56.010+0000] {spark_submit.py:490} INFO - 24/11/07 18:06:56 INFO NettyBlockTransferService: Server created on 25d0a0554898:38245
[2024-11-07T18:06:56.013+0000] {spark_submit.py:490} INFO - 24/11/07 18:06:56 INFO BlockManager: Using org.apache.spark.storage.RandomBlockReplicationPolicy for block replication policy
[2024-11-07T18:06:56.019+0000] {spark_submit.py:490} INFO - 24/11/07 18:06:56 INFO BlockManagerMaster: Registering BlockManager BlockManagerId(driver, 25d0a0554898, 38245, None)
[2024-11-07T18:06:56.022+0000] {spark_submit.py:490} INFO - 24/11/07 18:06:56 INFO BlockManagerMasterEndpoint: Registering block manager 25d0a0554898:38245 with 434.4 MiB RAM, BlockManagerId(driver, 25d0a0554898, 38245, None)
[2024-11-07T18:06:56.026+0000] {spark_submit.py:490} INFO - 24/11/07 18:06:56 INFO BlockManagerMaster: Registered BlockManager BlockManagerId(driver, 25d0a0554898, 38245, None)
[2024-11-07T18:06:56.027+0000] {spark_submit.py:490} INFO - 24/11/07 18:06:56 INFO BlockManager: Initialized BlockManager: BlockManagerId(driver, 25d0a0554898, 38245, None)
[2024-11-07T18:06:56.294+0000] {spark_submit.py:490} INFO - 24/11/07 18:06:56 INFO StandaloneSchedulerBackend: SchedulerBackend is ready for scheduling beginning after reached minRegisteredResourcesRatio: 0.0
[2024-11-07T18:06:56.331+0000] {spark_submit.py:490} INFO - /home/***/.local/lib/python3.7/site-packages/pyspark/python/lib/pyspark.zip/pyspark/context.py:317: FutureWarning: Python 3.7 support is deprecated in Spark 3.4.
[2024-11-07T18:06:56.332+0000] {spark_submit.py:490} INFO - warnings.warn("Python 3.7 support is deprecated in Spark 3.4.", FutureWarning)
[2024-11-07T18:06:56.584+0000] {spark_submit.py:490} INFO - 24/11/07 18:06:56 INFO SparkContext: SparkContext is stopping with exitCode 0.
[2024-11-07T18:06:56.599+0000] {spark_submit.py:490} INFO - 24/11/07 18:06:56 INFO SparkUI: Stopped Spark web UI at http://25d0a0554898:4040
[2024-11-07T18:06:56.606+0000] {spark_submit.py:490} INFO - 24/11/07 18:06:56 INFO StandaloneSchedulerBackend: Shutting down all executors
[2024-11-07T18:06:56.611+0000] {spark_submit.py:490} INFO - 24/11/07 18:06:56 INFO StandaloneSchedulerBackend$StandaloneDriverEndpoint: Asking each executor to shut down
[2024-11-07T18:06:56.628+0000] {spark_submit.py:490} INFO - 24/11/07 18:06:56 WARN StandaloneAppClient$ClientEndpoint: Drop UnregisterApplication(null) because has not yet connected to master
[2024-11-07T18:06:56.641+0000] {spark_submit.py:490} INFO - 24/11/07 18:06:56 INFO MapOutputTrackerMasterEndpoint: MapOutputTrackerMasterEndpoint stopped!
[2024-11-07T18:06:56.666+0000] {spark_submit.py:490} INFO - 24/11/07 18:06:56 INFO MemoryStore: MemoryStore cleared
[2024-11-07T18:06:56.667+0000] {spark_submit.py:490} INFO - 24/11/07 18:06:56 INFO BlockManager: BlockManager stopped
[2024-11-07T18:06:56.674+0000] {spark_submit.py:490} INFO - 24/11/07 18:06:56 INFO BlockManagerMaster: BlockManagerMaster stopped
[2024-11-07T18:06:56.676+0000] {spark_submit.py:490} INFO - 24/11/07 18:06:56 INFO OutputCommitCoordinator$OutputCommitCoordinatorEndpoint: OutputCommitCoordinator stopped!
[2024-11-07T18:06:56.694+0000] {spark_submit.py:490} INFO - 24/11/07 18:06:56 INFO SparkContext: Successfully stopped SparkContext
[2024-11-07T18:06:57.166+0000] {spark_submit.py:490} INFO - Traceback (most recent call last):
[2024-11-07T18:06:57.166+0000] {spark_submit.py:490} INFO - File "/opt/***/dags/spark_etl_script_docker.py", line 25, in <module>
[2024-11-07T18:06:57.167+0000] {spark_submit.py:490} INFO - RDD = sparkContext.parallelize([data])
[2024-11-07T18:06:57.169+0000] {spark_submit.py:490} INFO - File "/home/***/.local/lib/python3.7/site-packages/pyspark/python/lib/pyspark.zip/pyspark/context.py", line 780, in parallelize
[2024-11-07T18:06:57.170+0000] {spark_submit.py:490} INFO - File "/home/***/.local/lib/python3.7/site-packages/pyspark/python/lib/pyspark.zip/pyspark/context.py", line 627, in defaultParallelism
[2024-11-07T18:06:57.170+0000] {spark_submit.py:490} INFO - File "/home/***/.local/lib/python3.7/site-packages/pyspark/python/lib/py4j-0.10.9.7-src.zip/py4j/java_gateway.py", line 1323, in __call__
[2024-11-07T18:06:57.171+0000] {spark_submit.py:490} INFO - File "/home/***/.local/lib/python3.7/site-packages/pyspark/python/lib/pyspark.zip/pyspark/errors/exceptions/captured.py", line 169, in deco
[2024-11-07T18:06:57.173+0000] {spark_submit.py:490} INFO - File "/home/***/.local/lib/python3.7/site-packages/pyspark/python/lib/py4j-0.10.9.7-src.zip/py4j/protocol.py", line 328, in get_return_value
[2024-11-07T18:06:57.174+0000] {spark_submit.py:490} INFO - py4j.protocol.Py4JJavaError: An error occurred while calling o24.defaultParallelism.
[2024-11-07T18:06:57.174+0000] {spark_submit.py:490} INFO - : java.lang.IllegalStateException: Cannot call methods on a stopped SparkContext.
[2024-11-07T18:06:57.174+0000] {spark_submit.py:490} INFO - This stopped SparkContext was created at:
[2024-11-07T18:06:57.175+0000] {spark_submit.py:490} INFO - 
[2024-11-07T18:06:57.176+0000] {spark_submit.py:490} INFO - org.apache.spark.api.java.JavaSparkContext.<init>(JavaSparkContext.scala:58)
[2024-11-07T18:06:57.176+0000] {spark_submit.py:490} INFO - java.base/jdk.internal.reflect.NativeConstructorAccessorImpl.newInstance0(Native Method)
[2024-11-07T18:06:57.177+0000] {spark_submit.py:490} INFO - java.base/jdk.internal.reflect.NativeConstructorAccessorImpl.newInstance(NativeConstructorAccessorImpl.java:62)
[2024-11-07T18:06:57.178+0000] {spark_submit.py:490} INFO - java.base/jdk.internal.reflect.DelegatingConstructorAccessorImpl.newInstance(DelegatingConstructorAccessorImpl.java:45)
[2024-11-07T18:06:57.178+0000] {spark_submit.py:490} INFO - java.base/java.lang.reflect.Constructor.newInstance(Constructor.java:490)
[2024-11-07T18:06:57.179+0000] {spark_submit.py:490} INFO - py4j.reflection.MethodInvoker.invoke(MethodInvoker.java:247)
[2024-11-07T18:06:57.179+0000] {spark_submit.py:490} INFO - py4j.reflection.ReflectionEngine.invoke(ReflectionEngine.java:374)
[2024-11-07T18:06:57.180+0000] {spark_submit.py:490} INFO - py4j.Gateway.invoke(Gateway.java:238)
[2024-11-07T18:06:57.180+0000] {spark_submit.py:490} INFO - py4j.commands.ConstructorCommand.invokeConstructor(ConstructorCommand.java:80)
[2024-11-07T18:06:57.181+0000] {spark_submit.py:490} INFO - py4j.commands.ConstructorCommand.execute(ConstructorCommand.java:69)
[2024-11-07T18:06:57.181+0000] {spark_submit.py:490} INFO - py4j.ClientServerConnection.waitForCommands(ClientServerConnection.java:182)
[2024-11-07T18:06:57.182+0000] {spark_submit.py:490} INFO - py4j.ClientServerConnection.run(ClientServerConnection.java:106)
[2024-11-07T18:06:57.182+0000] {spark_submit.py:490} INFO - java.base/java.lang.Thread.run(Thread.java:829)
[2024-11-07T18:06:57.183+0000] {spark_submit.py:490} INFO - 
[2024-11-07T18:06:57.184+0000] {spark_submit.py:490} INFO - The currently active SparkContext was created at:
[2024-11-07T18:06:57.184+0000] {spark_submit.py:490} INFO - 
[2024-11-07T18:06:57.186+0000] {spark_submit.py:490} INFO - (No active SparkContext.)
[2024-11-07T18:06:57.187+0000] {spark_submit.py:490} INFO - 
[2024-11-07T18:06:57.188+0000] {spark_submit.py:490} INFO - at org.apache.spark.SparkContext.assertNotStopped(SparkContext.scala:120)
[2024-11-07T18:06:57.188+0000] {spark_submit.py:490} INFO - at org.apache.spark.SparkContext.defaultParallelism(SparkContext.scala:2554)
[2024-11-07T18:06:57.190+0000] {spark_submit.py:490} INFO - at java.base/jdk.internal.reflect.NativeMethodAccessorImpl.invoke0(Native Method)
[2024-11-07T18:06:57.190+0000] {spark_submit.py:490} INFO - at java.base/jdk.internal.reflect.NativeMethodAccessorImpl.invoke(NativeMethodAccessorImpl.java:62)
[2024-11-07T18:06:57.191+0000] {spark_submit.py:490} INFO - at java.base/jdk.internal.reflect.DelegatingMethodAccessorImpl.invoke(DelegatingMethodAccessorImpl.java:43)
[2024-11-07T18:06:57.192+0000] {spark_submit.py:490} INFO - at java.base/java.lang.reflect.Method.invoke(Method.java:566)
[2024-11-07T18:06:57.193+0000] {spark_submit.py:490} INFO - at py4j.reflection.MethodInvoker.invoke(MethodInvoker.java:244)
[2024-11-07T18:06:57.194+0000] {spark_submit.py:490} INFO - at py4j.reflection.ReflectionEngine.invoke(ReflectionEngine.java:374)
[2024-11-07T18:06:57.195+0000] {spark_submit.py:490} INFO - at py4j.Gateway.invoke(Gateway.java:282)
[2024-11-07T18:06:57.195+0000] {spark_submit.py:490} INFO - at py4j.commands.AbstractCommand.invokeMethod(AbstractCommand.java:132)
[2024-11-07T18:06:57.196+0000] {spark_submit.py:490} INFO - at py4j.commands.CallCommand.execute(CallCommand.java:79)
[2024-11-07T18:06:57.197+0000] {spark_submit.py:490} INFO - at py4j.ClientServerConnection.waitForCommands(ClientServerConnection.java:182)
[2024-11-07T18:06:57.198+0000] {spark_submit.py:490} INFO - at py4j.ClientServerConnection.run(ClientServerConnection.java:106)
[2024-11-07T18:06:57.198+0000] {spark_submit.py:490} INFO - at java.base/java.lang.Thread.run(Thread.java:829)
[2024-11-07T18:06:57.200+0000] {spark_submit.py:490} INFO - 
[2024-11-07T18:06:57.236+0000] {spark_submit.py:490} INFO - 24/11/07 18:06:57 INFO ShutdownHookManager: Shutdown hook called
[2024-11-07T18:06:57.238+0000] {spark_submit.py:490} INFO - 24/11/07 18:06:57 INFO ShutdownHookManager: Deleting directory /tmp/spark-4fcfa322-3df5-4d6a-9133-81ae83b3669a
[2024-11-07T18:06:57.246+0000] {spark_submit.py:490} INFO - 24/11/07 18:06:57 INFO ShutdownHookManager: Deleting directory /tmp/spark-28d5cf78-df24-4b18-a6d6-2756d7f9541a
[2024-11-07T18:06:57.255+0000] {spark_submit.py:490} INFO - 24/11/07 18:06:57 INFO ShutdownHookManager: Deleting directory /tmp/spark-28d5cf78-df24-4b18-a6d6-2756d7f9541a/pyspark-d7200869-4477-443b-90ee-cdecc09b0c79
[2024-11-07T18:06:57.327+0000] {taskinstance.py:1768} ERROR - Task failed with exception
Traceback (most recent call last):
  File "/home/airflow/.local/lib/python3.7/site-packages/airflow/providers/apache/spark/operators/spark_submit.py", line 157, in execute
    self._hook.submit(self._application)
  File "/home/airflow/.local/lib/python3.7/site-packages/airflow/providers/apache/spark/hooks/spark_submit.py", line 422, in submit
    f"Cannot execute: {self._mask_cmd(spark_submit_cmd)}. Error code is: {returncode}."
airflow.exceptions.AirflowException: Cannot execute: spark-submit --master spark://docker-spark-***-spark-1:7077 --name arrow-spark --queue root.default /opt/***/dags/spark_etl_script_docker.py. Error code is: 1.
[2024-11-07T18:06:57.332+0000] {taskinstance.py:1323} INFO - Marking task as FAILED. dag_id=spark_***_dag, task_id=spark_submit_task, execution_date=20241107T180546, start_date=20241107T180548, end_date=20241107T180657
[2024-11-07T18:06:57.350+0000] {standard_task_runner.py:105} ERROR - Failed to execute job 7 for task spark_submit_task (Cannot execute: spark-submit --master spark://docker-spark-***-spark-1:7077 --name arrow-spark --queue root.default /opt/***/dags/spark_etl_script_docker.py. Error code is: 1.; 2053)
[2024-11-07T18:06:57.385+0000] {local_task_job.py:208} INFO - Task exited with return code 1
[2024-11-07T18:06:57.406+0000] {taskinstance.py:2578} INFO - 0 downstream tasks scheduled from follow-on schedule check
