[2024-11-07T17:01:37.458+0000] {processor.py:186} INFO - Started process (PID=193) to work on /home/airflow/.local/lib/python3.12/site-packages/airflow/example_dags/example_dataset_alias.py
[2024-11-07T17:01:37.462+0000] {processor.py:914} INFO - Processing file /home/airflow/.local/lib/python3.12/site-packages/airflow/example_dags/example_dataset_alias.py for tasks to queue
[2024-11-07T17:01:37.469+0000] {logging_mixin.py:190} INFO - [2024-11-07T17:01:37.468+0000] {dagbag.py:588} INFO - Filling up the DagBag from /home/airflow/.local/lib/python3.12/site-packages/airflow/example_dags/example_dataset_alias.py
[2024-11-07T17:01:38.437+0000] {processor.py:925} INFO - DAG(s) 'dataset_s3_bucket_consumer', 'dataset_s3_bucket_producer', 'dataset_alias_example_alias_producer', 'dataset_alias_example_alias_consumer' retrieved from /home/airflow/.local/lib/python3.12/site-packages/airflow/example_dags/example_dataset_alias.py
[2024-11-07T17:01:40.021+0000] {logging_mixin.py:190} INFO - [2024-11-07T17:01:40.013+0000] {override.py:1900} INFO - Created Permission View: can delete on DAG:dataset_s3_bucket_consumer
[2024-11-07T17:01:40.080+0000] {logging_mixin.py:190} INFO - [2024-11-07T17:01:40.079+0000] {override.py:1900} INFO - Created Permission View: can edit on DAG:dataset_s3_bucket_consumer
[2024-11-07T17:01:40.118+0000] {logging_mixin.py:190} INFO - [2024-11-07T17:01:40.118+0000] {override.py:1900} INFO - Created Permission View: can read on DAG:dataset_s3_bucket_consumer
[2024-11-07T17:01:40.154+0000] {logging_mixin.py:190} INFO - [2024-11-07T17:01:40.152+0000] {override.py:1900} INFO - Created Permission View: can delete on DAG Run:dataset_s3_bucket_consumer
[2024-11-07T17:01:40.186+0000] {logging_mixin.py:190} INFO - [2024-11-07T17:01:40.186+0000] {override.py:1900} INFO - Created Permission View: menu access on DAG Run:dataset_s3_bucket_consumer
[2024-11-07T17:01:40.244+0000] {logging_mixin.py:190} INFO - [2024-11-07T17:01:40.242+0000] {override.py:1900} INFO - Created Permission View: can create on DAG Run:dataset_s3_bucket_consumer
[2024-11-07T17:01:40.287+0000] {logging_mixin.py:190} INFO - [2024-11-07T17:01:40.285+0000] {override.py:1900} INFO - Created Permission View: can read on DAG Run:dataset_s3_bucket_consumer
[2024-11-07T17:01:40.354+0000] {logging_mixin.py:190} INFO - [2024-11-07T17:01:40.353+0000] {override.py:1900} INFO - Created Permission View: can delete on DAG:dataset_s3_bucket_producer
[2024-11-07T17:01:40.393+0000] {logging_mixin.py:190} INFO - [2024-11-07T17:01:40.391+0000] {override.py:1900} INFO - Created Permission View: can edit on DAG:dataset_s3_bucket_producer
[2024-11-07T17:01:40.426+0000] {logging_mixin.py:190} INFO - [2024-11-07T17:01:40.425+0000] {override.py:1900} INFO - Created Permission View: can read on DAG:dataset_s3_bucket_producer
[2024-11-07T17:01:40.457+0000] {logging_mixin.py:190} INFO - [2024-11-07T17:01:40.456+0000] {override.py:1900} INFO - Created Permission View: can delete on DAG Run:dataset_s3_bucket_producer
[2024-11-07T17:01:40.475+0000] {logging_mixin.py:190} INFO - [2024-11-07T17:01:40.475+0000] {override.py:1900} INFO - Created Permission View: menu access on DAG Run:dataset_s3_bucket_producer
[2024-11-07T17:01:40.498+0000] {logging_mixin.py:190} INFO - [2024-11-07T17:01:40.498+0000] {override.py:1900} INFO - Created Permission View: can create on DAG Run:dataset_s3_bucket_producer
[2024-11-07T17:01:40.553+0000] {logging_mixin.py:190} INFO - [2024-11-07T17:01:40.553+0000] {override.py:1900} INFO - Created Permission View: can read on DAG Run:dataset_s3_bucket_producer
[2024-11-07T17:01:40.620+0000] {logging_mixin.py:190} INFO - [2024-11-07T17:01:40.619+0000] {override.py:1900} INFO - Created Permission View: can delete on DAG:dataset_alias_example_alias_producer
[2024-11-07T17:01:41.259+0000] {logging_mixin.py:190} INFO - [2024-11-07T17:01:41.259+0000] {override.py:1900} INFO - Created Permission View: can edit on DAG:dataset_alias_example_alias_producer
[2024-11-07T17:01:41.287+0000] {logging_mixin.py:190} INFO - [2024-11-07T17:01:41.286+0000] {override.py:1900} INFO - Created Permission View: can read on DAG:dataset_alias_example_alias_producer
[2024-11-07T17:01:41.328+0000] {logging_mixin.py:190} INFO - [2024-11-07T17:01:41.327+0000] {override.py:1900} INFO - Created Permission View: can delete on DAG Run:dataset_alias_example_alias_producer
[2024-11-07T17:01:41.353+0000] {logging_mixin.py:190} INFO - [2024-11-07T17:01:41.352+0000] {override.py:1900} INFO - Created Permission View: menu access on DAG Run:dataset_alias_example_alias_producer
[2024-11-07T17:01:41.400+0000] {logging_mixin.py:190} INFO - [2024-11-07T17:01:41.400+0000] {override.py:1900} INFO - Created Permission View: can create on DAG Run:dataset_alias_example_alias_producer
[2024-11-07T17:01:41.463+0000] {logging_mixin.py:190} INFO - [2024-11-07T17:01:41.460+0000] {override.py:1900} INFO - Created Permission View: can read on DAG Run:dataset_alias_example_alias_producer
[2024-11-07T17:01:41.545+0000] {logging_mixin.py:190} INFO - [2024-11-07T17:01:41.544+0000] {override.py:1900} INFO - Created Permission View: can delete on DAG:dataset_alias_example_alias_consumer
[2024-11-07T17:01:41.576+0000] {logging_mixin.py:190} INFO - [2024-11-07T17:01:41.575+0000] {override.py:1900} INFO - Created Permission View: can edit on DAG:dataset_alias_example_alias_consumer
[2024-11-07T17:01:41.609+0000] {logging_mixin.py:190} INFO - [2024-11-07T17:01:41.608+0000] {override.py:1900} INFO - Created Permission View: can read on DAG:dataset_alias_example_alias_consumer
[2024-11-07T17:01:41.652+0000] {logging_mixin.py:190} INFO - [2024-11-07T17:01:41.651+0000] {override.py:1900} INFO - Created Permission View: can delete on DAG Run:dataset_alias_example_alias_consumer
[2024-11-07T17:01:41.682+0000] {logging_mixin.py:190} INFO - [2024-11-07T17:01:41.682+0000] {override.py:1900} INFO - Created Permission View: menu access on DAG Run:dataset_alias_example_alias_consumer
[2024-11-07T17:01:41.722+0000] {logging_mixin.py:190} INFO - [2024-11-07T17:01:41.722+0000] {override.py:1900} INFO - Created Permission View: can create on DAG Run:dataset_alias_example_alias_consumer
[2024-11-07T17:01:41.757+0000] {logging_mixin.py:190} INFO - [2024-11-07T17:01:41.756+0000] {override.py:1900} INFO - Created Permission View: can read on DAG Run:dataset_alias_example_alias_consumer
[2024-11-07T17:01:41.762+0000] {logging_mixin.py:190} INFO - [2024-11-07T17:01:41.762+0000] {dag.py:3239} INFO - Sync 4 DAGs
[2024-11-07T17:01:41.919+0000] {logging_mixin.py:190} INFO - [2024-11-07T17:01:41.900+0000] {dag.py:3262} INFO - Creating ORM DAG for dataset_s3_bucket_consumer
[2024-11-07T17:01:41.922+0000] {logging_mixin.py:190} INFO - [2024-11-07T17:01:41.922+0000] {dag.py:3262} INFO - Creating ORM DAG for dataset_alias_example_alias_producer
[2024-11-07T17:01:41.925+0000] {logging_mixin.py:190} INFO - [2024-11-07T17:01:41.924+0000] {dag.py:3262} INFO - Creating ORM DAG for dataset_alias_example_alias_consumer
[2024-11-07T17:01:41.929+0000] {logging_mixin.py:190} INFO - [2024-11-07T17:01:41.929+0000] {dag.py:3262} INFO - Creating ORM DAG for dataset_s3_bucket_producer
[2024-11-07T17:01:41.975+0000] {logging_mixin.py:190} INFO - [2024-11-07T17:01:41.974+0000] {dag.py:4180} INFO - Setting next_dagrun for dataset_alias_example_alias_consumer to None, run_after=None
[2024-11-07T17:01:42.044+0000] {logging_mixin.py:190} INFO - [2024-11-07T17:01:42.043+0000] {dag.py:4180} INFO - Setting next_dagrun for dataset_alias_example_alias_producer to None, run_after=None
[2024-11-07T17:01:42.048+0000] {logging_mixin.py:190} INFO - [2024-11-07T17:01:42.047+0000] {dag.py:4180} INFO - Setting next_dagrun for dataset_s3_bucket_consumer to None, run_after=None
[2024-11-07T17:01:42.055+0000] {logging_mixin.py:190} INFO - [2024-11-07T17:01:42.054+0000] {dag.py:4180} INFO - Setting next_dagrun for dataset_s3_bucket_producer to None, run_after=None
[2024-11-07T17:01:42.170+0000] {processor.py:208} INFO - Processing /home/airflow/.local/lib/python3.12/site-packages/airflow/example_dags/example_dataset_alias.py took 4.739 seconds
[2024-11-07T17:02:12.451+0000] {processor.py:186} INFO - Started process (PID=258) to work on /home/airflow/.local/lib/python3.12/site-packages/airflow/example_dags/example_dataset_alias.py
[2024-11-07T17:02:12.453+0000] {processor.py:914} INFO - Processing file /home/airflow/.local/lib/python3.12/site-packages/airflow/example_dags/example_dataset_alias.py for tasks to queue
[2024-11-07T17:02:12.460+0000] {logging_mixin.py:190} INFO - [2024-11-07T17:02:12.459+0000] {dagbag.py:588} INFO - Filling up the DagBag from /home/airflow/.local/lib/python3.12/site-packages/airflow/example_dags/example_dataset_alias.py
[2024-11-07T17:02:12.835+0000] {processor.py:925} INFO - DAG(s) 'dataset_s3_bucket_consumer', 'dataset_alias_example_alias_producer', 'dataset_s3_bucket_producer', 'dataset_alias_example_alias_consumer' retrieved from /home/airflow/.local/lib/python3.12/site-packages/airflow/example_dags/example_dataset_alias.py
[2024-11-07T17:02:12.882+0000] {logging_mixin.py:190} INFO - [2024-11-07T17:02:12.881+0000] {dag.py:3239} INFO - Sync 4 DAGs
[2024-11-07T17:02:12.932+0000] {logging_mixin.py:190} INFO - [2024-11-07T17:02:12.932+0000] {dag.py:4180} INFO - Setting next_dagrun for dataset_alias_example_alias_consumer to None, run_after=None
[2024-11-07T17:02:12.938+0000] {logging_mixin.py:190} INFO - [2024-11-07T17:02:12.938+0000] {dag.py:4180} INFO - Setting next_dagrun for dataset_alias_example_alias_producer to None, run_after=None
[2024-11-07T17:02:12.942+0000] {logging_mixin.py:190} INFO - [2024-11-07T17:02:12.941+0000] {dag.py:4180} INFO - Setting next_dagrun for dataset_s3_bucket_consumer to None, run_after=None
[2024-11-07T17:02:12.945+0000] {logging_mixin.py:190} INFO - [2024-11-07T17:02:12.945+0000] {dag.py:4180} INFO - Setting next_dagrun for dataset_s3_bucket_producer to None, run_after=None
[2024-11-07T17:02:12.991+0000] {processor.py:208} INFO - Processing /home/airflow/.local/lib/python3.12/site-packages/airflow/example_dags/example_dataset_alias.py took 0.588 seconds
[2024-11-07T17:02:43.120+0000] {processor.py:186} INFO - Started process (PID=321) to work on /home/airflow/.local/lib/python3.12/site-packages/airflow/example_dags/example_dataset_alias.py
[2024-11-07T17:02:43.122+0000] {processor.py:914} INFO - Processing file /home/airflow/.local/lib/python3.12/site-packages/airflow/example_dags/example_dataset_alias.py for tasks to queue
[2024-11-07T17:02:43.132+0000] {logging_mixin.py:190} INFO - [2024-11-07T17:02:43.131+0000] {dagbag.py:588} INFO - Filling up the DagBag from /home/airflow/.local/lib/python3.12/site-packages/airflow/example_dags/example_dataset_alias.py
[2024-11-07T17:02:43.756+0000] {processor.py:925} INFO - DAG(s) 'dataset_alias_example_alias_producer', 'dataset_s3_bucket_producer', 'dataset_alias_example_alias_consumer', 'dataset_s3_bucket_consumer' retrieved from /home/airflow/.local/lib/python3.12/site-packages/airflow/example_dags/example_dataset_alias.py
[2024-11-07T17:02:43.831+0000] {logging_mixin.py:190} INFO - [2024-11-07T17:02:43.831+0000] {dag.py:3239} INFO - Sync 4 DAGs
[2024-11-07T17:02:43.900+0000] {logging_mixin.py:190} INFO - [2024-11-07T17:02:43.899+0000] {dag.py:4180} INFO - Setting next_dagrun for dataset_alias_example_alias_consumer to None, run_after=None
[2024-11-07T17:02:43.908+0000] {logging_mixin.py:190} INFO - [2024-11-07T17:02:43.907+0000] {dag.py:4180} INFO - Setting next_dagrun for dataset_alias_example_alias_producer to None, run_after=None
[2024-11-07T17:02:43.911+0000] {logging_mixin.py:190} INFO - [2024-11-07T17:02:43.911+0000] {dag.py:4180} INFO - Setting next_dagrun for dataset_s3_bucket_consumer to None, run_after=None
[2024-11-07T17:02:43.916+0000] {logging_mixin.py:190} INFO - [2024-11-07T17:02:43.916+0000] {dag.py:4180} INFO - Setting next_dagrun for dataset_s3_bucket_producer to None, run_after=None
[2024-11-07T17:02:43.971+0000] {processor.py:208} INFO - Processing /home/airflow/.local/lib/python3.12/site-packages/airflow/example_dags/example_dataset_alias.py took 0.880 seconds
[2024-11-07T17:03:14.536+0000] {processor.py:186} INFO - Started process (PID=383) to work on /home/airflow/.local/lib/python3.12/site-packages/airflow/example_dags/example_dataset_alias.py
[2024-11-07T17:03:14.538+0000] {processor.py:914} INFO - Processing file /home/airflow/.local/lib/python3.12/site-packages/airflow/example_dags/example_dataset_alias.py for tasks to queue
[2024-11-07T17:03:14.543+0000] {logging_mixin.py:190} INFO - [2024-11-07T17:03:14.543+0000] {dagbag.py:588} INFO - Filling up the DagBag from /home/airflow/.local/lib/python3.12/site-packages/airflow/example_dags/example_dataset_alias.py
[2024-11-07T17:03:14.821+0000] {processor.py:925} INFO - DAG(s) 'dataset_alias_example_alias_producer', 'dataset_s3_bucket_consumer', 'dataset_s3_bucket_producer', 'dataset_alias_example_alias_consumer' retrieved from /home/airflow/.local/lib/python3.12/site-packages/airflow/example_dags/example_dataset_alias.py
[2024-11-07T17:03:14.865+0000] {logging_mixin.py:190} INFO - [2024-11-07T17:03:14.864+0000] {dag.py:3239} INFO - Sync 4 DAGs
[2024-11-07T17:03:14.908+0000] {logging_mixin.py:190} INFO - [2024-11-07T17:03:14.908+0000] {dag.py:4180} INFO - Setting next_dagrun for dataset_alias_example_alias_consumer to None, run_after=None
[2024-11-07T17:03:14.914+0000] {logging_mixin.py:190} INFO - [2024-11-07T17:03:14.913+0000] {dag.py:4180} INFO - Setting next_dagrun for dataset_alias_example_alias_producer to None, run_after=None
[2024-11-07T17:03:14.916+0000] {logging_mixin.py:190} INFO - [2024-11-07T17:03:14.916+0000] {dag.py:4180} INFO - Setting next_dagrun for dataset_s3_bucket_consumer to None, run_after=None
[2024-11-07T17:03:14.918+0000] {logging_mixin.py:190} INFO - [2024-11-07T17:03:14.918+0000] {dag.py:4180} INFO - Setting next_dagrun for dataset_s3_bucket_producer to None, run_after=None
[2024-11-07T17:03:14.953+0000] {processor.py:208} INFO - Processing /home/airflow/.local/lib/python3.12/site-packages/airflow/example_dags/example_dataset_alias.py took 0.426 seconds
[2024-11-07T17:03:45.773+0000] {processor.py:186} INFO - Started process (PID=447) to work on /home/airflow/.local/lib/python3.12/site-packages/airflow/example_dags/example_dataset_alias.py
[2024-11-07T17:03:45.775+0000] {processor.py:914} INFO - Processing file /home/airflow/.local/lib/python3.12/site-packages/airflow/example_dags/example_dataset_alias.py for tasks to queue
[2024-11-07T17:03:45.778+0000] {logging_mixin.py:190} INFO - [2024-11-07T17:03:45.778+0000] {dagbag.py:588} INFO - Filling up the DagBag from /home/airflow/.local/lib/python3.12/site-packages/airflow/example_dags/example_dataset_alias.py
[2024-11-07T17:03:45.976+0000] {processor.py:925} INFO - DAG(s) 'dataset_alias_example_alias_producer', 'dataset_alias_example_alias_consumer', 'dataset_s3_bucket_consumer', 'dataset_s3_bucket_producer' retrieved from /home/airflow/.local/lib/python3.12/site-packages/airflow/example_dags/example_dataset_alias.py
[2024-11-07T17:03:46.001+0000] {logging_mixin.py:190} INFO - [2024-11-07T17:03:46.001+0000] {dag.py:3239} INFO - Sync 4 DAGs
[2024-11-07T17:03:46.030+0000] {logging_mixin.py:190} INFO - [2024-11-07T17:03:46.029+0000] {dag.py:4180} INFO - Setting next_dagrun for dataset_alias_example_alias_consumer to None, run_after=None
[2024-11-07T17:03:46.033+0000] {logging_mixin.py:190} INFO - [2024-11-07T17:03:46.033+0000] {dag.py:4180} INFO - Setting next_dagrun for dataset_alias_example_alias_producer to None, run_after=None
[2024-11-07T17:03:46.034+0000] {logging_mixin.py:190} INFO - [2024-11-07T17:03:46.034+0000] {dag.py:4180} INFO - Setting next_dagrun for dataset_s3_bucket_consumer to None, run_after=None
[2024-11-07T17:03:46.036+0000] {logging_mixin.py:190} INFO - [2024-11-07T17:03:46.036+0000] {dag.py:4180} INFO - Setting next_dagrun for dataset_s3_bucket_producer to None, run_after=None
[2024-11-07T17:03:46.061+0000] {processor.py:208} INFO - Processing /home/airflow/.local/lib/python3.12/site-packages/airflow/example_dags/example_dataset_alias.py took 0.296 seconds
[2024-11-07T17:04:16.612+0000] {processor.py:186} INFO - Started process (PID=510) to work on /home/airflow/.local/lib/python3.12/site-packages/airflow/example_dags/example_dataset_alias.py
[2024-11-07T17:04:16.613+0000] {processor.py:914} INFO - Processing file /home/airflow/.local/lib/python3.12/site-packages/airflow/example_dags/example_dataset_alias.py for tasks to queue
[2024-11-07T17:04:16.618+0000] {logging_mixin.py:190} INFO - [2024-11-07T17:04:16.617+0000] {dagbag.py:588} INFO - Filling up the DagBag from /home/airflow/.local/lib/python3.12/site-packages/airflow/example_dags/example_dataset_alias.py
[2024-11-07T17:04:16.807+0000] {processor.py:925} INFO - DAG(s) 'dataset_s3_bucket_consumer', 'dataset_alias_example_alias_consumer', 'dataset_alias_example_alias_producer', 'dataset_s3_bucket_producer' retrieved from /home/airflow/.local/lib/python3.12/site-packages/airflow/example_dags/example_dataset_alias.py
[2024-11-07T17:04:16.834+0000] {logging_mixin.py:190} INFO - [2024-11-07T17:04:16.834+0000] {dag.py:3239} INFO - Sync 4 DAGs
[2024-11-07T17:04:16.885+0000] {logging_mixin.py:190} INFO - [2024-11-07T17:04:16.885+0000] {dag.py:4180} INFO - Setting next_dagrun for dataset_alias_example_alias_consumer to None, run_after=None
[2024-11-07T17:04:16.891+0000] {logging_mixin.py:190} INFO - [2024-11-07T17:04:16.891+0000] {dag.py:4180} INFO - Setting next_dagrun for dataset_alias_example_alias_producer to None, run_after=None
[2024-11-07T17:04:16.893+0000] {logging_mixin.py:190} INFO - [2024-11-07T17:04:16.893+0000] {dag.py:4180} INFO - Setting next_dagrun for dataset_s3_bucket_consumer to None, run_after=None
[2024-11-07T17:04:16.895+0000] {logging_mixin.py:190} INFO - [2024-11-07T17:04:16.895+0000] {dag.py:4180} INFO - Setting next_dagrun for dataset_s3_bucket_producer to None, run_after=None
[2024-11-07T17:04:16.944+0000] {processor.py:208} INFO - Processing /home/airflow/.local/lib/python3.12/site-packages/airflow/example_dags/example_dataset_alias.py took 0.339 seconds
[2024-11-07T17:04:47.061+0000] {processor.py:186} INFO - Started process (PID=574) to work on /home/airflow/.local/lib/python3.12/site-packages/airflow/example_dags/example_dataset_alias.py
[2024-11-07T17:04:47.064+0000] {processor.py:914} INFO - Processing file /home/airflow/.local/lib/python3.12/site-packages/airflow/example_dags/example_dataset_alias.py for tasks to queue
[2024-11-07T17:04:47.070+0000] {logging_mixin.py:190} INFO - [2024-11-07T17:04:47.069+0000] {dagbag.py:588} INFO - Filling up the DagBag from /home/airflow/.local/lib/python3.12/site-packages/airflow/example_dags/example_dataset_alias.py
[2024-11-07T17:04:47.434+0000] {processor.py:925} INFO - DAG(s) 'dataset_alias_example_alias_producer', 'dataset_alias_example_alias_consumer', 'dataset_s3_bucket_producer', 'dataset_s3_bucket_consumer' retrieved from /home/airflow/.local/lib/python3.12/site-packages/airflow/example_dags/example_dataset_alias.py
[2024-11-07T17:04:47.502+0000] {logging_mixin.py:190} INFO - [2024-11-07T17:04:47.501+0000] {dag.py:3239} INFO - Sync 4 DAGs
[2024-11-07T17:04:47.541+0000] {logging_mixin.py:190} INFO - [2024-11-07T17:04:47.540+0000] {dag.py:4180} INFO - Setting next_dagrun for dataset_alias_example_alias_consumer to None, run_after=None
[2024-11-07T17:04:47.560+0000] {logging_mixin.py:190} INFO - [2024-11-07T17:04:47.560+0000] {dag.py:4180} INFO - Setting next_dagrun for dataset_alias_example_alias_producer to None, run_after=None
[2024-11-07T17:04:47.573+0000] {logging_mixin.py:190} INFO - [2024-11-07T17:04:47.573+0000] {dag.py:4180} INFO - Setting next_dagrun for dataset_s3_bucket_consumer to None, run_after=None
[2024-11-07T17:04:47.582+0000] {logging_mixin.py:190} INFO - [2024-11-07T17:04:47.582+0000] {dag.py:4180} INFO - Setting next_dagrun for dataset_s3_bucket_producer to None, run_after=None
[2024-11-07T17:04:49.168+0000] {processor.py:208} INFO - Processing /home/airflow/.local/lib/python3.12/site-packages/airflow/example_dags/example_dataset_alias.py took 2.096 seconds
[2024-11-07T17:05:21.315+0000] {processor.py:186} INFO - Started process (PID=637) to work on /home/airflow/.local/lib/python3.12/site-packages/airflow/example_dags/example_dataset_alias.py
[2024-11-07T17:05:21.317+0000] {processor.py:914} INFO - Processing file /home/airflow/.local/lib/python3.12/site-packages/airflow/example_dags/example_dataset_alias.py for tasks to queue
[2024-11-07T17:05:21.321+0000] {logging_mixin.py:190} INFO - [2024-11-07T17:05:21.321+0000] {dagbag.py:588} INFO - Filling up the DagBag from /home/airflow/.local/lib/python3.12/site-packages/airflow/example_dags/example_dataset_alias.py
[2024-11-07T17:05:21.542+0000] {processor.py:925} INFO - DAG(s) 'dataset_s3_bucket_producer', 'dataset_alias_example_alias_producer', 'dataset_alias_example_alias_consumer', 'dataset_s3_bucket_consumer' retrieved from /home/airflow/.local/lib/python3.12/site-packages/airflow/example_dags/example_dataset_alias.py
[2024-11-07T17:05:21.567+0000] {logging_mixin.py:190} INFO - [2024-11-07T17:05:21.567+0000] {dag.py:3239} INFO - Sync 4 DAGs
[2024-11-07T17:05:21.596+0000] {logging_mixin.py:190} INFO - [2024-11-07T17:05:21.595+0000] {dag.py:4180} INFO - Setting next_dagrun for dataset_alias_example_alias_consumer to None, run_after=None
[2024-11-07T17:05:21.600+0000] {logging_mixin.py:190} INFO - [2024-11-07T17:05:21.600+0000] {dag.py:4180} INFO - Setting next_dagrun for dataset_alias_example_alias_producer to None, run_after=None
[2024-11-07T17:05:21.603+0000] {logging_mixin.py:190} INFO - [2024-11-07T17:05:21.602+0000] {dag.py:4180} INFO - Setting next_dagrun for dataset_s3_bucket_consumer to None, run_after=None
[2024-11-07T17:05:21.604+0000] {logging_mixin.py:190} INFO - [2024-11-07T17:05:21.604+0000] {dag.py:4180} INFO - Setting next_dagrun for dataset_s3_bucket_producer to None, run_after=None
[2024-11-07T17:05:21.630+0000] {processor.py:208} INFO - Processing /home/airflow/.local/lib/python3.12/site-packages/airflow/example_dags/example_dataset_alias.py took 0.323 seconds
[2024-11-07T17:05:52.174+0000] {processor.py:186} INFO - Started process (PID=700) to work on /home/airflow/.local/lib/python3.12/site-packages/airflow/example_dags/example_dataset_alias.py
[2024-11-07T17:05:52.184+0000] {processor.py:914} INFO - Processing file /home/airflow/.local/lib/python3.12/site-packages/airflow/example_dags/example_dataset_alias.py for tasks to queue
[2024-11-07T17:05:52.203+0000] {logging_mixin.py:190} INFO - [2024-11-07T17:05:52.201+0000] {dagbag.py:588} INFO - Filling up the DagBag from /home/airflow/.local/lib/python3.12/site-packages/airflow/example_dags/example_dataset_alias.py
[2024-11-07T17:05:53.089+0000] {processor.py:925} INFO - DAG(s) 'dataset_alias_example_alias_consumer', 'dataset_s3_bucket_producer', 'dataset_alias_example_alias_producer', 'dataset_s3_bucket_consumer' retrieved from /home/airflow/.local/lib/python3.12/site-packages/airflow/example_dags/example_dataset_alias.py
[2024-11-07T17:05:53.154+0000] {logging_mixin.py:190} INFO - [2024-11-07T17:05:53.154+0000] {dag.py:3239} INFO - Sync 4 DAGs
[2024-11-07T17:05:53.216+0000] {logging_mixin.py:190} INFO - [2024-11-07T17:05:53.215+0000] {dag.py:4180} INFO - Setting next_dagrun for dataset_alias_example_alias_consumer to None, run_after=None
[2024-11-07T17:05:53.221+0000] {logging_mixin.py:190} INFO - [2024-11-07T17:05:53.221+0000] {dag.py:4180} INFO - Setting next_dagrun for dataset_alias_example_alias_producer to None, run_after=None
[2024-11-07T17:05:53.223+0000] {logging_mixin.py:190} INFO - [2024-11-07T17:05:53.223+0000] {dag.py:4180} INFO - Setting next_dagrun for dataset_s3_bucket_consumer to None, run_after=None
[2024-11-07T17:05:53.227+0000] {logging_mixin.py:190} INFO - [2024-11-07T17:05:53.226+0000] {dag.py:4180} INFO - Setting next_dagrun for dataset_s3_bucket_producer to None, run_after=None
[2024-11-07T17:05:53.273+0000] {processor.py:208} INFO - Processing /home/airflow/.local/lib/python3.12/site-packages/airflow/example_dags/example_dataset_alias.py took 1.140 seconds
[2024-11-07T17:06:23.645+0000] {processor.py:186} INFO - Started process (PID=763) to work on /home/airflow/.local/lib/python3.12/site-packages/airflow/example_dags/example_dataset_alias.py
[2024-11-07T17:06:23.647+0000] {processor.py:914} INFO - Processing file /home/airflow/.local/lib/python3.12/site-packages/airflow/example_dags/example_dataset_alias.py for tasks to queue
[2024-11-07T17:06:23.650+0000] {logging_mixin.py:190} INFO - [2024-11-07T17:06:23.650+0000] {dagbag.py:588} INFO - Filling up the DagBag from /home/airflow/.local/lib/python3.12/site-packages/airflow/example_dags/example_dataset_alias.py
[2024-11-07T17:06:23.841+0000] {processor.py:925} INFO - DAG(s) 'dataset_alias_example_alias_producer', 'dataset_s3_bucket_producer', 'dataset_s3_bucket_consumer', 'dataset_alias_example_alias_consumer' retrieved from /home/airflow/.local/lib/python3.12/site-packages/airflow/example_dags/example_dataset_alias.py
[2024-11-07T17:06:23.867+0000] {logging_mixin.py:190} INFO - [2024-11-07T17:06:23.866+0000] {dag.py:3239} INFO - Sync 4 DAGs
[2024-11-07T17:06:23.895+0000] {logging_mixin.py:190} INFO - [2024-11-07T17:06:23.895+0000] {dag.py:4180} INFO - Setting next_dagrun for dataset_alias_example_alias_consumer to None, run_after=None
[2024-11-07T17:06:23.898+0000] {logging_mixin.py:190} INFO - [2024-11-07T17:06:23.898+0000] {dag.py:4180} INFO - Setting next_dagrun for dataset_alias_example_alias_producer to None, run_after=None
[2024-11-07T17:06:23.900+0000] {logging_mixin.py:190} INFO - [2024-11-07T17:06:23.900+0000] {dag.py:4180} INFO - Setting next_dagrun for dataset_s3_bucket_consumer to None, run_after=None
[2024-11-07T17:06:23.902+0000] {logging_mixin.py:190} INFO - [2024-11-07T17:06:23.901+0000] {dag.py:4180} INFO - Setting next_dagrun for dataset_s3_bucket_producer to None, run_after=None
[2024-11-07T17:06:23.926+0000] {processor.py:208} INFO - Processing /home/airflow/.local/lib/python3.12/site-packages/airflow/example_dags/example_dataset_alias.py took 0.289 seconds
[2024-11-07T17:06:54.769+0000] {processor.py:186} INFO - Started process (PID=826) to work on /home/airflow/.local/lib/python3.12/site-packages/airflow/example_dags/example_dataset_alias.py
[2024-11-07T17:06:54.770+0000] {processor.py:914} INFO - Processing file /home/airflow/.local/lib/python3.12/site-packages/airflow/example_dags/example_dataset_alias.py for tasks to queue
[2024-11-07T17:06:54.773+0000] {logging_mixin.py:190} INFO - [2024-11-07T17:06:54.773+0000] {dagbag.py:588} INFO - Filling up the DagBag from /home/airflow/.local/lib/python3.12/site-packages/airflow/example_dags/example_dataset_alias.py
[2024-11-07T17:06:55.010+0000] {processor.py:925} INFO - DAG(s) 'dataset_s3_bucket_consumer', 'dataset_alias_example_alias_producer', 'dataset_s3_bucket_producer', 'dataset_alias_example_alias_consumer' retrieved from /home/airflow/.local/lib/python3.12/site-packages/airflow/example_dags/example_dataset_alias.py
[2024-11-07T17:06:55.048+0000] {logging_mixin.py:190} INFO - [2024-11-07T17:06:55.047+0000] {dag.py:3239} INFO - Sync 4 DAGs
[2024-11-07T17:06:55.088+0000] {logging_mixin.py:190} INFO - [2024-11-07T17:06:55.087+0000] {dag.py:4180} INFO - Setting next_dagrun for dataset_alias_example_alias_consumer to None, run_after=None
[2024-11-07T17:06:55.093+0000] {logging_mixin.py:190} INFO - [2024-11-07T17:06:55.092+0000] {dag.py:4180} INFO - Setting next_dagrun for dataset_alias_example_alias_producer to None, run_after=None
[2024-11-07T17:06:55.095+0000] {logging_mixin.py:190} INFO - [2024-11-07T17:06:55.095+0000] {dag.py:4180} INFO - Setting next_dagrun for dataset_s3_bucket_consumer to None, run_after=None
[2024-11-07T17:06:55.098+0000] {logging_mixin.py:190} INFO - [2024-11-07T17:06:55.097+0000] {dag.py:4180} INFO - Setting next_dagrun for dataset_s3_bucket_producer to None, run_after=None
[2024-11-07T17:06:55.136+0000] {processor.py:208} INFO - Processing /home/airflow/.local/lib/python3.12/site-packages/airflow/example_dags/example_dataset_alias.py took 0.375 seconds
[2024-11-07T17:07:25.228+0000] {processor.py:186} INFO - Started process (PID=891) to work on /home/airflow/.local/lib/python3.12/site-packages/airflow/example_dags/example_dataset_alias.py
[2024-11-07T17:07:25.229+0000] {processor.py:914} INFO - Processing file /home/airflow/.local/lib/python3.12/site-packages/airflow/example_dags/example_dataset_alias.py for tasks to queue
[2024-11-07T17:07:25.232+0000] {logging_mixin.py:190} INFO - [2024-11-07T17:07:25.231+0000] {dagbag.py:588} INFO - Filling up the DagBag from /home/airflow/.local/lib/python3.12/site-packages/airflow/example_dags/example_dataset_alias.py
[2024-11-07T17:07:25.437+0000] {processor.py:925} INFO - DAG(s) 'dataset_s3_bucket_consumer', 'dataset_s3_bucket_producer', 'dataset_alias_example_alias_consumer', 'dataset_alias_example_alias_producer' retrieved from /home/airflow/.local/lib/python3.12/site-packages/airflow/example_dags/example_dataset_alias.py
[2024-11-07T17:07:25.469+0000] {logging_mixin.py:190} INFO - [2024-11-07T17:07:25.469+0000] {dag.py:3239} INFO - Sync 4 DAGs
[2024-11-07T17:07:25.501+0000] {logging_mixin.py:190} INFO - [2024-11-07T17:07:25.501+0000] {dag.py:4180} INFO - Setting next_dagrun for dataset_alias_example_alias_consumer to None, run_after=None
[2024-11-07T17:07:25.505+0000] {logging_mixin.py:190} INFO - [2024-11-07T17:07:25.505+0000] {dag.py:4180} INFO - Setting next_dagrun for dataset_alias_example_alias_producer to None, run_after=None
[2024-11-07T17:07:25.507+0000] {logging_mixin.py:190} INFO - [2024-11-07T17:07:25.507+0000] {dag.py:4180} INFO - Setting next_dagrun for dataset_s3_bucket_consumer to None, run_after=None
[2024-11-07T17:07:25.509+0000] {logging_mixin.py:190} INFO - [2024-11-07T17:07:25.509+0000] {dag.py:4180} INFO - Setting next_dagrun for dataset_s3_bucket_producer to None, run_after=None
[2024-11-07T17:07:25.536+0000] {processor.py:208} INFO - Processing /home/airflow/.local/lib/python3.12/site-packages/airflow/example_dags/example_dataset_alias.py took 0.317 seconds
[2024-11-07T17:07:55.660+0000] {processor.py:186} INFO - Started process (PID=952) to work on /home/airflow/.local/lib/python3.12/site-packages/airflow/example_dags/example_dataset_alias.py
[2024-11-07T17:07:55.661+0000] {processor.py:914} INFO - Processing file /home/airflow/.local/lib/python3.12/site-packages/airflow/example_dags/example_dataset_alias.py for tasks to queue
[2024-11-07T17:07:55.665+0000] {logging_mixin.py:190} INFO - [2024-11-07T17:07:55.665+0000] {dagbag.py:588} INFO - Filling up the DagBag from /home/airflow/.local/lib/python3.12/site-packages/airflow/example_dags/example_dataset_alias.py
[2024-11-07T17:07:55.915+0000] {processor.py:925} INFO - DAG(s) 'dataset_alias_example_alias_producer', 'dataset_alias_example_alias_consumer', 'dataset_s3_bucket_consumer', 'dataset_s3_bucket_producer' retrieved from /home/airflow/.local/lib/python3.12/site-packages/airflow/example_dags/example_dataset_alias.py
[2024-11-07T17:07:55.947+0000] {logging_mixin.py:190} INFO - [2024-11-07T17:07:55.947+0000] {dag.py:3239} INFO - Sync 4 DAGs
[2024-11-07T17:07:55.981+0000] {logging_mixin.py:190} INFO - [2024-11-07T17:07:55.981+0000] {dag.py:4180} INFO - Setting next_dagrun for dataset_alias_example_alias_consumer to None, run_after=None
[2024-11-07T17:07:55.986+0000] {logging_mixin.py:190} INFO - [2024-11-07T17:07:55.985+0000] {dag.py:4180} INFO - Setting next_dagrun for dataset_alias_example_alias_producer to None, run_after=None
[2024-11-07T17:07:55.988+0000] {logging_mixin.py:190} INFO - [2024-11-07T17:07:55.987+0000] {dag.py:4180} INFO - Setting next_dagrun for dataset_s3_bucket_consumer to None, run_after=None
[2024-11-07T17:07:55.990+0000] {logging_mixin.py:190} INFO - [2024-11-07T17:07:55.990+0000] {dag.py:4180} INFO - Setting next_dagrun for dataset_s3_bucket_producer to None, run_after=None
[2024-11-07T17:07:56.022+0000] {processor.py:208} INFO - Processing /home/airflow/.local/lib/python3.12/site-packages/airflow/example_dags/example_dataset_alias.py took 0.371 seconds
[2024-11-07T17:08:26.155+0000] {processor.py:186} INFO - Started process (PID=1017) to work on /home/airflow/.local/lib/python3.12/site-packages/airflow/example_dags/example_dataset_alias.py
[2024-11-07T17:08:26.157+0000] {processor.py:914} INFO - Processing file /home/airflow/.local/lib/python3.12/site-packages/airflow/example_dags/example_dataset_alias.py for tasks to queue
[2024-11-07T17:08:26.160+0000] {logging_mixin.py:190} INFO - [2024-11-07T17:08:26.160+0000] {dagbag.py:588} INFO - Filling up the DagBag from /home/airflow/.local/lib/python3.12/site-packages/airflow/example_dags/example_dataset_alias.py
[2024-11-07T17:08:26.396+0000] {processor.py:925} INFO - DAG(s) 'dataset_s3_bucket_consumer', 'dataset_alias_example_alias_consumer', 'dataset_alias_example_alias_producer', 'dataset_s3_bucket_producer' retrieved from /home/airflow/.local/lib/python3.12/site-packages/airflow/example_dags/example_dataset_alias.py
[2024-11-07T17:08:26.427+0000] {logging_mixin.py:190} INFO - [2024-11-07T17:08:26.426+0000] {dag.py:3239} INFO - Sync 4 DAGs
[2024-11-07T17:08:26.462+0000] {logging_mixin.py:190} INFO - [2024-11-07T17:08:26.462+0000] {dag.py:4180} INFO - Setting next_dagrun for dataset_alias_example_alias_consumer to None, run_after=None
[2024-11-07T17:08:26.466+0000] {logging_mixin.py:190} INFO - [2024-11-07T17:08:26.466+0000] {dag.py:4180} INFO - Setting next_dagrun for dataset_alias_example_alias_producer to None, run_after=None
[2024-11-07T17:08:26.468+0000] {logging_mixin.py:190} INFO - [2024-11-07T17:08:26.468+0000] {dag.py:4180} INFO - Setting next_dagrun for dataset_s3_bucket_consumer to None, run_after=None
[2024-11-07T17:08:26.473+0000] {logging_mixin.py:190} INFO - [2024-11-07T17:08:26.473+0000] {dag.py:4180} INFO - Setting next_dagrun for dataset_s3_bucket_producer to None, run_after=None
[2024-11-07T17:08:26.512+0000] {processor.py:208} INFO - Processing /home/airflow/.local/lib/python3.12/site-packages/airflow/example_dags/example_dataset_alias.py took 0.368 seconds
[2024-11-07T17:08:56.550+0000] {processor.py:186} INFO - Started process (PID=1081) to work on /home/airflow/.local/lib/python3.12/site-packages/airflow/example_dags/example_dataset_alias.py
[2024-11-07T17:08:56.553+0000] {processor.py:914} INFO - Processing file /home/airflow/.local/lib/python3.12/site-packages/airflow/example_dags/example_dataset_alias.py for tasks to queue
[2024-11-07T17:08:56.557+0000] {logging_mixin.py:190} INFO - [2024-11-07T17:08:56.557+0000] {dagbag.py:588} INFO - Filling up the DagBag from /home/airflow/.local/lib/python3.12/site-packages/airflow/example_dags/example_dataset_alias.py
[2024-11-07T17:08:56.786+0000] {processor.py:925} INFO - DAG(s) 'dataset_s3_bucket_consumer', 'dataset_alias_example_alias_consumer', 'dataset_s3_bucket_producer', 'dataset_alias_example_alias_producer' retrieved from /home/airflow/.local/lib/python3.12/site-packages/airflow/example_dags/example_dataset_alias.py
[2024-11-07T17:08:56.816+0000] {logging_mixin.py:190} INFO - [2024-11-07T17:08:56.815+0000] {dag.py:3239} INFO - Sync 4 DAGs
[2024-11-07T17:08:56.849+0000] {logging_mixin.py:190} INFO - [2024-11-07T17:08:56.848+0000] {dag.py:4180} INFO - Setting next_dagrun for dataset_alias_example_alias_consumer to None, run_after=None
[2024-11-07T17:08:56.853+0000] {logging_mixin.py:190} INFO - [2024-11-07T17:08:56.852+0000] {dag.py:4180} INFO - Setting next_dagrun for dataset_alias_example_alias_producer to None, run_after=None
[2024-11-07T17:08:56.855+0000] {logging_mixin.py:190} INFO - [2024-11-07T17:08:56.855+0000] {dag.py:4180} INFO - Setting next_dagrun for dataset_s3_bucket_consumer to None, run_after=None
[2024-11-07T17:08:56.857+0000] {logging_mixin.py:190} INFO - [2024-11-07T17:08:56.857+0000] {dag.py:4180} INFO - Setting next_dagrun for dataset_s3_bucket_producer to None, run_after=None
[2024-11-07T17:08:56.891+0000] {processor.py:208} INFO - Processing /home/airflow/.local/lib/python3.12/site-packages/airflow/example_dags/example_dataset_alias.py took 0.350 seconds
[2024-11-07T17:09:26.990+0000] {processor.py:186} INFO - Started process (PID=1141) to work on /home/airflow/.local/lib/python3.12/site-packages/airflow/example_dags/example_dataset_alias.py
[2024-11-07T17:09:26.992+0000] {processor.py:914} INFO - Processing file /home/airflow/.local/lib/python3.12/site-packages/airflow/example_dags/example_dataset_alias.py for tasks to queue
[2024-11-07T17:09:26.997+0000] {logging_mixin.py:190} INFO - [2024-11-07T17:09:26.997+0000] {dagbag.py:588} INFO - Filling up the DagBag from /home/airflow/.local/lib/python3.12/site-packages/airflow/example_dags/example_dataset_alias.py
[2024-11-07T17:09:27.243+0000] {processor.py:925} INFO - DAG(s) 'dataset_s3_bucket_consumer', 'dataset_alias_example_alias_producer', 'dataset_alias_example_alias_consumer', 'dataset_s3_bucket_producer' retrieved from /home/airflow/.local/lib/python3.12/site-packages/airflow/example_dags/example_dataset_alias.py
[2024-11-07T17:09:27.272+0000] {logging_mixin.py:190} INFO - [2024-11-07T17:09:27.271+0000] {dag.py:3239} INFO - Sync 4 DAGs
[2024-11-07T17:09:27.301+0000] {logging_mixin.py:190} INFO - [2024-11-07T17:09:27.301+0000] {dag.py:4180} INFO - Setting next_dagrun for dataset_alias_example_alias_consumer to None, run_after=None
[2024-11-07T17:09:27.305+0000] {logging_mixin.py:190} INFO - [2024-11-07T17:09:27.305+0000] {dag.py:4180} INFO - Setting next_dagrun for dataset_alias_example_alias_producer to None, run_after=None
[2024-11-07T17:09:27.307+0000] {logging_mixin.py:190} INFO - [2024-11-07T17:09:27.306+0000] {dag.py:4180} INFO - Setting next_dagrun for dataset_s3_bucket_consumer to None, run_after=None
[2024-11-07T17:09:27.308+0000] {logging_mixin.py:190} INFO - [2024-11-07T17:09:27.308+0000] {dag.py:4180} INFO - Setting next_dagrun for dataset_s3_bucket_producer to None, run_after=None
[2024-11-07T17:09:27.335+0000] {processor.py:208} INFO - Processing /home/airflow/.local/lib/python3.12/site-packages/airflow/example_dags/example_dataset_alias.py took 0.355 seconds
[2024-11-07T17:09:57.557+0000] {processor.py:186} INFO - Started process (PID=1204) to work on /home/airflow/.local/lib/python3.12/site-packages/airflow/example_dags/example_dataset_alias.py
[2024-11-07T17:09:57.558+0000] {processor.py:914} INFO - Processing file /home/airflow/.local/lib/python3.12/site-packages/airflow/example_dags/example_dataset_alias.py for tasks to queue
[2024-11-07T17:09:57.563+0000] {logging_mixin.py:190} INFO - [2024-11-07T17:09:57.562+0000] {dagbag.py:588} INFO - Filling up the DagBag from /home/airflow/.local/lib/python3.12/site-packages/airflow/example_dags/example_dataset_alias.py
[2024-11-07T17:09:57.775+0000] {processor.py:925} INFO - DAG(s) 'dataset_s3_bucket_consumer', 'dataset_alias_example_alias_consumer', 'dataset_s3_bucket_producer', 'dataset_alias_example_alias_producer' retrieved from /home/airflow/.local/lib/python3.12/site-packages/airflow/example_dags/example_dataset_alias.py
[2024-11-07T17:09:57.810+0000] {logging_mixin.py:190} INFO - [2024-11-07T17:09:57.809+0000] {dag.py:3239} INFO - Sync 4 DAGs
[2024-11-07T17:09:57.854+0000] {logging_mixin.py:190} INFO - [2024-11-07T17:09:57.854+0000] {dag.py:4180} INFO - Setting next_dagrun for dataset_alias_example_alias_consumer to None, run_after=None
[2024-11-07T17:09:57.857+0000] {logging_mixin.py:190} INFO - [2024-11-07T17:09:57.857+0000] {dag.py:4180} INFO - Setting next_dagrun for dataset_alias_example_alias_producer to None, run_after=None
[2024-11-07T17:09:57.860+0000] {logging_mixin.py:190} INFO - [2024-11-07T17:09:57.860+0000] {dag.py:4180} INFO - Setting next_dagrun for dataset_s3_bucket_consumer to None, run_after=None
[2024-11-07T17:09:57.861+0000] {logging_mixin.py:190} INFO - [2024-11-07T17:09:57.861+0000] {dag.py:4180} INFO - Setting next_dagrun for dataset_s3_bucket_producer to None, run_after=None
[2024-11-07T17:09:57.889+0000] {processor.py:208} INFO - Processing /home/airflow/.local/lib/python3.12/site-packages/airflow/example_dags/example_dataset_alias.py took 0.340 seconds
[2024-11-07T17:10:28.110+0000] {processor.py:186} INFO - Started process (PID=1266) to work on /home/airflow/.local/lib/python3.12/site-packages/airflow/example_dags/example_dataset_alias.py
[2024-11-07T17:10:28.111+0000] {processor.py:914} INFO - Processing file /home/airflow/.local/lib/python3.12/site-packages/airflow/example_dags/example_dataset_alias.py for tasks to queue
[2024-11-07T17:10:28.114+0000] {logging_mixin.py:190} INFO - [2024-11-07T17:10:28.114+0000] {dagbag.py:588} INFO - Filling up the DagBag from /home/airflow/.local/lib/python3.12/site-packages/airflow/example_dags/example_dataset_alias.py
[2024-11-07T17:10:28.414+0000] {processor.py:925} INFO - DAG(s) 'dataset_alias_example_alias_consumer', 'dataset_alias_example_alias_producer', 'dataset_s3_bucket_consumer', 'dataset_s3_bucket_producer' retrieved from /home/airflow/.local/lib/python3.12/site-packages/airflow/example_dags/example_dataset_alias.py
[2024-11-07T17:10:28.435+0000] {logging_mixin.py:190} INFO - [2024-11-07T17:10:28.435+0000] {dag.py:3239} INFO - Sync 4 DAGs
[2024-11-07T17:10:28.458+0000] {logging_mixin.py:190} INFO - [2024-11-07T17:10:28.458+0000] {dag.py:4180} INFO - Setting next_dagrun for dataset_alias_example_alias_consumer to None, run_after=None
[2024-11-07T17:10:28.461+0000] {logging_mixin.py:190} INFO - [2024-11-07T17:10:28.461+0000] {dag.py:4180} INFO - Setting next_dagrun for dataset_alias_example_alias_producer to None, run_after=None
[2024-11-07T17:10:28.465+0000] {logging_mixin.py:190} INFO - [2024-11-07T17:10:28.465+0000] {dag.py:4180} INFO - Setting next_dagrun for dataset_s3_bucket_consumer to None, run_after=None
[2024-11-07T17:10:28.467+0000] {logging_mixin.py:190} INFO - [2024-11-07T17:10:28.467+0000] {dag.py:4180} INFO - Setting next_dagrun for dataset_s3_bucket_producer to None, run_after=None
[2024-11-07T17:10:28.487+0000] {processor.py:208} INFO - Processing /home/airflow/.local/lib/python3.12/site-packages/airflow/example_dags/example_dataset_alias.py took 0.386 seconds
[2024-11-07T17:10:58.582+0000] {processor.py:186} INFO - Started process (PID=1329) to work on /home/airflow/.local/lib/python3.12/site-packages/airflow/example_dags/example_dataset_alias.py
[2024-11-07T17:10:58.584+0000] {processor.py:914} INFO - Processing file /home/airflow/.local/lib/python3.12/site-packages/airflow/example_dags/example_dataset_alias.py for tasks to queue
[2024-11-07T17:10:58.588+0000] {logging_mixin.py:190} INFO - [2024-11-07T17:10:58.587+0000] {dagbag.py:588} INFO - Filling up the DagBag from /home/airflow/.local/lib/python3.12/site-packages/airflow/example_dags/example_dataset_alias.py
[2024-11-07T17:10:58.823+0000] {processor.py:925} INFO - DAG(s) 'dataset_s3_bucket_producer', 'dataset_s3_bucket_consumer', 'dataset_alias_example_alias_producer', 'dataset_alias_example_alias_consumer' retrieved from /home/airflow/.local/lib/python3.12/site-packages/airflow/example_dags/example_dataset_alias.py
[2024-11-07T17:10:58.854+0000] {logging_mixin.py:190} INFO - [2024-11-07T17:10:58.853+0000] {dag.py:3239} INFO - Sync 4 DAGs
[2024-11-07T17:10:58.887+0000] {logging_mixin.py:190} INFO - [2024-11-07T17:10:58.886+0000] {dag.py:4180} INFO - Setting next_dagrun for dataset_alias_example_alias_consumer to None, run_after=None
[2024-11-07T17:10:58.890+0000] {logging_mixin.py:190} INFO - [2024-11-07T17:10:58.890+0000] {dag.py:4180} INFO - Setting next_dagrun for dataset_alias_example_alias_producer to None, run_after=None
[2024-11-07T17:10:58.892+0000] {logging_mixin.py:190} INFO - [2024-11-07T17:10:58.892+0000] {dag.py:4180} INFO - Setting next_dagrun for dataset_s3_bucket_consumer to None, run_after=None
[2024-11-07T17:10:58.894+0000] {logging_mixin.py:190} INFO - [2024-11-07T17:10:58.894+0000] {dag.py:4180} INFO - Setting next_dagrun for dataset_s3_bucket_producer to None, run_after=None
[2024-11-07T17:10:58.924+0000] {processor.py:208} INFO - Processing /home/airflow/.local/lib/python3.12/site-packages/airflow/example_dags/example_dataset_alias.py took 0.351 seconds
[2024-11-07T17:11:28.979+0000] {processor.py:186} INFO - Started process (PID=1393) to work on /home/airflow/.local/lib/python3.12/site-packages/airflow/example_dags/example_dataset_alias.py
[2024-11-07T17:11:28.984+0000] {processor.py:914} INFO - Processing file /home/airflow/.local/lib/python3.12/site-packages/airflow/example_dags/example_dataset_alias.py for tasks to queue
[2024-11-07T17:11:28.987+0000] {logging_mixin.py:190} INFO - [2024-11-07T17:11:28.987+0000] {dagbag.py:588} INFO - Filling up the DagBag from /home/airflow/.local/lib/python3.12/site-packages/airflow/example_dags/example_dataset_alias.py
[2024-11-07T17:11:29.214+0000] {processor.py:925} INFO - DAG(s) 'dataset_alias_example_alias_producer', 'dataset_s3_bucket_producer', 'dataset_s3_bucket_consumer', 'dataset_alias_example_alias_consumer' retrieved from /home/airflow/.local/lib/python3.12/site-packages/airflow/example_dags/example_dataset_alias.py
[2024-11-07T17:11:29.250+0000] {logging_mixin.py:190} INFO - [2024-11-07T17:11:29.249+0000] {dag.py:3239} INFO - Sync 4 DAGs
[2024-11-07T17:11:29.294+0000] {logging_mixin.py:190} INFO - [2024-11-07T17:11:29.294+0000] {dag.py:4180} INFO - Setting next_dagrun for dataset_alias_example_alias_consumer to None, run_after=None
[2024-11-07T17:11:29.301+0000] {logging_mixin.py:190} INFO - [2024-11-07T17:11:29.300+0000] {dag.py:4180} INFO - Setting next_dagrun for dataset_alias_example_alias_producer to None, run_after=None
[2024-11-07T17:11:29.303+0000] {logging_mixin.py:190} INFO - [2024-11-07T17:11:29.303+0000] {dag.py:4180} INFO - Setting next_dagrun for dataset_s3_bucket_consumer to None, run_after=None
[2024-11-07T17:11:29.305+0000] {logging_mixin.py:190} INFO - [2024-11-07T17:11:29.305+0000] {dag.py:4180} INFO - Setting next_dagrun for dataset_s3_bucket_producer to None, run_after=None
[2024-11-07T17:11:29.344+0000] {processor.py:208} INFO - Processing /home/airflow/.local/lib/python3.12/site-packages/airflow/example_dags/example_dataset_alias.py took 0.373 seconds
[2024-11-07T17:11:59.449+0000] {processor.py:186} INFO - Started process (PID=1458) to work on /home/airflow/.local/lib/python3.12/site-packages/airflow/example_dags/example_dataset_alias.py
[2024-11-07T17:11:59.450+0000] {processor.py:914} INFO - Processing file /home/airflow/.local/lib/python3.12/site-packages/airflow/example_dags/example_dataset_alias.py for tasks to queue
[2024-11-07T17:11:59.453+0000] {logging_mixin.py:190} INFO - [2024-11-07T17:11:59.453+0000] {dagbag.py:588} INFO - Filling up the DagBag from /home/airflow/.local/lib/python3.12/site-packages/airflow/example_dags/example_dataset_alias.py
[2024-11-07T17:11:59.650+0000] {processor.py:925} INFO - DAG(s) 'dataset_s3_bucket_producer', 'dataset_alias_example_alias_producer', 'dataset_s3_bucket_consumer', 'dataset_alias_example_alias_consumer' retrieved from /home/airflow/.local/lib/python3.12/site-packages/airflow/example_dags/example_dataset_alias.py
[2024-11-07T17:11:59.688+0000] {logging_mixin.py:190} INFO - [2024-11-07T17:11:59.688+0000] {dag.py:3239} INFO - Sync 4 DAGs
[2024-11-07T17:11:59.721+0000] {logging_mixin.py:190} INFO - [2024-11-07T17:11:59.720+0000] {dag.py:4180} INFO - Setting next_dagrun for dataset_alias_example_alias_consumer to None, run_after=None
[2024-11-07T17:11:59.724+0000] {logging_mixin.py:190} INFO - [2024-11-07T17:11:59.724+0000] {dag.py:4180} INFO - Setting next_dagrun for dataset_alias_example_alias_producer to None, run_after=None
[2024-11-07T17:11:59.726+0000] {logging_mixin.py:190} INFO - [2024-11-07T17:11:59.726+0000] {dag.py:4180} INFO - Setting next_dagrun for dataset_s3_bucket_consumer to None, run_after=None
[2024-11-07T17:11:59.727+0000] {logging_mixin.py:190} INFO - [2024-11-07T17:11:59.727+0000] {dag.py:4180} INFO - Setting next_dagrun for dataset_s3_bucket_producer to None, run_after=None
[2024-11-07T17:11:59.754+0000] {processor.py:208} INFO - Processing /home/airflow/.local/lib/python3.12/site-packages/airflow/example_dags/example_dataset_alias.py took 0.313 seconds
[2024-11-07T17:12:29.950+0000] {processor.py:186} INFO - Started process (PID=1518) to work on /home/airflow/.local/lib/python3.12/site-packages/airflow/example_dags/example_dataset_alias.py
[2024-11-07T17:12:29.952+0000] {processor.py:914} INFO - Processing file /home/airflow/.local/lib/python3.12/site-packages/airflow/example_dags/example_dataset_alias.py for tasks to queue
[2024-11-07T17:12:29.959+0000] {logging_mixin.py:190} INFO - [2024-11-07T17:12:29.958+0000] {dagbag.py:588} INFO - Filling up the DagBag from /home/airflow/.local/lib/python3.12/site-packages/airflow/example_dags/example_dataset_alias.py
[2024-11-07T17:12:30.290+0000] {processor.py:925} INFO - DAG(s) 'dataset_s3_bucket_consumer', 'dataset_alias_example_alias_producer', 'dataset_alias_example_alias_consumer', 'dataset_s3_bucket_producer' retrieved from /home/airflow/.local/lib/python3.12/site-packages/airflow/example_dags/example_dataset_alias.py
[2024-11-07T17:12:30.372+0000] {logging_mixin.py:190} INFO - [2024-11-07T17:12:30.371+0000] {dag.py:3239} INFO - Sync 4 DAGs
[2024-11-07T17:12:30.454+0000] {logging_mixin.py:190} INFO - [2024-11-07T17:12:30.453+0000] {dag.py:4180} INFO - Setting next_dagrun for dataset_alias_example_alias_consumer to None, run_after=None
[2024-11-07T17:12:30.464+0000] {logging_mixin.py:190} INFO - [2024-11-07T17:12:30.463+0000] {dag.py:4180} INFO - Setting next_dagrun for dataset_alias_example_alias_producer to None, run_after=None
[2024-11-07T17:12:30.469+0000] {logging_mixin.py:190} INFO - [2024-11-07T17:12:30.468+0000] {dag.py:4180} INFO - Setting next_dagrun for dataset_s3_bucket_consumer to None, run_after=None
[2024-11-07T17:12:30.474+0000] {logging_mixin.py:190} INFO - [2024-11-07T17:12:30.474+0000] {dag.py:4180} INFO - Setting next_dagrun for dataset_s3_bucket_producer to None, run_after=None
[2024-11-07T17:12:30.622+0000] {processor.py:208} INFO - Processing /home/airflow/.local/lib/python3.12/site-packages/airflow/example_dags/example_dataset_alias.py took 0.685 seconds
[2024-11-07T17:13:01.220+0000] {processor.py:186} INFO - Started process (PID=1582) to work on /home/airflow/.local/lib/python3.12/site-packages/airflow/example_dags/example_dataset_alias.py
[2024-11-07T17:13:01.222+0000] {processor.py:914} INFO - Processing file /home/airflow/.local/lib/python3.12/site-packages/airflow/example_dags/example_dataset_alias.py for tasks to queue
[2024-11-07T17:13:01.229+0000] {logging_mixin.py:190} INFO - [2024-11-07T17:13:01.228+0000] {dagbag.py:588} INFO - Filling up the DagBag from /home/airflow/.local/lib/python3.12/site-packages/airflow/example_dags/example_dataset_alias.py
[2024-11-07T17:13:01.542+0000] {processor.py:925} INFO - DAG(s) 'dataset_alias_example_alias_consumer', 'dataset_alias_example_alias_producer', 'dataset_s3_bucket_producer', 'dataset_s3_bucket_consumer' retrieved from /home/airflow/.local/lib/python3.12/site-packages/airflow/example_dags/example_dataset_alias.py
[2024-11-07T17:13:01.580+0000] {logging_mixin.py:190} INFO - [2024-11-07T17:13:01.580+0000] {dag.py:3239} INFO - Sync 4 DAGs
[2024-11-07T17:13:01.623+0000] {logging_mixin.py:190} INFO - [2024-11-07T17:13:01.623+0000] {dag.py:4180} INFO - Setting next_dagrun for dataset_alias_example_alias_consumer to None, run_after=None
[2024-11-07T17:13:01.628+0000] {logging_mixin.py:190} INFO - [2024-11-07T17:13:01.628+0000] {dag.py:4180} INFO - Setting next_dagrun for dataset_alias_example_alias_producer to None, run_after=None
[2024-11-07T17:13:01.631+0000] {logging_mixin.py:190} INFO - [2024-11-07T17:13:01.630+0000] {dag.py:4180} INFO - Setting next_dagrun for dataset_s3_bucket_consumer to None, run_after=None
[2024-11-07T17:13:01.633+0000] {logging_mixin.py:190} INFO - [2024-11-07T17:13:01.633+0000] {dag.py:4180} INFO - Setting next_dagrun for dataset_s3_bucket_producer to None, run_after=None
[2024-11-07T17:13:01.669+0000] {processor.py:208} INFO - Processing /home/airflow/.local/lib/python3.12/site-packages/airflow/example_dags/example_dataset_alias.py took 0.463 seconds
[2024-11-07T17:13:32.546+0000] {processor.py:186} INFO - Started process (PID=1646) to work on /home/airflow/.local/lib/python3.12/site-packages/airflow/example_dags/example_dataset_alias.py
[2024-11-07T17:13:32.547+0000] {processor.py:914} INFO - Processing file /home/airflow/.local/lib/python3.12/site-packages/airflow/example_dags/example_dataset_alias.py for tasks to queue
[2024-11-07T17:13:32.551+0000] {logging_mixin.py:190} INFO - [2024-11-07T17:13:32.550+0000] {dagbag.py:588} INFO - Filling up the DagBag from /home/airflow/.local/lib/python3.12/site-packages/airflow/example_dags/example_dataset_alias.py
[2024-11-07T17:13:32.748+0000] {processor.py:925} INFO - DAG(s) 'dataset_alias_example_alias_producer', 'dataset_alias_example_alias_consumer', 'dataset_s3_bucket_consumer', 'dataset_s3_bucket_producer' retrieved from /home/airflow/.local/lib/python3.12/site-packages/airflow/example_dags/example_dataset_alias.py
[2024-11-07T17:13:32.772+0000] {logging_mixin.py:190} INFO - [2024-11-07T17:13:32.772+0000] {dag.py:3239} INFO - Sync 4 DAGs
[2024-11-07T17:13:32.802+0000] {logging_mixin.py:190} INFO - [2024-11-07T17:13:32.802+0000] {dag.py:4180} INFO - Setting next_dagrun for dataset_alias_example_alias_consumer to None, run_after=None
[2024-11-07T17:13:32.807+0000] {logging_mixin.py:190} INFO - [2024-11-07T17:13:32.807+0000] {dag.py:4180} INFO - Setting next_dagrun for dataset_alias_example_alias_producer to None, run_after=None
[2024-11-07T17:13:32.809+0000] {logging_mixin.py:190} INFO - [2024-11-07T17:13:32.808+0000] {dag.py:4180} INFO - Setting next_dagrun for dataset_s3_bucket_consumer to None, run_after=None
[2024-11-07T17:13:32.810+0000] {logging_mixin.py:190} INFO - [2024-11-07T17:13:32.810+0000] {dag.py:4180} INFO - Setting next_dagrun for dataset_s3_bucket_producer to None, run_after=None
[2024-11-07T17:13:33.025+0000] {processor.py:208} INFO - Processing /home/airflow/.local/lib/python3.12/site-packages/airflow/example_dags/example_dataset_alias.py took 0.488 seconds
[2024-11-07T17:14:03.118+0000] {processor.py:186} INFO - Started process (PID=1711) to work on /home/airflow/.local/lib/python3.12/site-packages/airflow/example_dags/example_dataset_alias.py
[2024-11-07T17:14:03.119+0000] {processor.py:914} INFO - Processing file /home/airflow/.local/lib/python3.12/site-packages/airflow/example_dags/example_dataset_alias.py for tasks to queue
[2024-11-07T17:14:03.122+0000] {logging_mixin.py:190} INFO - [2024-11-07T17:14:03.122+0000] {dagbag.py:588} INFO - Filling up the DagBag from /home/airflow/.local/lib/python3.12/site-packages/airflow/example_dags/example_dataset_alias.py
[2024-11-07T17:14:03.326+0000] {processor.py:925} INFO - DAG(s) 'dataset_s3_bucket_consumer', 'dataset_alias_example_alias_producer', 'dataset_s3_bucket_producer', 'dataset_alias_example_alias_consumer' retrieved from /home/airflow/.local/lib/python3.12/site-packages/airflow/example_dags/example_dataset_alias.py
[2024-11-07T17:14:03.352+0000] {logging_mixin.py:190} INFO - [2024-11-07T17:14:03.352+0000] {dag.py:3239} INFO - Sync 4 DAGs
[2024-11-07T17:14:03.378+0000] {logging_mixin.py:190} INFO - [2024-11-07T17:14:03.378+0000] {dag.py:4180} INFO - Setting next_dagrun for dataset_alias_example_alias_consumer to None, run_after=None
[2024-11-07T17:14:03.383+0000] {logging_mixin.py:190} INFO - [2024-11-07T17:14:03.383+0000] {dag.py:4180} INFO - Setting next_dagrun for dataset_alias_example_alias_producer to None, run_after=None
[2024-11-07T17:14:03.384+0000] {logging_mixin.py:190} INFO - [2024-11-07T17:14:03.384+0000] {dag.py:4180} INFO - Setting next_dagrun for dataset_s3_bucket_consumer to None, run_after=None
[2024-11-07T17:14:03.386+0000] {logging_mixin.py:190} INFO - [2024-11-07T17:14:03.386+0000] {dag.py:4180} INFO - Setting next_dagrun for dataset_s3_bucket_producer to None, run_after=None
[2024-11-07T17:14:03.600+0000] {processor.py:208} INFO - Processing /home/airflow/.local/lib/python3.12/site-packages/airflow/example_dags/example_dataset_alias.py took 0.490 seconds
[2024-11-07T17:14:33.671+0000] {processor.py:186} INFO - Started process (PID=1776) to work on /home/airflow/.local/lib/python3.12/site-packages/airflow/example_dags/example_dataset_alias.py
[2024-11-07T17:14:33.672+0000] {processor.py:914} INFO - Processing file /home/airflow/.local/lib/python3.12/site-packages/airflow/example_dags/example_dataset_alias.py for tasks to queue
[2024-11-07T17:14:33.676+0000] {logging_mixin.py:190} INFO - [2024-11-07T17:14:33.676+0000] {dagbag.py:588} INFO - Filling up the DagBag from /home/airflow/.local/lib/python3.12/site-packages/airflow/example_dags/example_dataset_alias.py
[2024-11-07T17:14:33.978+0000] {processor.py:925} INFO - DAG(s) 'dataset_alias_example_alias_consumer', 'dataset_s3_bucket_producer', 'dataset_alias_example_alias_producer', 'dataset_s3_bucket_consumer' retrieved from /home/airflow/.local/lib/python3.12/site-packages/airflow/example_dags/example_dataset_alias.py
[2024-11-07T17:14:34.039+0000] {logging_mixin.py:190} INFO - [2024-11-07T17:14:34.039+0000] {dag.py:3239} INFO - Sync 4 DAGs
[2024-11-07T17:14:34.121+0000] {logging_mixin.py:190} INFO - [2024-11-07T17:14:34.120+0000] {dag.py:4180} INFO - Setting next_dagrun for dataset_alias_example_alias_consumer to None, run_after=None
[2024-11-07T17:14:34.129+0000] {logging_mixin.py:190} INFO - [2024-11-07T17:14:34.128+0000] {dag.py:4180} INFO - Setting next_dagrun for dataset_alias_example_alias_producer to None, run_after=None
[2024-11-07T17:14:34.132+0000] {logging_mixin.py:190} INFO - [2024-11-07T17:14:34.132+0000] {dag.py:4180} INFO - Setting next_dagrun for dataset_s3_bucket_consumer to None, run_after=None
[2024-11-07T17:14:34.134+0000] {logging_mixin.py:190} INFO - [2024-11-07T17:14:34.134+0000] {dag.py:4180} INFO - Setting next_dagrun for dataset_s3_bucket_producer to None, run_after=None
[2024-11-07T17:14:34.186+0000] {processor.py:208} INFO - Processing /home/airflow/.local/lib/python3.12/site-packages/airflow/example_dags/example_dataset_alias.py took 0.525 seconds
[2024-11-07T17:15:04.929+0000] {processor.py:186} INFO - Started process (PID=1833) to work on /home/airflow/.local/lib/python3.12/site-packages/airflow/example_dags/example_dataset_alias.py
[2024-11-07T17:15:04.931+0000] {processor.py:914} INFO - Processing file /home/airflow/.local/lib/python3.12/site-packages/airflow/example_dags/example_dataset_alias.py for tasks to queue
[2024-11-07T17:15:04.935+0000] {logging_mixin.py:190} INFO - [2024-11-07T17:15:04.934+0000] {dagbag.py:588} INFO - Filling up the DagBag from /home/airflow/.local/lib/python3.12/site-packages/airflow/example_dags/example_dataset_alias.py
[2024-11-07T17:15:05.305+0000] {processor.py:925} INFO - DAG(s) 'dataset_alias_example_alias_consumer', 'dataset_s3_bucket_producer', 'dataset_s3_bucket_consumer', 'dataset_alias_example_alias_producer' retrieved from /home/airflow/.local/lib/python3.12/site-packages/airflow/example_dags/example_dataset_alias.py
[2024-11-07T17:15:05.346+0000] {logging_mixin.py:190} INFO - [2024-11-07T17:15:05.344+0000] {dag.py:3239} INFO - Sync 4 DAGs
[2024-11-07T17:15:05.428+0000] {logging_mixin.py:190} INFO - [2024-11-07T17:15:05.428+0000] {dag.py:4180} INFO - Setting next_dagrun for dataset_alias_example_alias_consumer to None, run_after=None
[2024-11-07T17:15:05.437+0000] {logging_mixin.py:190} INFO - [2024-11-07T17:15:05.437+0000] {dag.py:4180} INFO - Setting next_dagrun for dataset_alias_example_alias_producer to None, run_after=None
[2024-11-07T17:15:05.444+0000] {logging_mixin.py:190} INFO - [2024-11-07T17:15:05.443+0000] {dag.py:4180} INFO - Setting next_dagrun for dataset_s3_bucket_consumer to None, run_after=None
[2024-11-07T17:15:05.449+0000] {logging_mixin.py:190} INFO - [2024-11-07T17:15:05.448+0000] {dag.py:4180} INFO - Setting next_dagrun for dataset_s3_bucket_producer to None, run_after=None
[2024-11-07T17:15:05.518+0000] {processor.py:208} INFO - Processing /home/airflow/.local/lib/python3.12/site-packages/airflow/example_dags/example_dataset_alias.py took 0.599 seconds
[2024-11-07T17:15:36.004+0000] {processor.py:186} INFO - Started process (PID=1894) to work on /home/airflow/.local/lib/python3.12/site-packages/airflow/example_dags/example_dataset_alias.py
[2024-11-07T17:15:36.006+0000] {processor.py:914} INFO - Processing file /home/airflow/.local/lib/python3.12/site-packages/airflow/example_dags/example_dataset_alias.py for tasks to queue
[2024-11-07T17:15:36.009+0000] {logging_mixin.py:190} INFO - [2024-11-07T17:15:36.009+0000] {dagbag.py:588} INFO - Filling up the DagBag from /home/airflow/.local/lib/python3.12/site-packages/airflow/example_dags/example_dataset_alias.py
[2024-11-07T17:15:36.214+0000] {processor.py:925} INFO - DAG(s) 'dataset_alias_example_alias_consumer', 'dataset_s3_bucket_producer', 'dataset_s3_bucket_consumer', 'dataset_alias_example_alias_producer' retrieved from /home/airflow/.local/lib/python3.12/site-packages/airflow/example_dags/example_dataset_alias.py
[2024-11-07T17:15:36.424+0000] {logging_mixin.py:190} INFO - [2024-11-07T17:15:36.424+0000] {dag.py:3239} INFO - Sync 4 DAGs
[2024-11-07T17:15:36.451+0000] {logging_mixin.py:190} INFO - [2024-11-07T17:15:36.451+0000] {dag.py:4180} INFO - Setting next_dagrun for dataset_alias_example_alias_consumer to None, run_after=None
[2024-11-07T17:15:36.454+0000] {logging_mixin.py:190} INFO - [2024-11-07T17:15:36.454+0000] {dag.py:4180} INFO - Setting next_dagrun for dataset_alias_example_alias_producer to None, run_after=None
[2024-11-07T17:15:36.456+0000] {logging_mixin.py:190} INFO - [2024-11-07T17:15:36.456+0000] {dag.py:4180} INFO - Setting next_dagrun for dataset_s3_bucket_consumer to None, run_after=None
[2024-11-07T17:15:36.457+0000] {logging_mixin.py:190} INFO - [2024-11-07T17:15:36.457+0000] {dag.py:4180} INFO - Setting next_dagrun for dataset_s3_bucket_producer to None, run_after=None
[2024-11-07T17:15:36.481+0000] {processor.py:208} INFO - Processing /home/airflow/.local/lib/python3.12/site-packages/airflow/example_dags/example_dataset_alias.py took 0.485 seconds
[2024-11-07T17:16:06.977+0000] {processor.py:186} INFO - Started process (PID=1957) to work on /home/airflow/.local/lib/python3.12/site-packages/airflow/example_dags/example_dataset_alias.py
[2024-11-07T17:16:06.978+0000] {processor.py:914} INFO - Processing file /home/airflow/.local/lib/python3.12/site-packages/airflow/example_dags/example_dataset_alias.py for tasks to queue
[2024-11-07T17:16:06.982+0000] {logging_mixin.py:190} INFO - [2024-11-07T17:16:06.982+0000] {dagbag.py:588} INFO - Filling up the DagBag from /home/airflow/.local/lib/python3.12/site-packages/airflow/example_dags/example_dataset_alias.py
[2024-11-07T17:16:07.213+0000] {processor.py:925} INFO - DAG(s) 'dataset_s3_bucket_consumer', 'dataset_alias_example_alias_producer', 'dataset_s3_bucket_producer', 'dataset_alias_example_alias_consumer' retrieved from /home/airflow/.local/lib/python3.12/site-packages/airflow/example_dags/example_dataset_alias.py
[2024-11-07T17:16:07.254+0000] {logging_mixin.py:190} INFO - [2024-11-07T17:16:07.253+0000] {dag.py:3239} INFO - Sync 4 DAGs
[2024-11-07T17:16:07.501+0000] {logging_mixin.py:190} INFO - [2024-11-07T17:16:07.500+0000] {dag.py:4180} INFO - Setting next_dagrun for dataset_alias_example_alias_consumer to None, run_after=None
[2024-11-07T17:16:07.504+0000] {logging_mixin.py:190} INFO - [2024-11-07T17:16:07.504+0000] {dag.py:4180} INFO - Setting next_dagrun for dataset_alias_example_alias_producer to None, run_after=None
[2024-11-07T17:16:07.506+0000] {logging_mixin.py:190} INFO - [2024-11-07T17:16:07.506+0000] {dag.py:4180} INFO - Setting next_dagrun for dataset_s3_bucket_consumer to None, run_after=None
[2024-11-07T17:16:07.508+0000] {logging_mixin.py:190} INFO - [2024-11-07T17:16:07.508+0000] {dag.py:4180} INFO - Setting next_dagrun for dataset_s3_bucket_producer to None, run_after=None
[2024-11-07T17:16:07.535+0000] {processor.py:208} INFO - Processing /home/airflow/.local/lib/python3.12/site-packages/airflow/example_dags/example_dataset_alias.py took 0.567 seconds
[2024-11-07T17:16:37.715+0000] {processor.py:186} INFO - Started process (PID=2023) to work on /home/airflow/.local/lib/python3.12/site-packages/airflow/example_dags/example_dataset_alias.py
[2024-11-07T17:16:37.716+0000] {processor.py:914} INFO - Processing file /home/airflow/.local/lib/python3.12/site-packages/airflow/example_dags/example_dataset_alias.py for tasks to queue
[2024-11-07T17:16:37.720+0000] {logging_mixin.py:190} INFO - [2024-11-07T17:16:37.719+0000] {dagbag.py:588} INFO - Filling up the DagBag from /home/airflow/.local/lib/python3.12/site-packages/airflow/example_dags/example_dataset_alias.py
[2024-11-07T17:16:37.925+0000] {processor.py:925} INFO - DAG(s) 'dataset_alias_example_alias_producer', 'dataset_s3_bucket_consumer', 'dataset_s3_bucket_producer', 'dataset_alias_example_alias_consumer' retrieved from /home/airflow/.local/lib/python3.12/site-packages/airflow/example_dags/example_dataset_alias.py
[2024-11-07T17:16:37.954+0000] {logging_mixin.py:190} INFO - [2024-11-07T17:16:37.954+0000] {dag.py:3239} INFO - Sync 4 DAGs
[2024-11-07T17:16:38.195+0000] {logging_mixin.py:190} INFO - [2024-11-07T17:16:38.194+0000] {dag.py:4180} INFO - Setting next_dagrun for dataset_alias_example_alias_consumer to None, run_after=None
[2024-11-07T17:16:38.201+0000] {logging_mixin.py:190} INFO - [2024-11-07T17:16:38.201+0000] {dag.py:4180} INFO - Setting next_dagrun for dataset_alias_example_alias_producer to None, run_after=None
[2024-11-07T17:16:38.203+0000] {logging_mixin.py:190} INFO - [2024-11-07T17:16:38.203+0000] {dag.py:4180} INFO - Setting next_dagrun for dataset_s3_bucket_consumer to None, run_after=None
[2024-11-07T17:16:38.205+0000] {logging_mixin.py:190} INFO - [2024-11-07T17:16:38.205+0000] {dag.py:4180} INFO - Setting next_dagrun for dataset_s3_bucket_producer to None, run_after=None
[2024-11-07T17:16:38.237+0000] {processor.py:208} INFO - Processing /home/airflow/.local/lib/python3.12/site-packages/airflow/example_dags/example_dataset_alias.py took 0.532 seconds
[2024-11-07T17:17:08.379+0000] {processor.py:186} INFO - Started process (PID=2088) to work on /home/airflow/.local/lib/python3.12/site-packages/airflow/example_dags/example_dataset_alias.py
[2024-11-07T17:17:08.380+0000] {processor.py:914} INFO - Processing file /home/airflow/.local/lib/python3.12/site-packages/airflow/example_dags/example_dataset_alias.py for tasks to queue
[2024-11-07T17:17:08.385+0000] {logging_mixin.py:190} INFO - [2024-11-07T17:17:08.384+0000] {dagbag.py:588} INFO - Filling up the DagBag from /home/airflow/.local/lib/python3.12/site-packages/airflow/example_dags/example_dataset_alias.py
[2024-11-07T17:17:08.640+0000] {processor.py:925} INFO - DAG(s) 'dataset_alias_example_alias_producer', 'dataset_s3_bucket_producer', 'dataset_alias_example_alias_consumer', 'dataset_s3_bucket_consumer' retrieved from /home/airflow/.local/lib/python3.12/site-packages/airflow/example_dags/example_dataset_alias.py
[2024-11-07T17:17:08.688+0000] {logging_mixin.py:190} INFO - [2024-11-07T17:17:08.687+0000] {dag.py:3239} INFO - Sync 4 DAGs
[2024-11-07T17:17:09.006+0000] {logging_mixin.py:190} INFO - [2024-11-07T17:17:09.006+0000] {dag.py:4180} INFO - Setting next_dagrun for dataset_alias_example_alias_consumer to None, run_after=None
[2024-11-07T17:17:09.010+0000] {logging_mixin.py:190} INFO - [2024-11-07T17:17:09.010+0000] {dag.py:4180} INFO - Setting next_dagrun for dataset_alias_example_alias_producer to None, run_after=None
[2024-11-07T17:17:09.012+0000] {logging_mixin.py:190} INFO - [2024-11-07T17:17:09.012+0000] {dag.py:4180} INFO - Setting next_dagrun for dataset_s3_bucket_consumer to None, run_after=None
[2024-11-07T17:17:09.014+0000] {logging_mixin.py:190} INFO - [2024-11-07T17:17:09.014+0000] {dag.py:4180} INFO - Setting next_dagrun for dataset_s3_bucket_producer to None, run_after=None
[2024-11-07T17:17:09.042+0000] {processor.py:208} INFO - Processing /home/airflow/.local/lib/python3.12/site-packages/airflow/example_dags/example_dataset_alias.py took 0.673 seconds
[2024-11-07T17:17:39.761+0000] {processor.py:186} INFO - Started process (PID=2152) to work on /home/airflow/.local/lib/python3.12/site-packages/airflow/example_dags/example_dataset_alias.py
[2024-11-07T17:17:39.762+0000] {processor.py:914} INFO - Processing file /home/airflow/.local/lib/python3.12/site-packages/airflow/example_dags/example_dataset_alias.py for tasks to queue
[2024-11-07T17:17:39.765+0000] {logging_mixin.py:190} INFO - [2024-11-07T17:17:39.765+0000] {dagbag.py:588} INFO - Filling up the DagBag from /home/airflow/.local/lib/python3.12/site-packages/airflow/example_dags/example_dataset_alias.py
[2024-11-07T17:17:40.185+0000] {processor.py:925} INFO - DAG(s) 'dataset_s3_bucket_producer', 'dataset_alias_example_alias_consumer', 'dataset_s3_bucket_consumer', 'dataset_alias_example_alias_producer' retrieved from /home/airflow/.local/lib/python3.12/site-packages/airflow/example_dags/example_dataset_alias.py
[2024-11-07T17:17:40.220+0000] {logging_mixin.py:190} INFO - [2024-11-07T17:17:40.220+0000] {dag.py:3239} INFO - Sync 4 DAGs
[2024-11-07T17:17:40.266+0000] {logging_mixin.py:190} INFO - [2024-11-07T17:17:40.266+0000] {dag.py:4180} INFO - Setting next_dagrun for dataset_alias_example_alias_consumer to None, run_after=None
[2024-11-07T17:17:40.271+0000] {logging_mixin.py:190} INFO - [2024-11-07T17:17:40.271+0000] {dag.py:4180} INFO - Setting next_dagrun for dataset_alias_example_alias_producer to None, run_after=None
[2024-11-07T17:17:40.273+0000] {logging_mixin.py:190} INFO - [2024-11-07T17:17:40.273+0000] {dag.py:4180} INFO - Setting next_dagrun for dataset_s3_bucket_consumer to None, run_after=None
[2024-11-07T17:17:40.275+0000] {logging_mixin.py:190} INFO - [2024-11-07T17:17:40.275+0000] {dag.py:4180} INFO - Setting next_dagrun for dataset_s3_bucket_producer to None, run_after=None
[2024-11-07T17:17:40.309+0000] {processor.py:208} INFO - Processing /home/airflow/.local/lib/python3.12/site-packages/airflow/example_dags/example_dataset_alias.py took 0.556 seconds
[2024-11-07T17:18:11.222+0000] {processor.py:186} INFO - Started process (PID=2223) to work on /home/airflow/.local/lib/python3.12/site-packages/airflow/example_dags/example_dataset_alias.py
[2024-11-07T17:18:11.229+0000] {processor.py:914} INFO - Processing file /home/airflow/.local/lib/python3.12/site-packages/airflow/example_dags/example_dataset_alias.py for tasks to queue
[2024-11-07T17:18:11.238+0000] {logging_mixin.py:190} INFO - [2024-11-07T17:18:11.237+0000] {dagbag.py:588} INFO - Filling up the DagBag from /home/airflow/.local/lib/python3.12/site-packages/airflow/example_dags/example_dataset_alias.py
[2024-11-07T17:18:12.188+0000] {processor.py:925} INFO - DAG(s) 'dataset_s3_bucket_producer', 'dataset_s3_bucket_consumer', 'dataset_alias_example_alias_consumer', 'dataset_alias_example_alias_producer' retrieved from /home/airflow/.local/lib/python3.12/site-packages/airflow/example_dags/example_dataset_alias.py
[2024-11-07T17:18:12.374+0000] {logging_mixin.py:190} INFO - [2024-11-07T17:18:12.374+0000] {dag.py:3239} INFO - Sync 4 DAGs
[2024-11-07T17:18:12.437+0000] {logging_mixin.py:190} INFO - [2024-11-07T17:18:12.437+0000] {dag.py:4180} INFO - Setting next_dagrun for dataset_alias_example_alias_consumer to None, run_after=None
[2024-11-07T17:18:12.444+0000] {logging_mixin.py:190} INFO - [2024-11-07T17:18:12.444+0000] {dag.py:4180} INFO - Setting next_dagrun for dataset_alias_example_alias_producer to None, run_after=None
[2024-11-07T17:18:12.448+0000] {logging_mixin.py:190} INFO - [2024-11-07T17:18:12.447+0000] {dag.py:4180} INFO - Setting next_dagrun for dataset_s3_bucket_consumer to None, run_after=None
[2024-11-07T17:18:12.451+0000] {logging_mixin.py:190} INFO - [2024-11-07T17:18:12.450+0000] {dag.py:4180} INFO - Setting next_dagrun for dataset_s3_bucket_producer to None, run_after=None
[2024-11-07T17:18:12.525+0000] {processor.py:208} INFO - Processing /home/airflow/.local/lib/python3.12/site-packages/airflow/example_dags/example_dataset_alias.py took 1.451 seconds
[2024-11-07T17:18:42.981+0000] {processor.py:186} INFO - Started process (PID=2286) to work on /home/airflow/.local/lib/python3.12/site-packages/airflow/example_dags/example_dataset_alias.py
[2024-11-07T17:18:42.983+0000] {processor.py:914} INFO - Processing file /home/airflow/.local/lib/python3.12/site-packages/airflow/example_dags/example_dataset_alias.py for tasks to queue
[2024-11-07T17:18:42.988+0000] {logging_mixin.py:190} INFO - [2024-11-07T17:18:42.987+0000] {dagbag.py:588} INFO - Filling up the DagBag from /home/airflow/.local/lib/python3.12/site-packages/airflow/example_dags/example_dataset_alias.py
[2024-11-07T17:18:43.516+0000] {processor.py:925} INFO - DAG(s) 'dataset_s3_bucket_producer', 'dataset_alias_example_alias_producer', 'dataset_alias_example_alias_consumer', 'dataset_s3_bucket_consumer' retrieved from /home/airflow/.local/lib/python3.12/site-packages/airflow/example_dags/example_dataset_alias.py
[2024-11-07T17:18:43.565+0000] {logging_mixin.py:190} INFO - [2024-11-07T17:18:43.564+0000] {dag.py:3239} INFO - Sync 4 DAGs
[2024-11-07T17:18:43.618+0000] {logging_mixin.py:190} INFO - [2024-11-07T17:18:43.617+0000] {dag.py:4180} INFO - Setting next_dagrun for dataset_alias_example_alias_consumer to None, run_after=None
[2024-11-07T17:18:43.627+0000] {logging_mixin.py:190} INFO - [2024-11-07T17:18:43.627+0000] {dag.py:4180} INFO - Setting next_dagrun for dataset_alias_example_alias_producer to None, run_after=None
[2024-11-07T17:18:43.630+0000] {logging_mixin.py:190} INFO - [2024-11-07T17:18:43.630+0000] {dag.py:4180} INFO - Setting next_dagrun for dataset_s3_bucket_consumer to None, run_after=None
[2024-11-07T17:18:43.632+0000] {logging_mixin.py:190} INFO - [2024-11-07T17:18:43.632+0000] {dag.py:4180} INFO - Setting next_dagrun for dataset_s3_bucket_producer to None, run_after=None
[2024-11-07T17:18:43.676+0000] {processor.py:208} INFO - Processing /home/airflow/.local/lib/python3.12/site-packages/airflow/example_dags/example_dataset_alias.py took 0.706 seconds
[2024-11-07T17:19:21.026+0000] {processor.py:186} INFO - Started process (PID=2342) to work on /home/airflow/.local/lib/python3.12/site-packages/airflow/example_dags/example_dataset_alias.py
[2024-11-07T17:19:21.031+0000] {processor.py:914} INFO - Processing file /home/airflow/.local/lib/python3.12/site-packages/airflow/example_dags/example_dataset_alias.py for tasks to queue
[2024-11-07T17:19:21.102+0000] {logging_mixin.py:190} INFO - [2024-11-07T17:19:21.101+0000] {dagbag.py:588} INFO - Filling up the DagBag from /home/airflow/.local/lib/python3.12/site-packages/airflow/example_dags/example_dataset_alias.py
[2024-11-07T17:19:23.867+0000] {processor.py:925} INFO - DAG(s) 'dataset_s3_bucket_producer', 'dataset_alias_example_alias_consumer', 'dataset_s3_bucket_consumer', 'dataset_alias_example_alias_producer' retrieved from /home/airflow/.local/lib/python3.12/site-packages/airflow/example_dags/example_dataset_alias.py
[2024-11-07T17:19:23.913+0000] {logging_mixin.py:190} INFO - [2024-11-07T17:19:23.913+0000] {dag.py:3239} INFO - Sync 4 DAGs
[2024-11-07T17:19:23.961+0000] {logging_mixin.py:190} INFO - [2024-11-07T17:19:23.960+0000] {dag.py:4180} INFO - Setting next_dagrun for dataset_alias_example_alias_consumer to None, run_after=None
[2024-11-07T17:19:23.968+0000] {logging_mixin.py:190} INFO - [2024-11-07T17:19:23.967+0000] {dag.py:4180} INFO - Setting next_dagrun for dataset_alias_example_alias_producer to None, run_after=None
[2024-11-07T17:19:23.972+0000] {logging_mixin.py:190} INFO - [2024-11-07T17:19:23.971+0000] {dag.py:4180} INFO - Setting next_dagrun for dataset_s3_bucket_consumer to None, run_after=None
[2024-11-07T17:19:23.978+0000] {logging_mixin.py:190} INFO - [2024-11-07T17:19:23.976+0000] {dag.py:4180} INFO - Setting next_dagrun for dataset_s3_bucket_producer to None, run_after=None
[2024-11-07T17:19:24.038+0000] {processor.py:208} INFO - Processing /home/airflow/.local/lib/python3.12/site-packages/airflow/example_dags/example_dataset_alias.py took 3.044 seconds
[2024-11-07T17:19:54.484+0000] {processor.py:186} INFO - Started process (PID=2409) to work on /home/airflow/.local/lib/python3.12/site-packages/airflow/example_dags/example_dataset_alias.py
[2024-11-07T17:19:54.485+0000] {processor.py:914} INFO - Processing file /home/airflow/.local/lib/python3.12/site-packages/airflow/example_dags/example_dataset_alias.py for tasks to queue
[2024-11-07T17:19:54.489+0000] {logging_mixin.py:190} INFO - [2024-11-07T17:19:54.489+0000] {dagbag.py:588} INFO - Filling up the DagBag from /home/airflow/.local/lib/python3.12/site-packages/airflow/example_dags/example_dataset_alias.py
[2024-11-07T17:19:54.966+0000] {processor.py:925} INFO - DAG(s) 'dataset_alias_example_alias_consumer', 'dataset_s3_bucket_consumer', 'dataset_s3_bucket_producer', 'dataset_alias_example_alias_producer' retrieved from /home/airflow/.local/lib/python3.12/site-packages/airflow/example_dags/example_dataset_alias.py
[2024-11-07T17:19:54.999+0000] {logging_mixin.py:190} INFO - [2024-11-07T17:19:54.998+0000] {dag.py:3239} INFO - Sync 4 DAGs
[2024-11-07T17:19:55.032+0000] {logging_mixin.py:190} INFO - [2024-11-07T17:19:55.032+0000] {dag.py:4180} INFO - Setting next_dagrun for dataset_alias_example_alias_consumer to None, run_after=None
[2024-11-07T17:19:55.037+0000] {logging_mixin.py:190} INFO - [2024-11-07T17:19:55.036+0000] {dag.py:4180} INFO - Setting next_dagrun for dataset_alias_example_alias_producer to None, run_after=None
[2024-11-07T17:19:55.039+0000] {logging_mixin.py:190} INFO - [2024-11-07T17:19:55.039+0000] {dag.py:4180} INFO - Setting next_dagrun for dataset_s3_bucket_consumer to None, run_after=None
[2024-11-07T17:19:55.042+0000] {logging_mixin.py:190} INFO - [2024-11-07T17:19:55.042+0000] {dag.py:4180} INFO - Setting next_dagrun for dataset_s3_bucket_producer to None, run_after=None
[2024-11-07T17:19:55.072+0000] {processor.py:208} INFO - Processing /home/airflow/.local/lib/python3.12/site-packages/airflow/example_dags/example_dataset_alias.py took 0.598 seconds
[2024-11-07T17:20:25.763+0000] {processor.py:186} INFO - Started process (PID=2475) to work on /home/airflow/.local/lib/python3.12/site-packages/airflow/example_dags/example_dataset_alias.py
[2024-11-07T17:20:25.764+0000] {processor.py:914} INFO - Processing file /home/airflow/.local/lib/python3.12/site-packages/airflow/example_dags/example_dataset_alias.py for tasks to queue
[2024-11-07T17:20:25.767+0000] {logging_mixin.py:190} INFO - [2024-11-07T17:20:25.767+0000] {dagbag.py:588} INFO - Filling up the DagBag from /home/airflow/.local/lib/python3.12/site-packages/airflow/example_dags/example_dataset_alias.py
[2024-11-07T17:20:26.337+0000] {processor.py:925} INFO - DAG(s) 'dataset_s3_bucket_producer', 'dataset_alias_example_alias_consumer', 'dataset_s3_bucket_consumer', 'dataset_alias_example_alias_producer' retrieved from /home/airflow/.local/lib/python3.12/site-packages/airflow/example_dags/example_dataset_alias.py
[2024-11-07T17:20:26.426+0000] {logging_mixin.py:190} INFO - [2024-11-07T17:20:26.426+0000] {dag.py:3239} INFO - Sync 4 DAGs
[2024-11-07T17:20:26.480+0000] {logging_mixin.py:190} INFO - [2024-11-07T17:20:26.480+0000] {dag.py:4180} INFO - Setting next_dagrun for dataset_alias_example_alias_consumer to None, run_after=None
[2024-11-07T17:20:26.488+0000] {logging_mixin.py:190} INFO - [2024-11-07T17:20:26.487+0000] {dag.py:4180} INFO - Setting next_dagrun for dataset_alias_example_alias_producer to None, run_after=None
[2024-11-07T17:20:26.495+0000] {logging_mixin.py:190} INFO - [2024-11-07T17:20:26.495+0000] {dag.py:4180} INFO - Setting next_dagrun for dataset_s3_bucket_consumer to None, run_after=None
[2024-11-07T17:20:26.498+0000] {logging_mixin.py:190} INFO - [2024-11-07T17:20:26.498+0000] {dag.py:4180} INFO - Setting next_dagrun for dataset_s3_bucket_producer to None, run_after=None
[2024-11-07T17:20:26.553+0000] {processor.py:208} INFO - Processing /home/airflow/.local/lib/python3.12/site-packages/airflow/example_dags/example_dataset_alias.py took 0.798 seconds
[2024-11-07T17:20:57.220+0000] {processor.py:186} INFO - Started process (PID=2539) to work on /home/airflow/.local/lib/python3.12/site-packages/airflow/example_dags/example_dataset_alias.py
[2024-11-07T17:20:57.221+0000] {processor.py:914} INFO - Processing file /home/airflow/.local/lib/python3.12/site-packages/airflow/example_dags/example_dataset_alias.py for tasks to queue
[2024-11-07T17:20:57.225+0000] {logging_mixin.py:190} INFO - [2024-11-07T17:20:57.224+0000] {dagbag.py:588} INFO - Filling up the DagBag from /home/airflow/.local/lib/python3.12/site-packages/airflow/example_dags/example_dataset_alias.py
[2024-11-07T17:20:57.611+0000] {processor.py:925} INFO - DAG(s) 'dataset_s3_bucket_producer', 'dataset_alias_example_alias_consumer', 'dataset_s3_bucket_consumer', 'dataset_alias_example_alias_producer' retrieved from /home/airflow/.local/lib/python3.12/site-packages/airflow/example_dags/example_dataset_alias.py
[2024-11-07T17:20:57.636+0000] {logging_mixin.py:190} INFO - [2024-11-07T17:20:57.636+0000] {dag.py:3239} INFO - Sync 4 DAGs
[2024-11-07T17:20:57.663+0000] {logging_mixin.py:190} INFO - [2024-11-07T17:20:57.663+0000] {dag.py:4180} INFO - Setting next_dagrun for dataset_alias_example_alias_consumer to None, run_after=None
[2024-11-07T17:20:57.666+0000] {logging_mixin.py:190} INFO - [2024-11-07T17:20:57.666+0000] {dag.py:4180} INFO - Setting next_dagrun for dataset_alias_example_alias_producer to None, run_after=None
[2024-11-07T17:20:57.668+0000] {logging_mixin.py:190} INFO - [2024-11-07T17:20:57.668+0000] {dag.py:4180} INFO - Setting next_dagrun for dataset_s3_bucket_consumer to None, run_after=None
[2024-11-07T17:20:57.670+0000] {logging_mixin.py:190} INFO - [2024-11-07T17:20:57.669+0000] {dag.py:4180} INFO - Setting next_dagrun for dataset_s3_bucket_producer to None, run_after=None
[2024-11-07T17:20:57.692+0000] {processor.py:208} INFO - Processing /home/airflow/.local/lib/python3.12/site-packages/airflow/example_dags/example_dataset_alias.py took 0.480 seconds
