[2024-11-07T17:01:23.186+0000] {processor.py:186} INFO - Started process (PID=168) to work on /home/airflow/.local/lib/python3.12/site-packages/airflow/example_dags/example_python_decorator.py
[2024-11-07T17:01:23.187+0000] {processor.py:914} INFO - Processing file /home/airflow/.local/lib/python3.12/site-packages/airflow/example_dags/example_python_decorator.py for tasks to queue
[2024-11-07T17:01:23.192+0000] {logging_mixin.py:190} INFO - [2024-11-07T17:01:23.191+0000] {dagbag.py:588} INFO - Filling up the DagBag from /home/airflow/.local/lib/python3.12/site-packages/airflow/example_dags/example_python_decorator.py
[2024-11-07T17:01:23.220+0000] {processor.py:925} INFO - DAG(s) 'example_python_decorator' retrieved from /home/airflow/.local/lib/python3.12/site-packages/airflow/example_dags/example_python_decorator.py
[2024-11-07T17:01:23.435+0000] {logging_mixin.py:190} INFO - [2024-11-07T17:01:23.434+0000] {override.py:1900} INFO - Created Permission View: can delete on DAG:example_python_decorator
[2024-11-07T17:01:23.460+0000] {logging_mixin.py:190} INFO - [2024-11-07T17:01:23.460+0000] {override.py:1900} INFO - Created Permission View: can edit on DAG:example_python_decorator
[2024-11-07T17:01:23.475+0000] {logging_mixin.py:190} INFO - [2024-11-07T17:01:23.474+0000] {override.py:1900} INFO - Created Permission View: can read on DAG:example_python_decorator
[2024-11-07T17:01:23.499+0000] {logging_mixin.py:190} INFO - [2024-11-07T17:01:23.498+0000] {override.py:1900} INFO - Created Permission View: can delete on DAG Run:example_python_decorator
[2024-11-07T17:01:23.711+0000] {logging_mixin.py:190} INFO - [2024-11-07T17:01:23.703+0000] {override.py:1900} INFO - Created Permission View: menu access on DAG Run:example_python_decorator
[2024-11-07T17:01:24.198+0000] {logging_mixin.py:190} INFO - [2024-11-07T17:01:24.197+0000] {override.py:1900} INFO - Created Permission View: can create on DAG Run:example_python_decorator
[2024-11-07T17:01:24.212+0000] {logging_mixin.py:190} INFO - [2024-11-07T17:01:24.211+0000] {override.py:1900} INFO - Created Permission View: can read on DAG Run:example_python_decorator
[2024-11-07T17:01:24.213+0000] {logging_mixin.py:190} INFO - [2024-11-07T17:01:24.212+0000] {dag.py:3239} INFO - Sync 1 DAGs
[2024-11-07T17:01:24.244+0000] {logging_mixin.py:190} INFO - [2024-11-07T17:01:24.244+0000] {dag.py:3262} INFO - Creating ORM DAG for example_python_decorator
[2024-11-07T17:01:24.261+0000] {logging_mixin.py:190} INFO - [2024-11-07T17:01:24.261+0000] {dag.py:4180} INFO - Setting next_dagrun for example_python_decorator to None, run_after=None
[2024-11-07T17:01:24.485+0000] {processor.py:208} INFO - Processing /home/airflow/.local/lib/python3.12/site-packages/airflow/example_dags/example_python_decorator.py took 1.309 seconds
[2024-11-07T17:01:56.859+0000] {processor.py:186} INFO - Started process (PID=231) to work on /home/airflow/.local/lib/python3.12/site-packages/airflow/example_dags/example_python_decorator.py
[2024-11-07T17:01:56.865+0000] {processor.py:914} INFO - Processing file /home/airflow/.local/lib/python3.12/site-packages/airflow/example_dags/example_python_decorator.py for tasks to queue
[2024-11-07T17:01:56.879+0000] {logging_mixin.py:190} INFO - [2024-11-07T17:01:56.878+0000] {dagbag.py:588} INFO - Filling up the DagBag from /home/airflow/.local/lib/python3.12/site-packages/airflow/example_dags/example_python_decorator.py
[2024-11-07T17:01:56.972+0000] {processor.py:925} INFO - DAG(s) 'example_python_decorator' retrieved from /home/airflow/.local/lib/python3.12/site-packages/airflow/example_dags/example_python_decorator.py
[2024-11-07T17:01:57.064+0000] {logging_mixin.py:190} INFO - [2024-11-07T17:01:57.063+0000] {dag.py:3239} INFO - Sync 1 DAGs
[2024-11-07T17:01:57.115+0000] {logging_mixin.py:190} INFO - [2024-11-07T17:01:57.115+0000] {dag.py:4180} INFO - Setting next_dagrun for example_python_decorator to None, run_after=None
[2024-11-07T17:01:57.207+0000] {processor.py:208} INFO - Processing /home/airflow/.local/lib/python3.12/site-packages/airflow/example_dags/example_python_decorator.py took 0.371 seconds
[2024-11-07T17:02:31.616+0000] {processor.py:186} INFO - Started process (PID=294) to work on /home/airflow/.local/lib/python3.12/site-packages/airflow/example_dags/example_python_decorator.py
[2024-11-07T17:02:31.619+0000] {processor.py:914} INFO - Processing file /home/airflow/.local/lib/python3.12/site-packages/airflow/example_dags/example_python_decorator.py for tasks to queue
[2024-11-07T17:02:31.626+0000] {logging_mixin.py:190} INFO - [2024-11-07T17:02:31.624+0000] {dagbag.py:588} INFO - Filling up the DagBag from /home/airflow/.local/lib/python3.12/site-packages/airflow/example_dags/example_python_decorator.py
[2024-11-07T17:02:31.684+0000] {processor.py:925} INFO - DAG(s) 'example_python_decorator' retrieved from /home/airflow/.local/lib/python3.12/site-packages/airflow/example_dags/example_python_decorator.py
[2024-11-07T17:02:31.789+0000] {logging_mixin.py:190} INFO - [2024-11-07T17:02:31.789+0000] {dag.py:3239} INFO - Sync 1 DAGs
[2024-11-07T17:02:31.830+0000] {logging_mixin.py:190} INFO - [2024-11-07T17:02:31.829+0000] {dag.py:4180} INFO - Setting next_dagrun for example_python_decorator to None, run_after=None
[2024-11-07T17:02:31.893+0000] {processor.py:208} INFO - Processing /home/airflow/.local/lib/python3.12/site-packages/airflow/example_dags/example_python_decorator.py took 0.297 seconds
[2024-11-07T17:03:02.313+0000] {processor.py:186} INFO - Started process (PID=357) to work on /home/airflow/.local/lib/python3.12/site-packages/airflow/example_dags/example_python_decorator.py
[2024-11-07T17:03:02.316+0000] {processor.py:914} INFO - Processing file /home/airflow/.local/lib/python3.12/site-packages/airflow/example_dags/example_python_decorator.py for tasks to queue
[2024-11-07T17:03:02.320+0000] {logging_mixin.py:190} INFO - [2024-11-07T17:03:02.320+0000] {dagbag.py:588} INFO - Filling up the DagBag from /home/airflow/.local/lib/python3.12/site-packages/airflow/example_dags/example_python_decorator.py
[2024-11-07T17:03:02.348+0000] {processor.py:925} INFO - DAG(s) 'example_python_decorator' retrieved from /home/airflow/.local/lib/python3.12/site-packages/airflow/example_dags/example_python_decorator.py
[2024-11-07T17:03:02.401+0000] {logging_mixin.py:190} INFO - [2024-11-07T17:03:02.401+0000] {dag.py:3239} INFO - Sync 1 DAGs
[2024-11-07T17:03:02.433+0000] {logging_mixin.py:190} INFO - [2024-11-07T17:03:02.432+0000] {dag.py:4180} INFO - Setting next_dagrun for example_python_decorator to None, run_after=None
[2024-11-07T17:03:02.473+0000] {processor.py:208} INFO - Processing /home/airflow/.local/lib/python3.12/site-packages/airflow/example_dags/example_python_decorator.py took 0.170 seconds
[2024-11-07T17:03:32.709+0000] {processor.py:186} INFO - Started process (PID=419) to work on /home/airflow/.local/lib/python3.12/site-packages/airflow/example_dags/example_python_decorator.py
[2024-11-07T17:03:32.712+0000] {processor.py:914} INFO - Processing file /home/airflow/.local/lib/python3.12/site-packages/airflow/example_dags/example_python_decorator.py for tasks to queue
[2024-11-07T17:03:32.716+0000] {logging_mixin.py:190} INFO - [2024-11-07T17:03:32.716+0000] {dagbag.py:588} INFO - Filling up the DagBag from /home/airflow/.local/lib/python3.12/site-packages/airflow/example_dags/example_python_decorator.py
[2024-11-07T17:03:32.744+0000] {processor.py:925} INFO - DAG(s) 'example_python_decorator' retrieved from /home/airflow/.local/lib/python3.12/site-packages/airflow/example_dags/example_python_decorator.py
[2024-11-07T17:03:32.786+0000] {logging_mixin.py:190} INFO - [2024-11-07T17:03:32.785+0000] {dag.py:3239} INFO - Sync 1 DAGs
[2024-11-07T17:03:32.806+0000] {logging_mixin.py:190} INFO - [2024-11-07T17:03:32.806+0000] {dag.py:4180} INFO - Setting next_dagrun for example_python_decorator to None, run_after=None
[2024-11-07T17:03:32.840+0000] {processor.py:208} INFO - Processing /home/airflow/.local/lib/python3.12/site-packages/airflow/example_dags/example_python_decorator.py took 0.139 seconds
[2024-11-07T17:04:03.426+0000] {processor.py:186} INFO - Started process (PID=481) to work on /home/airflow/.local/lib/python3.12/site-packages/airflow/example_dags/example_python_decorator.py
[2024-11-07T17:04:03.428+0000] {processor.py:914} INFO - Processing file /home/airflow/.local/lib/python3.12/site-packages/airflow/example_dags/example_python_decorator.py for tasks to queue
[2024-11-07T17:04:03.431+0000] {logging_mixin.py:190} INFO - [2024-11-07T17:04:03.431+0000] {dagbag.py:588} INFO - Filling up the DagBag from /home/airflow/.local/lib/python3.12/site-packages/airflow/example_dags/example_python_decorator.py
[2024-11-07T17:04:03.453+0000] {processor.py:925} INFO - DAG(s) 'example_python_decorator' retrieved from /home/airflow/.local/lib/python3.12/site-packages/airflow/example_dags/example_python_decorator.py
[2024-11-07T17:04:03.485+0000] {logging_mixin.py:190} INFO - [2024-11-07T17:04:03.484+0000] {dag.py:3239} INFO - Sync 1 DAGs
[2024-11-07T17:04:03.506+0000] {logging_mixin.py:190} INFO - [2024-11-07T17:04:03.506+0000] {dag.py:4180} INFO - Setting next_dagrun for example_python_decorator to None, run_after=None
[2024-11-07T17:04:03.532+0000] {processor.py:208} INFO - Processing /home/airflow/.local/lib/python3.12/site-packages/airflow/example_dags/example_python_decorator.py took 0.115 seconds
[2024-11-07T17:04:33.935+0000] {processor.py:186} INFO - Started process (PID=536) to work on /home/airflow/.local/lib/python3.12/site-packages/airflow/example_dags/example_python_decorator.py
[2024-11-07T17:04:33.936+0000] {processor.py:914} INFO - Processing file /home/airflow/.local/lib/python3.12/site-packages/airflow/example_dags/example_python_decorator.py for tasks to queue
[2024-11-07T17:04:33.940+0000] {logging_mixin.py:190} INFO - [2024-11-07T17:04:33.939+0000] {dagbag.py:588} INFO - Filling up the DagBag from /home/airflow/.local/lib/python3.12/site-packages/airflow/example_dags/example_python_decorator.py
[2024-11-07T17:04:33.962+0000] {processor.py:925} INFO - DAG(s) 'example_python_decorator' retrieved from /home/airflow/.local/lib/python3.12/site-packages/airflow/example_dags/example_python_decorator.py
[2024-11-07T17:04:33.991+0000] {logging_mixin.py:190} INFO - [2024-11-07T17:04:33.990+0000] {dag.py:3239} INFO - Sync 1 DAGs
[2024-11-07T17:04:34.011+0000] {logging_mixin.py:190} INFO - [2024-11-07T17:04:34.011+0000] {dag.py:4180} INFO - Setting next_dagrun for example_python_decorator to None, run_after=None
[2024-11-07T17:04:34.034+0000] {processor.py:208} INFO - Processing /home/airflow/.local/lib/python3.12/site-packages/airflow/example_dags/example_python_decorator.py took 0.108 seconds
[2024-11-07T17:05:04.518+0000] {processor.py:186} INFO - Started process (PID=599) to work on /home/airflow/.local/lib/python3.12/site-packages/airflow/example_dags/example_python_decorator.py
[2024-11-07T17:05:04.519+0000] {processor.py:914} INFO - Processing file /home/airflow/.local/lib/python3.12/site-packages/airflow/example_dags/example_python_decorator.py for tasks to queue
[2024-11-07T17:05:04.524+0000] {logging_mixin.py:190} INFO - [2024-11-07T17:05:04.524+0000] {dagbag.py:588} INFO - Filling up the DagBag from /home/airflow/.local/lib/python3.12/site-packages/airflow/example_dags/example_python_decorator.py
[2024-11-07T17:05:04.554+0000] {processor.py:925} INFO - DAG(s) 'example_python_decorator' retrieved from /home/airflow/.local/lib/python3.12/site-packages/airflow/example_dags/example_python_decorator.py
[2024-11-07T17:05:04.598+0000] {logging_mixin.py:190} INFO - [2024-11-07T17:05:04.597+0000] {dag.py:3239} INFO - Sync 1 DAGs
[2024-11-07T17:05:04.622+0000] {logging_mixin.py:190} INFO - [2024-11-07T17:05:04.622+0000] {dag.py:4180} INFO - Setting next_dagrun for example_python_decorator to None, run_after=None
[2024-11-07T17:05:04.656+0000] {processor.py:208} INFO - Processing /home/airflow/.local/lib/python3.12/site-packages/airflow/example_dags/example_python_decorator.py took 0.149 seconds
[2024-11-07T17:05:35.136+0000] {processor.py:186} INFO - Started process (PID=662) to work on /home/airflow/.local/lib/python3.12/site-packages/airflow/example_dags/example_python_decorator.py
[2024-11-07T17:05:35.137+0000] {processor.py:914} INFO - Processing file /home/airflow/.local/lib/python3.12/site-packages/airflow/example_dags/example_python_decorator.py for tasks to queue
[2024-11-07T17:05:35.141+0000] {logging_mixin.py:190} INFO - [2024-11-07T17:05:35.140+0000] {dagbag.py:588} INFO - Filling up the DagBag from /home/airflow/.local/lib/python3.12/site-packages/airflow/example_dags/example_python_decorator.py
[2024-11-07T17:05:35.162+0000] {processor.py:925} INFO - DAG(s) 'example_python_decorator' retrieved from /home/airflow/.local/lib/python3.12/site-packages/airflow/example_dags/example_python_decorator.py
[2024-11-07T17:05:35.192+0000] {logging_mixin.py:190} INFO - [2024-11-07T17:05:35.192+0000] {dag.py:3239} INFO - Sync 1 DAGs
[2024-11-07T17:05:35.212+0000] {logging_mixin.py:190} INFO - [2024-11-07T17:05:35.211+0000] {dag.py:4180} INFO - Setting next_dagrun for example_python_decorator to None, run_after=None
[2024-11-07T17:05:35.236+0000] {processor.py:208} INFO - Processing /home/airflow/.local/lib/python3.12/site-packages/airflow/example_dags/example_python_decorator.py took 0.108 seconds
[2024-11-07T17:06:05.496+0000] {processor.py:186} INFO - Started process (PID=725) to work on /home/airflow/.local/lib/python3.12/site-packages/airflow/example_dags/example_python_decorator.py
[2024-11-07T17:06:05.497+0000] {processor.py:914} INFO - Processing file /home/airflow/.local/lib/python3.12/site-packages/airflow/example_dags/example_python_decorator.py for tasks to queue
[2024-11-07T17:06:05.500+0000] {logging_mixin.py:190} INFO - [2024-11-07T17:06:05.500+0000] {dagbag.py:588} INFO - Filling up the DagBag from /home/airflow/.local/lib/python3.12/site-packages/airflow/example_dags/example_python_decorator.py
[2024-11-07T17:06:05.519+0000] {processor.py:925} INFO - DAG(s) 'example_python_decorator' retrieved from /home/airflow/.local/lib/python3.12/site-packages/airflow/example_dags/example_python_decorator.py
[2024-11-07T17:06:05.548+0000] {logging_mixin.py:190} INFO - [2024-11-07T17:06:05.548+0000] {dag.py:3239} INFO - Sync 1 DAGs
[2024-11-07T17:06:05.567+0000] {logging_mixin.py:190} INFO - [2024-11-07T17:06:05.566+0000] {dag.py:4180} INFO - Setting next_dagrun for example_python_decorator to None, run_after=None
[2024-11-07T17:06:05.588+0000] {processor.py:208} INFO - Processing /home/airflow/.local/lib/python3.12/site-packages/airflow/example_dags/example_python_decorator.py took 0.101 seconds
[2024-11-07T17:06:35.893+0000] {processor.py:186} INFO - Started process (PID=788) to work on /home/airflow/.local/lib/python3.12/site-packages/airflow/example_dags/example_python_decorator.py
[2024-11-07T17:06:35.895+0000] {processor.py:914} INFO - Processing file /home/airflow/.local/lib/python3.12/site-packages/airflow/example_dags/example_python_decorator.py for tasks to queue
[2024-11-07T17:06:35.898+0000] {logging_mixin.py:190} INFO - [2024-11-07T17:06:35.898+0000] {dagbag.py:588} INFO - Filling up the DagBag from /home/airflow/.local/lib/python3.12/site-packages/airflow/example_dags/example_python_decorator.py
[2024-11-07T17:06:35.919+0000] {processor.py:925} INFO - DAG(s) 'example_python_decorator' retrieved from /home/airflow/.local/lib/python3.12/site-packages/airflow/example_dags/example_python_decorator.py
[2024-11-07T17:06:35.952+0000] {logging_mixin.py:190} INFO - [2024-11-07T17:06:35.952+0000] {dag.py:3239} INFO - Sync 1 DAGs
[2024-11-07T17:06:35.974+0000] {logging_mixin.py:190} INFO - [2024-11-07T17:06:35.974+0000] {dag.py:4180} INFO - Setting next_dagrun for example_python_decorator to None, run_after=None
[2024-11-07T17:06:36.000+0000] {processor.py:208} INFO - Processing /home/airflow/.local/lib/python3.12/site-packages/airflow/example_dags/example_python_decorator.py took 0.115 seconds
[2024-11-07T17:07:06.133+0000] {processor.py:186} INFO - Started process (PID=851) to work on /home/airflow/.local/lib/python3.12/site-packages/airflow/example_dags/example_python_decorator.py
[2024-11-07T17:07:06.134+0000] {processor.py:914} INFO - Processing file /home/airflow/.local/lib/python3.12/site-packages/airflow/example_dags/example_python_decorator.py for tasks to queue
[2024-11-07T17:07:06.138+0000] {logging_mixin.py:190} INFO - [2024-11-07T17:07:06.137+0000] {dagbag.py:588} INFO - Filling up the DagBag from /home/airflow/.local/lib/python3.12/site-packages/airflow/example_dags/example_python_decorator.py
[2024-11-07T17:07:06.157+0000] {processor.py:925} INFO - DAG(s) 'example_python_decorator' retrieved from /home/airflow/.local/lib/python3.12/site-packages/airflow/example_dags/example_python_decorator.py
[2024-11-07T17:07:06.182+0000] {logging_mixin.py:190} INFO - [2024-11-07T17:07:06.182+0000] {dag.py:3239} INFO - Sync 1 DAGs
[2024-11-07T17:07:06.198+0000] {logging_mixin.py:190} INFO - [2024-11-07T17:07:06.198+0000] {dag.py:4180} INFO - Setting next_dagrun for example_python_decorator to None, run_after=None
[2024-11-07T17:07:06.220+0000] {processor.py:208} INFO - Processing /home/airflow/.local/lib/python3.12/site-packages/airflow/example_dags/example_python_decorator.py took 0.093 seconds
[2024-11-07T17:07:36.673+0000] {processor.py:186} INFO - Started process (PID=914) to work on /home/airflow/.local/lib/python3.12/site-packages/airflow/example_dags/example_python_decorator.py
[2024-11-07T17:07:36.675+0000] {processor.py:914} INFO - Processing file /home/airflow/.local/lib/python3.12/site-packages/airflow/example_dags/example_python_decorator.py for tasks to queue
[2024-11-07T17:07:36.680+0000] {logging_mixin.py:190} INFO - [2024-11-07T17:07:36.679+0000] {dagbag.py:588} INFO - Filling up the DagBag from /home/airflow/.local/lib/python3.12/site-packages/airflow/example_dags/example_python_decorator.py
[2024-11-07T17:07:36.712+0000] {processor.py:925} INFO - DAG(s) 'example_python_decorator' retrieved from /home/airflow/.local/lib/python3.12/site-packages/airflow/example_dags/example_python_decorator.py
[2024-11-07T17:07:36.753+0000] {logging_mixin.py:190} INFO - [2024-11-07T17:07:36.753+0000] {dag.py:3239} INFO - Sync 1 DAGs
[2024-11-07T17:07:36.776+0000] {logging_mixin.py:190} INFO - [2024-11-07T17:07:36.776+0000] {dag.py:4180} INFO - Setting next_dagrun for example_python_decorator to None, run_after=None
[2024-11-07T17:07:36.807+0000] {processor.py:208} INFO - Processing /home/airflow/.local/lib/python3.12/site-packages/airflow/example_dags/example_python_decorator.py took 0.147 seconds
[2024-11-07T17:08:07.726+0000] {processor.py:186} INFO - Started process (PID=976) to work on /home/airflow/.local/lib/python3.12/site-packages/airflow/example_dags/example_python_decorator.py
[2024-11-07T17:08:07.727+0000] {processor.py:914} INFO - Processing file /home/airflow/.local/lib/python3.12/site-packages/airflow/example_dags/example_python_decorator.py for tasks to queue
[2024-11-07T17:08:07.729+0000] {logging_mixin.py:190} INFO - [2024-11-07T17:08:07.729+0000] {dagbag.py:588} INFO - Filling up the DagBag from /home/airflow/.local/lib/python3.12/site-packages/airflow/example_dags/example_python_decorator.py
[2024-11-07T17:08:07.748+0000] {processor.py:925} INFO - DAG(s) 'example_python_decorator' retrieved from /home/airflow/.local/lib/python3.12/site-packages/airflow/example_dags/example_python_decorator.py
[2024-11-07T17:08:07.772+0000] {logging_mixin.py:190} INFO - [2024-11-07T17:08:07.772+0000] {dag.py:3239} INFO - Sync 1 DAGs
[2024-11-07T17:08:07.789+0000] {logging_mixin.py:190} INFO - [2024-11-07T17:08:07.788+0000] {dag.py:4180} INFO - Setting next_dagrun for example_python_decorator to None, run_after=None
[2024-11-07T17:08:07.807+0000] {processor.py:208} INFO - Processing /home/airflow/.local/lib/python3.12/site-packages/airflow/example_dags/example_python_decorator.py took 0.088 seconds
[2024-11-07T17:08:38.094+0000] {processor.py:186} INFO - Started process (PID=1039) to work on /home/airflow/.local/lib/python3.12/site-packages/airflow/example_dags/example_python_decorator.py
[2024-11-07T17:08:38.095+0000] {processor.py:914} INFO - Processing file /home/airflow/.local/lib/python3.12/site-packages/airflow/example_dags/example_python_decorator.py for tasks to queue
[2024-11-07T17:08:38.099+0000] {logging_mixin.py:190} INFO - [2024-11-07T17:08:38.098+0000] {dagbag.py:588} INFO - Filling up the DagBag from /home/airflow/.local/lib/python3.12/site-packages/airflow/example_dags/example_python_decorator.py
[2024-11-07T17:08:38.119+0000] {processor.py:925} INFO - DAG(s) 'example_python_decorator' retrieved from /home/airflow/.local/lib/python3.12/site-packages/airflow/example_dags/example_python_decorator.py
[2024-11-07T17:08:38.150+0000] {logging_mixin.py:190} INFO - [2024-11-07T17:08:38.150+0000] {dag.py:3239} INFO - Sync 1 DAGs
[2024-11-07T17:08:38.170+0000] {logging_mixin.py:190} INFO - [2024-11-07T17:08:38.169+0000] {dag.py:4180} INFO - Setting next_dagrun for example_python_decorator to None, run_after=None
[2024-11-07T17:08:38.194+0000] {processor.py:208} INFO - Processing /home/airflow/.local/lib/python3.12/site-packages/airflow/example_dags/example_python_decorator.py took 0.109 seconds
[2024-11-07T17:09:08.301+0000] {processor.py:186} INFO - Started process (PID=1102) to work on /home/airflow/.local/lib/python3.12/site-packages/airflow/example_dags/example_python_decorator.py
[2024-11-07T17:09:08.303+0000] {processor.py:914} INFO - Processing file /home/airflow/.local/lib/python3.12/site-packages/airflow/example_dags/example_python_decorator.py for tasks to queue
[2024-11-07T17:09:08.307+0000] {logging_mixin.py:190} INFO - [2024-11-07T17:09:08.307+0000] {dagbag.py:588} INFO - Filling up the DagBag from /home/airflow/.local/lib/python3.12/site-packages/airflow/example_dags/example_python_decorator.py
[2024-11-07T17:09:08.329+0000] {processor.py:925} INFO - DAG(s) 'example_python_decorator' retrieved from /home/airflow/.local/lib/python3.12/site-packages/airflow/example_dags/example_python_decorator.py
[2024-11-07T17:09:08.363+0000] {logging_mixin.py:190} INFO - [2024-11-07T17:09:08.362+0000] {dag.py:3239} INFO - Sync 1 DAGs
[2024-11-07T17:09:08.382+0000] {logging_mixin.py:190} INFO - [2024-11-07T17:09:08.381+0000] {dag.py:4180} INFO - Setting next_dagrun for example_python_decorator to None, run_after=None
[2024-11-07T17:09:08.405+0000] {processor.py:208} INFO - Processing /home/airflow/.local/lib/python3.12/site-packages/airflow/example_dags/example_python_decorator.py took 0.114 seconds
[2024-11-07T17:09:39.122+0000] {processor.py:186} INFO - Started process (PID=1171) to work on /home/airflow/.local/lib/python3.12/site-packages/airflow/example_dags/example_python_decorator.py
[2024-11-07T17:09:39.123+0000] {processor.py:914} INFO - Processing file /home/airflow/.local/lib/python3.12/site-packages/airflow/example_dags/example_python_decorator.py for tasks to queue
[2024-11-07T17:09:39.127+0000] {logging_mixin.py:190} INFO - [2024-11-07T17:09:39.127+0000] {dagbag.py:588} INFO - Filling up the DagBag from /home/airflow/.local/lib/python3.12/site-packages/airflow/example_dags/example_python_decorator.py
[2024-11-07T17:09:39.154+0000] {processor.py:925} INFO - DAG(s) 'example_python_decorator' retrieved from /home/airflow/.local/lib/python3.12/site-packages/airflow/example_dags/example_python_decorator.py
[2024-11-07T17:09:39.193+0000] {logging_mixin.py:190} INFO - [2024-11-07T17:09:39.192+0000] {dag.py:3239} INFO - Sync 1 DAGs
[2024-11-07T17:09:39.218+0000] {logging_mixin.py:190} INFO - [2024-11-07T17:09:39.218+0000] {dag.py:4180} INFO - Setting next_dagrun for example_python_decorator to None, run_after=None
[2024-11-07T17:09:39.245+0000] {processor.py:208} INFO - Processing /home/airflow/.local/lib/python3.12/site-packages/airflow/example_dags/example_python_decorator.py took 0.132 seconds
[2024-11-07T17:10:09.507+0000] {processor.py:186} INFO - Started process (PID=1233) to work on /home/airflow/.local/lib/python3.12/site-packages/airflow/example_dags/example_python_decorator.py
[2024-11-07T17:10:09.509+0000] {processor.py:914} INFO - Processing file /home/airflow/.local/lib/python3.12/site-packages/airflow/example_dags/example_python_decorator.py for tasks to queue
[2024-11-07T17:10:09.512+0000] {logging_mixin.py:190} INFO - [2024-11-07T17:10:09.512+0000] {dagbag.py:588} INFO - Filling up the DagBag from /home/airflow/.local/lib/python3.12/site-packages/airflow/example_dags/example_python_decorator.py
[2024-11-07T17:10:09.532+0000] {processor.py:925} INFO - DAG(s) 'example_python_decorator' retrieved from /home/airflow/.local/lib/python3.12/site-packages/airflow/example_dags/example_python_decorator.py
[2024-11-07T17:10:09.562+0000] {logging_mixin.py:190} INFO - [2024-11-07T17:10:09.561+0000] {dag.py:3239} INFO - Sync 1 DAGs
[2024-11-07T17:10:09.581+0000] {logging_mixin.py:190} INFO - [2024-11-07T17:10:09.580+0000] {dag.py:4180} INFO - Setting next_dagrun for example_python_decorator to None, run_after=None
[2024-11-07T17:10:09.603+0000] {processor.py:208} INFO - Processing /home/airflow/.local/lib/python3.12/site-packages/airflow/example_dags/example_python_decorator.py took 0.106 seconds
[2024-11-07T17:10:40.502+0000] {processor.py:186} INFO - Started process (PID=1296) to work on /home/airflow/.local/lib/python3.12/site-packages/airflow/example_dags/example_python_decorator.py
[2024-11-07T17:10:40.504+0000] {processor.py:914} INFO - Processing file /home/airflow/.local/lib/python3.12/site-packages/airflow/example_dags/example_python_decorator.py for tasks to queue
[2024-11-07T17:10:40.508+0000] {logging_mixin.py:190} INFO - [2024-11-07T17:10:40.508+0000] {dagbag.py:588} INFO - Filling up the DagBag from /home/airflow/.local/lib/python3.12/site-packages/airflow/example_dags/example_python_decorator.py
[2024-11-07T17:10:40.542+0000] {processor.py:925} INFO - DAG(s) 'example_python_decorator' retrieved from /home/airflow/.local/lib/python3.12/site-packages/airflow/example_dags/example_python_decorator.py
[2024-11-07T17:10:40.585+0000] {logging_mixin.py:190} INFO - [2024-11-07T17:10:40.585+0000] {dag.py:3239} INFO - Sync 1 DAGs
[2024-11-07T17:10:40.609+0000] {logging_mixin.py:190} INFO - [2024-11-07T17:10:40.609+0000] {dag.py:4180} INFO - Setting next_dagrun for example_python_decorator to None, run_after=None
[2024-11-07T17:10:40.636+0000] {processor.py:208} INFO - Processing /home/airflow/.local/lib/python3.12/site-packages/airflow/example_dags/example_python_decorator.py took 0.149 seconds
[2024-11-07T17:11:11.029+0000] {processor.py:186} INFO - Started process (PID=1359) to work on /home/airflow/.local/lib/python3.12/site-packages/airflow/example_dags/example_python_decorator.py
[2024-11-07T17:11:11.030+0000] {processor.py:914} INFO - Processing file /home/airflow/.local/lib/python3.12/site-packages/airflow/example_dags/example_python_decorator.py for tasks to queue
[2024-11-07T17:11:11.033+0000] {logging_mixin.py:190} INFO - [2024-11-07T17:11:11.033+0000] {dagbag.py:588} INFO - Filling up the DagBag from /home/airflow/.local/lib/python3.12/site-packages/airflow/example_dags/example_python_decorator.py
[2024-11-07T17:11:11.056+0000] {processor.py:925} INFO - DAG(s) 'example_python_decorator' retrieved from /home/airflow/.local/lib/python3.12/site-packages/airflow/example_dags/example_python_decorator.py
[2024-11-07T17:11:11.104+0000] {logging_mixin.py:190} INFO - [2024-11-07T17:11:11.104+0000] {dag.py:3239} INFO - Sync 1 DAGs
[2024-11-07T17:11:11.130+0000] {logging_mixin.py:190} INFO - [2024-11-07T17:11:11.129+0000] {dag.py:4180} INFO - Setting next_dagrun for example_python_decorator to None, run_after=None
[2024-11-07T17:11:11.164+0000] {processor.py:208} INFO - Processing /home/airflow/.local/lib/python3.12/site-packages/airflow/example_dags/example_python_decorator.py took 0.144 seconds
[2024-11-07T17:11:42.245+0000] {processor.py:186} INFO - Started process (PID=1422) to work on /home/airflow/.local/lib/python3.12/site-packages/airflow/example_dags/example_python_decorator.py
[2024-11-07T17:11:42.249+0000] {processor.py:914} INFO - Processing file /home/airflow/.local/lib/python3.12/site-packages/airflow/example_dags/example_python_decorator.py for tasks to queue
[2024-11-07T17:11:42.252+0000] {logging_mixin.py:190} INFO - [2024-11-07T17:11:42.252+0000] {dagbag.py:588} INFO - Filling up the DagBag from /home/airflow/.local/lib/python3.12/site-packages/airflow/example_dags/example_python_decorator.py
[2024-11-07T17:11:42.269+0000] {processor.py:925} INFO - DAG(s) 'example_python_decorator' retrieved from /home/airflow/.local/lib/python3.12/site-packages/airflow/example_dags/example_python_decorator.py
[2024-11-07T17:11:42.297+0000] {logging_mixin.py:190} INFO - [2024-11-07T17:11:42.297+0000] {dag.py:3239} INFO - Sync 1 DAGs
[2024-11-07T17:11:42.315+0000] {logging_mixin.py:190} INFO - [2024-11-07T17:11:42.315+0000] {dag.py:4180} INFO - Setting next_dagrun for example_python_decorator to None, run_after=None
[2024-11-07T17:11:42.335+0000] {processor.py:208} INFO - Processing /home/airflow/.local/lib/python3.12/site-packages/airflow/example_dags/example_python_decorator.py took 0.097 seconds
[2024-11-07T17:12:12.978+0000] {processor.py:186} INFO - Started process (PID=1485) to work on /home/airflow/.local/lib/python3.12/site-packages/airflow/example_dags/example_python_decorator.py
[2024-11-07T17:12:12.980+0000] {processor.py:914} INFO - Processing file /home/airflow/.local/lib/python3.12/site-packages/airflow/example_dags/example_python_decorator.py for tasks to queue
[2024-11-07T17:12:12.983+0000] {logging_mixin.py:190} INFO - [2024-11-07T17:12:12.983+0000] {dagbag.py:588} INFO - Filling up the DagBag from /home/airflow/.local/lib/python3.12/site-packages/airflow/example_dags/example_python_decorator.py
[2024-11-07T17:12:13.005+0000] {processor.py:925} INFO - DAG(s) 'example_python_decorator' retrieved from /home/airflow/.local/lib/python3.12/site-packages/airflow/example_dags/example_python_decorator.py
[2024-11-07T17:12:13.053+0000] {logging_mixin.py:190} INFO - [2024-11-07T17:12:13.053+0000] {dag.py:3239} INFO - Sync 1 DAGs
[2024-11-07T17:12:13.077+0000] {logging_mixin.py:190} INFO - [2024-11-07T17:12:13.076+0000] {dag.py:4180} INFO - Setting next_dagrun for example_python_decorator to None, run_after=None
[2024-11-07T17:12:13.110+0000] {processor.py:208} INFO - Processing /home/airflow/.local/lib/python3.12/site-packages/airflow/example_dags/example_python_decorator.py took 0.140 seconds
[2024-11-07T17:12:44.142+0000] {processor.py:186} INFO - Started process (PID=1548) to work on /home/airflow/.local/lib/python3.12/site-packages/airflow/example_dags/example_python_decorator.py
[2024-11-07T17:12:44.156+0000] {processor.py:914} INFO - Processing file /home/airflow/.local/lib/python3.12/site-packages/airflow/example_dags/example_python_decorator.py for tasks to queue
[2024-11-07T17:12:44.239+0000] {logging_mixin.py:190} INFO - [2024-11-07T17:12:44.237+0000] {dagbag.py:588} INFO - Filling up the DagBag from /home/airflow/.local/lib/python3.12/site-packages/airflow/example_dags/example_python_decorator.py
[2024-11-07T17:12:44.283+0000] {processor.py:925} INFO - DAG(s) 'example_python_decorator' retrieved from /home/airflow/.local/lib/python3.12/site-packages/airflow/example_dags/example_python_decorator.py
[2024-11-07T17:12:44.459+0000] {logging_mixin.py:190} INFO - [2024-11-07T17:12:44.458+0000] {dag.py:3239} INFO - Sync 1 DAGs
[2024-11-07T17:12:44.507+0000] {logging_mixin.py:190} INFO - [2024-11-07T17:12:44.506+0000] {dag.py:4180} INFO - Setting next_dagrun for example_python_decorator to None, run_after=None
[2024-11-07T17:12:44.544+0000] {processor.py:208} INFO - Processing /home/airflow/.local/lib/python3.12/site-packages/airflow/example_dags/example_python_decorator.py took 0.417 seconds
[2024-11-07T17:13:14.632+0000] {processor.py:186} INFO - Started process (PID=1612) to work on /home/airflow/.local/lib/python3.12/site-packages/airflow/example_dags/example_python_decorator.py
[2024-11-07T17:13:14.634+0000] {processor.py:914} INFO - Processing file /home/airflow/.local/lib/python3.12/site-packages/airflow/example_dags/example_python_decorator.py for tasks to queue
[2024-11-07T17:13:14.638+0000] {logging_mixin.py:190} INFO - [2024-11-07T17:13:14.637+0000] {dagbag.py:588} INFO - Filling up the DagBag from /home/airflow/.local/lib/python3.12/site-packages/airflow/example_dags/example_python_decorator.py
[2024-11-07T17:13:14.661+0000] {processor.py:925} INFO - DAG(s) 'example_python_decorator' retrieved from /home/airflow/.local/lib/python3.12/site-packages/airflow/example_dags/example_python_decorator.py
[2024-11-07T17:13:14.693+0000] {logging_mixin.py:190} INFO - [2024-11-07T17:13:14.693+0000] {dag.py:3239} INFO - Sync 1 DAGs
[2024-11-07T17:13:14.714+0000] {logging_mixin.py:190} INFO - [2024-11-07T17:13:14.714+0000] {dag.py:4180} INFO - Setting next_dagrun for example_python_decorator to None, run_after=None
[2024-11-07T17:13:14.737+0000] {processor.py:208} INFO - Processing /home/airflow/.local/lib/python3.12/site-packages/airflow/example_dags/example_python_decorator.py took 0.115 seconds
[2024-11-07T17:13:45.320+0000] {processor.py:186} INFO - Started process (PID=1673) to work on /home/airflow/.local/lib/python3.12/site-packages/airflow/example_dags/example_python_decorator.py
[2024-11-07T17:13:45.321+0000] {processor.py:914} INFO - Processing file /home/airflow/.local/lib/python3.12/site-packages/airflow/example_dags/example_python_decorator.py for tasks to queue
[2024-11-07T17:13:45.324+0000] {logging_mixin.py:190} INFO - [2024-11-07T17:13:45.324+0000] {dagbag.py:588} INFO - Filling up the DagBag from /home/airflow/.local/lib/python3.12/site-packages/airflow/example_dags/example_python_decorator.py
[2024-11-07T17:13:45.347+0000] {processor.py:925} INFO - DAG(s) 'example_python_decorator' retrieved from /home/airflow/.local/lib/python3.12/site-packages/airflow/example_dags/example_python_decorator.py
[2024-11-07T17:13:45.381+0000] {logging_mixin.py:190} INFO - [2024-11-07T17:13:45.381+0000] {dag.py:3239} INFO - Sync 1 DAGs
[2024-11-07T17:13:45.405+0000] {logging_mixin.py:190} INFO - [2024-11-07T17:13:45.405+0000] {dag.py:4180} INFO - Setting next_dagrun for example_python_decorator to None, run_after=None
[2024-11-07T17:13:45.430+0000] {processor.py:208} INFO - Processing /home/airflow/.local/lib/python3.12/site-packages/airflow/example_dags/example_python_decorator.py took 0.120 seconds
[2024-11-07T17:14:15.643+0000] {processor.py:186} INFO - Started process (PID=1736) to work on /home/airflow/.local/lib/python3.12/site-packages/airflow/example_dags/example_python_decorator.py
[2024-11-07T17:14:15.644+0000] {processor.py:914} INFO - Processing file /home/airflow/.local/lib/python3.12/site-packages/airflow/example_dags/example_python_decorator.py for tasks to queue
[2024-11-07T17:14:15.647+0000] {logging_mixin.py:190} INFO - [2024-11-07T17:14:15.647+0000] {dagbag.py:588} INFO - Filling up the DagBag from /home/airflow/.local/lib/python3.12/site-packages/airflow/example_dags/example_python_decorator.py
[2024-11-07T17:14:15.667+0000] {processor.py:925} INFO - DAG(s) 'example_python_decorator' retrieved from /home/airflow/.local/lib/python3.12/site-packages/airflow/example_dags/example_python_decorator.py
[2024-11-07T17:14:15.696+0000] {logging_mixin.py:190} INFO - [2024-11-07T17:14:15.696+0000] {dag.py:3239} INFO - Sync 1 DAGs
[2024-11-07T17:14:15.715+0000] {logging_mixin.py:190} INFO - [2024-11-07T17:14:15.715+0000] {dag.py:4180} INFO - Setting next_dagrun for example_python_decorator to None, run_after=None
[2024-11-07T17:14:15.736+0000] {processor.py:208} INFO - Processing /home/airflow/.local/lib/python3.12/site-packages/airflow/example_dags/example_python_decorator.py took 0.102 seconds
[2024-11-07T17:14:46.429+0000] {processor.py:186} INFO - Started process (PID=1799) to work on /home/airflow/.local/lib/python3.12/site-packages/airflow/example_dags/example_python_decorator.py
[2024-11-07T17:14:46.431+0000] {processor.py:914} INFO - Processing file /home/airflow/.local/lib/python3.12/site-packages/airflow/example_dags/example_python_decorator.py for tasks to queue
[2024-11-07T17:14:46.435+0000] {logging_mixin.py:190} INFO - [2024-11-07T17:14:46.434+0000] {dagbag.py:588} INFO - Filling up the DagBag from /home/airflow/.local/lib/python3.12/site-packages/airflow/example_dags/example_python_decorator.py
[2024-11-07T17:14:46.460+0000] {processor.py:925} INFO - DAG(s) 'example_python_decorator' retrieved from /home/airflow/.local/lib/python3.12/site-packages/airflow/example_dags/example_python_decorator.py
[2024-11-07T17:14:46.495+0000] {logging_mixin.py:190} INFO - [2024-11-07T17:14:46.495+0000] {dag.py:3239} INFO - Sync 1 DAGs
[2024-11-07T17:14:46.518+0000] {logging_mixin.py:190} INFO - [2024-11-07T17:14:46.518+0000] {dag.py:4180} INFO - Setting next_dagrun for example_python_decorator to None, run_after=None
[2024-11-07T17:14:46.547+0000] {processor.py:208} INFO - Processing /home/airflow/.local/lib/python3.12/site-packages/airflow/example_dags/example_python_decorator.py took 0.127 seconds
[2024-11-07T17:15:17.424+0000] {processor.py:186} INFO - Started process (PID=1861) to work on /home/airflow/.local/lib/python3.12/site-packages/airflow/example_dags/example_python_decorator.py
[2024-11-07T17:15:17.425+0000] {processor.py:914} INFO - Processing file /home/airflow/.local/lib/python3.12/site-packages/airflow/example_dags/example_python_decorator.py for tasks to queue
[2024-11-07T17:15:17.428+0000] {logging_mixin.py:190} INFO - [2024-11-07T17:15:17.428+0000] {dagbag.py:588} INFO - Filling up the DagBag from /home/airflow/.local/lib/python3.12/site-packages/airflow/example_dags/example_python_decorator.py
[2024-11-07T17:15:17.448+0000] {processor.py:925} INFO - DAG(s) 'example_python_decorator' retrieved from /home/airflow/.local/lib/python3.12/site-packages/airflow/example_dags/example_python_decorator.py
[2024-11-07T17:15:17.477+0000] {logging_mixin.py:190} INFO - [2024-11-07T17:15:17.477+0000] {dag.py:3239} INFO - Sync 1 DAGs
[2024-11-07T17:15:17.494+0000] {logging_mixin.py:190} INFO - [2024-11-07T17:15:17.493+0000] {dag.py:4180} INFO - Setting next_dagrun for example_python_decorator to None, run_after=None
[2024-11-07T17:15:17.519+0000] {processor.py:208} INFO - Processing /home/airflow/.local/lib/python3.12/site-packages/airflow/example_dags/example_python_decorator.py took 0.102 seconds
[2024-11-07T17:15:48.148+0000] {processor.py:186} INFO - Started process (PID=1924) to work on /home/airflow/.local/lib/python3.12/site-packages/airflow/example_dags/example_python_decorator.py
[2024-11-07T17:15:48.149+0000] {processor.py:914} INFO - Processing file /home/airflow/.local/lib/python3.12/site-packages/airflow/example_dags/example_python_decorator.py for tasks to queue
[2024-11-07T17:15:48.152+0000] {logging_mixin.py:190} INFO - [2024-11-07T17:15:48.151+0000] {dagbag.py:588} INFO - Filling up the DagBag from /home/airflow/.local/lib/python3.12/site-packages/airflow/example_dags/example_python_decorator.py
[2024-11-07T17:15:48.171+0000] {processor.py:925} INFO - DAG(s) 'example_python_decorator' retrieved from /home/airflow/.local/lib/python3.12/site-packages/airflow/example_dags/example_python_decorator.py
[2024-11-07T17:15:48.202+0000] {logging_mixin.py:190} INFO - [2024-11-07T17:15:48.202+0000] {dag.py:3239} INFO - Sync 1 DAGs
[2024-11-07T17:15:48.220+0000] {logging_mixin.py:190} INFO - [2024-11-07T17:15:48.220+0000] {dag.py:4180} INFO - Setting next_dagrun for example_python_decorator to None, run_after=None
[2024-11-07T17:15:48.241+0000] {processor.py:208} INFO - Processing /home/airflow/.local/lib/python3.12/site-packages/airflow/example_dags/example_python_decorator.py took 0.102 seconds
[2024-11-07T17:16:18.335+0000] {processor.py:186} INFO - Started process (PID=1987) to work on /home/airflow/.local/lib/python3.12/site-packages/airflow/example_dags/example_python_decorator.py
[2024-11-07T17:16:18.336+0000] {processor.py:914} INFO - Processing file /home/airflow/.local/lib/python3.12/site-packages/airflow/example_dags/example_python_decorator.py for tasks to queue
[2024-11-07T17:16:18.339+0000] {logging_mixin.py:190} INFO - [2024-11-07T17:16:18.339+0000] {dagbag.py:588} INFO - Filling up the DagBag from /home/airflow/.local/lib/python3.12/site-packages/airflow/example_dags/example_python_decorator.py
[2024-11-07T17:16:18.357+0000] {processor.py:925} INFO - DAG(s) 'example_python_decorator' retrieved from /home/airflow/.local/lib/python3.12/site-packages/airflow/example_dags/example_python_decorator.py
[2024-11-07T17:16:18.385+0000] {logging_mixin.py:190} INFO - [2024-11-07T17:16:18.384+0000] {dag.py:3239} INFO - Sync 1 DAGs
[2024-11-07T17:16:18.402+0000] {logging_mixin.py:190} INFO - [2024-11-07T17:16:18.402+0000] {dag.py:4180} INFO - Setting next_dagrun for example_python_decorator to None, run_after=None
[2024-11-07T17:16:18.422+0000] {processor.py:208} INFO - Processing /home/airflow/.local/lib/python3.12/site-packages/airflow/example_dags/example_python_decorator.py took 0.095 seconds
[2024-11-07T17:16:48.557+0000] {processor.py:186} INFO - Started process (PID=2050) to work on /home/airflow/.local/lib/python3.12/site-packages/airflow/example_dags/example_python_decorator.py
[2024-11-07T17:16:48.559+0000] {processor.py:914} INFO - Processing file /home/airflow/.local/lib/python3.12/site-packages/airflow/example_dags/example_python_decorator.py for tasks to queue
[2024-11-07T17:16:48.562+0000] {logging_mixin.py:190} INFO - [2024-11-07T17:16:48.562+0000] {dagbag.py:588} INFO - Filling up the DagBag from /home/airflow/.local/lib/python3.12/site-packages/airflow/example_dags/example_python_decorator.py
[2024-11-07T17:16:48.582+0000] {processor.py:925} INFO - DAG(s) 'example_python_decorator' retrieved from /home/airflow/.local/lib/python3.12/site-packages/airflow/example_dags/example_python_decorator.py
[2024-11-07T17:16:48.616+0000] {logging_mixin.py:190} INFO - [2024-11-07T17:16:48.616+0000] {dag.py:3239} INFO - Sync 1 DAGs
[2024-11-07T17:16:48.636+0000] {logging_mixin.py:190} INFO - [2024-11-07T17:16:48.635+0000] {dag.py:4180} INFO - Setting next_dagrun for example_python_decorator to None, run_after=None
[2024-11-07T17:16:48.660+0000] {processor.py:208} INFO - Processing /home/airflow/.local/lib/python3.12/site-packages/airflow/example_dags/example_python_decorator.py took 0.111 seconds
[2024-11-07T17:17:19.240+0000] {processor.py:186} INFO - Started process (PID=2112) to work on /home/airflow/.local/lib/python3.12/site-packages/airflow/example_dags/example_python_decorator.py
[2024-11-07T17:17:19.242+0000] {processor.py:914} INFO - Processing file /home/airflow/.local/lib/python3.12/site-packages/airflow/example_dags/example_python_decorator.py for tasks to queue
[2024-11-07T17:17:19.247+0000] {logging_mixin.py:190} INFO - [2024-11-07T17:17:19.247+0000] {dagbag.py:588} INFO - Filling up the DagBag from /home/airflow/.local/lib/python3.12/site-packages/airflow/example_dags/example_python_decorator.py
[2024-11-07T17:17:19.280+0000] {processor.py:925} INFO - DAG(s) 'example_python_decorator' retrieved from /home/airflow/.local/lib/python3.12/site-packages/airflow/example_dags/example_python_decorator.py
[2024-11-07T17:17:19.322+0000] {logging_mixin.py:190} INFO - [2024-11-07T17:17:19.321+0000] {dag.py:3239} INFO - Sync 1 DAGs
[2024-11-07T17:17:19.345+0000] {logging_mixin.py:190} INFO - [2024-11-07T17:17:19.344+0000] {dag.py:4180} INFO - Setting next_dagrun for example_python_decorator to None, run_after=None
[2024-11-07T17:17:19.376+0000] {processor.py:208} INFO - Processing /home/airflow/.local/lib/python3.12/site-packages/airflow/example_dags/example_python_decorator.py took 0.150 seconds
[2024-11-07T17:17:49.455+0000] {processor.py:186} INFO - Started process (PID=2175) to work on /home/airflow/.local/lib/python3.12/site-packages/airflow/example_dags/example_python_decorator.py
[2024-11-07T17:17:49.457+0000] {processor.py:914} INFO - Processing file /home/airflow/.local/lib/python3.12/site-packages/airflow/example_dags/example_python_decorator.py for tasks to queue
[2024-11-07T17:17:49.460+0000] {logging_mixin.py:190} INFO - [2024-11-07T17:17:49.460+0000] {dagbag.py:588} INFO - Filling up the DagBag from /home/airflow/.local/lib/python3.12/site-packages/airflow/example_dags/example_python_decorator.py
[2024-11-07T17:17:49.479+0000] {processor.py:925} INFO - DAG(s) 'example_python_decorator' retrieved from /home/airflow/.local/lib/python3.12/site-packages/airflow/example_dags/example_python_decorator.py
[2024-11-07T17:17:49.513+0000] {logging_mixin.py:190} INFO - [2024-11-07T17:17:49.513+0000] {dag.py:3239} INFO - Sync 1 DAGs
[2024-11-07T17:17:49.561+0000] {logging_mixin.py:190} INFO - [2024-11-07T17:17:49.561+0000] {dag.py:4180} INFO - Setting next_dagrun for example_python_decorator to None, run_after=None
[2024-11-07T17:17:49.597+0000] {processor.py:208} INFO - Processing /home/airflow/.local/lib/python3.12/site-packages/airflow/example_dags/example_python_decorator.py took 0.150 seconds
[2024-11-07T17:18:20.739+0000] {processor.py:186} INFO - Started process (PID=2239) to work on /home/airflow/.local/lib/python3.12/site-packages/airflow/example_dags/example_python_decorator.py
[2024-11-07T17:18:20.742+0000] {processor.py:914} INFO - Processing file /home/airflow/.local/lib/python3.12/site-packages/airflow/example_dags/example_python_decorator.py for tasks to queue
[2024-11-07T17:18:20.752+0000] {logging_mixin.py:190} INFO - [2024-11-07T17:18:20.751+0000] {dagbag.py:588} INFO - Filling up the DagBag from /home/airflow/.local/lib/python3.12/site-packages/airflow/example_dags/example_python_decorator.py
[2024-11-07T17:18:20.801+0000] {processor.py:925} INFO - DAG(s) 'example_python_decorator' retrieved from /home/airflow/.local/lib/python3.12/site-packages/airflow/example_dags/example_python_decorator.py
[2024-11-07T17:18:20.898+0000] {logging_mixin.py:190} INFO - [2024-11-07T17:18:20.897+0000] {dag.py:3239} INFO - Sync 1 DAGs
[2024-11-07T17:18:20.964+0000] {logging_mixin.py:190} INFO - [2024-11-07T17:18:20.963+0000] {dag.py:4180} INFO - Setting next_dagrun for example_python_decorator to None, run_after=None
[2024-11-07T17:18:21.050+0000] {processor.py:208} INFO - Processing /home/airflow/.local/lib/python3.12/site-packages/airflow/example_dags/example_python_decorator.py took 0.337 seconds
[2024-11-07T17:18:51.285+0000] {processor.py:186} INFO - Started process (PID=2302) to work on /home/airflow/.local/lib/python3.12/site-packages/airflow/example_dags/example_python_decorator.py
[2024-11-07T17:18:51.287+0000] {processor.py:914} INFO - Processing file /home/airflow/.local/lib/python3.12/site-packages/airflow/example_dags/example_python_decorator.py for tasks to queue
[2024-11-07T17:18:51.292+0000] {logging_mixin.py:190} INFO - [2024-11-07T17:18:51.291+0000] {dagbag.py:588} INFO - Filling up the DagBag from /home/airflow/.local/lib/python3.12/site-packages/airflow/example_dags/example_python_decorator.py
[2024-11-07T17:18:51.320+0000] {processor.py:925} INFO - DAG(s) 'example_python_decorator' retrieved from /home/airflow/.local/lib/python3.12/site-packages/airflow/example_dags/example_python_decorator.py
[2024-11-07T17:18:51.360+0000] {logging_mixin.py:190} INFO - [2024-11-07T17:18:51.359+0000] {dag.py:3239} INFO - Sync 1 DAGs
[2024-11-07T17:18:51.388+0000] {logging_mixin.py:190} INFO - [2024-11-07T17:18:51.388+0000] {dag.py:4180} INFO - Setting next_dagrun for example_python_decorator to None, run_after=None
[2024-11-07T17:18:51.418+0000] {processor.py:208} INFO - Processing /home/airflow/.local/lib/python3.12/site-packages/airflow/example_dags/example_python_decorator.py took 0.145 seconds
[2024-11-07T17:19:26.314+0000] {processor.py:186} INFO - Started process (PID=2363) to work on /home/airflow/.local/lib/python3.12/site-packages/airflow/example_dags/example_python_decorator.py
[2024-11-07T17:19:26.319+0000] {processor.py:914} INFO - Processing file /home/airflow/.local/lib/python3.12/site-packages/airflow/example_dags/example_python_decorator.py for tasks to queue
[2024-11-07T17:19:26.324+0000] {logging_mixin.py:190} INFO - [2024-11-07T17:19:26.322+0000] {dagbag.py:588} INFO - Filling up the DagBag from /home/airflow/.local/lib/python3.12/site-packages/airflow/example_dags/example_python_decorator.py
[2024-11-07T17:19:26.355+0000] {processor.py:925} INFO - DAG(s) 'example_python_decorator' retrieved from /home/airflow/.local/lib/python3.12/site-packages/airflow/example_dags/example_python_decorator.py
[2024-11-07T17:19:26.399+0000] {logging_mixin.py:190} INFO - [2024-11-07T17:19:26.399+0000] {dag.py:3239} INFO - Sync 1 DAGs
[2024-11-07T17:19:26.432+0000] {logging_mixin.py:190} INFO - [2024-11-07T17:19:26.431+0000] {dag.py:4180} INFO - Setting next_dagrun for example_python_decorator to None, run_after=None
[2024-11-07T17:19:26.467+0000] {processor.py:208} INFO - Processing /home/airflow/.local/lib/python3.12/site-packages/airflow/example_dags/example_python_decorator.py took 0.166 seconds
[2024-11-07T17:19:57.050+0000] {processor.py:186} INFO - Started process (PID=2425) to work on /home/airflow/.local/lib/python3.12/site-packages/airflow/example_dags/example_python_decorator.py
[2024-11-07T17:19:57.052+0000] {processor.py:914} INFO - Processing file /home/airflow/.local/lib/python3.12/site-packages/airflow/example_dags/example_python_decorator.py for tasks to queue
[2024-11-07T17:19:57.055+0000] {logging_mixin.py:190} INFO - [2024-11-07T17:19:57.055+0000] {dagbag.py:588} INFO - Filling up the DagBag from /home/airflow/.local/lib/python3.12/site-packages/airflow/example_dags/example_python_decorator.py
[2024-11-07T17:19:57.077+0000] {processor.py:925} INFO - DAG(s) 'example_python_decorator' retrieved from /home/airflow/.local/lib/python3.12/site-packages/airflow/example_dags/example_python_decorator.py
[2024-11-07T17:19:57.121+0000] {logging_mixin.py:190} INFO - [2024-11-07T17:19:57.120+0000] {dag.py:3239} INFO - Sync 1 DAGs
[2024-11-07T17:19:57.143+0000] {logging_mixin.py:190} INFO - [2024-11-07T17:19:57.143+0000] {dag.py:4180} INFO - Setting next_dagrun for example_python_decorator to None, run_after=None
[2024-11-07T17:19:57.174+0000] {processor.py:208} INFO - Processing /home/airflow/.local/lib/python3.12/site-packages/airflow/example_dags/example_python_decorator.py took 0.133 seconds
[2024-11-07T17:20:28.769+0000] {processor.py:186} INFO - Started process (PID=2489) to work on /home/airflow/.local/lib/python3.12/site-packages/airflow/example_dags/example_python_decorator.py
[2024-11-07T17:20:28.788+0000] {processor.py:914} INFO - Processing file /home/airflow/.local/lib/python3.12/site-packages/airflow/example_dags/example_python_decorator.py for tasks to queue
[2024-11-07T17:20:28.817+0000] {logging_mixin.py:190} INFO - [2024-11-07T17:20:28.816+0000] {dagbag.py:588} INFO - Filling up the DagBag from /home/airflow/.local/lib/python3.12/site-packages/airflow/example_dags/example_python_decorator.py
[2024-11-07T17:20:28.909+0000] {processor.py:925} INFO - DAG(s) 'example_python_decorator' retrieved from /home/airflow/.local/lib/python3.12/site-packages/airflow/example_dags/example_python_decorator.py
[2024-11-07T17:20:28.973+0000] {logging_mixin.py:190} INFO - [2024-11-07T17:20:28.972+0000] {dag.py:3239} INFO - Sync 1 DAGs
[2024-11-07T17:20:29.059+0000] {logging_mixin.py:190} INFO - [2024-11-07T17:20:29.059+0000] {dag.py:4180} INFO - Setting next_dagrun for example_python_decorator to None, run_after=None
[2024-11-07T17:20:29.108+0000] {processor.py:208} INFO - Processing /home/airflow/.local/lib/python3.12/site-packages/airflow/example_dags/example_python_decorator.py took 0.362 seconds
[2024-11-07T17:21:00.102+0000] {processor.py:186} INFO - Started process (PID=2552) to work on /home/airflow/.local/lib/python3.12/site-packages/airflow/example_dags/example_python_decorator.py
[2024-11-07T17:21:00.105+0000] {processor.py:914} INFO - Processing file /home/airflow/.local/lib/python3.12/site-packages/airflow/example_dags/example_python_decorator.py for tasks to queue
[2024-11-07T17:21:00.109+0000] {logging_mixin.py:190} INFO - [2024-11-07T17:21:00.108+0000] {dagbag.py:588} INFO - Filling up the DagBag from /home/airflow/.local/lib/python3.12/site-packages/airflow/example_dags/example_python_decorator.py
[2024-11-07T17:21:00.137+0000] {processor.py:925} INFO - DAG(s) 'example_python_decorator' retrieved from /home/airflow/.local/lib/python3.12/site-packages/airflow/example_dags/example_python_decorator.py
[2024-11-07T17:21:00.177+0000] {logging_mixin.py:190} INFO - [2024-11-07T17:21:00.177+0000] {dag.py:3239} INFO - Sync 1 DAGs
[2024-11-07T17:21:00.202+0000] {logging_mixin.py:190} INFO - [2024-11-07T17:21:00.202+0000] {dag.py:4180} INFO - Setting next_dagrun for example_python_decorator to None, run_after=None
[2024-11-07T17:21:00.231+0000] {processor.py:208} INFO - Processing /home/airflow/.local/lib/python3.12/site-packages/airflow/example_dags/example_python_decorator.py took 0.139 seconds
