[2024-11-07T17:01:41.990+0000] {processor.py:186} INFO - Started process (PID=196) to work on /home/airflow/.local/lib/python3.12/site-packages/airflow/example_dags/example_display_name.py
[2024-11-07T17:01:41.993+0000] {processor.py:914} INFO - Processing file /home/airflow/.local/lib/python3.12/site-packages/airflow/example_dags/example_display_name.py for tasks to queue
[2024-11-07T17:01:42.009+0000] {logging_mixin.py:190} INFO - [2024-11-07T17:01:42.007+0000] {dagbag.py:588} INFO - Filling up the DagBag from /home/airflow/.local/lib/python3.12/site-packages/airflow/example_dags/example_display_name.py
[2024-11-07T17:01:42.041+0000] {processor.py:925} INFO - DAG(s) 'example_display_name' retrieved from /home/airflow/.local/lib/python3.12/site-packages/airflow/example_dags/example_display_name.py
[2024-11-07T17:01:42.485+0000] {logging_mixin.py:190} INFO - [2024-11-07T17:01:42.483+0000] {override.py:1900} INFO - Created Permission View: can delete on DAG:example_display_name
[2024-11-07T17:01:42.543+0000] {logging_mixin.py:190} INFO - [2024-11-07T17:01:42.541+0000] {override.py:1900} INFO - Created Permission View: can edit on DAG:example_display_name
[2024-11-07T17:01:42.569+0000] {logging_mixin.py:190} INFO - [2024-11-07T17:01:42.568+0000] {override.py:1900} INFO - Created Permission View: can read on DAG:example_display_name
[2024-11-07T17:01:42.594+0000] {logging_mixin.py:190} INFO - [2024-11-07T17:01:42.593+0000] {override.py:1900} INFO - Created Permission View: can delete on DAG Run:example_display_name
[2024-11-07T17:01:42.625+0000] {logging_mixin.py:190} INFO - [2024-11-07T17:01:42.623+0000] {override.py:1900} INFO - Created Permission View: menu access on DAG Run:example_display_name
[2024-11-07T17:01:42.651+0000] {logging_mixin.py:190} INFO - [2024-11-07T17:01:42.651+0000] {override.py:1900} INFO - Created Permission View: can create on DAG Run:example_display_name
[2024-11-07T17:01:42.675+0000] {logging_mixin.py:190} INFO - [2024-11-07T17:01:42.674+0000] {override.py:1900} INFO - Created Permission View: can read on DAG Run:example_display_name
[2024-11-07T17:01:42.679+0000] {logging_mixin.py:190} INFO - [2024-11-07T17:01:42.678+0000] {dag.py:3239} INFO - Sync 1 DAGs
[2024-11-07T17:01:42.845+0000] {logging_mixin.py:190} INFO - [2024-11-07T17:01:42.844+0000] {dag.py:3262} INFO - Creating ORM DAG for example_display_name
[2024-11-07T17:01:42.854+0000] {logging_mixin.py:190} INFO - [2024-11-07T17:01:42.853+0000] {dag.py:4180} INFO - Setting next_dagrun for example_display_name to None, run_after=None
[2024-11-07T17:01:43.003+0000] {processor.py:208} INFO - Processing /home/airflow/.local/lib/python3.12/site-packages/airflow/example_dags/example_display_name.py took 1.039 seconds
[2024-11-07T17:02:13.422+0000] {processor.py:186} INFO - Started process (PID=259) to work on /home/airflow/.local/lib/python3.12/site-packages/airflow/example_dags/example_display_name.py
[2024-11-07T17:02:13.424+0000] {processor.py:914} INFO - Processing file /home/airflow/.local/lib/python3.12/site-packages/airflow/example_dags/example_display_name.py for tasks to queue
[2024-11-07T17:02:13.430+0000] {logging_mixin.py:190} INFO - [2024-11-07T17:02:13.429+0000] {dagbag.py:588} INFO - Filling up the DagBag from /home/airflow/.local/lib/python3.12/site-packages/airflow/example_dags/example_display_name.py
[2024-11-07T17:02:13.445+0000] {processor.py:925} INFO - DAG(s) 'example_display_name' retrieved from /home/airflow/.local/lib/python3.12/site-packages/airflow/example_dags/example_display_name.py
[2024-11-07T17:02:13.484+0000] {logging_mixin.py:190} INFO - [2024-11-07T17:02:13.483+0000] {dag.py:3239} INFO - Sync 1 DAGs
[2024-11-07T17:02:13.514+0000] {logging_mixin.py:190} INFO - [2024-11-07T17:02:13.513+0000] {dag.py:4180} INFO - Setting next_dagrun for example_display_name to None, run_after=None
[2024-11-07T17:02:13.550+0000] {processor.py:208} INFO - Processing /home/airflow/.local/lib/python3.12/site-packages/airflow/example_dags/example_display_name.py took 0.140 seconds
[2024-11-07T17:02:44.050+0000] {processor.py:186} INFO - Started process (PID=322) to work on /home/airflow/.local/lib/python3.12/site-packages/airflow/example_dags/example_display_name.py
[2024-11-07T17:02:44.053+0000] {processor.py:914} INFO - Processing file /home/airflow/.local/lib/python3.12/site-packages/airflow/example_dags/example_display_name.py for tasks to queue
[2024-11-07T17:02:44.060+0000] {logging_mixin.py:190} INFO - [2024-11-07T17:02:44.059+0000] {dagbag.py:588} INFO - Filling up the DagBag from /home/airflow/.local/lib/python3.12/site-packages/airflow/example_dags/example_display_name.py
[2024-11-07T17:02:44.080+0000] {processor.py:925} INFO - DAG(s) 'example_display_name' retrieved from /home/airflow/.local/lib/python3.12/site-packages/airflow/example_dags/example_display_name.py
[2024-11-07T17:02:44.131+0000] {logging_mixin.py:190} INFO - [2024-11-07T17:02:44.131+0000] {dag.py:3239} INFO - Sync 1 DAGs
[2024-11-07T17:02:44.167+0000] {logging_mixin.py:190} INFO - [2024-11-07T17:02:44.167+0000] {dag.py:4180} INFO - Setting next_dagrun for example_display_name to None, run_after=None
[2024-11-07T17:02:44.209+0000] {processor.py:208} INFO - Processing /home/airflow/.local/lib/python3.12/site-packages/airflow/example_dags/example_display_name.py took 0.178 seconds
[2024-11-07T17:03:14.544+0000] {processor.py:186} INFO - Started process (PID=384) to work on /home/airflow/.local/lib/python3.12/site-packages/airflow/example_dags/example_display_name.py
[2024-11-07T17:03:14.547+0000] {processor.py:914} INFO - Processing file /home/airflow/.local/lib/python3.12/site-packages/airflow/example_dags/example_display_name.py for tasks to queue
[2024-11-07T17:03:14.551+0000] {logging_mixin.py:190} INFO - [2024-11-07T17:03:14.551+0000] {dagbag.py:588} INFO - Filling up the DagBag from /home/airflow/.local/lib/python3.12/site-packages/airflow/example_dags/example_display_name.py
[2024-11-07T17:03:14.562+0000] {processor.py:925} INFO - DAG(s) 'example_display_name' retrieved from /home/airflow/.local/lib/python3.12/site-packages/airflow/example_dags/example_display_name.py
[2024-11-07T17:03:14.613+0000] {logging_mixin.py:190} INFO - [2024-11-07T17:03:14.612+0000] {dag.py:3239} INFO - Sync 1 DAGs
[2024-11-07T17:03:14.643+0000] {logging_mixin.py:190} INFO - [2024-11-07T17:03:14.643+0000] {dag.py:4180} INFO - Setting next_dagrun for example_display_name to None, run_after=None
[2024-11-07T17:03:14.676+0000] {processor.py:208} INFO - Processing /home/airflow/.local/lib/python3.12/site-packages/airflow/example_dags/example_display_name.py took 0.141 seconds
[2024-11-07T17:03:44.747+0000] {processor.py:186} INFO - Started process (PID=446) to work on /home/airflow/.local/lib/python3.12/site-packages/airflow/example_dags/example_display_name.py
[2024-11-07T17:03:44.748+0000] {processor.py:914} INFO - Processing file /home/airflow/.local/lib/python3.12/site-packages/airflow/example_dags/example_display_name.py for tasks to queue
[2024-11-07T17:03:44.752+0000] {logging_mixin.py:190} INFO - [2024-11-07T17:03:44.752+0000] {dagbag.py:588} INFO - Filling up the DagBag from /home/airflow/.local/lib/python3.12/site-packages/airflow/example_dags/example_display_name.py
[2024-11-07T17:03:44.762+0000] {processor.py:925} INFO - DAG(s) 'example_display_name' retrieved from /home/airflow/.local/lib/python3.12/site-packages/airflow/example_dags/example_display_name.py
[2024-11-07T17:03:44.787+0000] {logging_mixin.py:190} INFO - [2024-11-07T17:03:44.787+0000] {dag.py:3239} INFO - Sync 1 DAGs
[2024-11-07T17:03:44.805+0000] {logging_mixin.py:190} INFO - [2024-11-07T17:03:44.805+0000] {dag.py:4180} INFO - Setting next_dagrun for example_display_name to None, run_after=None
[2024-11-07T17:03:44.826+0000] {processor.py:208} INFO - Processing /home/airflow/.local/lib/python3.12/site-packages/airflow/example_dags/example_display_name.py took 0.087 seconds
[2024-11-07T17:04:15.527+0000] {processor.py:186} INFO - Started process (PID=509) to work on /home/airflow/.local/lib/python3.12/site-packages/airflow/example_dags/example_display_name.py
[2024-11-07T17:04:15.531+0000] {processor.py:914} INFO - Processing file /home/airflow/.local/lib/python3.12/site-packages/airflow/example_dags/example_display_name.py for tasks to queue
[2024-11-07T17:04:15.540+0000] {logging_mixin.py:190} INFO - [2024-11-07T17:04:15.538+0000] {dagbag.py:588} INFO - Filling up the DagBag from /home/airflow/.local/lib/python3.12/site-packages/airflow/example_dags/example_display_name.py
[2024-11-07T17:04:15.558+0000] {processor.py:925} INFO - DAG(s) 'example_display_name' retrieved from /home/airflow/.local/lib/python3.12/site-packages/airflow/example_dags/example_display_name.py
[2024-11-07T17:04:15.591+0000] {logging_mixin.py:190} INFO - [2024-11-07T17:04:15.591+0000] {dag.py:3239} INFO - Sync 1 DAGs
[2024-11-07T17:04:15.611+0000] {logging_mixin.py:190} INFO - [2024-11-07T17:04:15.611+0000] {dag.py:4180} INFO - Setting next_dagrun for example_display_name to None, run_after=None
[2024-11-07T17:04:15.639+0000] {processor.py:208} INFO - Processing /home/airflow/.local/lib/python3.12/site-packages/airflow/example_dags/example_display_name.py took 0.123 seconds
[2024-11-07T17:04:45.811+0000] {processor.py:186} INFO - Started process (PID=572) to work on /home/airflow/.local/lib/python3.12/site-packages/airflow/example_dags/example_display_name.py
[2024-11-07T17:04:45.813+0000] {processor.py:914} INFO - Processing file /home/airflow/.local/lib/python3.12/site-packages/airflow/example_dags/example_display_name.py for tasks to queue
[2024-11-07T17:04:45.820+0000] {logging_mixin.py:190} INFO - [2024-11-07T17:04:45.820+0000] {dagbag.py:588} INFO - Filling up the DagBag from /home/airflow/.local/lib/python3.12/site-packages/airflow/example_dags/example_display_name.py
[2024-11-07T17:04:45.835+0000] {processor.py:925} INFO - DAG(s) 'example_display_name' retrieved from /home/airflow/.local/lib/python3.12/site-packages/airflow/example_dags/example_display_name.py
[2024-11-07T17:04:45.871+0000] {logging_mixin.py:190} INFO - [2024-11-07T17:04:45.870+0000] {dag.py:3239} INFO - Sync 1 DAGs
[2024-11-07T17:04:45.899+0000] {logging_mixin.py:190} INFO - [2024-11-07T17:04:45.899+0000] {dag.py:4180} INFO - Setting next_dagrun for example_display_name to None, run_after=None
[2024-11-07T17:04:45.935+0000] {processor.py:208} INFO - Processing /home/airflow/.local/lib/python3.12/site-packages/airflow/example_dags/example_display_name.py took 0.135 seconds
[2024-11-07T17:05:16.270+0000] {processor.py:186} INFO - Started process (PID=635) to work on /home/airflow/.local/lib/python3.12/site-packages/airflow/example_dags/example_display_name.py
[2024-11-07T17:05:16.271+0000] {processor.py:914} INFO - Processing file /home/airflow/.local/lib/python3.12/site-packages/airflow/example_dags/example_display_name.py for tasks to queue
[2024-11-07T17:05:16.275+0000] {logging_mixin.py:190} INFO - [2024-11-07T17:05:16.274+0000] {dagbag.py:588} INFO - Filling up the DagBag from /home/airflow/.local/lib/python3.12/site-packages/airflow/example_dags/example_display_name.py
[2024-11-07T17:05:16.284+0000] {processor.py:925} INFO - DAG(s) 'example_display_name' retrieved from /home/airflow/.local/lib/python3.12/site-packages/airflow/example_dags/example_display_name.py
[2024-11-07T17:05:16.309+0000] {logging_mixin.py:190} INFO - [2024-11-07T17:05:16.309+0000] {dag.py:3239} INFO - Sync 1 DAGs
[2024-11-07T17:05:16.327+0000] {logging_mixin.py:190} INFO - [2024-11-07T17:05:16.326+0000] {dag.py:4180} INFO - Setting next_dagrun for example_display_name to None, run_after=None
[2024-11-07T17:05:16.348+0000] {processor.py:208} INFO - Processing /home/airflow/.local/lib/python3.12/site-packages/airflow/example_dags/example_display_name.py took 0.086 seconds
[2024-11-07T17:05:47.228+0000] {processor.py:186} INFO - Started process (PID=698) to work on /home/airflow/.local/lib/python3.12/site-packages/airflow/example_dags/example_display_name.py
[2024-11-07T17:05:47.232+0000] {processor.py:914} INFO - Processing file /home/airflow/.local/lib/python3.12/site-packages/airflow/example_dags/example_display_name.py for tasks to queue
[2024-11-07T17:05:47.243+0000] {logging_mixin.py:190} INFO - [2024-11-07T17:05:47.241+0000] {dagbag.py:588} INFO - Filling up the DagBag from /home/airflow/.local/lib/python3.12/site-packages/airflow/example_dags/example_display_name.py
[2024-11-07T17:05:47.275+0000] {processor.py:925} INFO - DAG(s) 'example_display_name' retrieved from /home/airflow/.local/lib/python3.12/site-packages/airflow/example_dags/example_display_name.py
[2024-11-07T17:05:47.337+0000] {logging_mixin.py:190} INFO - [2024-11-07T17:05:47.337+0000] {dag.py:3239} INFO - Sync 1 DAGs
[2024-11-07T17:05:47.375+0000] {logging_mixin.py:190} INFO - [2024-11-07T17:05:47.375+0000] {dag.py:4180} INFO - Setting next_dagrun for example_display_name to None, run_after=None
[2024-11-07T17:05:47.412+0000] {processor.py:208} INFO - Processing /home/airflow/.local/lib/python3.12/site-packages/airflow/example_dags/example_display_name.py took 0.203 seconds
[2024-11-07T17:06:18.391+0000] {processor.py:186} INFO - Started process (PID=761) to work on /home/airflow/.local/lib/python3.12/site-packages/airflow/example_dags/example_display_name.py
[2024-11-07T17:06:18.395+0000] {processor.py:914} INFO - Processing file /home/airflow/.local/lib/python3.12/site-packages/airflow/example_dags/example_display_name.py for tasks to queue
[2024-11-07T17:06:18.398+0000] {logging_mixin.py:190} INFO - [2024-11-07T17:06:18.398+0000] {dagbag.py:588} INFO - Filling up the DagBag from /home/airflow/.local/lib/python3.12/site-packages/airflow/example_dags/example_display_name.py
[2024-11-07T17:06:18.408+0000] {processor.py:925} INFO - DAG(s) 'example_display_name' retrieved from /home/airflow/.local/lib/python3.12/site-packages/airflow/example_dags/example_display_name.py
[2024-11-07T17:06:18.435+0000] {logging_mixin.py:190} INFO - [2024-11-07T17:06:18.435+0000] {dag.py:3239} INFO - Sync 1 DAGs
[2024-11-07T17:06:18.455+0000] {logging_mixin.py:190} INFO - [2024-11-07T17:06:18.454+0000] {dag.py:4180} INFO - Setting next_dagrun for example_display_name to None, run_after=None
[2024-11-07T17:06:18.479+0000] {processor.py:208} INFO - Processing /home/airflow/.local/lib/python3.12/site-packages/airflow/example_dags/example_display_name.py took 0.095 seconds
[2024-11-07T17:06:48.586+0000] {processor.py:186} INFO - Started process (PID=824) to work on /home/airflow/.local/lib/python3.12/site-packages/airflow/example_dags/example_display_name.py
[2024-11-07T17:06:48.587+0000] {processor.py:914} INFO - Processing file /home/airflow/.local/lib/python3.12/site-packages/airflow/example_dags/example_display_name.py for tasks to queue
[2024-11-07T17:06:48.591+0000] {logging_mixin.py:190} INFO - [2024-11-07T17:06:48.591+0000] {dagbag.py:588} INFO - Filling up the DagBag from /home/airflow/.local/lib/python3.12/site-packages/airflow/example_dags/example_display_name.py
[2024-11-07T17:06:48.602+0000] {processor.py:925} INFO - DAG(s) 'example_display_name' retrieved from /home/airflow/.local/lib/python3.12/site-packages/airflow/example_dags/example_display_name.py
[2024-11-07T17:06:48.636+0000] {logging_mixin.py:190} INFO - [2024-11-07T17:06:48.636+0000] {dag.py:3239} INFO - Sync 1 DAGs
[2024-11-07T17:06:48.654+0000] {logging_mixin.py:190} INFO - [2024-11-07T17:06:48.654+0000] {dag.py:4180} INFO - Setting next_dagrun for example_display_name to None, run_after=None
[2024-11-07T17:06:48.677+0000] {processor.py:208} INFO - Processing /home/airflow/.local/lib/python3.12/site-packages/airflow/example_dags/example_display_name.py took 0.100 seconds
[2024-11-07T17:07:18.786+0000] {processor.py:186} INFO - Started process (PID=887) to work on /home/airflow/.local/lib/python3.12/site-packages/airflow/example_dags/example_display_name.py
[2024-11-07T17:07:18.788+0000] {processor.py:914} INFO - Processing file /home/airflow/.local/lib/python3.12/site-packages/airflow/example_dags/example_display_name.py for tasks to queue
[2024-11-07T17:07:18.792+0000] {logging_mixin.py:190} INFO - [2024-11-07T17:07:18.791+0000] {dagbag.py:588} INFO - Filling up the DagBag from /home/airflow/.local/lib/python3.12/site-packages/airflow/example_dags/example_display_name.py
[2024-11-07T17:07:18.802+0000] {processor.py:925} INFO - DAG(s) 'example_display_name' retrieved from /home/airflow/.local/lib/python3.12/site-packages/airflow/example_dags/example_display_name.py
[2024-11-07T17:07:18.837+0000] {logging_mixin.py:190} INFO - [2024-11-07T17:07:18.836+0000] {dag.py:3239} INFO - Sync 1 DAGs
[2024-11-07T17:07:18.859+0000] {logging_mixin.py:190} INFO - [2024-11-07T17:07:18.859+0000] {dag.py:4180} INFO - Setting next_dagrun for example_display_name to None, run_after=None
[2024-11-07T17:07:18.888+0000] {processor.py:208} INFO - Processing /home/airflow/.local/lib/python3.12/site-packages/airflow/example_dags/example_display_name.py took 0.111 seconds
[2024-11-07T17:07:49.485+0000] {processor.py:186} INFO - Started process (PID=950) to work on /home/airflow/.local/lib/python3.12/site-packages/airflow/example_dags/example_display_name.py
[2024-11-07T17:07:49.486+0000] {processor.py:914} INFO - Processing file /home/airflow/.local/lib/python3.12/site-packages/airflow/example_dags/example_display_name.py for tasks to queue
[2024-11-07T17:07:49.490+0000] {logging_mixin.py:190} INFO - [2024-11-07T17:07:49.490+0000] {dagbag.py:588} INFO - Filling up the DagBag from /home/airflow/.local/lib/python3.12/site-packages/airflow/example_dags/example_display_name.py
[2024-11-07T17:07:49.501+0000] {processor.py:925} INFO - DAG(s) 'example_display_name' retrieved from /home/airflow/.local/lib/python3.12/site-packages/airflow/example_dags/example_display_name.py
[2024-11-07T17:07:49.530+0000] {logging_mixin.py:190} INFO - [2024-11-07T17:07:49.530+0000] {dag.py:3239} INFO - Sync 1 DAGs
[2024-11-07T17:07:49.551+0000] {logging_mixin.py:190} INFO - [2024-11-07T17:07:49.551+0000] {dag.py:4180} INFO - Setting next_dagrun for example_display_name to None, run_after=None
[2024-11-07T17:07:49.576+0000] {processor.py:208} INFO - Processing /home/airflow/.local/lib/python3.12/site-packages/airflow/example_dags/example_display_name.py took 0.099 seconds
[2024-11-07T17:08:19.809+0000] {processor.py:186} INFO - Started process (PID=1013) to work on /home/airflow/.local/lib/python3.12/site-packages/airflow/example_dags/example_display_name.py
[2024-11-07T17:08:19.810+0000] {processor.py:914} INFO - Processing file /home/airflow/.local/lib/python3.12/site-packages/airflow/example_dags/example_display_name.py for tasks to queue
[2024-11-07T17:08:19.814+0000] {logging_mixin.py:190} INFO - [2024-11-07T17:08:19.814+0000] {dagbag.py:588} INFO - Filling up the DagBag from /home/airflow/.local/lib/python3.12/site-packages/airflow/example_dags/example_display_name.py
[2024-11-07T17:08:19.824+0000] {processor.py:925} INFO - DAG(s) 'example_display_name' retrieved from /home/airflow/.local/lib/python3.12/site-packages/airflow/example_dags/example_display_name.py
[2024-11-07T17:08:19.854+0000] {logging_mixin.py:190} INFO - [2024-11-07T17:08:19.853+0000] {dag.py:3239} INFO - Sync 1 DAGs
[2024-11-07T17:08:19.874+0000] {logging_mixin.py:190} INFO - [2024-11-07T17:08:19.873+0000] {dag.py:4180} INFO - Setting next_dagrun for example_display_name to None, run_after=None
[2024-11-07T17:08:19.897+0000] {processor.py:208} INFO - Processing /home/airflow/.local/lib/python3.12/site-packages/airflow/example_dags/example_display_name.py took 0.097 seconds
[2024-11-07T17:08:50.106+0000] {processor.py:186} INFO - Started process (PID=1076) to work on /home/airflow/.local/lib/python3.12/site-packages/airflow/example_dags/example_display_name.py
[2024-11-07T17:08:50.112+0000] {processor.py:914} INFO - Processing file /home/airflow/.local/lib/python3.12/site-packages/airflow/example_dags/example_display_name.py for tasks to queue
[2024-11-07T17:08:50.118+0000] {logging_mixin.py:190} INFO - [2024-11-07T17:08:50.118+0000] {dagbag.py:588} INFO - Filling up the DagBag from /home/airflow/.local/lib/python3.12/site-packages/airflow/example_dags/example_display_name.py
[2024-11-07T17:08:50.126+0000] {processor.py:925} INFO - DAG(s) 'example_display_name' retrieved from /home/airflow/.local/lib/python3.12/site-packages/airflow/example_dags/example_display_name.py
[2024-11-07T17:08:50.155+0000] {logging_mixin.py:190} INFO - [2024-11-07T17:08:50.155+0000] {dag.py:3239} INFO - Sync 1 DAGs
[2024-11-07T17:08:50.175+0000] {logging_mixin.py:190} INFO - [2024-11-07T17:08:50.175+0000] {dag.py:4180} INFO - Setting next_dagrun for example_display_name to None, run_after=None
[2024-11-07T17:08:50.197+0000] {processor.py:208} INFO - Processing /home/airflow/.local/lib/python3.12/site-packages/airflow/example_dags/example_display_name.py took 0.101 seconds
[2024-11-07T17:09:20.740+0000] {processor.py:186} INFO - Started process (PID=1139) to work on /home/airflow/.local/lib/python3.12/site-packages/airflow/example_dags/example_display_name.py
[2024-11-07T17:09:20.755+0000] {processor.py:914} INFO - Processing file /home/airflow/.local/lib/python3.12/site-packages/airflow/example_dags/example_display_name.py for tasks to queue
[2024-11-07T17:09:20.759+0000] {logging_mixin.py:190} INFO - [2024-11-07T17:09:20.758+0000] {dagbag.py:588} INFO - Filling up the DagBag from /home/airflow/.local/lib/python3.12/site-packages/airflow/example_dags/example_display_name.py
[2024-11-07T17:09:20.794+0000] {processor.py:925} INFO - DAG(s) 'example_display_name' retrieved from /home/airflow/.local/lib/python3.12/site-packages/airflow/example_dags/example_display_name.py
[2024-11-07T17:09:20.940+0000] {logging_mixin.py:190} INFO - [2024-11-07T17:09:20.940+0000] {dag.py:3239} INFO - Sync 1 DAGs
[2024-11-07T17:09:21.025+0000] {logging_mixin.py:190} INFO - [2024-11-07T17:09:21.016+0000] {dag.py:4180} INFO - Setting next_dagrun for example_display_name to None, run_after=None
[2024-11-07T17:09:21.112+0000] {processor.py:208} INFO - Processing /home/airflow/.local/lib/python3.12/site-packages/airflow/example_dags/example_display_name.py took 0.389 seconds
[2024-11-07T17:09:51.404+0000] {processor.py:186} INFO - Started process (PID=1202) to work on /home/airflow/.local/lib/python3.12/site-packages/airflow/example_dags/example_display_name.py
[2024-11-07T17:09:51.405+0000] {processor.py:914} INFO - Processing file /home/airflow/.local/lib/python3.12/site-packages/airflow/example_dags/example_display_name.py for tasks to queue
[2024-11-07T17:09:51.408+0000] {logging_mixin.py:190} INFO - [2024-11-07T17:09:51.408+0000] {dagbag.py:588} INFO - Filling up the DagBag from /home/airflow/.local/lib/python3.12/site-packages/airflow/example_dags/example_display_name.py
[2024-11-07T17:09:51.417+0000] {processor.py:925} INFO - DAG(s) 'example_display_name' retrieved from /home/airflow/.local/lib/python3.12/site-packages/airflow/example_dags/example_display_name.py
[2024-11-07T17:09:51.442+0000] {logging_mixin.py:190} INFO - [2024-11-07T17:09:51.442+0000] {dag.py:3239} INFO - Sync 1 DAGs
[2024-11-07T17:09:51.460+0000] {logging_mixin.py:190} INFO - [2024-11-07T17:09:51.459+0000] {dag.py:4180} INFO - Setting next_dagrun for example_display_name to None, run_after=None
[2024-11-07T17:09:51.482+0000] {processor.py:208} INFO - Processing /home/airflow/.local/lib/python3.12/site-packages/airflow/example_dags/example_display_name.py took 0.085 seconds
[2024-11-07T17:10:22.040+0000] {processor.py:186} INFO - Started process (PID=1264) to work on /home/airflow/.local/lib/python3.12/site-packages/airflow/example_dags/example_display_name.py
[2024-11-07T17:10:22.041+0000] {processor.py:914} INFO - Processing file /home/airflow/.local/lib/python3.12/site-packages/airflow/example_dags/example_display_name.py for tasks to queue
[2024-11-07T17:10:22.045+0000] {logging_mixin.py:190} INFO - [2024-11-07T17:10:22.044+0000] {dagbag.py:588} INFO - Filling up the DagBag from /home/airflow/.local/lib/python3.12/site-packages/airflow/example_dags/example_display_name.py
[2024-11-07T17:10:22.056+0000] {processor.py:925} INFO - DAG(s) 'example_display_name' retrieved from /home/airflow/.local/lib/python3.12/site-packages/airflow/example_dags/example_display_name.py
[2024-11-07T17:10:22.085+0000] {logging_mixin.py:190} INFO - [2024-11-07T17:10:22.085+0000] {dag.py:3239} INFO - Sync 1 DAGs
[2024-11-07T17:10:22.104+0000] {logging_mixin.py:190} INFO - [2024-11-07T17:10:22.104+0000] {dag.py:4180} INFO - Setting next_dagrun for example_display_name to None, run_after=None
[2024-11-07T17:10:22.129+0000] {processor.py:208} INFO - Processing /home/airflow/.local/lib/python3.12/site-packages/airflow/example_dags/example_display_name.py took 0.098 seconds
[2024-11-07T17:10:52.421+0000] {processor.py:186} INFO - Started process (PID=1327) to work on /home/airflow/.local/lib/python3.12/site-packages/airflow/example_dags/example_display_name.py
[2024-11-07T17:10:52.422+0000] {processor.py:914} INFO - Processing file /home/airflow/.local/lib/python3.12/site-packages/airflow/example_dags/example_display_name.py for tasks to queue
[2024-11-07T17:10:52.425+0000] {logging_mixin.py:190} INFO - [2024-11-07T17:10:52.425+0000] {dagbag.py:588} INFO - Filling up the DagBag from /home/airflow/.local/lib/python3.12/site-packages/airflow/example_dags/example_display_name.py
[2024-11-07T17:10:52.436+0000] {processor.py:925} INFO - DAG(s) 'example_display_name' retrieved from /home/airflow/.local/lib/python3.12/site-packages/airflow/example_dags/example_display_name.py
[2024-11-07T17:10:52.463+0000] {logging_mixin.py:190} INFO - [2024-11-07T17:10:52.463+0000] {dag.py:3239} INFO - Sync 1 DAGs
[2024-11-07T17:10:52.482+0000] {logging_mixin.py:190} INFO - [2024-11-07T17:10:52.482+0000] {dag.py:4180} INFO - Setting next_dagrun for example_display_name to None, run_after=None
[2024-11-07T17:10:52.505+0000] {processor.py:208} INFO - Processing /home/airflow/.local/lib/python3.12/site-packages/airflow/example_dags/example_display_name.py took 0.093 seconds
[2024-11-07T17:11:22.670+0000] {processor.py:186} INFO - Started process (PID=1390) to work on /home/airflow/.local/lib/python3.12/site-packages/airflow/example_dags/example_display_name.py
[2024-11-07T17:11:22.672+0000] {processor.py:914} INFO - Processing file /home/airflow/.local/lib/python3.12/site-packages/airflow/example_dags/example_display_name.py for tasks to queue
[2024-11-07T17:11:22.675+0000] {logging_mixin.py:190} INFO - [2024-11-07T17:11:22.675+0000] {dagbag.py:588} INFO - Filling up the DagBag from /home/airflow/.local/lib/python3.12/site-packages/airflow/example_dags/example_display_name.py
[2024-11-07T17:11:22.687+0000] {processor.py:925} INFO - DAG(s) 'example_display_name' retrieved from /home/airflow/.local/lib/python3.12/site-packages/airflow/example_dags/example_display_name.py
[2024-11-07T17:11:22.717+0000] {logging_mixin.py:190} INFO - [2024-11-07T17:11:22.716+0000] {dag.py:3239} INFO - Sync 1 DAGs
[2024-11-07T17:11:22.736+0000] {logging_mixin.py:190} INFO - [2024-11-07T17:11:22.735+0000] {dag.py:4180} INFO - Setting next_dagrun for example_display_name to None, run_after=None
[2024-11-07T17:11:22.759+0000] {processor.py:208} INFO - Processing /home/airflow/.local/lib/python3.12/site-packages/airflow/example_dags/example_display_name.py took 0.098 seconds
[2024-11-07T17:11:52.920+0000] {processor.py:186} INFO - Started process (PID=1453) to work on /home/airflow/.local/lib/python3.12/site-packages/airflow/example_dags/example_display_name.py
[2024-11-07T17:11:52.921+0000] {processor.py:914} INFO - Processing file /home/airflow/.local/lib/python3.12/site-packages/airflow/example_dags/example_display_name.py for tasks to queue
[2024-11-07T17:11:52.925+0000] {logging_mixin.py:190} INFO - [2024-11-07T17:11:52.924+0000] {dagbag.py:588} INFO - Filling up the DagBag from /home/airflow/.local/lib/python3.12/site-packages/airflow/example_dags/example_display_name.py
[2024-11-07T17:11:52.936+0000] {processor.py:925} INFO - DAG(s) 'example_display_name' retrieved from /home/airflow/.local/lib/python3.12/site-packages/airflow/example_dags/example_display_name.py
[2024-11-07T17:11:52.968+0000] {logging_mixin.py:190} INFO - [2024-11-07T17:11:52.968+0000] {dag.py:3239} INFO - Sync 1 DAGs
[2024-11-07T17:11:52.986+0000] {logging_mixin.py:190} INFO - [2024-11-07T17:11:52.986+0000] {dag.py:4180} INFO - Setting next_dagrun for example_display_name to None, run_after=None
[2024-11-07T17:11:53.007+0000] {processor.py:208} INFO - Processing /home/airflow/.local/lib/python3.12/site-packages/airflow/example_dags/example_display_name.py took 0.095 seconds
[2024-11-07T17:12:25.730+0000] {processor.py:186} INFO - Started process (PID=1516) to work on /home/airflow/.local/lib/python3.12/site-packages/airflow/example_dags/example_display_name.py
[2024-11-07T17:12:25.732+0000] {processor.py:914} INFO - Processing file /home/airflow/.local/lib/python3.12/site-packages/airflow/example_dags/example_display_name.py for tasks to queue
[2024-11-07T17:12:25.737+0000] {logging_mixin.py:190} INFO - [2024-11-07T17:12:25.736+0000] {dagbag.py:588} INFO - Filling up the DagBag from /home/airflow/.local/lib/python3.12/site-packages/airflow/example_dags/example_display_name.py
[2024-11-07T17:12:25.752+0000] {processor.py:925} INFO - DAG(s) 'example_display_name' retrieved from /home/airflow/.local/lib/python3.12/site-packages/airflow/example_dags/example_display_name.py
[2024-11-07T17:12:25.789+0000] {logging_mixin.py:190} INFO - [2024-11-07T17:12:25.789+0000] {dag.py:3239} INFO - Sync 1 DAGs
[2024-11-07T17:12:25.817+0000] {logging_mixin.py:190} INFO - [2024-11-07T17:12:25.817+0000] {dag.py:4180} INFO - Setting next_dagrun for example_display_name to None, run_after=None
[2024-11-07T17:12:25.853+0000] {processor.py:208} INFO - Processing /home/airflow/.local/lib/python3.12/site-packages/airflow/example_dags/example_display_name.py took 0.135 seconds
[2024-11-07T17:12:56.864+0000] {processor.py:186} INFO - Started process (PID=1579) to work on /home/airflow/.local/lib/python3.12/site-packages/airflow/example_dags/example_display_name.py
[2024-11-07T17:12:56.866+0000] {processor.py:914} INFO - Processing file /home/airflow/.local/lib/python3.12/site-packages/airflow/example_dags/example_display_name.py for tasks to queue
[2024-11-07T17:12:56.871+0000] {logging_mixin.py:190} INFO - [2024-11-07T17:12:56.871+0000] {dagbag.py:588} INFO - Filling up the DagBag from /home/airflow/.local/lib/python3.12/site-packages/airflow/example_dags/example_display_name.py
[2024-11-07T17:12:56.887+0000] {processor.py:925} INFO - DAG(s) 'example_display_name' retrieved from /home/airflow/.local/lib/python3.12/site-packages/airflow/example_dags/example_display_name.py
[2024-11-07T17:12:56.931+0000] {logging_mixin.py:190} INFO - [2024-11-07T17:12:56.930+0000] {dag.py:3239} INFO - Sync 1 DAGs
[2024-11-07T17:12:56.963+0000] {logging_mixin.py:190} INFO - [2024-11-07T17:12:56.963+0000] {dag.py:4180} INFO - Setting next_dagrun for example_display_name to None, run_after=None
[2024-11-07T17:12:57.003+0000] {processor.py:208} INFO - Processing /home/airflow/.local/lib/python3.12/site-packages/airflow/example_dags/example_display_name.py took 0.153 seconds
[2024-11-07T17:13:28.272+0000] {processor.py:186} INFO - Started process (PID=1642) to work on /home/airflow/.local/lib/python3.12/site-packages/airflow/example_dags/example_display_name.py
[2024-11-07T17:13:28.274+0000] {processor.py:914} INFO - Processing file /home/airflow/.local/lib/python3.12/site-packages/airflow/example_dags/example_display_name.py for tasks to queue
[2024-11-07T17:13:28.277+0000] {logging_mixin.py:190} INFO - [2024-11-07T17:13:28.277+0000] {dagbag.py:588} INFO - Filling up the DagBag from /home/airflow/.local/lib/python3.12/site-packages/airflow/example_dags/example_display_name.py
[2024-11-07T17:13:28.287+0000] {processor.py:925} INFO - DAG(s) 'example_display_name' retrieved from /home/airflow/.local/lib/python3.12/site-packages/airflow/example_dags/example_display_name.py
[2024-11-07T17:13:28.313+0000] {logging_mixin.py:190} INFO - [2024-11-07T17:13:28.313+0000] {dag.py:3239} INFO - Sync 1 DAGs
[2024-11-07T17:13:28.333+0000] {logging_mixin.py:190} INFO - [2024-11-07T17:13:28.332+0000] {dag.py:4180} INFO - Setting next_dagrun for example_display_name to None, run_after=None
[2024-11-07T17:13:28.355+0000] {processor.py:208} INFO - Processing /home/airflow/.local/lib/python3.12/site-packages/airflow/example_dags/example_display_name.py took 0.091 seconds
[2024-11-07T17:13:59.523+0000] {processor.py:186} INFO - Started process (PID=1704) to work on /home/airflow/.local/lib/python3.12/site-packages/airflow/example_dags/example_display_name.py
[2024-11-07T17:13:59.524+0000] {processor.py:914} INFO - Processing file /home/airflow/.local/lib/python3.12/site-packages/airflow/example_dags/example_display_name.py for tasks to queue
[2024-11-07T17:13:59.528+0000] {logging_mixin.py:190} INFO - [2024-11-07T17:13:59.528+0000] {dagbag.py:588} INFO - Filling up the DagBag from /home/airflow/.local/lib/python3.12/site-packages/airflow/example_dags/example_display_name.py
[2024-11-07T17:13:59.539+0000] {processor.py:925} INFO - DAG(s) 'example_display_name' retrieved from /home/airflow/.local/lib/python3.12/site-packages/airflow/example_dags/example_display_name.py
[2024-11-07T17:13:59.564+0000] {logging_mixin.py:190} INFO - [2024-11-07T17:13:59.564+0000] {dag.py:3239} INFO - Sync 1 DAGs
[2024-11-07T17:13:59.584+0000] {logging_mixin.py:190} INFO - [2024-11-07T17:13:59.583+0000] {dag.py:4180} INFO - Setting next_dagrun for example_display_name to None, run_after=None
[2024-11-07T17:13:59.607+0000] {processor.py:208} INFO - Processing /home/airflow/.local/lib/python3.12/site-packages/airflow/example_dags/example_display_name.py took 0.093 seconds
[2024-11-07T17:14:29.815+0000] {processor.py:186} INFO - Started process (PID=1767) to work on /home/airflow/.local/lib/python3.12/site-packages/airflow/example_dags/example_display_name.py
[2024-11-07T17:14:29.816+0000] {processor.py:914} INFO - Processing file /home/airflow/.local/lib/python3.12/site-packages/airflow/example_dags/example_display_name.py for tasks to queue
[2024-11-07T17:14:29.819+0000] {logging_mixin.py:190} INFO - [2024-11-07T17:14:29.819+0000] {dagbag.py:588} INFO - Filling up the DagBag from /home/airflow/.local/lib/python3.12/site-packages/airflow/example_dags/example_display_name.py
[2024-11-07T17:14:29.828+0000] {processor.py:925} INFO - DAG(s) 'example_display_name' retrieved from /home/airflow/.local/lib/python3.12/site-packages/airflow/example_dags/example_display_name.py
[2024-11-07T17:14:29.853+0000] {logging_mixin.py:190} INFO - [2024-11-07T17:14:29.853+0000] {dag.py:3239} INFO - Sync 1 DAGs
[2024-11-07T17:14:29.871+0000] {logging_mixin.py:190} INFO - [2024-11-07T17:14:29.871+0000] {dag.py:4180} INFO - Setting next_dagrun for example_display_name to None, run_after=None
[2024-11-07T17:14:29.893+0000] {processor.py:208} INFO - Processing /home/airflow/.local/lib/python3.12/site-packages/airflow/example_dags/example_display_name.py took 0.086 seconds
[2024-11-07T17:15:04.071+0000] {processor.py:186} INFO - Started process (PID=1829) to work on /home/airflow/.local/lib/python3.12/site-packages/airflow/example_dags/example_display_name.py
[2024-11-07T17:15:04.073+0000] {processor.py:914} INFO - Processing file /home/airflow/.local/lib/python3.12/site-packages/airflow/example_dags/example_display_name.py for tasks to queue
[2024-11-07T17:15:04.078+0000] {logging_mixin.py:190} INFO - [2024-11-07T17:15:04.077+0000] {dagbag.py:588} INFO - Filling up the DagBag from /home/airflow/.local/lib/python3.12/site-packages/airflow/example_dags/example_display_name.py
[2024-11-07T17:15:04.094+0000] {processor.py:925} INFO - DAG(s) 'example_display_name' retrieved from /home/airflow/.local/lib/python3.12/site-packages/airflow/example_dags/example_display_name.py
[2024-11-07T17:15:04.141+0000] {logging_mixin.py:190} INFO - [2024-11-07T17:15:04.141+0000] {dag.py:3239} INFO - Sync 1 DAGs
[2024-11-07T17:15:04.257+0000] {logging_mixin.py:190} INFO - [2024-11-07T17:15:04.257+0000] {dag.py:4180} INFO - Setting next_dagrun for example_display_name to None, run_after=None
[2024-11-07T17:15:04.423+0000] {processor.py:208} INFO - Processing /home/airflow/.local/lib/python3.12/site-packages/airflow/example_dags/example_display_name.py took 0.362 seconds
[2024-11-07T17:15:34.831+0000] {processor.py:186} INFO - Started process (PID=1891) to work on /home/airflow/.local/lib/python3.12/site-packages/airflow/example_dags/example_display_name.py
[2024-11-07T17:15:34.832+0000] {processor.py:914} INFO - Processing file /home/airflow/.local/lib/python3.12/site-packages/airflow/example_dags/example_display_name.py for tasks to queue
[2024-11-07T17:15:34.835+0000] {logging_mixin.py:190} INFO - [2024-11-07T17:15:34.835+0000] {dagbag.py:588} INFO - Filling up the DagBag from /home/airflow/.local/lib/python3.12/site-packages/airflow/example_dags/example_display_name.py
[2024-11-07T17:15:34.845+0000] {processor.py:925} INFO - DAG(s) 'example_display_name' retrieved from /home/airflow/.local/lib/python3.12/site-packages/airflow/example_dags/example_display_name.py
[2024-11-07T17:15:34.870+0000] {logging_mixin.py:190} INFO - [2024-11-07T17:15:34.870+0000] {dag.py:3239} INFO - Sync 1 DAGs
[2024-11-07T17:15:34.888+0000] {logging_mixin.py:190} INFO - [2024-11-07T17:15:34.888+0000] {dag.py:4180} INFO - Setting next_dagrun for example_display_name to None, run_after=None
[2024-11-07T17:15:34.911+0000] {processor.py:208} INFO - Processing /home/airflow/.local/lib/python3.12/site-packages/airflow/example_dags/example_display_name.py took 0.088 seconds
[2024-11-07T17:16:05.723+0000] {processor.py:186} INFO - Started process (PID=1954) to work on /home/airflow/.local/lib/python3.12/site-packages/airflow/example_dags/example_display_name.py
[2024-11-07T17:16:05.735+0000] {processor.py:914} INFO - Processing file /home/airflow/.local/lib/python3.12/site-packages/airflow/example_dags/example_display_name.py for tasks to queue
[2024-11-07T17:16:05.754+0000] {logging_mixin.py:190} INFO - [2024-11-07T17:16:05.753+0000] {dagbag.py:588} INFO - Filling up the DagBag from /home/airflow/.local/lib/python3.12/site-packages/airflow/example_dags/example_display_name.py
[2024-11-07T17:16:05.771+0000] {processor.py:925} INFO - DAG(s) 'example_display_name' retrieved from /home/airflow/.local/lib/python3.12/site-packages/airflow/example_dags/example_display_name.py
[2024-11-07T17:16:05.805+0000] {logging_mixin.py:190} INFO - [2024-11-07T17:16:05.805+0000] {dag.py:3239} INFO - Sync 1 DAGs
[2024-11-07T17:16:05.834+0000] {logging_mixin.py:190} INFO - [2024-11-07T17:16:05.834+0000] {dag.py:4180} INFO - Setting next_dagrun for example_display_name to None, run_after=None
[2024-11-07T17:16:05.868+0000] {processor.py:208} INFO - Processing /home/airflow/.local/lib/python3.12/site-packages/airflow/example_dags/example_display_name.py took 0.160 seconds
[2024-11-07T17:16:36.371+0000] {processor.py:186} INFO - Started process (PID=2017) to work on /home/airflow/.local/lib/python3.12/site-packages/airflow/example_dags/example_display_name.py
[2024-11-07T17:16:36.373+0000] {processor.py:914} INFO - Processing file /home/airflow/.local/lib/python3.12/site-packages/airflow/example_dags/example_display_name.py for tasks to queue
[2024-11-07T17:16:36.377+0000] {logging_mixin.py:190} INFO - [2024-11-07T17:16:36.376+0000] {dagbag.py:588} INFO - Filling up the DagBag from /home/airflow/.local/lib/python3.12/site-packages/airflow/example_dags/example_display_name.py
[2024-11-07T17:16:36.389+0000] {processor.py:925} INFO - DAG(s) 'example_display_name' retrieved from /home/airflow/.local/lib/python3.12/site-packages/airflow/example_dags/example_display_name.py
[2024-11-07T17:16:36.417+0000] {logging_mixin.py:190} INFO - [2024-11-07T17:16:36.417+0000] {dag.py:3239} INFO - Sync 1 DAGs
[2024-11-07T17:16:36.436+0000] {logging_mixin.py:190} INFO - [2024-11-07T17:16:36.435+0000] {dag.py:4180} INFO - Setting next_dagrun for example_display_name to None, run_after=None
[2024-11-07T17:16:36.458+0000] {processor.py:208} INFO - Processing /home/airflow/.local/lib/python3.12/site-packages/airflow/example_dags/example_display_name.py took 0.096 seconds
[2024-11-07T17:17:06.526+0000] {processor.py:186} INFO - Started process (PID=2080) to work on /home/airflow/.local/lib/python3.12/site-packages/airflow/example_dags/example_display_name.py
[2024-11-07T17:17:06.527+0000] {processor.py:914} INFO - Processing file /home/airflow/.local/lib/python3.12/site-packages/airflow/example_dags/example_display_name.py for tasks to queue
[2024-11-07T17:17:06.530+0000] {logging_mixin.py:190} INFO - [2024-11-07T17:17:06.530+0000] {dagbag.py:588} INFO - Filling up the DagBag from /home/airflow/.local/lib/python3.12/site-packages/airflow/example_dags/example_display_name.py
[2024-11-07T17:17:06.541+0000] {processor.py:925} INFO - DAG(s) 'example_display_name' retrieved from /home/airflow/.local/lib/python3.12/site-packages/airflow/example_dags/example_display_name.py
[2024-11-07T17:17:06.566+0000] {logging_mixin.py:190} INFO - [2024-11-07T17:17:06.565+0000] {dag.py:3239} INFO - Sync 1 DAGs
[2024-11-07T17:17:06.584+0000] {logging_mixin.py:190} INFO - [2024-11-07T17:17:06.584+0000] {dag.py:4180} INFO - Setting next_dagrun for example_display_name to None, run_after=None
[2024-11-07T17:17:06.604+0000] {processor.py:208} INFO - Processing /home/airflow/.local/lib/python3.12/site-packages/airflow/example_dags/example_display_name.py took 0.086 seconds
[2024-11-07T17:17:37.043+0000] {processor.py:186} INFO - Started process (PID=2142) to work on /home/airflow/.local/lib/python3.12/site-packages/airflow/example_dags/example_display_name.py
[2024-11-07T17:17:37.044+0000] {processor.py:914} INFO - Processing file /home/airflow/.local/lib/python3.12/site-packages/airflow/example_dags/example_display_name.py for tasks to queue
[2024-11-07T17:17:37.047+0000] {logging_mixin.py:190} INFO - [2024-11-07T17:17:37.047+0000] {dagbag.py:588} INFO - Filling up the DagBag from /home/airflow/.local/lib/python3.12/site-packages/airflow/example_dags/example_display_name.py
[2024-11-07T17:17:37.058+0000] {processor.py:925} INFO - DAG(s) 'example_display_name' retrieved from /home/airflow/.local/lib/python3.12/site-packages/airflow/example_dags/example_display_name.py
[2024-11-07T17:17:37.083+0000] {logging_mixin.py:190} INFO - [2024-11-07T17:17:37.083+0000] {dag.py:3239} INFO - Sync 1 DAGs
[2024-11-07T17:17:37.102+0000] {logging_mixin.py:190} INFO - [2024-11-07T17:17:37.102+0000] {dag.py:4180} INFO - Setting next_dagrun for example_display_name to None, run_after=None
[2024-11-07T17:17:37.123+0000] {processor.py:208} INFO - Processing /home/airflow/.local/lib/python3.12/site-packages/airflow/example_dags/example_display_name.py took 0.089 seconds
[2024-11-07T17:18:08.179+0000] {processor.py:186} INFO - Started process (PID=2205) to work on /home/airflow/.local/lib/python3.12/site-packages/airflow/example_dags/example_display_name.py
[2024-11-07T17:18:08.186+0000] {processor.py:914} INFO - Processing file /home/airflow/.local/lib/python3.12/site-packages/airflow/example_dags/example_display_name.py for tasks to queue
[2024-11-07T17:18:08.197+0000] {logging_mixin.py:190} INFO - [2024-11-07T17:18:08.196+0000] {dagbag.py:588} INFO - Filling up the DagBag from /home/airflow/.local/lib/python3.12/site-packages/airflow/example_dags/example_display_name.py
[2024-11-07T17:18:08.230+0000] {processor.py:925} INFO - DAG(s) 'example_display_name' retrieved from /home/airflow/.local/lib/python3.12/site-packages/airflow/example_dags/example_display_name.py
[2024-11-07T17:18:08.337+0000] {logging_mixin.py:190} INFO - [2024-11-07T17:18:08.336+0000] {dag.py:3239} INFO - Sync 1 DAGs
[2024-11-07T17:18:08.407+0000] {logging_mixin.py:190} INFO - [2024-11-07T17:18:08.407+0000] {dag.py:4180} INFO - Setting next_dagrun for example_display_name to None, run_after=None
[2024-11-07T17:18:08.470+0000] {processor.py:208} INFO - Processing /home/airflow/.local/lib/python3.12/site-packages/airflow/example_dags/example_display_name.py took 0.359 seconds
[2024-11-07T17:18:38.629+0000] {processor.py:186} INFO - Started process (PID=2269) to work on /home/airflow/.local/lib/python3.12/site-packages/airflow/example_dags/example_display_name.py
[2024-11-07T17:18:38.631+0000] {processor.py:914} INFO - Processing file /home/airflow/.local/lib/python3.12/site-packages/airflow/example_dags/example_display_name.py for tasks to queue
[2024-11-07T17:18:38.637+0000] {logging_mixin.py:190} INFO - [2024-11-07T17:18:38.636+0000] {dagbag.py:588} INFO - Filling up the DagBag from /home/airflow/.local/lib/python3.12/site-packages/airflow/example_dags/example_display_name.py
[2024-11-07T17:18:38.653+0000] {processor.py:925} INFO - DAG(s) 'example_display_name' retrieved from /home/airflow/.local/lib/python3.12/site-packages/airflow/example_dags/example_display_name.py
[2024-11-07T17:18:38.692+0000] {logging_mixin.py:190} INFO - [2024-11-07T17:18:38.692+0000] {dag.py:3239} INFO - Sync 1 DAGs
[2024-11-07T17:18:38.721+0000] {logging_mixin.py:190} INFO - [2024-11-07T17:18:38.720+0000] {dag.py:4180} INFO - Setting next_dagrun for example_display_name to None, run_after=None
[2024-11-07T17:18:38.754+0000] {processor.py:208} INFO - Processing /home/airflow/.local/lib/python3.12/site-packages/airflow/example_dags/example_display_name.py took 0.141 seconds
[2024-11-07T17:19:22.627+0000] {processor.py:186} INFO - Started process (PID=2345) to work on /home/airflow/.local/lib/python3.12/site-packages/airflow/example_dags/example_display_name.py
[2024-11-07T17:19:22.630+0000] {processor.py:914} INFO - Processing file /home/airflow/.local/lib/python3.12/site-packages/airflow/example_dags/example_display_name.py for tasks to queue
[2024-11-07T17:19:22.642+0000] {logging_mixin.py:190} INFO - [2024-11-07T17:19:22.640+0000] {dagbag.py:588} INFO - Filling up the DagBag from /home/airflow/.local/lib/python3.12/site-packages/airflow/example_dags/example_display_name.py
[2024-11-07T17:19:22.672+0000] {processor.py:925} INFO - DAG(s) 'example_display_name' retrieved from /home/airflow/.local/lib/python3.12/site-packages/airflow/example_dags/example_display_name.py
[2024-11-07T17:19:22.745+0000] {logging_mixin.py:190} INFO - [2024-11-07T17:19:22.744+0000] {dag.py:3239} INFO - Sync 1 DAGs
[2024-11-07T17:19:22.797+0000] {logging_mixin.py:190} INFO - [2024-11-07T17:19:22.796+0000] {dag.py:4180} INFO - Setting next_dagrun for example_display_name to None, run_after=None
[2024-11-07T17:19:22.917+0000] {processor.py:208} INFO - Processing /home/airflow/.local/lib/python3.12/site-packages/airflow/example_dags/example_display_name.py took 0.308 seconds
[2024-11-07T17:19:53.331+0000] {processor.py:186} INFO - Started process (PID=2407) to work on /home/airflow/.local/lib/python3.12/site-packages/airflow/example_dags/example_display_name.py
[2024-11-07T17:19:53.333+0000] {processor.py:914} INFO - Processing file /home/airflow/.local/lib/python3.12/site-packages/airflow/example_dags/example_display_name.py for tasks to queue
[2024-11-07T17:19:53.336+0000] {logging_mixin.py:190} INFO - [2024-11-07T17:19:53.336+0000] {dagbag.py:588} INFO - Filling up the DagBag from /home/airflow/.local/lib/python3.12/site-packages/airflow/example_dags/example_display_name.py
[2024-11-07T17:19:53.347+0000] {processor.py:925} INFO - DAG(s) 'example_display_name' retrieved from /home/airflow/.local/lib/python3.12/site-packages/airflow/example_dags/example_display_name.py
[2024-11-07T17:19:53.376+0000] {logging_mixin.py:190} INFO - [2024-11-07T17:19:53.375+0000] {dag.py:3239} INFO - Sync 1 DAGs
[2024-11-07T17:19:53.396+0000] {logging_mixin.py:190} INFO - [2024-11-07T17:19:53.395+0000] {dag.py:4180} INFO - Setting next_dagrun for example_display_name to None, run_after=None
[2024-11-07T17:19:53.423+0000] {processor.py:208} INFO - Processing /home/airflow/.local/lib/python3.12/site-packages/airflow/example_dags/example_display_name.py took 0.101 seconds
[2024-11-07T17:20:23.476+0000] {processor.py:186} INFO - Started process (PID=2471) to work on /home/airflow/.local/lib/python3.12/site-packages/airflow/example_dags/example_display_name.py
[2024-11-07T17:20:23.477+0000] {processor.py:914} INFO - Processing file /home/airflow/.local/lib/python3.12/site-packages/airflow/example_dags/example_display_name.py for tasks to queue
[2024-11-07T17:20:23.480+0000] {logging_mixin.py:190} INFO - [2024-11-07T17:20:23.479+0000] {dagbag.py:588} INFO - Filling up the DagBag from /home/airflow/.local/lib/python3.12/site-packages/airflow/example_dags/example_display_name.py
[2024-11-07T17:20:23.489+0000] {processor.py:925} INFO - DAG(s) 'example_display_name' retrieved from /home/airflow/.local/lib/python3.12/site-packages/airflow/example_dags/example_display_name.py
[2024-11-07T17:20:23.515+0000] {logging_mixin.py:190} INFO - [2024-11-07T17:20:23.515+0000] {dag.py:3239} INFO - Sync 1 DAGs
[2024-11-07T17:20:23.533+0000] {logging_mixin.py:190} INFO - [2024-11-07T17:20:23.533+0000] {dag.py:4180} INFO - Setting next_dagrun for example_display_name to None, run_after=None
[2024-11-07T17:20:23.569+0000] {processor.py:208} INFO - Processing /home/airflow/.local/lib/python3.12/site-packages/airflow/example_dags/example_display_name.py took 0.102 seconds
[2024-11-07T17:20:53.909+0000] {processor.py:186} INFO - Started process (PID=2534) to work on /home/airflow/.local/lib/python3.12/site-packages/airflow/example_dags/example_display_name.py
[2024-11-07T17:20:53.910+0000] {processor.py:914} INFO - Processing file /home/airflow/.local/lib/python3.12/site-packages/airflow/example_dags/example_display_name.py for tasks to queue
[2024-11-07T17:20:53.914+0000] {logging_mixin.py:190} INFO - [2024-11-07T17:20:53.914+0000] {dagbag.py:588} INFO - Filling up the DagBag from /home/airflow/.local/lib/python3.12/site-packages/airflow/example_dags/example_display_name.py
[2024-11-07T17:20:53.927+0000] {processor.py:925} INFO - DAG(s) 'example_display_name' retrieved from /home/airflow/.local/lib/python3.12/site-packages/airflow/example_dags/example_display_name.py
[2024-11-07T17:20:53.959+0000] {logging_mixin.py:190} INFO - [2024-11-07T17:20:53.958+0000] {dag.py:3239} INFO - Sync 1 DAGs
[2024-11-07T17:20:53.980+0000] {logging_mixin.py:190} INFO - [2024-11-07T17:20:53.979+0000] {dag.py:4180} INFO - Setting next_dagrun for example_display_name to None, run_after=None
[2024-11-07T17:20:54.008+0000] {processor.py:208} INFO - Processing /home/airflow/.local/lib/python3.12/site-packages/airflow/example_dags/example_display_name.py took 0.109 seconds
[2024-11-07T17:21:24.631+0000] {processor.py:186} INFO - Started process (PID=2596) to work on /home/airflow/.local/lib/python3.12/site-packages/airflow/example_dags/example_display_name.py
[2024-11-07T17:21:24.633+0000] {processor.py:914} INFO - Processing file /home/airflow/.local/lib/python3.12/site-packages/airflow/example_dags/example_display_name.py for tasks to queue
[2024-11-07T17:21:24.638+0000] {logging_mixin.py:190} INFO - [2024-11-07T17:21:24.638+0000] {dagbag.py:588} INFO - Filling up the DagBag from /home/airflow/.local/lib/python3.12/site-packages/airflow/example_dags/example_display_name.py
[2024-11-07T17:21:24.653+0000] {processor.py:925} INFO - DAG(s) 'example_display_name' retrieved from /home/airflow/.local/lib/python3.12/site-packages/airflow/example_dags/example_display_name.py
[2024-11-07T17:21:24.687+0000] {logging_mixin.py:190} INFO - [2024-11-07T17:21:24.687+0000] {dag.py:3239} INFO - Sync 1 DAGs
[2024-11-07T17:21:24.706+0000] {logging_mixin.py:190} INFO - [2024-11-07T17:21:24.706+0000] {dag.py:4180} INFO - Setting next_dagrun for example_display_name to None, run_after=None
[2024-11-07T17:21:24.737+0000] {processor.py:208} INFO - Processing /home/airflow/.local/lib/python3.12/site-packages/airflow/example_dags/example_display_name.py took 0.117 seconds
