[2024-11-07T17:01:48.596+0000] {processor.py:186} INFO - Started process (PID=208) to work on /home/airflow/.local/lib/python3.12/site-packages/airflow/example_dags/example_setup_teardown.py
[2024-11-07T17:01:48.600+0000] {processor.py:914} INFO - Processing file /home/airflow/.local/lib/python3.12/site-packages/airflow/example_dags/example_setup_teardown.py for tasks to queue
[2024-11-07T17:01:48.612+0000] {logging_mixin.py:190} INFO - [2024-11-07T17:01:48.611+0000] {dagbag.py:588} INFO - Filling up the DagBag from /home/airflow/.local/lib/python3.12/site-packages/airflow/example_dags/example_setup_teardown.py
[2024-11-07T17:01:48.640+0000] {processor.py:925} INFO - DAG(s) 'example_setup_teardown' retrieved from /home/airflow/.local/lib/python3.12/site-packages/airflow/example_dags/example_setup_teardown.py
[2024-11-07T17:01:49.142+0000] {logging_mixin.py:190} INFO - [2024-11-07T17:01:49.139+0000] {override.py:1900} INFO - Created Permission View: can delete on DAG:example_setup_teardown
[2024-11-07T17:01:49.229+0000] {logging_mixin.py:190} INFO - [2024-11-07T17:01:49.228+0000] {override.py:1900} INFO - Created Permission View: can edit on DAG:example_setup_teardown
[2024-11-07T17:01:49.257+0000] {logging_mixin.py:190} INFO - [2024-11-07T17:01:49.255+0000] {override.py:1900} INFO - Created Permission View: can read on DAG:example_setup_teardown
[2024-11-07T17:01:49.288+0000] {logging_mixin.py:190} INFO - [2024-11-07T17:01:49.287+0000] {override.py:1900} INFO - Created Permission View: can delete on DAG Run:example_setup_teardown
[2024-11-07T17:01:49.315+0000] {logging_mixin.py:190} INFO - [2024-11-07T17:01:49.314+0000] {override.py:1900} INFO - Created Permission View: menu access on DAG Run:example_setup_teardown
[2024-11-07T17:01:49.351+0000] {logging_mixin.py:190} INFO - [2024-11-07T17:01:49.350+0000] {override.py:1900} INFO - Created Permission View: can create on DAG Run:example_setup_teardown
[2024-11-07T17:01:49.389+0000] {logging_mixin.py:190} INFO - [2024-11-07T17:01:49.389+0000] {override.py:1900} INFO - Created Permission View: can read on DAG Run:example_setup_teardown
[2024-11-07T17:01:49.391+0000] {logging_mixin.py:190} INFO - [2024-11-07T17:01:49.390+0000] {dag.py:3239} INFO - Sync 1 DAGs
[2024-11-07T17:01:49.461+0000] {logging_mixin.py:190} INFO - [2024-11-07T17:01:49.460+0000] {dag.py:3262} INFO - Creating ORM DAG for example_setup_teardown
[2024-11-07T17:01:49.465+0000] {logging_mixin.py:190} INFO - [2024-11-07T17:01:49.465+0000] {dag.py:4180} INFO - Setting next_dagrun for example_setup_teardown to None, run_after=None
[2024-11-07T17:01:49.572+0000] {processor.py:208} INFO - Processing /home/airflow/.local/lib/python3.12/site-packages/airflow/example_dags/example_setup_teardown.py took 0.999 seconds
[2024-11-07T17:02:26.513+0000] {processor.py:186} INFO - Started process (PID=271) to work on /home/airflow/.local/lib/python3.12/site-packages/airflow/example_dags/example_setup_teardown.py
[2024-11-07T17:02:26.518+0000] {processor.py:914} INFO - Processing file /home/airflow/.local/lib/python3.12/site-packages/airflow/example_dags/example_setup_teardown.py for tasks to queue
[2024-11-07T17:02:26.562+0000] {logging_mixin.py:190} INFO - [2024-11-07T17:02:26.560+0000] {dagbag.py:588} INFO - Filling up the DagBag from /home/airflow/.local/lib/python3.12/site-packages/airflow/example_dags/example_setup_teardown.py
[2024-11-07T17:02:26.684+0000] {processor.py:925} INFO - DAG(s) 'example_setup_teardown' retrieved from /home/airflow/.local/lib/python3.12/site-packages/airflow/example_dags/example_setup_teardown.py
[2024-11-07T17:02:26.905+0000] {logging_mixin.py:190} INFO - [2024-11-07T17:02:26.903+0000] {dag.py:3239} INFO - Sync 1 DAGs
[2024-11-07T17:02:27.087+0000] {logging_mixin.py:190} INFO - [2024-11-07T17:02:27.086+0000] {dag.py:4180} INFO - Setting next_dagrun for example_setup_teardown to None, run_after=None
[2024-11-07T17:02:27.183+0000] {processor.py:208} INFO - Processing /home/airflow/.local/lib/python3.12/site-packages/airflow/example_dags/example_setup_teardown.py took 0.831 seconds
[2024-11-07T17:02:58.300+0000] {processor.py:186} INFO - Started process (PID=335) to work on /home/airflow/.local/lib/python3.12/site-packages/airflow/example_dags/example_setup_teardown.py
[2024-11-07T17:02:58.307+0000] {processor.py:914} INFO - Processing file /home/airflow/.local/lib/python3.12/site-packages/airflow/example_dags/example_setup_teardown.py for tasks to queue
[2024-11-07T17:02:58.318+0000] {logging_mixin.py:190} INFO - [2024-11-07T17:02:58.316+0000] {dagbag.py:588} INFO - Filling up the DagBag from /home/airflow/.local/lib/python3.12/site-packages/airflow/example_dags/example_setup_teardown.py
[2024-11-07T17:02:58.351+0000] {processor.py:925} INFO - DAG(s) 'example_setup_teardown' retrieved from /home/airflow/.local/lib/python3.12/site-packages/airflow/example_dags/example_setup_teardown.py
[2024-11-07T17:02:58.423+0000] {logging_mixin.py:190} INFO - [2024-11-07T17:02:58.422+0000] {dag.py:3239} INFO - Sync 1 DAGs
[2024-11-07T17:02:58.465+0000] {logging_mixin.py:190} INFO - [2024-11-07T17:02:58.464+0000] {dag.py:4180} INFO - Setting next_dagrun for example_setup_teardown to None, run_after=None
[2024-11-07T17:02:58.500+0000] {processor.py:208} INFO - Processing /home/airflow/.local/lib/python3.12/site-packages/airflow/example_dags/example_setup_teardown.py took 0.228 seconds
[2024-11-07T17:03:29.010+0000] {processor.py:186} INFO - Started process (PID=398) to work on /home/airflow/.local/lib/python3.12/site-packages/airflow/example_dags/example_setup_teardown.py
[2024-11-07T17:03:29.011+0000] {processor.py:914} INFO - Processing file /home/airflow/.local/lib/python3.12/site-packages/airflow/example_dags/example_setup_teardown.py for tasks to queue
[2024-11-07T17:03:29.014+0000] {logging_mixin.py:190} INFO - [2024-11-07T17:03:29.014+0000] {dagbag.py:588} INFO - Filling up the DagBag from /home/airflow/.local/lib/python3.12/site-packages/airflow/example_dags/example_setup_teardown.py
[2024-11-07T17:03:29.024+0000] {processor.py:925} INFO - DAG(s) 'example_setup_teardown' retrieved from /home/airflow/.local/lib/python3.12/site-packages/airflow/example_dags/example_setup_teardown.py
[2024-11-07T17:03:29.049+0000] {logging_mixin.py:190} INFO - [2024-11-07T17:03:29.049+0000] {dag.py:3239} INFO - Sync 1 DAGs
[2024-11-07T17:03:29.067+0000] {logging_mixin.py:190} INFO - [2024-11-07T17:03:29.067+0000] {dag.py:4180} INFO - Setting next_dagrun for example_setup_teardown to None, run_after=None
[2024-11-07T17:03:29.087+0000] {processor.py:208} INFO - Processing /home/airflow/.local/lib/python3.12/site-packages/airflow/example_dags/example_setup_teardown.py took 0.085 seconds
[2024-11-07T17:03:59.583+0000] {processor.py:186} INFO - Started process (PID=461) to work on /home/airflow/.local/lib/python3.12/site-packages/airflow/example_dags/example_setup_teardown.py
[2024-11-07T17:03:59.585+0000] {processor.py:914} INFO - Processing file /home/airflow/.local/lib/python3.12/site-packages/airflow/example_dags/example_setup_teardown.py for tasks to queue
[2024-11-07T17:03:59.590+0000] {logging_mixin.py:190} INFO - [2024-11-07T17:03:59.589+0000] {dagbag.py:588} INFO - Filling up the DagBag from /home/airflow/.local/lib/python3.12/site-packages/airflow/example_dags/example_setup_teardown.py
[2024-11-07T17:03:59.606+0000] {processor.py:925} INFO - DAG(s) 'example_setup_teardown' retrieved from /home/airflow/.local/lib/python3.12/site-packages/airflow/example_dags/example_setup_teardown.py
[2024-11-07T17:03:59.662+0000] {logging_mixin.py:190} INFO - [2024-11-07T17:03:59.662+0000] {dag.py:3239} INFO - Sync 1 DAGs
[2024-11-07T17:03:59.688+0000] {logging_mixin.py:190} INFO - [2024-11-07T17:03:59.687+0000] {dag.py:4180} INFO - Setting next_dagrun for example_setup_teardown to None, run_after=None
[2024-11-07T17:03:59.722+0000] {processor.py:208} INFO - Processing /home/airflow/.local/lib/python3.12/site-packages/airflow/example_dags/example_setup_teardown.py took 0.151 seconds
[2024-11-07T17:04:29.998+0000] {processor.py:186} INFO - Started process (PID=524) to work on /home/airflow/.local/lib/python3.12/site-packages/airflow/example_dags/example_setup_teardown.py
[2024-11-07T17:04:29.999+0000] {processor.py:914} INFO - Processing file /home/airflow/.local/lib/python3.12/site-packages/airflow/example_dags/example_setup_teardown.py for tasks to queue
[2024-11-07T17:04:30.003+0000] {logging_mixin.py:190} INFO - [2024-11-07T17:04:30.002+0000] {dagbag.py:588} INFO - Filling up the DagBag from /home/airflow/.local/lib/python3.12/site-packages/airflow/example_dags/example_setup_teardown.py
[2024-11-07T17:04:30.015+0000] {processor.py:925} INFO - DAG(s) 'example_setup_teardown' retrieved from /home/airflow/.local/lib/python3.12/site-packages/airflow/example_dags/example_setup_teardown.py
[2024-11-07T17:04:30.049+0000] {logging_mixin.py:190} INFO - [2024-11-07T17:04:30.048+0000] {dag.py:3239} INFO - Sync 1 DAGs
[2024-11-07T17:04:30.074+0000] {logging_mixin.py:190} INFO - [2024-11-07T17:04:30.074+0000] {dag.py:4180} INFO - Setting next_dagrun for example_setup_teardown to None, run_after=None
[2024-11-07T17:04:30.106+0000] {processor.py:208} INFO - Processing /home/airflow/.local/lib/python3.12/site-packages/airflow/example_dags/example_setup_teardown.py took 0.119 seconds
[2024-11-07T17:05:00.514+0000] {processor.py:186} INFO - Started process (PID=587) to work on /home/airflow/.local/lib/python3.12/site-packages/airflow/example_dags/example_setup_teardown.py
[2024-11-07T17:05:00.516+0000] {processor.py:914} INFO - Processing file /home/airflow/.local/lib/python3.12/site-packages/airflow/example_dags/example_setup_teardown.py for tasks to queue
[2024-11-07T17:05:00.524+0000] {logging_mixin.py:190} INFO - [2024-11-07T17:05:00.523+0000] {dagbag.py:588} INFO - Filling up the DagBag from /home/airflow/.local/lib/python3.12/site-packages/airflow/example_dags/example_setup_teardown.py
[2024-11-07T17:05:00.549+0000] {processor.py:925} INFO - DAG(s) 'example_setup_teardown' retrieved from /home/airflow/.local/lib/python3.12/site-packages/airflow/example_dags/example_setup_teardown.py
[2024-11-07T17:05:00.600+0000] {logging_mixin.py:190} INFO - [2024-11-07T17:05:00.599+0000] {dag.py:3239} INFO - Sync 1 DAGs
[2024-11-07T17:05:00.626+0000] {logging_mixin.py:190} INFO - [2024-11-07T17:05:00.625+0000] {dag.py:4180} INFO - Setting next_dagrun for example_setup_teardown to None, run_after=None
[2024-11-07T17:05:00.657+0000] {processor.py:208} INFO - Processing /home/airflow/.local/lib/python3.12/site-packages/airflow/example_dags/example_setup_teardown.py took 0.162 seconds
[2024-11-07T17:05:31.426+0000] {processor.py:186} INFO - Started process (PID=651) to work on /home/airflow/.local/lib/python3.12/site-packages/airflow/example_dags/example_setup_teardown.py
[2024-11-07T17:05:31.428+0000] {processor.py:914} INFO - Processing file /home/airflow/.local/lib/python3.12/site-packages/airflow/example_dags/example_setup_teardown.py for tasks to queue
[2024-11-07T17:05:31.431+0000] {logging_mixin.py:190} INFO - [2024-11-07T17:05:31.431+0000] {dagbag.py:588} INFO - Filling up the DagBag from /home/airflow/.local/lib/python3.12/site-packages/airflow/example_dags/example_setup_teardown.py
[2024-11-07T17:05:31.445+0000] {processor.py:925} INFO - DAG(s) 'example_setup_teardown' retrieved from /home/airflow/.local/lib/python3.12/site-packages/airflow/example_dags/example_setup_teardown.py
[2024-11-07T17:05:31.478+0000] {logging_mixin.py:190} INFO - [2024-11-07T17:05:31.477+0000] {dag.py:3239} INFO - Sync 1 DAGs
[2024-11-07T17:05:31.497+0000] {logging_mixin.py:190} INFO - [2024-11-07T17:05:31.497+0000] {dag.py:4180} INFO - Setting next_dagrun for example_setup_teardown to None, run_after=None
[2024-11-07T17:05:31.525+0000] {processor.py:208} INFO - Processing /home/airflow/.local/lib/python3.12/site-packages/airflow/example_dags/example_setup_teardown.py took 0.107 seconds
[2024-11-07T17:06:02.509+0000] {processor.py:186} INFO - Started process (PID=714) to work on /home/airflow/.local/lib/python3.12/site-packages/airflow/example_dags/example_setup_teardown.py
[2024-11-07T17:06:02.511+0000] {processor.py:914} INFO - Processing file /home/airflow/.local/lib/python3.12/site-packages/airflow/example_dags/example_setup_teardown.py for tasks to queue
[2024-11-07T17:06:02.518+0000] {logging_mixin.py:190} INFO - [2024-11-07T17:06:02.518+0000] {dagbag.py:588} INFO - Filling up the DagBag from /home/airflow/.local/lib/python3.12/site-packages/airflow/example_dags/example_setup_teardown.py
[2024-11-07T17:06:02.537+0000] {processor.py:925} INFO - DAG(s) 'example_setup_teardown' retrieved from /home/airflow/.local/lib/python3.12/site-packages/airflow/example_dags/example_setup_teardown.py
[2024-11-07T17:06:02.576+0000] {logging_mixin.py:190} INFO - [2024-11-07T17:06:02.576+0000] {dag.py:3239} INFO - Sync 1 DAGs
[2024-11-07T17:06:02.604+0000] {logging_mixin.py:190} INFO - [2024-11-07T17:06:02.604+0000] {dag.py:4180} INFO - Setting next_dagrun for example_setup_teardown to None, run_after=None
[2024-11-07T17:06:02.644+0000] {processor.py:208} INFO - Processing /home/airflow/.local/lib/python3.12/site-packages/airflow/example_dags/example_setup_teardown.py took 0.149 seconds
[2024-11-07T17:06:32.960+0000] {processor.py:186} INFO - Started process (PID=777) to work on /home/airflow/.local/lib/python3.12/site-packages/airflow/example_dags/example_setup_teardown.py
[2024-11-07T17:06:32.972+0000] {processor.py:914} INFO - Processing file /home/airflow/.local/lib/python3.12/site-packages/airflow/example_dags/example_setup_teardown.py for tasks to queue
[2024-11-07T17:06:33.010+0000] {logging_mixin.py:190} INFO - [2024-11-07T17:06:33.009+0000] {dagbag.py:588} INFO - Filling up the DagBag from /home/airflow/.local/lib/python3.12/site-packages/airflow/example_dags/example_setup_teardown.py
[2024-11-07T17:06:33.029+0000] {processor.py:925} INFO - DAG(s) 'example_setup_teardown' retrieved from /home/airflow/.local/lib/python3.12/site-packages/airflow/example_dags/example_setup_teardown.py
[2024-11-07T17:06:33.069+0000] {logging_mixin.py:190} INFO - [2024-11-07T17:06:33.069+0000] {dag.py:3239} INFO - Sync 1 DAGs
[2024-11-07T17:06:33.097+0000] {logging_mixin.py:190} INFO - [2024-11-07T17:06:33.096+0000] {dag.py:4180} INFO - Setting next_dagrun for example_setup_teardown to None, run_after=None
[2024-11-07T17:06:33.133+0000] {processor.py:208} INFO - Processing /home/airflow/.local/lib/python3.12/site-packages/airflow/example_dags/example_setup_teardown.py took 0.182 seconds
[2024-11-07T17:07:03.286+0000] {processor.py:186} INFO - Started process (PID=841) to work on /home/airflow/.local/lib/python3.12/site-packages/airflow/example_dags/example_setup_teardown.py
[2024-11-07T17:07:03.287+0000] {processor.py:914} INFO - Processing file /home/airflow/.local/lib/python3.12/site-packages/airflow/example_dags/example_setup_teardown.py for tasks to queue
[2024-11-07T17:07:03.291+0000] {logging_mixin.py:190} INFO - [2024-11-07T17:07:03.290+0000] {dagbag.py:588} INFO - Filling up the DagBag from /home/airflow/.local/lib/python3.12/site-packages/airflow/example_dags/example_setup_teardown.py
[2024-11-07T17:07:03.303+0000] {processor.py:925} INFO - DAG(s) 'example_setup_teardown' retrieved from /home/airflow/.local/lib/python3.12/site-packages/airflow/example_dags/example_setup_teardown.py
[2024-11-07T17:07:03.338+0000] {logging_mixin.py:190} INFO - [2024-11-07T17:07:03.338+0000] {dag.py:3239} INFO - Sync 1 DAGs
[2024-11-07T17:07:03.364+0000] {logging_mixin.py:190} INFO - [2024-11-07T17:07:03.364+0000] {dag.py:4180} INFO - Setting next_dagrun for example_setup_teardown to None, run_after=None
[2024-11-07T17:07:03.390+0000] {processor.py:208} INFO - Processing /home/airflow/.local/lib/python3.12/site-packages/airflow/example_dags/example_setup_teardown.py took 0.118 seconds
[2024-11-07T17:07:33.547+0000] {processor.py:186} INFO - Started process (PID=904) to work on /home/airflow/.local/lib/python3.12/site-packages/airflow/example_dags/example_setup_teardown.py
[2024-11-07T17:07:33.548+0000] {processor.py:914} INFO - Processing file /home/airflow/.local/lib/python3.12/site-packages/airflow/example_dags/example_setup_teardown.py for tasks to queue
[2024-11-07T17:07:33.552+0000] {logging_mixin.py:190} INFO - [2024-11-07T17:07:33.551+0000] {dagbag.py:588} INFO - Filling up the DagBag from /home/airflow/.local/lib/python3.12/site-packages/airflow/example_dags/example_setup_teardown.py
[2024-11-07T17:07:33.564+0000] {processor.py:925} INFO - DAG(s) 'example_setup_teardown' retrieved from /home/airflow/.local/lib/python3.12/site-packages/airflow/example_dags/example_setup_teardown.py
[2024-11-07T17:07:33.593+0000] {logging_mixin.py:190} INFO - [2024-11-07T17:07:33.593+0000] {dag.py:3239} INFO - Sync 1 DAGs
[2024-11-07T17:07:33.616+0000] {logging_mixin.py:190} INFO - [2024-11-07T17:07:33.615+0000] {dag.py:4180} INFO - Setting next_dagrun for example_setup_teardown to None, run_after=None
[2024-11-07T17:07:33.638+0000] {processor.py:208} INFO - Processing /home/airflow/.local/lib/python3.12/site-packages/airflow/example_dags/example_setup_teardown.py took 0.100 seconds
[2024-11-07T17:08:04.016+0000] {processor.py:186} INFO - Started process (PID=967) to work on /home/airflow/.local/lib/python3.12/site-packages/airflow/example_dags/example_setup_teardown.py
[2024-11-07T17:08:04.018+0000] {processor.py:914} INFO - Processing file /home/airflow/.local/lib/python3.12/site-packages/airflow/example_dags/example_setup_teardown.py for tasks to queue
[2024-11-07T17:08:04.024+0000] {logging_mixin.py:190} INFO - [2024-11-07T17:08:04.023+0000] {dagbag.py:588} INFO - Filling up the DagBag from /home/airflow/.local/lib/python3.12/site-packages/airflow/example_dags/example_setup_teardown.py
[2024-11-07T17:08:04.039+0000] {processor.py:925} INFO - DAG(s) 'example_setup_teardown' retrieved from /home/airflow/.local/lib/python3.12/site-packages/airflow/example_dags/example_setup_teardown.py
[2024-11-07T17:08:04.073+0000] {logging_mixin.py:190} INFO - [2024-11-07T17:08:04.073+0000] {dag.py:3239} INFO - Sync 1 DAGs
[2024-11-07T17:08:04.097+0000] {logging_mixin.py:190} INFO - [2024-11-07T17:08:04.097+0000] {dag.py:4180} INFO - Setting next_dagrun for example_setup_teardown to None, run_after=None
[2024-11-07T17:08:04.126+0000] {processor.py:208} INFO - Processing /home/airflow/.local/lib/python3.12/site-packages/airflow/example_dags/example_setup_teardown.py took 0.125 seconds
[2024-11-07T17:08:34.288+0000] {processor.py:186} INFO - Started process (PID=1030) to work on /home/airflow/.local/lib/python3.12/site-packages/airflow/example_dags/example_setup_teardown.py
[2024-11-07T17:08:34.289+0000] {processor.py:914} INFO - Processing file /home/airflow/.local/lib/python3.12/site-packages/airflow/example_dags/example_setup_teardown.py for tasks to queue
[2024-11-07T17:08:34.292+0000] {logging_mixin.py:190} INFO - [2024-11-07T17:08:34.292+0000] {dagbag.py:588} INFO - Filling up the DagBag from /home/airflow/.local/lib/python3.12/site-packages/airflow/example_dags/example_setup_teardown.py
[2024-11-07T17:08:34.303+0000] {processor.py:925} INFO - DAG(s) 'example_setup_teardown' retrieved from /home/airflow/.local/lib/python3.12/site-packages/airflow/example_dags/example_setup_teardown.py
[2024-11-07T17:08:34.330+0000] {logging_mixin.py:190} INFO - [2024-11-07T17:08:34.330+0000] {dag.py:3239} INFO - Sync 1 DAGs
[2024-11-07T17:08:34.348+0000] {logging_mixin.py:190} INFO - [2024-11-07T17:08:34.348+0000] {dag.py:4180} INFO - Setting next_dagrun for example_setup_teardown to None, run_after=None
[2024-11-07T17:08:34.371+0000] {processor.py:208} INFO - Processing /home/airflow/.local/lib/python3.12/site-packages/airflow/example_dags/example_setup_teardown.py took 0.091 seconds
[2024-11-07T17:09:04.796+0000] {processor.py:186} INFO - Started process (PID=1095) to work on /home/airflow/.local/lib/python3.12/site-packages/airflow/example_dags/example_setup_teardown.py
[2024-11-07T17:09:04.797+0000] {processor.py:914} INFO - Processing file /home/airflow/.local/lib/python3.12/site-packages/airflow/example_dags/example_setup_teardown.py for tasks to queue
[2024-11-07T17:09:04.800+0000] {logging_mixin.py:190} INFO - [2024-11-07T17:09:04.799+0000] {dagbag.py:588} INFO - Filling up the DagBag from /home/airflow/.local/lib/python3.12/site-packages/airflow/example_dags/example_setup_teardown.py
[2024-11-07T17:09:04.811+0000] {processor.py:925} INFO - DAG(s) 'example_setup_teardown' retrieved from /home/airflow/.local/lib/python3.12/site-packages/airflow/example_dags/example_setup_teardown.py
[2024-11-07T17:09:04.839+0000] {logging_mixin.py:190} INFO - [2024-11-07T17:09:04.838+0000] {dag.py:3239} INFO - Sync 1 DAGs
[2024-11-07T17:09:04.859+0000] {logging_mixin.py:190} INFO - [2024-11-07T17:09:04.859+0000] {dag.py:4180} INFO - Setting next_dagrun for example_setup_teardown to None, run_after=None
[2024-11-07T17:09:04.881+0000] {processor.py:208} INFO - Processing /home/airflow/.local/lib/python3.12/site-packages/airflow/example_dags/example_setup_teardown.py took 0.095 seconds
[2024-11-07T17:09:35.599+0000] {processor.py:186} INFO - Started process (PID=1158) to work on /home/airflow/.local/lib/python3.12/site-packages/airflow/example_dags/example_setup_teardown.py
[2024-11-07T17:09:35.600+0000] {processor.py:914} INFO - Processing file /home/airflow/.local/lib/python3.12/site-packages/airflow/example_dags/example_setup_teardown.py for tasks to queue
[2024-11-07T17:09:35.604+0000] {logging_mixin.py:190} INFO - [2024-11-07T17:09:35.603+0000] {dagbag.py:588} INFO - Filling up the DagBag from /home/airflow/.local/lib/python3.12/site-packages/airflow/example_dags/example_setup_teardown.py
[2024-11-07T17:09:35.616+0000] {processor.py:925} INFO - DAG(s) 'example_setup_teardown' retrieved from /home/airflow/.local/lib/python3.12/site-packages/airflow/example_dags/example_setup_teardown.py
[2024-11-07T17:09:35.657+0000] {logging_mixin.py:190} INFO - [2024-11-07T17:09:35.657+0000] {dag.py:3239} INFO - Sync 1 DAGs
[2024-11-07T17:09:35.682+0000] {logging_mixin.py:190} INFO - [2024-11-07T17:09:35.681+0000] {dag.py:4180} INFO - Setting next_dagrun for example_setup_teardown to None, run_after=None
[2024-11-07T17:09:35.707+0000] {processor.py:208} INFO - Processing /home/airflow/.local/lib/python3.12/site-packages/airflow/example_dags/example_setup_teardown.py took 0.117 seconds
[2024-11-07T17:10:06.058+0000] {processor.py:186} INFO - Started process (PID=1221) to work on /home/airflow/.local/lib/python3.12/site-packages/airflow/example_dags/example_setup_teardown.py
[2024-11-07T17:10:06.060+0000] {processor.py:914} INFO - Processing file /home/airflow/.local/lib/python3.12/site-packages/airflow/example_dags/example_setup_teardown.py for tasks to queue
[2024-11-07T17:10:06.063+0000] {logging_mixin.py:190} INFO - [2024-11-07T17:10:06.062+0000] {dagbag.py:588} INFO - Filling up the DagBag from /home/airflow/.local/lib/python3.12/site-packages/airflow/example_dags/example_setup_teardown.py
[2024-11-07T17:10:06.075+0000] {processor.py:925} INFO - DAG(s) 'example_setup_teardown' retrieved from /home/airflow/.local/lib/python3.12/site-packages/airflow/example_dags/example_setup_teardown.py
[2024-11-07T17:10:06.103+0000] {logging_mixin.py:190} INFO - [2024-11-07T17:10:06.102+0000] {dag.py:3239} INFO - Sync 1 DAGs
[2024-11-07T17:10:06.121+0000] {logging_mixin.py:190} INFO - [2024-11-07T17:10:06.121+0000] {dag.py:4180} INFO - Setting next_dagrun for example_setup_teardown to None, run_after=None
[2024-11-07T17:10:06.141+0000] {processor.py:208} INFO - Processing /home/airflow/.local/lib/python3.12/site-packages/airflow/example_dags/example_setup_teardown.py took 0.092 seconds
[2024-11-07T17:10:36.802+0000] {processor.py:186} INFO - Started process (PID=1283) to work on /home/airflow/.local/lib/python3.12/site-packages/airflow/example_dags/example_setup_teardown.py
[2024-11-07T17:10:36.803+0000] {processor.py:914} INFO - Processing file /home/airflow/.local/lib/python3.12/site-packages/airflow/example_dags/example_setup_teardown.py for tasks to queue
[2024-11-07T17:10:36.807+0000] {logging_mixin.py:190} INFO - [2024-11-07T17:10:36.806+0000] {dagbag.py:588} INFO - Filling up the DagBag from /home/airflow/.local/lib/python3.12/site-packages/airflow/example_dags/example_setup_teardown.py
[2024-11-07T17:10:36.818+0000] {processor.py:925} INFO - DAG(s) 'example_setup_teardown' retrieved from /home/airflow/.local/lib/python3.12/site-packages/airflow/example_dags/example_setup_teardown.py
[2024-11-07T17:10:36.847+0000] {logging_mixin.py:190} INFO - [2024-11-07T17:10:36.847+0000] {dag.py:3239} INFO - Sync 1 DAGs
[2024-11-07T17:10:36.869+0000] {logging_mixin.py:190} INFO - [2024-11-07T17:10:36.869+0000] {dag.py:4180} INFO - Setting next_dagrun for example_setup_teardown to None, run_after=None
[2024-11-07T17:10:36.892+0000] {processor.py:208} INFO - Processing /home/airflow/.local/lib/python3.12/site-packages/airflow/example_dags/example_setup_teardown.py took 0.098 seconds
[2024-11-07T17:11:08.445+0000] {processor.py:186} INFO - Started process (PID=1346) to work on /home/airflow/.local/lib/python3.12/site-packages/airflow/example_dags/example_setup_teardown.py
[2024-11-07T17:11:08.446+0000] {processor.py:914} INFO - Processing file /home/airflow/.local/lib/python3.12/site-packages/airflow/example_dags/example_setup_teardown.py for tasks to queue
[2024-11-07T17:11:08.450+0000] {logging_mixin.py:190} INFO - [2024-11-07T17:11:08.449+0000] {dagbag.py:588} INFO - Filling up the DagBag from /home/airflow/.local/lib/python3.12/site-packages/airflow/example_dags/example_setup_teardown.py
[2024-11-07T17:11:08.467+0000] {processor.py:925} INFO - DAG(s) 'example_setup_teardown' retrieved from /home/airflow/.local/lib/python3.12/site-packages/airflow/example_dags/example_setup_teardown.py
[2024-11-07T17:11:08.511+0000] {logging_mixin.py:190} INFO - [2024-11-07T17:11:08.511+0000] {dag.py:3239} INFO - Sync 1 DAGs
[2024-11-07T17:11:08.540+0000] {logging_mixin.py:190} INFO - [2024-11-07T17:11:08.540+0000] {dag.py:4180} INFO - Setting next_dagrun for example_setup_teardown to None, run_after=None
[2024-11-07T17:11:08.575+0000] {processor.py:208} INFO - Processing /home/airflow/.local/lib/python3.12/site-packages/airflow/example_dags/example_setup_teardown.py took 0.144 seconds
[2024-11-07T17:11:39.677+0000] {processor.py:186} INFO - Started process (PID=1417) to work on /home/airflow/.local/lib/python3.12/site-packages/airflow/example_dags/example_setup_teardown.py
[2024-11-07T17:11:39.680+0000] {processor.py:914} INFO - Processing file /home/airflow/.local/lib/python3.12/site-packages/airflow/example_dags/example_setup_teardown.py for tasks to queue
[2024-11-07T17:11:39.686+0000] {logging_mixin.py:190} INFO - [2024-11-07T17:11:39.685+0000] {dagbag.py:588} INFO - Filling up the DagBag from /home/airflow/.local/lib/python3.12/site-packages/airflow/example_dags/example_setup_teardown.py
[2024-11-07T17:11:39.699+0000] {processor.py:925} INFO - DAG(s) 'example_setup_teardown' retrieved from /home/airflow/.local/lib/python3.12/site-packages/airflow/example_dags/example_setup_teardown.py
[2024-11-07T17:11:39.734+0000] {logging_mixin.py:190} INFO - [2024-11-07T17:11:39.733+0000] {dag.py:3239} INFO - Sync 1 DAGs
[2024-11-07T17:11:39.768+0000] {logging_mixin.py:190} INFO - [2024-11-07T17:11:39.767+0000] {dag.py:4180} INFO - Setting next_dagrun for example_setup_teardown to None, run_after=None
[2024-11-07T17:11:39.802+0000] {processor.py:208} INFO - Processing /home/airflow/.local/lib/python3.12/site-packages/airflow/example_dags/example_setup_teardown.py took 0.140 seconds
[2024-11-07T17:12:10.608+0000] {processor.py:186} INFO - Started process (PID=1480) to work on /home/airflow/.local/lib/python3.12/site-packages/airflow/example_dags/example_setup_teardown.py
[2024-11-07T17:12:10.609+0000] {processor.py:914} INFO - Processing file /home/airflow/.local/lib/python3.12/site-packages/airflow/example_dags/example_setup_teardown.py for tasks to queue
[2024-11-07T17:12:10.613+0000] {logging_mixin.py:190} INFO - [2024-11-07T17:12:10.612+0000] {dagbag.py:588} INFO - Filling up the DagBag from /home/airflow/.local/lib/python3.12/site-packages/airflow/example_dags/example_setup_teardown.py
[2024-11-07T17:12:10.625+0000] {processor.py:925} INFO - DAG(s) 'example_setup_teardown' retrieved from /home/airflow/.local/lib/python3.12/site-packages/airflow/example_dags/example_setup_teardown.py
[2024-11-07T17:12:10.659+0000] {logging_mixin.py:190} INFO - [2024-11-07T17:12:10.659+0000] {dag.py:3239} INFO - Sync 1 DAGs
[2024-11-07T17:12:10.681+0000] {logging_mixin.py:190} INFO - [2024-11-07T17:12:10.681+0000] {dag.py:4180} INFO - Setting next_dagrun for example_setup_teardown to None, run_after=None
[2024-11-07T17:12:10.709+0000] {processor.py:208} INFO - Processing /home/airflow/.local/lib/python3.12/site-packages/airflow/example_dags/example_setup_teardown.py took 0.111 seconds
[2024-11-07T17:12:41.181+0000] {processor.py:186} INFO - Started process (PID=1543) to work on /home/airflow/.local/lib/python3.12/site-packages/airflow/example_dags/example_setup_teardown.py
[2024-11-07T17:12:41.183+0000] {processor.py:914} INFO - Processing file /home/airflow/.local/lib/python3.12/site-packages/airflow/example_dags/example_setup_teardown.py for tasks to queue
[2024-11-07T17:12:41.189+0000] {logging_mixin.py:190} INFO - [2024-11-07T17:12:41.188+0000] {dagbag.py:588} INFO - Filling up the DagBag from /home/airflow/.local/lib/python3.12/site-packages/airflow/example_dags/example_setup_teardown.py
[2024-11-07T17:12:41.212+0000] {processor.py:925} INFO - DAG(s) 'example_setup_teardown' retrieved from /home/airflow/.local/lib/python3.12/site-packages/airflow/example_dags/example_setup_teardown.py
[2024-11-07T17:12:41.270+0000] {logging_mixin.py:190} INFO - [2024-11-07T17:12:41.269+0000] {dag.py:3239} INFO - Sync 1 DAGs
[2024-11-07T17:12:41.322+0000] {logging_mixin.py:190} INFO - [2024-11-07T17:12:41.321+0000] {dag.py:4180} INFO - Setting next_dagrun for example_setup_teardown to None, run_after=None
[2024-11-07T17:12:41.370+0000] {processor.py:208} INFO - Processing /home/airflow/.local/lib/python3.12/site-packages/airflow/example_dags/example_setup_teardown.py took 0.205 seconds
[2024-11-07T17:13:12.058+0000] {processor.py:186} INFO - Started process (PID=1606) to work on /home/airflow/.local/lib/python3.12/site-packages/airflow/example_dags/example_setup_teardown.py
[2024-11-07T17:13:12.059+0000] {processor.py:914} INFO - Processing file /home/airflow/.local/lib/python3.12/site-packages/airflow/example_dags/example_setup_teardown.py for tasks to queue
[2024-11-07T17:13:12.062+0000] {logging_mixin.py:190} INFO - [2024-11-07T17:13:12.062+0000] {dagbag.py:588} INFO - Filling up the DagBag from /home/airflow/.local/lib/python3.12/site-packages/airflow/example_dags/example_setup_teardown.py
[2024-11-07T17:13:12.074+0000] {processor.py:925} INFO - DAG(s) 'example_setup_teardown' retrieved from /home/airflow/.local/lib/python3.12/site-packages/airflow/example_dags/example_setup_teardown.py
[2024-11-07T17:13:12.101+0000] {logging_mixin.py:190} INFO - [2024-11-07T17:13:12.100+0000] {dag.py:3239} INFO - Sync 1 DAGs
[2024-11-07T17:13:12.119+0000] {logging_mixin.py:190} INFO - [2024-11-07T17:13:12.118+0000] {dag.py:4180} INFO - Setting next_dagrun for example_setup_teardown to None, run_after=None
[2024-11-07T17:13:12.141+0000] {processor.py:208} INFO - Processing /home/airflow/.local/lib/python3.12/site-packages/airflow/example_dags/example_setup_teardown.py took 0.091 seconds
[2024-11-07T17:13:42.978+0000] {processor.py:186} INFO - Started process (PID=1668) to work on /home/airflow/.local/lib/python3.12/site-packages/airflow/example_dags/example_setup_teardown.py
[2024-11-07T17:13:42.979+0000] {processor.py:914} INFO - Processing file /home/airflow/.local/lib/python3.12/site-packages/airflow/example_dags/example_setup_teardown.py for tasks to queue
[2024-11-07T17:13:42.983+0000] {logging_mixin.py:190} INFO - [2024-11-07T17:13:42.982+0000] {dagbag.py:588} INFO - Filling up the DagBag from /home/airflow/.local/lib/python3.12/site-packages/airflow/example_dags/example_setup_teardown.py
[2024-11-07T17:13:42.994+0000] {processor.py:925} INFO - DAG(s) 'example_setup_teardown' retrieved from /home/airflow/.local/lib/python3.12/site-packages/airflow/example_dags/example_setup_teardown.py
[2024-11-07T17:13:43.021+0000] {logging_mixin.py:190} INFO - [2024-11-07T17:13:43.020+0000] {dag.py:3239} INFO - Sync 1 DAGs
[2024-11-07T17:13:43.039+0000] {logging_mixin.py:190} INFO - [2024-11-07T17:13:43.039+0000] {dag.py:4180} INFO - Setting next_dagrun for example_setup_teardown to None, run_after=None
[2024-11-07T17:13:43.061+0000] {processor.py:208} INFO - Processing /home/airflow/.local/lib/python3.12/site-packages/airflow/example_dags/example_setup_teardown.py took 0.092 seconds
[2024-11-07T17:14:13.350+0000] {processor.py:186} INFO - Started process (PID=1731) to work on /home/airflow/.local/lib/python3.12/site-packages/airflow/example_dags/example_setup_teardown.py
[2024-11-07T17:14:13.351+0000] {processor.py:914} INFO - Processing file /home/airflow/.local/lib/python3.12/site-packages/airflow/example_dags/example_setup_teardown.py for tasks to queue
[2024-11-07T17:14:13.355+0000] {logging_mixin.py:190} INFO - [2024-11-07T17:14:13.354+0000] {dagbag.py:588} INFO - Filling up the DagBag from /home/airflow/.local/lib/python3.12/site-packages/airflow/example_dags/example_setup_teardown.py
[2024-11-07T17:14:13.366+0000] {processor.py:925} INFO - DAG(s) 'example_setup_teardown' retrieved from /home/airflow/.local/lib/python3.12/site-packages/airflow/example_dags/example_setup_teardown.py
[2024-11-07T17:14:13.393+0000] {logging_mixin.py:190} INFO - [2024-11-07T17:14:13.393+0000] {dag.py:3239} INFO - Sync 1 DAGs
[2024-11-07T17:14:13.411+0000] {logging_mixin.py:190} INFO - [2024-11-07T17:14:13.411+0000] {dag.py:4180} INFO - Setting next_dagrun for example_setup_teardown to None, run_after=None
[2024-11-07T17:14:13.433+0000] {processor.py:208} INFO - Processing /home/airflow/.local/lib/python3.12/site-packages/airflow/example_dags/example_setup_teardown.py took 0.092 seconds
[2024-11-07T17:14:44.061+0000] {processor.py:186} INFO - Started process (PID=1794) to work on /home/airflow/.local/lib/python3.12/site-packages/airflow/example_dags/example_setup_teardown.py
[2024-11-07T17:14:44.063+0000] {processor.py:914} INFO - Processing file /home/airflow/.local/lib/python3.12/site-packages/airflow/example_dags/example_setup_teardown.py for tasks to queue
[2024-11-07T17:14:44.066+0000] {logging_mixin.py:190} INFO - [2024-11-07T17:14:44.066+0000] {dagbag.py:588} INFO - Filling up the DagBag from /home/airflow/.local/lib/python3.12/site-packages/airflow/example_dags/example_setup_teardown.py
[2024-11-07T17:14:44.079+0000] {processor.py:925} INFO - DAG(s) 'example_setup_teardown' retrieved from /home/airflow/.local/lib/python3.12/site-packages/airflow/example_dags/example_setup_teardown.py
[2024-11-07T17:14:44.111+0000] {logging_mixin.py:190} INFO - [2024-11-07T17:14:44.111+0000] {dag.py:3239} INFO - Sync 1 DAGs
[2024-11-07T17:14:44.133+0000] {logging_mixin.py:190} INFO - [2024-11-07T17:14:44.133+0000] {dag.py:4180} INFO - Setting next_dagrun for example_setup_teardown to None, run_after=None
[2024-11-07T17:14:44.158+0000] {processor.py:208} INFO - Processing /home/airflow/.local/lib/python3.12/site-packages/airflow/example_dags/example_setup_teardown.py took 0.107 seconds
[2024-11-07T17:15:15.056+0000] {processor.py:186} INFO - Started process (PID=1856) to work on /home/airflow/.local/lib/python3.12/site-packages/airflow/example_dags/example_setup_teardown.py
[2024-11-07T17:15:15.058+0000] {processor.py:914} INFO - Processing file /home/airflow/.local/lib/python3.12/site-packages/airflow/example_dags/example_setup_teardown.py for tasks to queue
[2024-11-07T17:15:15.061+0000] {logging_mixin.py:190} INFO - [2024-11-07T17:15:15.061+0000] {dagbag.py:588} INFO - Filling up the DagBag from /home/airflow/.local/lib/python3.12/site-packages/airflow/example_dags/example_setup_teardown.py
[2024-11-07T17:15:15.074+0000] {processor.py:925} INFO - DAG(s) 'example_setup_teardown' retrieved from /home/airflow/.local/lib/python3.12/site-packages/airflow/example_dags/example_setup_teardown.py
[2024-11-07T17:15:15.112+0000] {logging_mixin.py:190} INFO - [2024-11-07T17:15:15.111+0000] {dag.py:3239} INFO - Sync 1 DAGs
[2024-11-07T17:15:15.135+0000] {logging_mixin.py:190} INFO - [2024-11-07T17:15:15.134+0000] {dag.py:4180} INFO - Setting next_dagrun for example_setup_teardown to None, run_after=None
[2024-11-07T17:15:15.159+0000] {processor.py:208} INFO - Processing /home/airflow/.local/lib/python3.12/site-packages/airflow/example_dags/example_setup_teardown.py took 0.112 seconds
[2024-11-07T17:15:45.728+0000] {processor.py:186} INFO - Started process (PID=1919) to work on /home/airflow/.local/lib/python3.12/site-packages/airflow/example_dags/example_setup_teardown.py
[2024-11-07T17:15:45.730+0000] {processor.py:914} INFO - Processing file /home/airflow/.local/lib/python3.12/site-packages/airflow/example_dags/example_setup_teardown.py for tasks to queue
[2024-11-07T17:15:45.734+0000] {logging_mixin.py:190} INFO - [2024-11-07T17:15:45.734+0000] {dagbag.py:588} INFO - Filling up the DagBag from /home/airflow/.local/lib/python3.12/site-packages/airflow/example_dags/example_setup_teardown.py
[2024-11-07T17:15:45.745+0000] {processor.py:925} INFO - DAG(s) 'example_setup_teardown' retrieved from /home/airflow/.local/lib/python3.12/site-packages/airflow/example_dags/example_setup_teardown.py
[2024-11-07T17:15:45.771+0000] {logging_mixin.py:190} INFO - [2024-11-07T17:15:45.771+0000] {dag.py:3239} INFO - Sync 1 DAGs
[2024-11-07T17:15:45.789+0000] {logging_mixin.py:190} INFO - [2024-11-07T17:15:45.789+0000] {dag.py:4180} INFO - Setting next_dagrun for example_setup_teardown to None, run_after=None
[2024-11-07T17:15:45.851+0000] {processor.py:208} INFO - Processing /home/airflow/.local/lib/python3.12/site-packages/airflow/example_dags/example_setup_teardown.py took 0.131 seconds
[2024-11-07T17:16:15.929+0000] {processor.py:186} INFO - Started process (PID=1982) to work on /home/airflow/.local/lib/python3.12/site-packages/airflow/example_dags/example_setup_teardown.py
[2024-11-07T17:16:15.931+0000] {processor.py:914} INFO - Processing file /home/airflow/.local/lib/python3.12/site-packages/airflow/example_dags/example_setup_teardown.py for tasks to queue
[2024-11-07T17:16:15.935+0000] {logging_mixin.py:190} INFO - [2024-11-07T17:16:15.935+0000] {dagbag.py:588} INFO - Filling up the DagBag from /home/airflow/.local/lib/python3.12/site-packages/airflow/example_dags/example_setup_teardown.py
[2024-11-07T17:16:15.948+0000] {processor.py:925} INFO - DAG(s) 'example_setup_teardown' retrieved from /home/airflow/.local/lib/python3.12/site-packages/airflow/example_dags/example_setup_teardown.py
[2024-11-07T17:16:15.981+0000] {logging_mixin.py:190} INFO - [2024-11-07T17:16:15.980+0000] {dag.py:3239} INFO - Sync 1 DAGs
[2024-11-07T17:16:15.998+0000] {logging_mixin.py:190} INFO - [2024-11-07T17:16:15.998+0000] {dag.py:4180} INFO - Setting next_dagrun for example_setup_teardown to None, run_after=None
[2024-11-07T17:16:16.026+0000] {processor.py:208} INFO - Processing /home/airflow/.local/lib/python3.12/site-packages/airflow/example_dags/example_setup_teardown.py took 0.106 seconds
[2024-11-07T17:16:46.082+0000] {processor.py:186} INFO - Started process (PID=2045) to work on /home/airflow/.local/lib/python3.12/site-packages/airflow/example_dags/example_setup_teardown.py
[2024-11-07T17:16:46.084+0000] {processor.py:914} INFO - Processing file /home/airflow/.local/lib/python3.12/site-packages/airflow/example_dags/example_setup_teardown.py for tasks to queue
[2024-11-07T17:16:46.088+0000] {logging_mixin.py:190} INFO - [2024-11-07T17:16:46.088+0000] {dagbag.py:588} INFO - Filling up the DagBag from /home/airflow/.local/lib/python3.12/site-packages/airflow/example_dags/example_setup_teardown.py
[2024-11-07T17:16:46.100+0000] {processor.py:925} INFO - DAG(s) 'example_setup_teardown' retrieved from /home/airflow/.local/lib/python3.12/site-packages/airflow/example_dags/example_setup_teardown.py
[2024-11-07T17:16:46.129+0000] {logging_mixin.py:190} INFO - [2024-11-07T17:16:46.129+0000] {dag.py:3239} INFO - Sync 1 DAGs
[2024-11-07T17:16:46.152+0000] {logging_mixin.py:190} INFO - [2024-11-07T17:16:46.152+0000] {dag.py:4180} INFO - Setting next_dagrun for example_setup_teardown to None, run_after=None
[2024-11-07T17:16:46.184+0000] {processor.py:208} INFO - Processing /home/airflow/.local/lib/python3.12/site-packages/airflow/example_dags/example_setup_teardown.py took 0.110 seconds
[2024-11-07T17:17:16.742+0000] {processor.py:186} INFO - Started process (PID=2107) to work on /home/airflow/.local/lib/python3.12/site-packages/airflow/example_dags/example_setup_teardown.py
[2024-11-07T17:17:16.744+0000] {processor.py:914} INFO - Processing file /home/airflow/.local/lib/python3.12/site-packages/airflow/example_dags/example_setup_teardown.py for tasks to queue
[2024-11-07T17:17:16.750+0000] {logging_mixin.py:190} INFO - [2024-11-07T17:17:16.749+0000] {dagbag.py:588} INFO - Filling up the DagBag from /home/airflow/.local/lib/python3.12/site-packages/airflow/example_dags/example_setup_teardown.py
[2024-11-07T17:17:16.767+0000] {processor.py:925} INFO - DAG(s) 'example_setup_teardown' retrieved from /home/airflow/.local/lib/python3.12/site-packages/airflow/example_dags/example_setup_teardown.py
[2024-11-07T17:17:16.800+0000] {logging_mixin.py:190} INFO - [2024-11-07T17:17:16.800+0000] {dag.py:3239} INFO - Sync 1 DAGs
[2024-11-07T17:17:16.828+0000] {logging_mixin.py:190} INFO - [2024-11-07T17:17:16.827+0000] {dag.py:4180} INFO - Setting next_dagrun for example_setup_teardown to None, run_after=None
[2024-11-07T17:17:16.864+0000] {processor.py:208} INFO - Processing /home/airflow/.local/lib/python3.12/site-packages/airflow/example_dags/example_setup_teardown.py took 0.134 seconds
[2024-11-07T17:17:46.970+0000] {processor.py:186} INFO - Started process (PID=2170) to work on /home/airflow/.local/lib/python3.12/site-packages/airflow/example_dags/example_setup_teardown.py
[2024-11-07T17:17:46.971+0000] {processor.py:914} INFO - Processing file /home/airflow/.local/lib/python3.12/site-packages/airflow/example_dags/example_setup_teardown.py for tasks to queue
[2024-11-07T17:17:46.975+0000] {logging_mixin.py:190} INFO - [2024-11-07T17:17:46.974+0000] {dagbag.py:588} INFO - Filling up the DagBag from /home/airflow/.local/lib/python3.12/site-packages/airflow/example_dags/example_setup_teardown.py
[2024-11-07T17:17:46.998+0000] {processor.py:925} INFO - DAG(s) 'example_setup_teardown' retrieved from /home/airflow/.local/lib/python3.12/site-packages/airflow/example_dags/example_setup_teardown.py
[2024-11-07T17:17:47.031+0000] {logging_mixin.py:190} INFO - [2024-11-07T17:17:47.030+0000] {dag.py:3239} INFO - Sync 1 DAGs
[2024-11-07T17:17:47.051+0000] {logging_mixin.py:190} INFO - [2024-11-07T17:17:47.051+0000] {dag.py:4180} INFO - Setting next_dagrun for example_setup_teardown to None, run_after=None
[2024-11-07T17:17:47.076+0000] {processor.py:208} INFO - Processing /home/airflow/.local/lib/python3.12/site-packages/airflow/example_dags/example_setup_teardown.py took 0.115 seconds
[2024-11-07T17:18:17.215+0000] {processor.py:186} INFO - Started process (PID=2234) to work on /home/airflow/.local/lib/python3.12/site-packages/airflow/example_dags/example_setup_teardown.py
[2024-11-07T17:18:17.219+0000] {processor.py:914} INFO - Processing file /home/airflow/.local/lib/python3.12/site-packages/airflow/example_dags/example_setup_teardown.py for tasks to queue
[2024-11-07T17:18:17.224+0000] {logging_mixin.py:190} INFO - [2024-11-07T17:18:17.223+0000] {dagbag.py:588} INFO - Filling up the DagBag from /home/airflow/.local/lib/python3.12/site-packages/airflow/example_dags/example_setup_teardown.py
[2024-11-07T17:18:17.241+0000] {processor.py:925} INFO - DAG(s) 'example_setup_teardown' retrieved from /home/airflow/.local/lib/python3.12/site-packages/airflow/example_dags/example_setup_teardown.py
[2024-11-07T17:18:17.285+0000] {logging_mixin.py:190} INFO - [2024-11-07T17:18:17.282+0000] {dag.py:3239} INFO - Sync 1 DAGs
[2024-11-07T17:18:17.324+0000] {logging_mixin.py:190} INFO - [2024-11-07T17:18:17.323+0000] {dag.py:4180} INFO - Setting next_dagrun for example_setup_teardown to None, run_after=None
[2024-11-07T17:18:17.374+0000] {processor.py:208} INFO - Processing /home/airflow/.local/lib/python3.12/site-packages/airflow/example_dags/example_setup_teardown.py took 0.170 seconds
[2024-11-07T17:18:47.698+0000] {processor.py:186} INFO - Started process (PID=2297) to work on /home/airflow/.local/lib/python3.12/site-packages/airflow/example_dags/example_setup_teardown.py
[2024-11-07T17:18:47.700+0000] {processor.py:914} INFO - Processing file /home/airflow/.local/lib/python3.12/site-packages/airflow/example_dags/example_setup_teardown.py for tasks to queue
[2024-11-07T17:18:47.705+0000] {logging_mixin.py:190} INFO - [2024-11-07T17:18:47.705+0000] {dagbag.py:588} INFO - Filling up the DagBag from /home/airflow/.local/lib/python3.12/site-packages/airflow/example_dags/example_setup_teardown.py
[2024-11-07T17:18:47.727+0000] {processor.py:925} INFO - DAG(s) 'example_setup_teardown' retrieved from /home/airflow/.local/lib/python3.12/site-packages/airflow/example_dags/example_setup_teardown.py
[2024-11-07T17:18:47.772+0000] {logging_mixin.py:190} INFO - [2024-11-07T17:18:47.772+0000] {dag.py:3239} INFO - Sync 1 DAGs
[2024-11-07T17:18:47.804+0000] {logging_mixin.py:190} INFO - [2024-11-07T17:18:47.804+0000] {dag.py:4180} INFO - Setting next_dagrun for example_setup_teardown to None, run_after=None
[2024-11-07T17:18:47.844+0000] {processor.py:208} INFO - Processing /home/airflow/.local/lib/python3.12/site-packages/airflow/example_dags/example_setup_teardown.py took 0.159 seconds
[2024-11-07T17:19:27.182+0000] {processor.py:186} INFO - Started process (PID=2371) to work on /home/airflow/.local/lib/python3.12/site-packages/airflow/example_dags/example_setup_teardown.py
[2024-11-07T17:19:27.184+0000] {processor.py:914} INFO - Processing file /home/airflow/.local/lib/python3.12/site-packages/airflow/example_dags/example_setup_teardown.py for tasks to queue
[2024-11-07T17:19:27.189+0000] {logging_mixin.py:190} INFO - [2024-11-07T17:19:27.189+0000] {dagbag.py:588} INFO - Filling up the DagBag from /home/airflow/.local/lib/python3.12/site-packages/airflow/example_dags/example_setup_teardown.py
[2024-11-07T17:19:27.212+0000] {processor.py:925} INFO - DAG(s) 'example_setup_teardown' retrieved from /home/airflow/.local/lib/python3.12/site-packages/airflow/example_dags/example_setup_teardown.py
[2024-11-07T17:19:27.262+0000] {logging_mixin.py:190} INFO - [2024-11-07T17:19:27.261+0000] {dag.py:3239} INFO - Sync 1 DAGs
[2024-11-07T17:19:27.297+0000] {logging_mixin.py:190} INFO - [2024-11-07T17:19:27.297+0000] {dag.py:4180} INFO - Setting next_dagrun for example_setup_teardown to None, run_after=None
[2024-11-07T17:19:27.341+0000] {processor.py:208} INFO - Processing /home/airflow/.local/lib/python3.12/site-packages/airflow/example_dags/example_setup_teardown.py took 0.173 seconds
[2024-11-07T17:19:58.130+0000] {processor.py:186} INFO - Started process (PID=2434) to work on /home/airflow/.local/lib/python3.12/site-packages/airflow/example_dags/example_setup_teardown.py
[2024-11-07T17:19:58.131+0000] {processor.py:914} INFO - Processing file /home/airflow/.local/lib/python3.12/site-packages/airflow/example_dags/example_setup_teardown.py for tasks to queue
[2024-11-07T17:19:58.135+0000] {logging_mixin.py:190} INFO - [2024-11-07T17:19:58.134+0000] {dagbag.py:588} INFO - Filling up the DagBag from /home/airflow/.local/lib/python3.12/site-packages/airflow/example_dags/example_setup_teardown.py
[2024-11-07T17:19:58.147+0000] {processor.py:925} INFO - DAG(s) 'example_setup_teardown' retrieved from /home/airflow/.local/lib/python3.12/site-packages/airflow/example_dags/example_setup_teardown.py
[2024-11-07T17:19:58.176+0000] {logging_mixin.py:190} INFO - [2024-11-07T17:19:58.176+0000] {dag.py:3239} INFO - Sync 1 DAGs
[2024-11-07T17:19:58.197+0000] {logging_mixin.py:190} INFO - [2024-11-07T17:19:58.196+0000] {dag.py:4180} INFO - Setting next_dagrun for example_setup_teardown to None, run_after=None
[2024-11-07T17:19:58.226+0000] {processor.py:208} INFO - Processing /home/airflow/.local/lib/python3.12/site-packages/airflow/example_dags/example_setup_teardown.py took 0.104 seconds
[2024-11-07T17:20:30.166+0000] {processor.py:186} INFO - Started process (PID=2498) to work on /home/airflow/.local/lib/python3.12/site-packages/airflow/example_dags/example_setup_teardown.py
[2024-11-07T17:20:30.168+0000] {processor.py:914} INFO - Processing file /home/airflow/.local/lib/python3.12/site-packages/airflow/example_dags/example_setup_teardown.py for tasks to queue
[2024-11-07T17:20:30.172+0000] {logging_mixin.py:190} INFO - [2024-11-07T17:20:30.171+0000] {dagbag.py:588} INFO - Filling up the DagBag from /home/airflow/.local/lib/python3.12/site-packages/airflow/example_dags/example_setup_teardown.py
[2024-11-07T17:20:30.220+0000] {processor.py:925} INFO - DAG(s) 'example_setup_teardown' retrieved from /home/airflow/.local/lib/python3.12/site-packages/airflow/example_dags/example_setup_teardown.py
[2024-11-07T17:20:30.264+0000] {logging_mixin.py:190} INFO - [2024-11-07T17:20:30.263+0000] {dag.py:3239} INFO - Sync 1 DAGs
[2024-11-07T17:20:30.297+0000] {logging_mixin.py:190} INFO - [2024-11-07T17:20:30.296+0000] {dag.py:4180} INFO - Setting next_dagrun for example_setup_teardown to None, run_after=None
[2024-11-07T17:20:30.333+0000] {processor.py:208} INFO - Processing /home/airflow/.local/lib/python3.12/site-packages/airflow/example_dags/example_setup_teardown.py took 0.177 seconds
[2024-11-07T17:21:00.833+0000] {processor.py:186} INFO - Started process (PID=2561) to work on /home/airflow/.local/lib/python3.12/site-packages/airflow/example_dags/example_setup_teardown.py
[2024-11-07T17:21:00.834+0000] {processor.py:914} INFO - Processing file /home/airflow/.local/lib/python3.12/site-packages/airflow/example_dags/example_setup_teardown.py for tasks to queue
[2024-11-07T17:21:00.838+0000] {logging_mixin.py:190} INFO - [2024-11-07T17:21:00.837+0000] {dagbag.py:588} INFO - Filling up the DagBag from /home/airflow/.local/lib/python3.12/site-packages/airflow/example_dags/example_setup_teardown.py
[2024-11-07T17:21:00.850+0000] {processor.py:925} INFO - DAG(s) 'example_setup_teardown' retrieved from /home/airflow/.local/lib/python3.12/site-packages/airflow/example_dags/example_setup_teardown.py
[2024-11-07T17:21:00.880+0000] {logging_mixin.py:190} INFO - [2024-11-07T17:21:00.880+0000] {dag.py:3239} INFO - Sync 1 DAGs
[2024-11-07T17:21:00.902+0000] {logging_mixin.py:190} INFO - [2024-11-07T17:21:00.902+0000] {dag.py:4180} INFO - Setting next_dagrun for example_setup_teardown to None, run_after=None
[2024-11-07T17:21:00.931+0000] {processor.py:208} INFO - Processing /home/airflow/.local/lib/python3.12/site-packages/airflow/example_dags/example_setup_teardown.py took 0.108 seconds
