[2024-11-07T17:01:49.657+0000] {processor.py:186} INFO - Started process (PID=210) to work on /home/airflow/.local/lib/python3.12/site-packages/airflow/example_dags/example_inlet_event_extra.py
[2024-11-07T17:01:49.662+0000] {processor.py:914} INFO - Processing file /home/airflow/.local/lib/python3.12/site-packages/airflow/example_dags/example_inlet_event_extra.py for tasks to queue
[2024-11-07T17:01:49.675+0000] {logging_mixin.py:190} INFO - [2024-11-07T17:01:49.673+0000] {dagbag.py:588} INFO - Filling up the DagBag from /home/airflow/.local/lib/python3.12/site-packages/airflow/example_dags/example_inlet_event_extra.py
[2024-11-07T17:01:50.374+0000] {processor.py:925} INFO - DAG(s) 'read_dataset_event', 'read_dataset_event_from_classic' retrieved from /home/airflow/.local/lib/python3.12/site-packages/airflow/example_dags/example_inlet_event_extra.py
[2024-11-07T17:01:50.829+0000] {logging_mixin.py:190} INFO - [2024-11-07T17:01:50.826+0000] {override.py:1900} INFO - Created Permission View: can delete on DAG:read_dataset_event
[2024-11-07T17:01:50.867+0000] {logging_mixin.py:190} INFO - [2024-11-07T17:01:50.866+0000] {override.py:1900} INFO - Created Permission View: can edit on DAG:read_dataset_event
[2024-11-07T17:01:50.892+0000] {logging_mixin.py:190} INFO - [2024-11-07T17:01:50.891+0000] {override.py:1900} INFO - Created Permission View: can read on DAG:read_dataset_event
[2024-11-07T17:01:50.927+0000] {logging_mixin.py:190} INFO - [2024-11-07T17:01:50.926+0000] {override.py:1900} INFO - Created Permission View: can delete on DAG Run:read_dataset_event
[2024-11-07T17:01:50.946+0000] {logging_mixin.py:190} INFO - [2024-11-07T17:01:50.945+0000] {override.py:1900} INFO - Created Permission View: menu access on DAG Run:read_dataset_event
[2024-11-07T17:01:50.970+0000] {logging_mixin.py:190} INFO - [2024-11-07T17:01:50.969+0000] {override.py:1900} INFO - Created Permission View: can create on DAG Run:read_dataset_event
[2024-11-07T17:01:50.998+0000] {logging_mixin.py:190} INFO - [2024-11-07T17:01:50.997+0000] {override.py:1900} INFO - Created Permission View: can read on DAG Run:read_dataset_event
[2024-11-07T17:01:51.046+0000] {logging_mixin.py:190} INFO - [2024-11-07T17:01:51.045+0000] {override.py:1900} INFO - Created Permission View: can delete on DAG:read_dataset_event_from_classic
[2024-11-07T17:01:51.068+0000] {logging_mixin.py:190} INFO - [2024-11-07T17:01:51.067+0000] {override.py:1900} INFO - Created Permission View: can edit on DAG:read_dataset_event_from_classic
[2024-11-07T17:01:51.092+0000] {logging_mixin.py:190} INFO - [2024-11-07T17:01:51.092+0000] {override.py:1900} INFO - Created Permission View: can read on DAG:read_dataset_event_from_classic
[2024-11-07T17:01:51.114+0000] {logging_mixin.py:190} INFO - [2024-11-07T17:01:51.113+0000] {override.py:1900} INFO - Created Permission View: can delete on DAG Run:read_dataset_event_from_classic
[2024-11-07T17:01:51.138+0000] {logging_mixin.py:190} INFO - [2024-11-07T17:01:51.137+0000] {override.py:1900} INFO - Created Permission View: menu access on DAG Run:read_dataset_event_from_classic
[2024-11-07T17:01:51.160+0000] {logging_mixin.py:190} INFO - [2024-11-07T17:01:51.159+0000] {override.py:1900} INFO - Created Permission View: can create on DAG Run:read_dataset_event_from_classic
[2024-11-07T17:01:51.195+0000] {logging_mixin.py:190} INFO - [2024-11-07T17:01:51.194+0000] {override.py:1900} INFO - Created Permission View: can read on DAG Run:read_dataset_event_from_classic
[2024-11-07T17:01:51.197+0000] {logging_mixin.py:190} INFO - [2024-11-07T17:01:51.197+0000] {dag.py:3239} INFO - Sync 2 DAGs
[2024-11-07T17:01:51.340+0000] {logging_mixin.py:190} INFO - [2024-11-07T17:01:51.340+0000] {dag.py:3262} INFO - Creating ORM DAG for read_dataset_event
[2024-11-07T17:01:51.346+0000] {logging_mixin.py:190} INFO - [2024-11-07T17:01:51.345+0000] {dag.py:3262} INFO - Creating ORM DAG for read_dataset_event_from_classic
[2024-11-07T17:01:51.412+0000] {logging_mixin.py:190} INFO - [2024-11-07T17:01:51.405+0000] {dag.py:4180} INFO - Setting next_dagrun for read_dataset_event to 2024-11-06 00:00:00+00:00, run_after=2024-11-07 00:00:00+00:00
[2024-11-07T17:01:51.471+0000] {logging_mixin.py:190} INFO - [2024-11-07T17:01:51.470+0000] {dag.py:4180} INFO - Setting next_dagrun for read_dataset_event_from_classic to 2024-11-06 00:00:00+00:00, run_after=2024-11-07 00:00:00+00:00
[2024-11-07T17:01:51.564+0000] {processor.py:208} INFO - Processing /home/airflow/.local/lib/python3.12/site-packages/airflow/example_dags/example_inlet_event_extra.py took 1.926 seconds
[2024-11-07T17:02:29.387+0000] {processor.py:186} INFO - Started process (PID=282) to work on /home/airflow/.local/lib/python3.12/site-packages/airflow/example_dags/example_inlet_event_extra.py
[2024-11-07T17:02:29.390+0000] {processor.py:914} INFO - Processing file /home/airflow/.local/lib/python3.12/site-packages/airflow/example_dags/example_inlet_event_extra.py for tasks to queue
[2024-11-07T17:02:29.395+0000] {logging_mixin.py:190} INFO - [2024-11-07T17:02:29.394+0000] {dagbag.py:588} INFO - Filling up the DagBag from /home/airflow/.local/lib/python3.12/site-packages/airflow/example_dags/example_inlet_event_extra.py
[2024-11-07T17:02:29.763+0000] {processor.py:925} INFO - DAG(s) 'read_dataset_event_from_classic', 'read_dataset_event' retrieved from /home/airflow/.local/lib/python3.12/site-packages/airflow/example_dags/example_inlet_event_extra.py
[2024-11-07T17:02:29.844+0000] {logging_mixin.py:190} INFO - [2024-11-07T17:02:29.833+0000] {dag.py:3239} INFO - Sync 2 DAGs
[2024-11-07T17:02:29.985+0000] {logging_mixin.py:190} INFO - [2024-11-07T17:02:29.985+0000] {dag.py:4180} INFO - Setting next_dagrun for read_dataset_event to 2024-11-06 00:00:00+00:00, run_after=2024-11-07 00:00:00+00:00
[2024-11-07T17:02:29.996+0000] {logging_mixin.py:190} INFO - [2024-11-07T17:02:29.996+0000] {dag.py:4180} INFO - Setting next_dagrun for read_dataset_event_from_classic to 2024-11-06 00:00:00+00:00, run_after=2024-11-07 00:00:00+00:00
[2024-11-07T17:02:30.026+0000] {processor.py:208} INFO - Processing /home/airflow/.local/lib/python3.12/site-packages/airflow/example_dags/example_inlet_event_extra.py took 0.657 seconds
[2024-11-07T17:03:00.723+0000] {processor.py:186} INFO - Started process (PID=345) to work on /home/airflow/.local/lib/python3.12/site-packages/airflow/example_dags/example_inlet_event_extra.py
[2024-11-07T17:03:00.725+0000] {processor.py:914} INFO - Processing file /home/airflow/.local/lib/python3.12/site-packages/airflow/example_dags/example_inlet_event_extra.py for tasks to queue
[2024-11-07T17:03:00.730+0000] {logging_mixin.py:190} INFO - [2024-11-07T17:03:00.730+0000] {dagbag.py:588} INFO - Filling up the DagBag from /home/airflow/.local/lib/python3.12/site-packages/airflow/example_dags/example_inlet_event_extra.py
[2024-11-07T17:03:01.169+0000] {processor.py:925} INFO - DAG(s) 'read_dataset_event', 'read_dataset_event_from_classic' retrieved from /home/airflow/.local/lib/python3.12/site-packages/airflow/example_dags/example_inlet_event_extra.py
[2024-11-07T17:03:01.236+0000] {logging_mixin.py:190} INFO - [2024-11-07T17:03:01.236+0000] {dag.py:3239} INFO - Sync 2 DAGs
[2024-11-07T17:03:01.284+0000] {logging_mixin.py:190} INFO - [2024-11-07T17:03:01.284+0000] {dag.py:4180} INFO - Setting next_dagrun for read_dataset_event to 2024-11-06 00:00:00+00:00, run_after=2024-11-07 00:00:00+00:00
[2024-11-07T17:03:01.293+0000] {logging_mixin.py:190} INFO - [2024-11-07T17:03:01.292+0000] {dag.py:4180} INFO - Setting next_dagrun for read_dataset_event_from_classic to 2024-11-06 00:00:00+00:00, run_after=2024-11-07 00:00:00+00:00
[2024-11-07T17:03:01.333+0000] {processor.py:208} INFO - Processing /home/airflow/.local/lib/python3.12/site-packages/airflow/example_dags/example_inlet_event_extra.py took 0.634 seconds
[2024-11-07T17:03:31.585+0000] {processor.py:186} INFO - Started process (PID=407) to work on /home/airflow/.local/lib/python3.12/site-packages/airflow/example_dags/example_inlet_event_extra.py
[2024-11-07T17:03:31.586+0000] {processor.py:914} INFO - Processing file /home/airflow/.local/lib/python3.12/site-packages/airflow/example_dags/example_inlet_event_extra.py for tasks to queue
[2024-11-07T17:03:31.590+0000] {logging_mixin.py:190} INFO - [2024-11-07T17:03:31.590+0000] {dagbag.py:588} INFO - Filling up the DagBag from /home/airflow/.local/lib/python3.12/site-packages/airflow/example_dags/example_inlet_event_extra.py
[2024-11-07T17:03:31.781+0000] {processor.py:925} INFO - DAG(s) 'read_dataset_event', 'read_dataset_event_from_classic' retrieved from /home/airflow/.local/lib/python3.12/site-packages/airflow/example_dags/example_inlet_event_extra.py
[2024-11-07T17:03:31.814+0000] {logging_mixin.py:190} INFO - [2024-11-07T17:03:31.813+0000] {dag.py:3239} INFO - Sync 2 DAGs
[2024-11-07T17:03:31.851+0000] {logging_mixin.py:190} INFO - [2024-11-07T17:03:31.851+0000] {dag.py:4180} INFO - Setting next_dagrun for read_dataset_event to 2024-11-06 00:00:00+00:00, run_after=2024-11-07 00:00:00+00:00
[2024-11-07T17:03:31.858+0000] {logging_mixin.py:190} INFO - [2024-11-07T17:03:31.858+0000] {dag.py:4180} INFO - Setting next_dagrun for read_dataset_event_from_classic to 2024-11-06 00:00:00+00:00, run_after=2024-11-07 00:00:00+00:00
[2024-11-07T17:03:31.882+0000] {processor.py:208} INFO - Processing /home/airflow/.local/lib/python3.12/site-packages/airflow/example_dags/example_inlet_event_extra.py took 0.307 seconds
[2024-11-07T17:04:02.600+0000] {processor.py:186} INFO - Started process (PID=471) to work on /home/airflow/.local/lib/python3.12/site-packages/airflow/example_dags/example_inlet_event_extra.py
[2024-11-07T17:04:02.603+0000] {processor.py:914} INFO - Processing file /home/airflow/.local/lib/python3.12/site-packages/airflow/example_dags/example_inlet_event_extra.py for tasks to queue
[2024-11-07T17:04:02.608+0000] {logging_mixin.py:190} INFO - [2024-11-07T17:04:02.607+0000] {dagbag.py:588} INFO - Filling up the DagBag from /home/airflow/.local/lib/python3.12/site-packages/airflow/example_dags/example_inlet_event_extra.py
[2024-11-07T17:04:02.874+0000] {processor.py:925} INFO - DAG(s) 'read_dataset_event', 'read_dataset_event_from_classic' retrieved from /home/airflow/.local/lib/python3.12/site-packages/airflow/example_dags/example_inlet_event_extra.py
[2024-11-07T17:04:02.912+0000] {logging_mixin.py:190} INFO - [2024-11-07T17:04:02.912+0000] {dag.py:3239} INFO - Sync 2 DAGs
[2024-11-07T17:04:02.950+0000] {logging_mixin.py:190} INFO - [2024-11-07T17:04:02.949+0000] {dag.py:4180} INFO - Setting next_dagrun for read_dataset_event to 2024-11-06 00:00:00+00:00, run_after=2024-11-07 00:00:00+00:00
[2024-11-07T17:04:02.957+0000] {logging_mixin.py:190} INFO - [2024-11-07T17:04:02.957+0000] {dag.py:4180} INFO - Setting next_dagrun for read_dataset_event_from_classic to 2024-11-06 00:00:00+00:00, run_after=2024-11-07 00:00:00+00:00
[2024-11-07T17:04:02.981+0000] {processor.py:208} INFO - Processing /home/airflow/.local/lib/python3.12/site-packages/airflow/example_dags/example_inlet_event_extra.py took 0.395 seconds
[2024-11-07T17:04:34.092+0000] {processor.py:186} INFO - Started process (PID=539) to work on /home/airflow/.local/lib/python3.12/site-packages/airflow/example_dags/example_inlet_event_extra.py
[2024-11-07T17:04:34.093+0000] {processor.py:914} INFO - Processing file /home/airflow/.local/lib/python3.12/site-packages/airflow/example_dags/example_inlet_event_extra.py for tasks to queue
[2024-11-07T17:04:34.097+0000] {logging_mixin.py:190} INFO - [2024-11-07T17:04:34.096+0000] {dagbag.py:588} INFO - Filling up the DagBag from /home/airflow/.local/lib/python3.12/site-packages/airflow/example_dags/example_inlet_event_extra.py
[2024-11-07T17:04:34.272+0000] {processor.py:925} INFO - DAG(s) 'read_dataset_event_from_classic', 'read_dataset_event' retrieved from /home/airflow/.local/lib/python3.12/site-packages/airflow/example_dags/example_inlet_event_extra.py
[2024-11-07T17:04:34.299+0000] {logging_mixin.py:190} INFO - [2024-11-07T17:04:34.299+0000] {dag.py:3239} INFO - Sync 2 DAGs
[2024-11-07T17:04:34.332+0000] {logging_mixin.py:190} INFO - [2024-11-07T17:04:34.332+0000] {dag.py:4180} INFO - Setting next_dagrun for read_dataset_event to 2024-11-06 00:00:00+00:00, run_after=2024-11-07 00:00:00+00:00
[2024-11-07T17:04:34.339+0000] {logging_mixin.py:190} INFO - [2024-11-07T17:04:34.338+0000] {dag.py:4180} INFO - Setting next_dagrun for read_dataset_event_from_classic to 2024-11-06 00:00:00+00:00, run_after=2024-11-07 00:00:00+00:00
[2024-11-07T17:04:34.362+0000] {processor.py:208} INFO - Processing /home/airflow/.local/lib/python3.12/site-packages/airflow/example_dags/example_inlet_event_extra.py took 0.279 seconds
[2024-11-07T17:05:04.739+0000] {processor.py:186} INFO - Started process (PID=602) to work on /home/airflow/.local/lib/python3.12/site-packages/airflow/example_dags/example_inlet_event_extra.py
[2024-11-07T17:05:04.741+0000] {processor.py:914} INFO - Processing file /home/airflow/.local/lib/python3.12/site-packages/airflow/example_dags/example_inlet_event_extra.py for tasks to queue
[2024-11-07T17:05:04.745+0000] {logging_mixin.py:190} INFO - [2024-11-07T17:05:04.745+0000] {dagbag.py:588} INFO - Filling up the DagBag from /home/airflow/.local/lib/python3.12/site-packages/airflow/example_dags/example_inlet_event_extra.py
[2024-11-07T17:05:05.024+0000] {processor.py:925} INFO - DAG(s) 'read_dataset_event', 'read_dataset_event_from_classic' retrieved from /home/airflow/.local/lib/python3.12/site-packages/airflow/example_dags/example_inlet_event_extra.py
[2024-11-07T17:05:05.063+0000] {logging_mixin.py:190} INFO - [2024-11-07T17:05:05.062+0000] {dag.py:3239} INFO - Sync 2 DAGs
[2024-11-07T17:05:05.105+0000] {logging_mixin.py:190} INFO - [2024-11-07T17:05:05.105+0000] {dag.py:4180} INFO - Setting next_dagrun for read_dataset_event to 2024-11-06 00:00:00+00:00, run_after=2024-11-07 00:00:00+00:00
[2024-11-07T17:05:05.114+0000] {logging_mixin.py:190} INFO - [2024-11-07T17:05:05.113+0000] {dag.py:4180} INFO - Setting next_dagrun for read_dataset_event_from_classic to 2024-11-06 00:00:00+00:00, run_after=2024-11-07 00:00:00+00:00
[2024-11-07T17:05:05.141+0000] {processor.py:208} INFO - Processing /home/airflow/.local/lib/python3.12/site-packages/airflow/example_dags/example_inlet_event_extra.py took 0.414 seconds
[2024-11-07T17:05:35.289+0000] {processor.py:186} INFO - Started process (PID=665) to work on /home/airflow/.local/lib/python3.12/site-packages/airflow/example_dags/example_inlet_event_extra.py
[2024-11-07T17:05:35.290+0000] {processor.py:914} INFO - Processing file /home/airflow/.local/lib/python3.12/site-packages/airflow/example_dags/example_inlet_event_extra.py for tasks to queue
[2024-11-07T17:05:35.293+0000] {logging_mixin.py:190} INFO - [2024-11-07T17:05:35.293+0000] {dagbag.py:588} INFO - Filling up the DagBag from /home/airflow/.local/lib/python3.12/site-packages/airflow/example_dags/example_inlet_event_extra.py
[2024-11-07T17:05:35.461+0000] {processor.py:925} INFO - DAG(s) 'read_dataset_event_from_classic', 'read_dataset_event' retrieved from /home/airflow/.local/lib/python3.12/site-packages/airflow/example_dags/example_inlet_event_extra.py
[2024-11-07T17:05:35.488+0000] {logging_mixin.py:190} INFO - [2024-11-07T17:05:35.487+0000] {dag.py:3239} INFO - Sync 2 DAGs
[2024-11-07T17:05:35.516+0000] {logging_mixin.py:190} INFO - [2024-11-07T17:05:35.516+0000] {dag.py:4180} INFO - Setting next_dagrun for read_dataset_event to 2024-11-06 00:00:00+00:00, run_after=2024-11-07 00:00:00+00:00
[2024-11-07T17:05:35.523+0000] {logging_mixin.py:190} INFO - [2024-11-07T17:05:35.523+0000] {dag.py:4180} INFO - Setting next_dagrun for read_dataset_event_from_classic to 2024-11-06 00:00:00+00:00, run_after=2024-11-07 00:00:00+00:00
[2024-11-07T17:05:35.543+0000] {processor.py:208} INFO - Processing /home/airflow/.local/lib/python3.12/site-packages/airflow/example_dags/example_inlet_event_extra.py took 0.263 seconds
[2024-11-07T17:06:05.754+0000] {processor.py:186} INFO - Started process (PID=728) to work on /home/airflow/.local/lib/python3.12/site-packages/airflow/example_dags/example_inlet_event_extra.py
[2024-11-07T17:06:05.756+0000] {processor.py:914} INFO - Processing file /home/airflow/.local/lib/python3.12/site-packages/airflow/example_dags/example_inlet_event_extra.py for tasks to queue
[2024-11-07T17:06:05.759+0000] {logging_mixin.py:190} INFO - [2024-11-07T17:06:05.759+0000] {dagbag.py:588} INFO - Filling up the DagBag from /home/airflow/.local/lib/python3.12/site-packages/airflow/example_dags/example_inlet_event_extra.py
[2024-11-07T17:06:06.017+0000] {processor.py:925} INFO - DAG(s) 'read_dataset_event_from_classic', 'read_dataset_event' retrieved from /home/airflow/.local/lib/python3.12/site-packages/airflow/example_dags/example_inlet_event_extra.py
[2024-11-07T17:06:06.048+0000] {logging_mixin.py:190} INFO - [2024-11-07T17:06:06.048+0000] {dag.py:3239} INFO - Sync 2 DAGs
[2024-11-07T17:06:06.086+0000] {logging_mixin.py:190} INFO - [2024-11-07T17:06:06.086+0000] {dag.py:4180} INFO - Setting next_dagrun for read_dataset_event to 2024-11-06 00:00:00+00:00, run_after=2024-11-07 00:00:00+00:00
[2024-11-07T17:06:06.096+0000] {logging_mixin.py:190} INFO - [2024-11-07T17:06:06.096+0000] {dag.py:4180} INFO - Setting next_dagrun for read_dataset_event_from_classic to 2024-11-06 00:00:00+00:00, run_after=2024-11-07 00:00:00+00:00
[2024-11-07T17:06:06.129+0000] {processor.py:208} INFO - Processing /home/airflow/.local/lib/python3.12/site-packages/airflow/example_dags/example_inlet_event_extra.py took 0.383 seconds
[2024-11-07T17:06:36.219+0000] {processor.py:186} INFO - Started process (PID=791) to work on /home/airflow/.local/lib/python3.12/site-packages/airflow/example_dags/example_inlet_event_extra.py
[2024-11-07T17:06:36.220+0000] {processor.py:914} INFO - Processing file /home/airflow/.local/lib/python3.12/site-packages/airflow/example_dags/example_inlet_event_extra.py for tasks to queue
[2024-11-07T17:06:36.224+0000] {logging_mixin.py:190} INFO - [2024-11-07T17:06:36.224+0000] {dagbag.py:588} INFO - Filling up the DagBag from /home/airflow/.local/lib/python3.12/site-packages/airflow/example_dags/example_inlet_event_extra.py
[2024-11-07T17:06:36.420+0000] {processor.py:925} INFO - DAG(s) 'read_dataset_event', 'read_dataset_event_from_classic' retrieved from /home/airflow/.local/lib/python3.12/site-packages/airflow/example_dags/example_inlet_event_extra.py
[2024-11-07T17:06:36.448+0000] {logging_mixin.py:190} INFO - [2024-11-07T17:06:36.447+0000] {dag.py:3239} INFO - Sync 2 DAGs
[2024-11-07T17:06:36.477+0000] {logging_mixin.py:190} INFO - [2024-11-07T17:06:36.477+0000] {dag.py:4180} INFO - Setting next_dagrun for read_dataset_event to 2024-11-06 00:00:00+00:00, run_after=2024-11-07 00:00:00+00:00
[2024-11-07T17:06:36.484+0000] {logging_mixin.py:190} INFO - [2024-11-07T17:06:36.483+0000] {dag.py:4180} INFO - Setting next_dagrun for read_dataset_event_from_classic to 2024-11-06 00:00:00+00:00, run_after=2024-11-07 00:00:00+00:00
[2024-11-07T17:06:36.507+0000] {processor.py:208} INFO - Processing /home/airflow/.local/lib/python3.12/site-packages/airflow/example_dags/example_inlet_event_extra.py took 0.299 seconds
[2024-11-07T17:07:07.604+0000] {processor.py:186} INFO - Started process (PID=858) to work on /home/airflow/.local/lib/python3.12/site-packages/airflow/example_dags/example_inlet_event_extra.py
[2024-11-07T17:07:07.605+0000] {processor.py:914} INFO - Processing file /home/airflow/.local/lib/python3.12/site-packages/airflow/example_dags/example_inlet_event_extra.py for tasks to queue
[2024-11-07T17:07:07.611+0000] {logging_mixin.py:190} INFO - [2024-11-07T17:07:07.611+0000] {dagbag.py:588} INFO - Filling up the DagBag from /home/airflow/.local/lib/python3.12/site-packages/airflow/example_dags/example_inlet_event_extra.py
[2024-11-07T17:07:07.809+0000] {processor.py:925} INFO - DAG(s) 'read_dataset_event', 'read_dataset_event_from_classic' retrieved from /home/airflow/.local/lib/python3.12/site-packages/airflow/example_dags/example_inlet_event_extra.py
[2024-11-07T17:07:07.838+0000] {logging_mixin.py:190} INFO - [2024-11-07T17:07:07.838+0000] {dag.py:3239} INFO - Sync 2 DAGs
[2024-11-07T17:07:07.872+0000] {logging_mixin.py:190} INFO - [2024-11-07T17:07:07.871+0000] {dag.py:4180} INFO - Setting next_dagrun for read_dataset_event to 2024-11-06 00:00:00+00:00, run_after=2024-11-07 00:00:00+00:00
[2024-11-07T17:07:07.878+0000] {logging_mixin.py:190} INFO - [2024-11-07T17:07:07.878+0000] {dag.py:4180} INFO - Setting next_dagrun for read_dataset_event_from_classic to 2024-11-06 00:00:00+00:00, run_after=2024-11-07 00:00:00+00:00
[2024-11-07T17:07:07.901+0000] {processor.py:208} INFO - Processing /home/airflow/.local/lib/python3.12/site-packages/airflow/example_dags/example_inlet_event_extra.py took 0.307 seconds
[2024-11-07T17:07:38.373+0000] {processor.py:186} INFO - Started process (PID=927) to work on /home/airflow/.local/lib/python3.12/site-packages/airflow/example_dags/example_inlet_event_extra.py
[2024-11-07T17:07:38.375+0000] {processor.py:914} INFO - Processing file /home/airflow/.local/lib/python3.12/site-packages/airflow/example_dags/example_inlet_event_extra.py for tasks to queue
[2024-11-07T17:07:38.378+0000] {logging_mixin.py:190} INFO - [2024-11-07T17:07:38.378+0000] {dagbag.py:588} INFO - Filling up the DagBag from /home/airflow/.local/lib/python3.12/site-packages/airflow/example_dags/example_inlet_event_extra.py
[2024-11-07T17:07:38.561+0000] {processor.py:925} INFO - DAG(s) 'read_dataset_event_from_classic', 'read_dataset_event' retrieved from /home/airflow/.local/lib/python3.12/site-packages/airflow/example_dags/example_inlet_event_extra.py
[2024-11-07T17:07:38.587+0000] {logging_mixin.py:190} INFO - [2024-11-07T17:07:38.587+0000] {dag.py:3239} INFO - Sync 2 DAGs
[2024-11-07T17:07:38.620+0000] {logging_mixin.py:190} INFO - [2024-11-07T17:07:38.620+0000] {dag.py:4180} INFO - Setting next_dagrun for read_dataset_event to 2024-11-06 00:00:00+00:00, run_after=2024-11-07 00:00:00+00:00
[2024-11-07T17:07:38.626+0000] {logging_mixin.py:190} INFO - [2024-11-07T17:07:38.626+0000] {dag.py:4180} INFO - Setting next_dagrun for read_dataset_event_from_classic to 2024-11-06 00:00:00+00:00, run_after=2024-11-07 00:00:00+00:00
[2024-11-07T17:07:38.651+0000] {processor.py:208} INFO - Processing /home/airflow/.local/lib/python3.12/site-packages/airflow/example_dags/example_inlet_event_extra.py took 0.286 seconds
[2024-11-07T17:08:09.310+0000] {processor.py:186} INFO - Started process (PID=990) to work on /home/airflow/.local/lib/python3.12/site-packages/airflow/example_dags/example_inlet_event_extra.py
[2024-11-07T17:08:09.311+0000] {processor.py:914} INFO - Processing file /home/airflow/.local/lib/python3.12/site-packages/airflow/example_dags/example_inlet_event_extra.py for tasks to queue
[2024-11-07T17:08:09.315+0000] {logging_mixin.py:190} INFO - [2024-11-07T17:08:09.315+0000] {dagbag.py:588} INFO - Filling up the DagBag from /home/airflow/.local/lib/python3.12/site-packages/airflow/example_dags/example_inlet_event_extra.py
[2024-11-07T17:08:09.539+0000] {processor.py:925} INFO - DAG(s) 'read_dataset_event_from_classic', 'read_dataset_event' retrieved from /home/airflow/.local/lib/python3.12/site-packages/airflow/example_dags/example_inlet_event_extra.py
[2024-11-07T17:08:09.567+0000] {logging_mixin.py:190} INFO - [2024-11-07T17:08:09.567+0000] {dag.py:3239} INFO - Sync 2 DAGs
[2024-11-07T17:08:09.597+0000] {logging_mixin.py:190} INFO - [2024-11-07T17:08:09.596+0000] {dag.py:4180} INFO - Setting next_dagrun for read_dataset_event to 2024-11-06 00:00:00+00:00, run_after=2024-11-07 00:00:00+00:00
[2024-11-07T17:08:09.602+0000] {logging_mixin.py:190} INFO - [2024-11-07T17:08:09.602+0000] {dag.py:4180} INFO - Setting next_dagrun for read_dataset_event_from_classic to 2024-11-06 00:00:00+00:00, run_after=2024-11-07 00:00:00+00:00
[2024-11-07T17:08:09.624+0000] {processor.py:208} INFO - Processing /home/airflow/.local/lib/python3.12/site-packages/airflow/example_dags/example_inlet_event_extra.py took 0.324 seconds
[2024-11-07T17:08:39.736+0000] {processor.py:186} INFO - Started process (PID=1053) to work on /home/airflow/.local/lib/python3.12/site-packages/airflow/example_dags/example_inlet_event_extra.py
[2024-11-07T17:08:39.738+0000] {processor.py:914} INFO - Processing file /home/airflow/.local/lib/python3.12/site-packages/airflow/example_dags/example_inlet_event_extra.py for tasks to queue
[2024-11-07T17:08:39.742+0000] {logging_mixin.py:190} INFO - [2024-11-07T17:08:39.741+0000] {dagbag.py:588} INFO - Filling up the DagBag from /home/airflow/.local/lib/python3.12/site-packages/airflow/example_dags/example_inlet_event_extra.py
[2024-11-07T17:08:39.963+0000] {processor.py:925} INFO - DAG(s) 'read_dataset_event', 'read_dataset_event_from_classic' retrieved from /home/airflow/.local/lib/python3.12/site-packages/airflow/example_dags/example_inlet_event_extra.py
[2024-11-07T17:08:39.998+0000] {logging_mixin.py:190} INFO - [2024-11-07T17:08:39.998+0000] {dag.py:3239} INFO - Sync 2 DAGs
[2024-11-07T17:08:40.038+0000] {logging_mixin.py:190} INFO - [2024-11-07T17:08:40.037+0000] {dag.py:4180} INFO - Setting next_dagrun for read_dataset_event to 2024-11-06 00:00:00+00:00, run_after=2024-11-07 00:00:00+00:00
[2024-11-07T17:08:40.047+0000] {logging_mixin.py:190} INFO - [2024-11-07T17:08:40.046+0000] {dag.py:4180} INFO - Setting next_dagrun for read_dataset_event_from_classic to 2024-11-06 00:00:00+00:00, run_after=2024-11-07 00:00:00+00:00
[2024-11-07T17:08:40.077+0000] {processor.py:208} INFO - Processing /home/airflow/.local/lib/python3.12/site-packages/airflow/example_dags/example_inlet_event_extra.py took 0.350 seconds
[2024-11-07T17:09:10.781+0000] {processor.py:186} INFO - Started process (PID=1116) to work on /home/airflow/.local/lib/python3.12/site-packages/airflow/example_dags/example_inlet_event_extra.py
[2024-11-07T17:09:10.783+0000] {processor.py:914} INFO - Processing file /home/airflow/.local/lib/python3.12/site-packages/airflow/example_dags/example_inlet_event_extra.py for tasks to queue
[2024-11-07T17:09:10.787+0000] {logging_mixin.py:190} INFO - [2024-11-07T17:09:10.786+0000] {dagbag.py:588} INFO - Filling up the DagBag from /home/airflow/.local/lib/python3.12/site-packages/airflow/example_dags/example_inlet_event_extra.py
[2024-11-07T17:09:10.959+0000] {processor.py:925} INFO - DAG(s) 'read_dataset_event_from_classic', 'read_dataset_event' retrieved from /home/airflow/.local/lib/python3.12/site-packages/airflow/example_dags/example_inlet_event_extra.py
[2024-11-07T17:09:10.985+0000] {logging_mixin.py:190} INFO - [2024-11-07T17:09:10.984+0000] {dag.py:3239} INFO - Sync 2 DAGs
[2024-11-07T17:09:11.014+0000] {logging_mixin.py:190} INFO - [2024-11-07T17:09:11.014+0000] {dag.py:4180} INFO - Setting next_dagrun for read_dataset_event to 2024-11-06 00:00:00+00:00, run_after=2024-11-07 00:00:00+00:00
[2024-11-07T17:09:11.020+0000] {logging_mixin.py:190} INFO - [2024-11-07T17:09:11.020+0000] {dag.py:4180} INFO - Setting next_dagrun for read_dataset_event_from_classic to 2024-11-06 00:00:00+00:00, run_after=2024-11-07 00:00:00+00:00
[2024-11-07T17:09:11.039+0000] {processor.py:208} INFO - Processing /home/airflow/.local/lib/python3.12/site-packages/airflow/example_dags/example_inlet_event_extra.py took 0.265 seconds
[2024-11-07T17:09:41.603+0000] {processor.py:186} INFO - Started process (PID=1179) to work on /home/airflow/.local/lib/python3.12/site-packages/airflow/example_dags/example_inlet_event_extra.py
[2024-11-07T17:09:41.606+0000] {processor.py:914} INFO - Processing file /home/airflow/.local/lib/python3.12/site-packages/airflow/example_dags/example_inlet_event_extra.py for tasks to queue
[2024-11-07T17:09:41.609+0000] {logging_mixin.py:190} INFO - [2024-11-07T17:09:41.609+0000] {dagbag.py:588} INFO - Filling up the DagBag from /home/airflow/.local/lib/python3.12/site-packages/airflow/example_dags/example_inlet_event_extra.py
[2024-11-07T17:09:41.810+0000] {processor.py:925} INFO - DAG(s) 'read_dataset_event_from_classic', 'read_dataset_event' retrieved from /home/airflow/.local/lib/python3.12/site-packages/airflow/example_dags/example_inlet_event_extra.py
[2024-11-07T17:09:41.839+0000] {logging_mixin.py:190} INFO - [2024-11-07T17:09:41.838+0000] {dag.py:3239} INFO - Sync 2 DAGs
[2024-11-07T17:09:41.878+0000] {logging_mixin.py:190} INFO - [2024-11-07T17:09:41.878+0000] {dag.py:4180} INFO - Setting next_dagrun for read_dataset_event to 2024-11-06 00:00:00+00:00, run_after=2024-11-07 00:00:00+00:00
[2024-11-07T17:09:41.887+0000] {logging_mixin.py:190} INFO - [2024-11-07T17:09:41.886+0000] {dag.py:4180} INFO - Setting next_dagrun for read_dataset_event_from_classic to 2024-11-06 00:00:00+00:00, run_after=2024-11-07 00:00:00+00:00
[2024-11-07T17:09:41.913+0000] {processor.py:208} INFO - Processing /home/airflow/.local/lib/python3.12/site-packages/airflow/example_dags/example_inlet_event_extra.py took 0.320 seconds
[2024-11-07T17:10:12.012+0000] {processor.py:186} INFO - Started process (PID=1241) to work on /home/airflow/.local/lib/python3.12/site-packages/airflow/example_dags/example_inlet_event_extra.py
[2024-11-07T17:10:12.014+0000] {processor.py:914} INFO - Processing file /home/airflow/.local/lib/python3.12/site-packages/airflow/example_dags/example_inlet_event_extra.py for tasks to queue
[2024-11-07T17:10:12.020+0000] {logging_mixin.py:190} INFO - [2024-11-07T17:10:12.020+0000] {dagbag.py:588} INFO - Filling up the DagBag from /home/airflow/.local/lib/python3.12/site-packages/airflow/example_dags/example_inlet_event_extra.py
[2024-11-07T17:10:12.231+0000] {processor.py:925} INFO - DAG(s) 'read_dataset_event_from_classic', 'read_dataset_event' retrieved from /home/airflow/.local/lib/python3.12/site-packages/airflow/example_dags/example_inlet_event_extra.py
[2024-11-07T17:10:12.257+0000] {logging_mixin.py:190} INFO - [2024-11-07T17:10:12.257+0000] {dag.py:3239} INFO - Sync 2 DAGs
[2024-11-07T17:10:12.289+0000] {logging_mixin.py:190} INFO - [2024-11-07T17:10:12.289+0000] {dag.py:4180} INFO - Setting next_dagrun for read_dataset_event to 2024-11-06 00:00:00+00:00, run_after=2024-11-07 00:00:00+00:00
[2024-11-07T17:10:12.296+0000] {logging_mixin.py:190} INFO - [2024-11-07T17:10:12.295+0000] {dag.py:4180} INFO - Setting next_dagrun for read_dataset_event_from_classic to 2024-11-06 00:00:00+00:00, run_after=2024-11-07 00:00:00+00:00
[2024-11-07T17:10:12.318+0000] {processor.py:208} INFO - Processing /home/airflow/.local/lib/python3.12/site-packages/airflow/example_dags/example_inlet_event_extra.py took 0.319 seconds
[2024-11-07T17:10:43.057+0000] {processor.py:186} INFO - Started process (PID=1304) to work on /home/airflow/.local/lib/python3.12/site-packages/airflow/example_dags/example_inlet_event_extra.py
[2024-11-07T17:10:43.058+0000] {processor.py:914} INFO - Processing file /home/airflow/.local/lib/python3.12/site-packages/airflow/example_dags/example_inlet_event_extra.py for tasks to queue
[2024-11-07T17:10:43.061+0000] {logging_mixin.py:190} INFO - [2024-11-07T17:10:43.061+0000] {dagbag.py:588} INFO - Filling up the DagBag from /home/airflow/.local/lib/python3.12/site-packages/airflow/example_dags/example_inlet_event_extra.py
[2024-11-07T17:10:43.259+0000] {processor.py:925} INFO - DAG(s) 'read_dataset_event', 'read_dataset_event_from_classic' retrieved from /home/airflow/.local/lib/python3.12/site-packages/airflow/example_dags/example_inlet_event_extra.py
[2024-11-07T17:10:43.287+0000] {logging_mixin.py:190} INFO - [2024-11-07T17:10:43.286+0000] {dag.py:3239} INFO - Sync 2 DAGs
[2024-11-07T17:10:43.319+0000] {logging_mixin.py:190} INFO - [2024-11-07T17:10:43.319+0000] {dag.py:4180} INFO - Setting next_dagrun for read_dataset_event to 2024-11-06 00:00:00+00:00, run_after=2024-11-07 00:00:00+00:00
[2024-11-07T17:10:43.328+0000] {logging_mixin.py:190} INFO - [2024-11-07T17:10:43.328+0000] {dag.py:4180} INFO - Setting next_dagrun for read_dataset_event_from_classic to 2024-11-06 00:00:00+00:00, run_after=2024-11-07 00:00:00+00:00
[2024-11-07T17:10:43.355+0000] {processor.py:208} INFO - Processing /home/airflow/.local/lib/python3.12/site-packages/airflow/example_dags/example_inlet_event_extra.py took 0.306 seconds
[2024-11-07T17:11:13.507+0000] {processor.py:186} INFO - Started process (PID=1367) to work on /home/airflow/.local/lib/python3.12/site-packages/airflow/example_dags/example_inlet_event_extra.py
[2024-11-07T17:11:13.509+0000] {processor.py:914} INFO - Processing file /home/airflow/.local/lib/python3.12/site-packages/airflow/example_dags/example_inlet_event_extra.py for tasks to queue
[2024-11-07T17:11:13.512+0000] {logging_mixin.py:190} INFO - [2024-11-07T17:11:13.512+0000] {dagbag.py:588} INFO - Filling up the DagBag from /home/airflow/.local/lib/python3.12/site-packages/airflow/example_dags/example_inlet_event_extra.py
[2024-11-07T17:11:13.692+0000] {processor.py:925} INFO - DAG(s) 'read_dataset_event', 'read_dataset_event_from_classic' retrieved from /home/airflow/.local/lib/python3.12/site-packages/airflow/example_dags/example_inlet_event_extra.py
[2024-11-07T17:11:13.719+0000] {logging_mixin.py:190} INFO - [2024-11-07T17:11:13.719+0000] {dag.py:3239} INFO - Sync 2 DAGs
[2024-11-07T17:11:13.748+0000] {logging_mixin.py:190} INFO - [2024-11-07T17:11:13.748+0000] {dag.py:4180} INFO - Setting next_dagrun for read_dataset_event to 2024-11-06 00:00:00+00:00, run_after=2024-11-07 00:00:00+00:00
[2024-11-07T17:11:13.754+0000] {logging_mixin.py:190} INFO - [2024-11-07T17:11:13.754+0000] {dag.py:4180} INFO - Setting next_dagrun for read_dataset_event_from_classic to 2024-11-06 00:00:00+00:00, run_after=2024-11-07 00:00:00+00:00
[2024-11-07T17:11:13.774+0000] {processor.py:208} INFO - Processing /home/airflow/.local/lib/python3.12/site-packages/airflow/example_dags/example_inlet_event_extra.py took 0.275 seconds
[2024-11-07T17:11:43.832+0000] {processor.py:186} INFO - Started process (PID=1430) to work on /home/airflow/.local/lib/python3.12/site-packages/airflow/example_dags/example_inlet_event_extra.py
[2024-11-07T17:11:43.833+0000] {processor.py:914} INFO - Processing file /home/airflow/.local/lib/python3.12/site-packages/airflow/example_dags/example_inlet_event_extra.py for tasks to queue
[2024-11-07T17:11:43.836+0000] {logging_mixin.py:190} INFO - [2024-11-07T17:11:43.836+0000] {dagbag.py:588} INFO - Filling up the DagBag from /home/airflow/.local/lib/python3.12/site-packages/airflow/example_dags/example_inlet_event_extra.py
[2024-11-07T17:11:43.993+0000] {processor.py:925} INFO - DAG(s) 'read_dataset_event', 'read_dataset_event_from_classic' retrieved from /home/airflow/.local/lib/python3.12/site-packages/airflow/example_dags/example_inlet_event_extra.py
[2024-11-07T17:11:44.020+0000] {logging_mixin.py:190} INFO - [2024-11-07T17:11:44.020+0000] {dag.py:3239} INFO - Sync 2 DAGs
[2024-11-07T17:11:44.050+0000] {logging_mixin.py:190} INFO - [2024-11-07T17:11:44.049+0000] {dag.py:4180} INFO - Setting next_dagrun for read_dataset_event to 2024-11-06 00:00:00+00:00, run_after=2024-11-07 00:00:00+00:00
[2024-11-07T17:11:44.056+0000] {logging_mixin.py:190} INFO - [2024-11-07T17:11:44.055+0000] {dag.py:4180} INFO - Setting next_dagrun for read_dataset_event_from_classic to 2024-11-06 00:00:00+00:00, run_after=2024-11-07 00:00:00+00:00
[2024-11-07T17:11:44.074+0000] {processor.py:208} INFO - Processing /home/airflow/.local/lib/python3.12/site-packages/airflow/example_dags/example_inlet_event_extra.py took 0.249 seconds
[2024-11-07T17:12:14.684+0000] {processor.py:186} INFO - Started process (PID=1493) to work on /home/airflow/.local/lib/python3.12/site-packages/airflow/example_dags/example_inlet_event_extra.py
[2024-11-07T17:12:14.686+0000] {processor.py:914} INFO - Processing file /home/airflow/.local/lib/python3.12/site-packages/airflow/example_dags/example_inlet_event_extra.py for tasks to queue
[2024-11-07T17:12:14.689+0000] {logging_mixin.py:190} INFO - [2024-11-07T17:12:14.689+0000] {dagbag.py:588} INFO - Filling up the DagBag from /home/airflow/.local/lib/python3.12/site-packages/airflow/example_dags/example_inlet_event_extra.py
[2024-11-07T17:12:14.923+0000] {processor.py:925} INFO - DAG(s) 'read_dataset_event_from_classic', 'read_dataset_event' retrieved from /home/airflow/.local/lib/python3.12/site-packages/airflow/example_dags/example_inlet_event_extra.py
[2024-11-07T17:12:14.960+0000] {logging_mixin.py:190} INFO - [2024-11-07T17:12:14.960+0000] {dag.py:3239} INFO - Sync 2 DAGs
[2024-11-07T17:12:15.017+0000] {logging_mixin.py:190} INFO - [2024-11-07T17:12:15.016+0000] {dag.py:4180} INFO - Setting next_dagrun for read_dataset_event to 2024-11-06 00:00:00+00:00, run_after=2024-11-07 00:00:00+00:00
[2024-11-07T17:12:15.045+0000] {logging_mixin.py:190} INFO - [2024-11-07T17:12:15.044+0000] {dag.py:4180} INFO - Setting next_dagrun for read_dataset_event_from_classic to 2024-11-06 00:00:00+00:00, run_after=2024-11-07 00:00:00+00:00
[2024-11-07T17:12:15.090+0000] {processor.py:208} INFO - Processing /home/airflow/.local/lib/python3.12/site-packages/airflow/example_dags/example_inlet_event_extra.py took 0.421 seconds
[2024-11-07T17:12:45.247+0000] {processor.py:186} INFO - Started process (PID=1556) to work on /home/airflow/.local/lib/python3.12/site-packages/airflow/example_dags/example_inlet_event_extra.py
[2024-11-07T17:12:45.249+0000] {processor.py:914} INFO - Processing file /home/airflow/.local/lib/python3.12/site-packages/airflow/example_dags/example_inlet_event_extra.py for tasks to queue
[2024-11-07T17:12:45.255+0000] {logging_mixin.py:190} INFO - [2024-11-07T17:12:45.254+0000] {dagbag.py:588} INFO - Filling up the DagBag from /home/airflow/.local/lib/python3.12/site-packages/airflow/example_dags/example_inlet_event_extra.py
[2024-11-07T17:12:45.616+0000] {processor.py:925} INFO - DAG(s) 'read_dataset_event_from_classic', 'read_dataset_event' retrieved from /home/airflow/.local/lib/python3.12/site-packages/airflow/example_dags/example_inlet_event_extra.py
[2024-11-07T17:12:45.711+0000] {logging_mixin.py:190} INFO - [2024-11-07T17:12:45.710+0000] {dag.py:3239} INFO - Sync 2 DAGs
[2024-11-07T17:12:45.788+0000] {logging_mixin.py:190} INFO - [2024-11-07T17:12:45.787+0000] {dag.py:4180} INFO - Setting next_dagrun for read_dataset_event to 2024-11-06 00:00:00+00:00, run_after=2024-11-07 00:00:00+00:00
[2024-11-07T17:12:45.802+0000] {logging_mixin.py:190} INFO - [2024-11-07T17:12:45.802+0000] {dag.py:4180} INFO - Setting next_dagrun for read_dataset_event_from_classic to 2024-11-06 00:00:00+00:00, run_after=2024-11-07 00:00:00+00:00
[2024-11-07T17:12:45.844+0000] {processor.py:208} INFO - Processing /home/airflow/.local/lib/python3.12/site-packages/airflow/example_dags/example_inlet_event_extra.py took 0.612 seconds
[2024-11-07T17:13:16.491+0000] {processor.py:186} INFO - Started process (PID=1619) to work on /home/airflow/.local/lib/python3.12/site-packages/airflow/example_dags/example_inlet_event_extra.py
[2024-11-07T17:13:16.495+0000] {processor.py:914} INFO - Processing file /home/airflow/.local/lib/python3.12/site-packages/airflow/example_dags/example_inlet_event_extra.py for tasks to queue
[2024-11-07T17:13:16.503+0000] {logging_mixin.py:190} INFO - [2024-11-07T17:13:16.501+0000] {dagbag.py:588} INFO - Filling up the DagBag from /home/airflow/.local/lib/python3.12/site-packages/airflow/example_dags/example_inlet_event_extra.py
[2024-11-07T17:13:17.089+0000] {processor.py:925} INFO - DAG(s) 'read_dataset_event', 'read_dataset_event_from_classic' retrieved from /home/airflow/.local/lib/python3.12/site-packages/airflow/example_dags/example_inlet_event_extra.py
[2024-11-07T17:13:17.171+0000] {logging_mixin.py:190} INFO - [2024-11-07T17:13:17.170+0000] {dag.py:3239} INFO - Sync 2 DAGs
[2024-11-07T17:13:17.278+0000] {logging_mixin.py:190} INFO - [2024-11-07T17:13:17.278+0000] {dag.py:4180} INFO - Setting next_dagrun for read_dataset_event to 2024-11-06 00:00:00+00:00, run_after=2024-11-07 00:00:00+00:00
[2024-11-07T17:13:17.296+0000] {logging_mixin.py:190} INFO - [2024-11-07T17:13:17.295+0000] {dag.py:4180} INFO - Setting next_dagrun for read_dataset_event_from_classic to 2024-11-06 00:00:00+00:00, run_after=2024-11-07 00:00:00+00:00
[2024-11-07T17:13:17.376+0000] {processor.py:208} INFO - Processing /home/airflow/.local/lib/python3.12/site-packages/airflow/example_dags/example_inlet_event_extra.py took 0.905 seconds
[2024-11-07T17:13:48.317+0000] {processor.py:186} INFO - Started process (PID=1682) to work on /home/airflow/.local/lib/python3.12/site-packages/airflow/example_dags/example_inlet_event_extra.py
[2024-11-07T17:13:48.318+0000] {processor.py:914} INFO - Processing file /home/airflow/.local/lib/python3.12/site-packages/airflow/example_dags/example_inlet_event_extra.py for tasks to queue
[2024-11-07T17:13:48.321+0000] {logging_mixin.py:190} INFO - [2024-11-07T17:13:48.321+0000] {dagbag.py:588} INFO - Filling up the DagBag from /home/airflow/.local/lib/python3.12/site-packages/airflow/example_dags/example_inlet_event_extra.py
[2024-11-07T17:13:48.520+0000] {processor.py:925} INFO - DAG(s) 'read_dataset_event_from_classic', 'read_dataset_event' retrieved from /home/airflow/.local/lib/python3.12/site-packages/airflow/example_dags/example_inlet_event_extra.py
[2024-11-07T17:13:48.551+0000] {logging_mixin.py:190} INFO - [2024-11-07T17:13:48.550+0000] {dag.py:3239} INFO - Sync 2 DAGs
[2024-11-07T17:13:48.588+0000] {logging_mixin.py:190} INFO - [2024-11-07T17:13:48.588+0000] {dag.py:4180} INFO - Setting next_dagrun for read_dataset_event to 2024-11-06 00:00:00+00:00, run_after=2024-11-07 00:00:00+00:00
[2024-11-07T17:13:48.596+0000] {logging_mixin.py:190} INFO - [2024-11-07T17:13:48.595+0000] {dag.py:4180} INFO - Setting next_dagrun for read_dataset_event_from_classic to 2024-11-06 00:00:00+00:00, run_after=2024-11-07 00:00:00+00:00
[2024-11-07T17:13:48.618+0000] {processor.py:208} INFO - Processing /home/airflow/.local/lib/python3.12/site-packages/airflow/example_dags/example_inlet_event_extra.py took 0.309 seconds
[2024-11-07T17:14:18.685+0000] {processor.py:186} INFO - Started process (PID=1748) to work on /home/airflow/.local/lib/python3.12/site-packages/airflow/example_dags/example_inlet_event_extra.py
[2024-11-07T17:14:18.687+0000] {processor.py:914} INFO - Processing file /home/airflow/.local/lib/python3.12/site-packages/airflow/example_dags/example_inlet_event_extra.py for tasks to queue
[2024-11-07T17:14:18.691+0000] {logging_mixin.py:190} INFO - [2024-11-07T17:14:18.690+0000] {dagbag.py:588} INFO - Filling up the DagBag from /home/airflow/.local/lib/python3.12/site-packages/airflow/example_dags/example_inlet_event_extra.py
[2024-11-07T17:14:18.861+0000] {processor.py:925} INFO - DAG(s) 'read_dataset_event_from_classic', 'read_dataset_event' retrieved from /home/airflow/.local/lib/python3.12/site-packages/airflow/example_dags/example_inlet_event_extra.py
[2024-11-07T17:14:18.889+0000] {logging_mixin.py:190} INFO - [2024-11-07T17:14:18.889+0000] {dag.py:3239} INFO - Sync 2 DAGs
[2024-11-07T17:14:19.117+0000] {logging_mixin.py:190} INFO - [2024-11-07T17:14:19.117+0000] {dag.py:4180} INFO - Setting next_dagrun for read_dataset_event to 2024-11-06 00:00:00+00:00, run_after=2024-11-07 00:00:00+00:00
[2024-11-07T17:14:19.124+0000] {logging_mixin.py:190} INFO - [2024-11-07T17:14:19.123+0000] {dag.py:4180} INFO - Setting next_dagrun for read_dataset_event_from_classic to 2024-11-06 00:00:00+00:00, run_after=2024-11-07 00:00:00+00:00
[2024-11-07T17:14:19.144+0000] {processor.py:208} INFO - Processing /home/airflow/.local/lib/python3.12/site-packages/airflow/example_dags/example_inlet_event_extra.py took 0.468 seconds
[2024-11-07T17:14:49.385+0000] {processor.py:186} INFO - Started process (PID=1808) to work on /home/airflow/.local/lib/python3.12/site-packages/airflow/example_dags/example_inlet_event_extra.py
[2024-11-07T17:14:49.386+0000] {processor.py:914} INFO - Processing file /home/airflow/.local/lib/python3.12/site-packages/airflow/example_dags/example_inlet_event_extra.py for tasks to queue
[2024-11-07T17:14:49.389+0000] {logging_mixin.py:190} INFO - [2024-11-07T17:14:49.389+0000] {dagbag.py:588} INFO - Filling up the DagBag from /home/airflow/.local/lib/python3.12/site-packages/airflow/example_dags/example_inlet_event_extra.py
[2024-11-07T17:14:49.839+0000] {processor.py:925} INFO - DAG(s) 'read_dataset_event_from_classic', 'read_dataset_event' retrieved from /home/airflow/.local/lib/python3.12/site-packages/airflow/example_dags/example_inlet_event_extra.py
[2024-11-07T17:14:49.878+0000] {logging_mixin.py:190} INFO - [2024-11-07T17:14:49.878+0000] {dag.py:3239} INFO - Sync 2 DAGs
[2024-11-07T17:14:49.915+0000] {logging_mixin.py:190} INFO - [2024-11-07T17:14:49.915+0000] {dag.py:4180} INFO - Setting next_dagrun for read_dataset_event to 2024-11-06 00:00:00+00:00, run_after=2024-11-07 00:00:00+00:00
[2024-11-07T17:14:50.165+0000] {logging_mixin.py:190} INFO - [2024-11-07T17:14:50.164+0000] {dag.py:4180} INFO - Setting next_dagrun for read_dataset_event_from_classic to 2024-11-06 00:00:00+00:00, run_after=2024-11-07 00:00:00+00:00
[2024-11-07T17:14:50.184+0000] {processor.py:208} INFO - Processing /home/airflow/.local/lib/python3.12/site-packages/airflow/example_dags/example_inlet_event_extra.py took 0.807 seconds
[2024-11-07T17:15:20.244+0000] {processor.py:186} INFO - Started process (PID=1874) to work on /home/airflow/.local/lib/python3.12/site-packages/airflow/example_dags/example_inlet_event_extra.py
[2024-11-07T17:15:20.248+0000] {processor.py:914} INFO - Processing file /home/airflow/.local/lib/python3.12/site-packages/airflow/example_dags/example_inlet_event_extra.py for tasks to queue
[2024-11-07T17:15:20.252+0000] {logging_mixin.py:190} INFO - [2024-11-07T17:15:20.251+0000] {dagbag.py:588} INFO - Filling up the DagBag from /home/airflow/.local/lib/python3.12/site-packages/airflow/example_dags/example_inlet_event_extra.py
[2024-11-07T17:15:20.425+0000] {processor.py:925} INFO - DAG(s) 'read_dataset_event_from_classic', 'read_dataset_event' retrieved from /home/airflow/.local/lib/python3.12/site-packages/airflow/example_dags/example_inlet_event_extra.py
[2024-11-07T17:15:20.449+0000] {logging_mixin.py:190} INFO - [2024-11-07T17:15:20.448+0000] {dag.py:3239} INFO - Sync 2 DAGs
[2024-11-07T17:15:20.477+0000] {logging_mixin.py:190} INFO - [2024-11-07T17:15:20.476+0000] {dag.py:4180} INFO - Setting next_dagrun for read_dataset_event to 2024-11-06 00:00:00+00:00, run_after=2024-11-07 00:00:00+00:00
[2024-11-07T17:15:20.704+0000] {logging_mixin.py:190} INFO - [2024-11-07T17:15:20.704+0000] {dag.py:4180} INFO - Setting next_dagrun for read_dataset_event_from_classic to 2024-11-06 00:00:00+00:00, run_after=2024-11-07 00:00:00+00:00
[2024-11-07T17:15:20.724+0000] {processor.py:208} INFO - Processing /home/airflow/.local/lib/python3.12/site-packages/airflow/example_dags/example_inlet_event_extra.py took 0.487 seconds
[2024-11-07T17:15:50.764+0000] {processor.py:186} INFO - Started process (PID=1933) to work on /home/airflow/.local/lib/python3.12/site-packages/airflow/example_dags/example_inlet_event_extra.py
[2024-11-07T17:15:50.765+0000] {processor.py:914} INFO - Processing file /home/airflow/.local/lib/python3.12/site-packages/airflow/example_dags/example_inlet_event_extra.py for tasks to queue
[2024-11-07T17:15:50.769+0000] {logging_mixin.py:190} INFO - [2024-11-07T17:15:50.768+0000] {dagbag.py:588} INFO - Filling up the DagBag from /home/airflow/.local/lib/python3.12/site-packages/airflow/example_dags/example_inlet_event_extra.py
[2024-11-07T17:15:50.945+0000] {processor.py:925} INFO - DAG(s) 'read_dataset_event', 'read_dataset_event_from_classic' retrieved from /home/airflow/.local/lib/python3.12/site-packages/airflow/example_dags/example_inlet_event_extra.py
[2024-11-07T17:15:50.971+0000] {logging_mixin.py:190} INFO - [2024-11-07T17:15:50.971+0000] {dag.py:3239} INFO - Sync 2 DAGs
[2024-11-07T17:15:51.002+0000] {logging_mixin.py:190} INFO - [2024-11-07T17:15:51.001+0000] {dag.py:4180} INFO - Setting next_dagrun for read_dataset_event to 2024-11-06 00:00:00+00:00, run_after=2024-11-07 00:00:00+00:00
[2024-11-07T17:15:51.008+0000] {logging_mixin.py:190} INFO - [2024-11-07T17:15:51.008+0000] {dag.py:4180} INFO - Setting next_dagrun for read_dataset_event_from_classic to 2024-11-06 00:00:00+00:00, run_after=2024-11-07 00:00:00+00:00
[2024-11-07T17:15:51.029+0000] {processor.py:208} INFO - Processing /home/airflow/.local/lib/python3.12/site-packages/airflow/example_dags/example_inlet_event_extra.py took 0.274 seconds
[2024-11-07T17:16:21.149+0000] {processor.py:186} INFO - Started process (PID=1996) to work on /home/airflow/.local/lib/python3.12/site-packages/airflow/example_dags/example_inlet_event_extra.py
[2024-11-07T17:16:21.151+0000] {processor.py:914} INFO - Processing file /home/airflow/.local/lib/python3.12/site-packages/airflow/example_dags/example_inlet_event_extra.py for tasks to queue
[2024-11-07T17:16:21.154+0000] {logging_mixin.py:190} INFO - [2024-11-07T17:16:21.154+0000] {dagbag.py:588} INFO - Filling up the DagBag from /home/airflow/.local/lib/python3.12/site-packages/airflow/example_dags/example_inlet_event_extra.py
[2024-11-07T17:16:21.356+0000] {processor.py:925} INFO - DAG(s) 'read_dataset_event', 'read_dataset_event_from_classic' retrieved from /home/airflow/.local/lib/python3.12/site-packages/airflow/example_dags/example_inlet_event_extra.py
[2024-11-07T17:16:21.402+0000] {logging_mixin.py:190} INFO - [2024-11-07T17:16:21.402+0000] {dag.py:3239} INFO - Sync 2 DAGs
[2024-11-07T17:16:21.460+0000] {logging_mixin.py:190} INFO - [2024-11-07T17:16:21.460+0000] {dag.py:4180} INFO - Setting next_dagrun for read_dataset_event to 2024-11-06 00:00:00+00:00, run_after=2024-11-07 00:00:00+00:00
[2024-11-07T17:16:21.471+0000] {logging_mixin.py:190} INFO - [2024-11-07T17:16:21.471+0000] {dag.py:4180} INFO - Setting next_dagrun for read_dataset_event_from_classic to 2024-11-06 00:00:00+00:00, run_after=2024-11-07 00:00:00+00:00
[2024-11-07T17:16:21.499+0000] {processor.py:208} INFO - Processing /home/airflow/.local/lib/python3.12/site-packages/airflow/example_dags/example_inlet_event_extra.py took 0.358 seconds
[2024-11-07T17:16:52.352+0000] {processor.py:186} INFO - Started process (PID=2060) to work on /home/airflow/.local/lib/python3.12/site-packages/airflow/example_dags/example_inlet_event_extra.py
[2024-11-07T17:16:52.353+0000] {processor.py:914} INFO - Processing file /home/airflow/.local/lib/python3.12/site-packages/airflow/example_dags/example_inlet_event_extra.py for tasks to queue
[2024-11-07T17:16:52.357+0000] {logging_mixin.py:190} INFO - [2024-11-07T17:16:52.357+0000] {dagbag.py:588} INFO - Filling up the DagBag from /home/airflow/.local/lib/python3.12/site-packages/airflow/example_dags/example_inlet_event_extra.py
[2024-11-07T17:16:52.736+0000] {processor.py:925} INFO - DAG(s) 'read_dataset_event', 'read_dataset_event_from_classic' retrieved from /home/airflow/.local/lib/python3.12/site-packages/airflow/example_dags/example_inlet_event_extra.py
[2024-11-07T17:16:52.763+0000] {logging_mixin.py:190} INFO - [2024-11-07T17:16:52.763+0000] {dag.py:3239} INFO - Sync 2 DAGs
[2024-11-07T17:16:52.793+0000] {logging_mixin.py:190} INFO - [2024-11-07T17:16:52.793+0000] {dag.py:4180} INFO - Setting next_dagrun for read_dataset_event to 2024-11-06 00:00:00+00:00, run_after=2024-11-07 00:00:00+00:00
[2024-11-07T17:16:52.800+0000] {logging_mixin.py:190} INFO - [2024-11-07T17:16:52.800+0000] {dag.py:4180} INFO - Setting next_dagrun for read_dataset_event_from_classic to 2024-11-06 00:00:00+00:00, run_after=2024-11-07 00:00:00+00:00
[2024-11-07T17:16:52.841+0000] {processor.py:208} INFO - Processing /home/airflow/.local/lib/python3.12/site-packages/airflow/example_dags/example_inlet_event_extra.py took 0.498 seconds
[2024-11-07T17:17:23.096+0000] {processor.py:186} INFO - Started process (PID=2123) to work on /home/airflow/.local/lib/python3.12/site-packages/airflow/example_dags/example_inlet_event_extra.py
[2024-11-07T17:17:23.098+0000] {processor.py:914} INFO - Processing file /home/airflow/.local/lib/python3.12/site-packages/airflow/example_dags/example_inlet_event_extra.py for tasks to queue
[2024-11-07T17:17:23.102+0000] {logging_mixin.py:190} INFO - [2024-11-07T17:17:23.101+0000] {dagbag.py:588} INFO - Filling up the DagBag from /home/airflow/.local/lib/python3.12/site-packages/airflow/example_dags/example_inlet_event_extra.py
[2024-11-07T17:17:23.492+0000] {processor.py:925} INFO - DAG(s) 'read_dataset_event_from_classic', 'read_dataset_event' retrieved from /home/airflow/.local/lib/python3.12/site-packages/airflow/example_dags/example_inlet_event_extra.py
[2024-11-07T17:17:23.518+0000] {logging_mixin.py:190} INFO - [2024-11-07T17:17:23.518+0000] {dag.py:3239} INFO - Sync 2 DAGs
[2024-11-07T17:17:23.547+0000] {logging_mixin.py:190} INFO - [2024-11-07T17:17:23.547+0000] {dag.py:4180} INFO - Setting next_dagrun for read_dataset_event to 2024-11-06 00:00:00+00:00, run_after=2024-11-07 00:00:00+00:00
[2024-11-07T17:17:23.553+0000] {logging_mixin.py:190} INFO - [2024-11-07T17:17:23.553+0000] {dag.py:4180} INFO - Setting next_dagrun for read_dataset_event_from_classic to 2024-11-06 00:00:00+00:00, run_after=2024-11-07 00:00:00+00:00
[2024-11-07T17:17:23.576+0000] {processor.py:208} INFO - Processing /home/airflow/.local/lib/python3.12/site-packages/airflow/example_dags/example_inlet_event_extra.py took 0.488 seconds
[2024-11-07T17:17:53.775+0000] {processor.py:186} INFO - Started process (PID=2186) to work on /home/airflow/.local/lib/python3.12/site-packages/airflow/example_dags/example_inlet_event_extra.py
[2024-11-07T17:17:53.777+0000] {processor.py:914} INFO - Processing file /home/airflow/.local/lib/python3.12/site-packages/airflow/example_dags/example_inlet_event_extra.py for tasks to queue
[2024-11-07T17:17:53.780+0000] {logging_mixin.py:190} INFO - [2024-11-07T17:17:53.780+0000] {dagbag.py:588} INFO - Filling up the DagBag from /home/airflow/.local/lib/python3.12/site-packages/airflow/example_dags/example_inlet_event_extra.py
[2024-11-07T17:17:53.953+0000] {processor.py:925} INFO - DAG(s) 'read_dataset_event_from_classic', 'read_dataset_event' retrieved from /home/airflow/.local/lib/python3.12/site-packages/airflow/example_dags/example_inlet_event_extra.py
[2024-11-07T17:17:54.179+0000] {logging_mixin.py:190} INFO - [2024-11-07T17:17:54.179+0000] {dag.py:3239} INFO - Sync 2 DAGs
[2024-11-07T17:17:54.222+0000] {logging_mixin.py:190} INFO - [2024-11-07T17:17:54.221+0000] {dag.py:4180} INFO - Setting next_dagrun for read_dataset_event to 2024-11-06 00:00:00+00:00, run_after=2024-11-07 00:00:00+00:00
[2024-11-07T17:17:54.232+0000] {logging_mixin.py:190} INFO - [2024-11-07T17:17:54.232+0000] {dag.py:4180} INFO - Setting next_dagrun for read_dataset_event_from_classic to 2024-11-06 00:00:00+00:00, run_after=2024-11-07 00:00:00+00:00
[2024-11-07T17:17:54.258+0000] {processor.py:208} INFO - Processing /home/airflow/.local/lib/python3.12/site-packages/airflow/example_dags/example_inlet_event_extra.py took 0.491 seconds
[2024-11-07T17:18:24.463+0000] {processor.py:186} INFO - Started process (PID=2250) to work on /home/airflow/.local/lib/python3.12/site-packages/airflow/example_dags/example_inlet_event_extra.py
[2024-11-07T17:18:24.465+0000] {processor.py:914} INFO - Processing file /home/airflow/.local/lib/python3.12/site-packages/airflow/example_dags/example_inlet_event_extra.py for tasks to queue
[2024-11-07T17:18:24.470+0000] {logging_mixin.py:190} INFO - [2024-11-07T17:18:24.470+0000] {dagbag.py:588} INFO - Filling up the DagBag from /home/airflow/.local/lib/python3.12/site-packages/airflow/example_dags/example_inlet_event_extra.py
[2024-11-07T17:18:25.009+0000] {processor.py:925} INFO - DAG(s) 'read_dataset_event_from_classic', 'read_dataset_event' retrieved from /home/airflow/.local/lib/python3.12/site-packages/airflow/example_dags/example_inlet_event_extra.py
[2024-11-07T17:18:25.042+0000] {logging_mixin.py:190} INFO - [2024-11-07T17:18:25.042+0000] {dag.py:3239} INFO - Sync 2 DAGs
[2024-11-07T17:18:25.084+0000] {logging_mixin.py:190} INFO - [2024-11-07T17:18:25.083+0000] {dag.py:4180} INFO - Setting next_dagrun for read_dataset_event to 2024-11-06 00:00:00+00:00, run_after=2024-11-07 00:00:00+00:00
[2024-11-07T17:18:25.093+0000] {logging_mixin.py:190} INFO - [2024-11-07T17:18:25.092+0000] {dag.py:4180} INFO - Setting next_dagrun for read_dataset_event_from_classic to 2024-11-06 00:00:00+00:00, run_after=2024-11-07 00:00:00+00:00
[2024-11-07T17:18:25.119+0000] {processor.py:208} INFO - Processing /home/airflow/.local/lib/python3.12/site-packages/airflow/example_dags/example_inlet_event_extra.py took 0.668 seconds
[2024-11-07T17:18:55.433+0000] {processor.py:186} INFO - Started process (PID=2317) to work on /home/airflow/.local/lib/python3.12/site-packages/airflow/example_dags/example_inlet_event_extra.py
[2024-11-07T17:18:55.435+0000] {processor.py:914} INFO - Processing file /home/airflow/.local/lib/python3.12/site-packages/airflow/example_dags/example_inlet_event_extra.py for tasks to queue
[2024-11-07T17:18:55.440+0000] {logging_mixin.py:190} INFO - [2024-11-07T17:18:55.439+0000] {dagbag.py:588} INFO - Filling up the DagBag from /home/airflow/.local/lib/python3.12/site-packages/airflow/example_dags/example_inlet_event_extra.py
[2024-11-07T17:18:56.144+0000] {processor.py:925} INFO - DAG(s) 'read_dataset_event_from_classic', 'read_dataset_event' retrieved from /home/airflow/.local/lib/python3.12/site-packages/airflow/example_dags/example_inlet_event_extra.py
[2024-11-07T17:18:56.180+0000] {logging_mixin.py:190} INFO - [2024-11-07T17:18:56.180+0000] {dag.py:3239} INFO - Sync 2 DAGs
[2024-11-07T17:18:56.226+0000] {logging_mixin.py:190} INFO - [2024-11-07T17:18:56.226+0000] {dag.py:4180} INFO - Setting next_dagrun for read_dataset_event to 2024-11-06 00:00:00+00:00, run_after=2024-11-07 00:00:00+00:00
[2024-11-07T17:18:56.238+0000] {logging_mixin.py:190} INFO - [2024-11-07T17:18:56.238+0000] {dag.py:4180} INFO - Setting next_dagrun for read_dataset_event_from_classic to 2024-11-06 00:00:00+00:00, run_after=2024-11-07 00:00:00+00:00
[2024-11-07T17:18:56.264+0000] {processor.py:208} INFO - Processing /home/airflow/.local/lib/python3.12/site-packages/airflow/example_dags/example_inlet_event_extra.py took 0.848 seconds
[2024-11-07T17:19:27.723+0000] {processor.py:186} INFO - Started process (PID=2376) to work on /home/airflow/.local/lib/python3.12/site-packages/airflow/example_dags/example_inlet_event_extra.py
[2024-11-07T17:19:27.725+0000] {processor.py:914} INFO - Processing file /home/airflow/.local/lib/python3.12/site-packages/airflow/example_dags/example_inlet_event_extra.py for tasks to queue
[2024-11-07T17:19:27.730+0000] {logging_mixin.py:190} INFO - [2024-11-07T17:19:27.730+0000] {dagbag.py:588} INFO - Filling up the DagBag from /home/airflow/.local/lib/python3.12/site-packages/airflow/example_dags/example_inlet_event_extra.py
[2024-11-07T17:19:28.294+0000] {processor.py:925} INFO - DAG(s) 'read_dataset_event_from_classic', 'read_dataset_event' retrieved from /home/airflow/.local/lib/python3.12/site-packages/airflow/example_dags/example_inlet_event_extra.py
[2024-11-07T17:19:28.331+0000] {logging_mixin.py:190} INFO - [2024-11-07T17:19:28.331+0000] {dag.py:3239} INFO - Sync 2 DAGs
[2024-11-07T17:19:28.377+0000] {logging_mixin.py:190} INFO - [2024-11-07T17:19:28.377+0000] {dag.py:4180} INFO - Setting next_dagrun for read_dataset_event to 2024-11-06 00:00:00+00:00, run_after=2024-11-07 00:00:00+00:00
[2024-11-07T17:19:28.388+0000] {logging_mixin.py:190} INFO - [2024-11-07T17:19:28.387+0000] {dag.py:4180} INFO - Setting next_dagrun for read_dataset_event_from_classic to 2024-11-06 00:00:00+00:00, run_after=2024-11-07 00:00:00+00:00
[2024-11-07T17:19:28.416+0000] {processor.py:208} INFO - Processing /home/airflow/.local/lib/python3.12/site-packages/airflow/example_dags/example_inlet_event_extra.py took 0.706 seconds
[2024-11-07T17:19:58.603+0000] {processor.py:186} INFO - Started process (PID=2440) to work on /home/airflow/.local/lib/python3.12/site-packages/airflow/example_dags/example_inlet_event_extra.py
[2024-11-07T17:19:58.604+0000] {processor.py:914} INFO - Processing file /home/airflow/.local/lib/python3.12/site-packages/airflow/example_dags/example_inlet_event_extra.py for tasks to queue
[2024-11-07T17:19:58.608+0000] {logging_mixin.py:190} INFO - [2024-11-07T17:19:58.608+0000] {dagbag.py:588} INFO - Filling up the DagBag from /home/airflow/.local/lib/python3.12/site-packages/airflow/example_dags/example_inlet_event_extra.py
[2024-11-07T17:19:59.011+0000] {processor.py:925} INFO - DAG(s) 'read_dataset_event_from_classic', 'read_dataset_event' retrieved from /home/airflow/.local/lib/python3.12/site-packages/airflow/example_dags/example_inlet_event_extra.py
[2024-11-07T17:19:59.036+0000] {logging_mixin.py:190} INFO - [2024-11-07T17:19:59.036+0000] {dag.py:3239} INFO - Sync 2 DAGs
[2024-11-07T17:19:59.065+0000] {logging_mixin.py:190} INFO - [2024-11-07T17:19:59.065+0000] {dag.py:4180} INFO - Setting next_dagrun for read_dataset_event to 2024-11-06 00:00:00+00:00, run_after=2024-11-07 00:00:00+00:00
[2024-11-07T17:19:59.071+0000] {logging_mixin.py:190} INFO - [2024-11-07T17:19:59.071+0000] {dag.py:4180} INFO - Setting next_dagrun for read_dataset_event_from_classic to 2024-11-06 00:00:00+00:00, run_after=2024-11-07 00:00:00+00:00
[2024-11-07T17:19:59.090+0000] {processor.py:208} INFO - Processing /home/airflow/.local/lib/python3.12/site-packages/airflow/example_dags/example_inlet_event_extra.py took 0.496 seconds
[2024-11-07T17:20:30.397+0000] {processor.py:186} INFO - Started process (PID=2500) to work on /home/airflow/.local/lib/python3.12/site-packages/airflow/example_dags/example_inlet_event_extra.py
[2024-11-07T17:20:30.398+0000] {processor.py:914} INFO - Processing file /home/airflow/.local/lib/python3.12/site-packages/airflow/example_dags/example_inlet_event_extra.py for tasks to queue
[2024-11-07T17:20:30.402+0000] {logging_mixin.py:190} INFO - [2024-11-07T17:20:30.402+0000] {dagbag.py:588} INFO - Filling up the DagBag from /home/airflow/.local/lib/python3.12/site-packages/airflow/example_dags/example_inlet_event_extra.py
[2024-11-07T17:20:30.934+0000] {processor.py:925} INFO - DAG(s) 'read_dataset_event', 'read_dataset_event_from_classic' retrieved from /home/airflow/.local/lib/python3.12/site-packages/airflow/example_dags/example_inlet_event_extra.py
[2024-11-07T17:20:30.966+0000] {logging_mixin.py:190} INFO - [2024-11-07T17:20:30.966+0000] {dag.py:3239} INFO - Sync 2 DAGs
[2024-11-07T17:20:31.004+0000] {logging_mixin.py:190} INFO - [2024-11-07T17:20:31.003+0000] {dag.py:4180} INFO - Setting next_dagrun for read_dataset_event to 2024-11-06 00:00:00+00:00, run_after=2024-11-07 00:00:00+00:00
[2024-11-07T17:20:31.011+0000] {logging_mixin.py:190} INFO - [2024-11-07T17:20:31.010+0000] {dag.py:4180} INFO - Setting next_dagrun for read_dataset_event_from_classic to 2024-11-06 00:00:00+00:00, run_after=2024-11-07 00:00:00+00:00
[2024-11-07T17:20:31.032+0000] {processor.py:208} INFO - Processing /home/airflow/.local/lib/python3.12/site-packages/airflow/example_dags/example_inlet_event_extra.py took 0.647 seconds
[2024-11-07T17:21:01.148+0000] {processor.py:186} INFO - Started process (PID=2565) to work on /home/airflow/.local/lib/python3.12/site-packages/airflow/example_dags/example_inlet_event_extra.py
[2024-11-07T17:21:01.150+0000] {processor.py:914} INFO - Processing file /home/airflow/.local/lib/python3.12/site-packages/airflow/example_dags/example_inlet_event_extra.py for tasks to queue
[2024-11-07T17:21:01.155+0000] {logging_mixin.py:190} INFO - [2024-11-07T17:21:01.154+0000] {dagbag.py:588} INFO - Filling up the DagBag from /home/airflow/.local/lib/python3.12/site-packages/airflow/example_dags/example_inlet_event_extra.py
[2024-11-07T17:21:01.569+0000] {processor.py:925} INFO - DAG(s) 'read_dataset_event_from_classic', 'read_dataset_event' retrieved from /home/airflow/.local/lib/python3.12/site-packages/airflow/example_dags/example_inlet_event_extra.py
[2024-11-07T17:21:01.596+0000] {logging_mixin.py:190} INFO - [2024-11-07T17:21:01.595+0000] {dag.py:3239} INFO - Sync 2 DAGs
[2024-11-07T17:21:01.624+0000] {logging_mixin.py:190} INFO - [2024-11-07T17:21:01.624+0000] {dag.py:4180} INFO - Setting next_dagrun for read_dataset_event to 2024-11-06 00:00:00+00:00, run_after=2024-11-07 00:00:00+00:00
[2024-11-07T17:21:01.636+0000] {logging_mixin.py:190} INFO - [2024-11-07T17:21:01.636+0000] {dag.py:4180} INFO - Setting next_dagrun for read_dataset_event_from_classic to 2024-11-06 00:00:00+00:00, run_after=2024-11-07 00:00:00+00:00
[2024-11-07T17:21:01.661+0000] {processor.py:208} INFO - Processing /home/airflow/.local/lib/python3.12/site-packages/airflow/example_dags/example_inlet_event_extra.py took 0.521 seconds
