[2024-11-07T17:01:28.993+0000] {processor.py:186} INFO - Started process (PID=177) to work on /home/airflow/.local/lib/python3.12/site-packages/airflow/example_dags/example_outlet_event_extra.py
[2024-11-07T17:01:28.996+0000] {processor.py:914} INFO - Processing file /home/airflow/.local/lib/python3.12/site-packages/airflow/example_dags/example_outlet_event_extra.py for tasks to queue
[2024-11-07T17:01:29.004+0000] {logging_mixin.py:190} INFO - [2024-11-07T17:01:29.003+0000] {dagbag.py:588} INFO - Filling up the DagBag from /home/airflow/.local/lib/python3.12/site-packages/airflow/example_dags/example_outlet_event_extra.py
[2024-11-07T17:01:30.744+0000] {processor.py:925} INFO - DAG(s) 'dataset_with_extra_from_classic_operator', 'dataset_with_extra_by_yield', 'dataset_with_extra_by_context' retrieved from /home/airflow/.local/lib/python3.12/site-packages/airflow/example_dags/example_outlet_event_extra.py
[2024-11-07T17:01:31.111+0000] {logging_mixin.py:190} INFO - [2024-11-07T17:01:31.109+0000] {override.py:1900} INFO - Created Permission View: can delete on DAG:dataset_with_extra_from_classic_operator
[2024-11-07T17:01:31.140+0000] {logging_mixin.py:190} INFO - [2024-11-07T17:01:31.139+0000] {override.py:1900} INFO - Created Permission View: can edit on DAG:dataset_with_extra_from_classic_operator
[2024-11-07T17:01:31.160+0000] {logging_mixin.py:190} INFO - [2024-11-07T17:01:31.159+0000] {override.py:1900} INFO - Created Permission View: can read on DAG:dataset_with_extra_from_classic_operator
[2024-11-07T17:01:31.213+0000] {logging_mixin.py:190} INFO - [2024-11-07T17:01:31.212+0000] {override.py:1900} INFO - Created Permission View: can delete on DAG Run:dataset_with_extra_from_classic_operator
[2024-11-07T17:01:31.236+0000] {logging_mixin.py:190} INFO - [2024-11-07T17:01:31.235+0000] {override.py:1900} INFO - Created Permission View: menu access on DAG Run:dataset_with_extra_from_classic_operator
[2024-11-07T17:01:31.254+0000] {logging_mixin.py:190} INFO - [2024-11-07T17:01:31.254+0000] {override.py:1900} INFO - Created Permission View: can create on DAG Run:dataset_with_extra_from_classic_operator
[2024-11-07T17:01:31.274+0000] {logging_mixin.py:190} INFO - [2024-11-07T17:01:31.273+0000] {override.py:1900} INFO - Created Permission View: can read on DAG Run:dataset_with_extra_from_classic_operator
[2024-11-07T17:01:31.313+0000] {logging_mixin.py:190} INFO - [2024-11-07T17:01:31.312+0000] {override.py:1900} INFO - Created Permission View: can delete on DAG:dataset_with_extra_by_yield
[2024-11-07T17:01:31.337+0000] {logging_mixin.py:190} INFO - [2024-11-07T17:01:31.336+0000] {override.py:1900} INFO - Created Permission View: can edit on DAG:dataset_with_extra_by_yield
[2024-11-07T17:01:31.356+0000] {logging_mixin.py:190} INFO - [2024-11-07T17:01:31.356+0000] {override.py:1900} INFO - Created Permission View: can read on DAG:dataset_with_extra_by_yield
[2024-11-07T17:01:31.375+0000] {logging_mixin.py:190} INFO - [2024-11-07T17:01:31.374+0000] {override.py:1900} INFO - Created Permission View: can delete on DAG Run:dataset_with_extra_by_yield
[2024-11-07T17:01:31.408+0000] {logging_mixin.py:190} INFO - [2024-11-07T17:01:31.400+0000] {override.py:1900} INFO - Created Permission View: menu access on DAG Run:dataset_with_extra_by_yield
[2024-11-07T17:01:31.429+0000] {logging_mixin.py:190} INFO - [2024-11-07T17:01:31.428+0000] {override.py:1900} INFO - Created Permission View: can create on DAG Run:dataset_with_extra_by_yield
[2024-11-07T17:01:31.452+0000] {logging_mixin.py:190} INFO - [2024-11-07T17:01:31.452+0000] {override.py:1900} INFO - Created Permission View: can read on DAG Run:dataset_with_extra_by_yield
[2024-11-07T17:01:31.499+0000] {logging_mixin.py:190} INFO - [2024-11-07T17:01:31.499+0000] {override.py:1900} INFO - Created Permission View: can delete on DAG:dataset_with_extra_by_context
[2024-11-07T17:01:31.522+0000] {logging_mixin.py:190} INFO - [2024-11-07T17:01:31.521+0000] {override.py:1900} INFO - Created Permission View: can edit on DAG:dataset_with_extra_by_context
[2024-11-07T17:01:31.543+0000] {logging_mixin.py:190} INFO - [2024-11-07T17:01:31.543+0000] {override.py:1900} INFO - Created Permission View: can read on DAG:dataset_with_extra_by_context
[2024-11-07T17:01:31.569+0000] {logging_mixin.py:190} INFO - [2024-11-07T17:01:31.568+0000] {override.py:1900} INFO - Created Permission View: can delete on DAG Run:dataset_with_extra_by_context
[2024-11-07T17:01:31.589+0000] {logging_mixin.py:190} INFO - [2024-11-07T17:01:31.588+0000] {override.py:1900} INFO - Created Permission View: menu access on DAG Run:dataset_with_extra_by_context
[2024-11-07T17:01:31.607+0000] {logging_mixin.py:190} INFO - [2024-11-07T17:01:31.607+0000] {override.py:1900} INFO - Created Permission View: can create on DAG Run:dataset_with_extra_by_context
[2024-11-07T17:01:31.627+0000] {logging_mixin.py:190} INFO - [2024-11-07T17:01:31.626+0000] {override.py:1900} INFO - Created Permission View: can read on DAG Run:dataset_with_extra_by_context
[2024-11-07T17:01:31.629+0000] {logging_mixin.py:190} INFO - [2024-11-07T17:01:31.629+0000] {dag.py:3239} INFO - Sync 3 DAGs
[2024-11-07T17:01:31.685+0000] {logging_mixin.py:190} INFO - [2024-11-07T17:01:31.684+0000] {dag.py:3262} INFO - Creating ORM DAG for dataset_with_extra_by_yield
[2024-11-07T17:01:31.688+0000] {logging_mixin.py:190} INFO - [2024-11-07T17:01:31.688+0000] {dag.py:3262} INFO - Creating ORM DAG for dataset_with_extra_from_classic_operator
[2024-11-07T17:01:31.691+0000] {logging_mixin.py:190} INFO - [2024-11-07T17:01:31.690+0000] {dag.py:3262} INFO - Creating ORM DAG for dataset_with_extra_by_context
[2024-11-07T17:01:31.734+0000] {logging_mixin.py:190} INFO - [2024-11-07T17:01:31.734+0000] {dag.py:4180} INFO - Setting next_dagrun for dataset_with_extra_by_context to 2024-11-06 00:00:00+00:00, run_after=2024-11-07 00:00:00+00:00
[2024-11-07T17:01:31.760+0000] {logging_mixin.py:190} INFO - [2024-11-07T17:01:31.760+0000] {dag.py:4180} INFO - Setting next_dagrun for dataset_with_extra_by_yield to 2024-11-06 00:00:00+00:00, run_after=2024-11-07 00:00:00+00:00
[2024-11-07T17:01:31.772+0000] {logging_mixin.py:190} INFO - [2024-11-07T17:01:31.772+0000] {dag.py:4180} INFO - Setting next_dagrun for dataset_with_extra_from_classic_operator to 2024-11-06 00:00:00+00:00, run_after=2024-11-07 00:00:00+00:00
[2024-11-07T17:01:31.985+0000] {processor.py:208} INFO - Processing /home/airflow/.local/lib/python3.12/site-packages/airflow/example_dags/example_outlet_event_extra.py took 3.014 seconds
[2024-11-07T17:02:02.296+0000] {processor.py:186} INFO - Started process (PID=240) to work on /home/airflow/.local/lib/python3.12/site-packages/airflow/example_dags/example_outlet_event_extra.py
[2024-11-07T17:02:02.301+0000] {processor.py:914} INFO - Processing file /home/airflow/.local/lib/python3.12/site-packages/airflow/example_dags/example_outlet_event_extra.py for tasks to queue
[2024-11-07T17:02:02.314+0000] {logging_mixin.py:190} INFO - [2024-11-07T17:02:02.313+0000] {dagbag.py:588} INFO - Filling up the DagBag from /home/airflow/.local/lib/python3.12/site-packages/airflow/example_dags/example_outlet_event_extra.py
[2024-11-07T17:02:02.817+0000] {processor.py:925} INFO - DAG(s) 'dataset_with_extra_from_classic_operator', 'dataset_with_extra_by_context', 'dataset_with_extra_by_yield' retrieved from /home/airflow/.local/lib/python3.12/site-packages/airflow/example_dags/example_outlet_event_extra.py
[2024-11-07T17:02:02.944+0000] {logging_mixin.py:190} INFO - [2024-11-07T17:02:02.943+0000] {dag.py:3239} INFO - Sync 3 DAGs
[2024-11-07T17:02:03.033+0000] {logging_mixin.py:190} INFO - [2024-11-07T17:02:03.031+0000] {dag.py:4180} INFO - Setting next_dagrun for dataset_with_extra_by_context to 2024-11-06 00:00:00+00:00, run_after=2024-11-07 00:00:00+00:00
[2024-11-07T17:02:03.055+0000] {logging_mixin.py:190} INFO - [2024-11-07T17:02:03.055+0000] {dag.py:4180} INFO - Setting next_dagrun for dataset_with_extra_by_yield to 2024-11-06 00:00:00+00:00, run_after=2024-11-07 00:00:00+00:00
[2024-11-07T17:02:03.067+0000] {logging_mixin.py:190} INFO - [2024-11-07T17:02:03.066+0000] {dag.py:4180} INFO - Setting next_dagrun for dataset_with_extra_from_classic_operator to 2024-11-06 00:00:00+00:00, run_after=2024-11-07 00:00:00+00:00
[2024-11-07T17:02:03.256+0000] {processor.py:208} INFO - Processing /home/airflow/.local/lib/python3.12/site-packages/airflow/example_dags/example_outlet_event_extra.py took 0.981 seconds
[2024-11-07T17:02:34.081+0000] {processor.py:186} INFO - Started process (PID=303) to work on /home/airflow/.local/lib/python3.12/site-packages/airflow/example_dags/example_outlet_event_extra.py
[2024-11-07T17:02:34.085+0000] {processor.py:914} INFO - Processing file /home/airflow/.local/lib/python3.12/site-packages/airflow/example_dags/example_outlet_event_extra.py for tasks to queue
[2024-11-07T17:02:34.094+0000] {logging_mixin.py:190} INFO - [2024-11-07T17:02:34.094+0000] {dagbag.py:588} INFO - Filling up the DagBag from /home/airflow/.local/lib/python3.12/site-packages/airflow/example_dags/example_outlet_event_extra.py
[2024-11-07T17:02:34.541+0000] {processor.py:925} INFO - DAG(s) 'dataset_with_extra_from_classic_operator', 'dataset_with_extra_by_yield', 'dataset_with_extra_by_context' retrieved from /home/airflow/.local/lib/python3.12/site-packages/airflow/example_dags/example_outlet_event_extra.py
[2024-11-07T17:02:34.609+0000] {logging_mixin.py:190} INFO - [2024-11-07T17:02:34.608+0000] {dag.py:3239} INFO - Sync 3 DAGs
[2024-11-07T17:02:34.670+0000] {logging_mixin.py:190} INFO - [2024-11-07T17:02:34.670+0000] {dag.py:4180} INFO - Setting next_dagrun for dataset_with_extra_by_context to 2024-11-06 00:00:00+00:00, run_after=2024-11-07 00:00:00+00:00
[2024-11-07T17:02:34.683+0000] {logging_mixin.py:190} INFO - [2024-11-07T17:02:34.682+0000] {dag.py:4180} INFO - Setting next_dagrun for dataset_with_extra_by_yield to 2024-11-06 00:00:00+00:00, run_after=2024-11-07 00:00:00+00:00
[2024-11-07T17:02:34.688+0000] {logging_mixin.py:190} INFO - [2024-11-07T17:02:34.687+0000] {dag.py:4180} INFO - Setting next_dagrun for dataset_with_extra_from_classic_operator to 2024-11-06 00:00:00+00:00, run_after=2024-11-07 00:00:00+00:00
[2024-11-07T17:02:34.733+0000] {processor.py:208} INFO - Processing /home/airflow/.local/lib/python3.12/site-packages/airflow/example_dags/example_outlet_event_extra.py took 0.673 seconds
[2024-11-07T17:03:05.446+0000] {processor.py:186} INFO - Started process (PID=366) to work on /home/airflow/.local/lib/python3.12/site-packages/airflow/example_dags/example_outlet_event_extra.py
[2024-11-07T17:03:05.448+0000] {processor.py:914} INFO - Processing file /home/airflow/.local/lib/python3.12/site-packages/airflow/example_dags/example_outlet_event_extra.py for tasks to queue
[2024-11-07T17:03:05.454+0000] {logging_mixin.py:190} INFO - [2024-11-07T17:03:05.453+0000] {dagbag.py:588} INFO - Filling up the DagBag from /home/airflow/.local/lib/python3.12/site-packages/airflow/example_dags/example_outlet_event_extra.py
[2024-11-07T17:03:05.729+0000] {processor.py:925} INFO - DAG(s) 'dataset_with_extra_from_classic_operator', 'dataset_with_extra_by_yield', 'dataset_with_extra_by_context' retrieved from /home/airflow/.local/lib/python3.12/site-packages/airflow/example_dags/example_outlet_event_extra.py
[2024-11-07T17:03:05.783+0000] {logging_mixin.py:190} INFO - [2024-11-07T17:03:05.783+0000] {dag.py:3239} INFO - Sync 3 DAGs
[2024-11-07T17:03:05.837+0000] {logging_mixin.py:190} INFO - [2024-11-07T17:03:05.837+0000] {dag.py:4180} INFO - Setting next_dagrun for dataset_with_extra_by_context to 2024-11-06 00:00:00+00:00, run_after=2024-11-07 00:00:00+00:00
[2024-11-07T17:03:05.848+0000] {logging_mixin.py:190} INFO - [2024-11-07T17:03:05.847+0000] {dag.py:4180} INFO - Setting next_dagrun for dataset_with_extra_by_yield to 2024-11-06 00:00:00+00:00, run_after=2024-11-07 00:00:00+00:00
[2024-11-07T17:03:05.853+0000] {logging_mixin.py:190} INFO - [2024-11-07T17:03:05.853+0000] {dag.py:4180} INFO - Setting next_dagrun for dataset_with_extra_from_classic_operator to 2024-11-06 00:00:00+00:00, run_after=2024-11-07 00:00:00+00:00
[2024-11-07T17:03:05.906+0000] {processor.py:208} INFO - Processing /home/airflow/.local/lib/python3.12/site-packages/airflow/example_dags/example_outlet_event_extra.py took 0.471 seconds
[2024-11-07T17:03:36.399+0000] {processor.py:186} INFO - Started process (PID=428) to work on /home/airflow/.local/lib/python3.12/site-packages/airflow/example_dags/example_outlet_event_extra.py
[2024-11-07T17:03:36.400+0000] {processor.py:914} INFO - Processing file /home/airflow/.local/lib/python3.12/site-packages/airflow/example_dags/example_outlet_event_extra.py for tasks to queue
[2024-11-07T17:03:36.405+0000] {logging_mixin.py:190} INFO - [2024-11-07T17:03:36.405+0000] {dagbag.py:588} INFO - Filling up the DagBag from /home/airflow/.local/lib/python3.12/site-packages/airflow/example_dags/example_outlet_event_extra.py
[2024-11-07T17:03:36.590+0000] {processor.py:925} INFO - DAG(s) 'dataset_with_extra_from_classic_operator', 'dataset_with_extra_by_context', 'dataset_with_extra_by_yield' retrieved from /home/airflow/.local/lib/python3.12/site-packages/airflow/example_dags/example_outlet_event_extra.py
[2024-11-07T17:03:36.623+0000] {logging_mixin.py:190} INFO - [2024-11-07T17:03:36.623+0000] {dag.py:3239} INFO - Sync 3 DAGs
[2024-11-07T17:03:36.660+0000] {logging_mixin.py:190} INFO - [2024-11-07T17:03:36.660+0000] {dag.py:4180} INFO - Setting next_dagrun for dataset_with_extra_by_context to 2024-11-06 00:00:00+00:00, run_after=2024-11-07 00:00:00+00:00
[2024-11-07T17:03:36.667+0000] {logging_mixin.py:190} INFO - [2024-11-07T17:03:36.666+0000] {dag.py:4180} INFO - Setting next_dagrun for dataset_with_extra_by_yield to 2024-11-06 00:00:00+00:00, run_after=2024-11-07 00:00:00+00:00
[2024-11-07T17:03:36.670+0000] {logging_mixin.py:190} INFO - [2024-11-07T17:03:36.670+0000] {dag.py:4180} INFO - Setting next_dagrun for dataset_with_extra_from_classic_operator to 2024-11-06 00:00:00+00:00, run_after=2024-11-07 00:00:00+00:00
[2024-11-07T17:03:36.705+0000] {processor.py:208} INFO - Processing /home/airflow/.local/lib/python3.12/site-packages/airflow/example_dags/example_outlet_event_extra.py took 0.314 seconds
[2024-11-07T17:04:07.225+0000] {processor.py:186} INFO - Started process (PID=491) to work on /home/airflow/.local/lib/python3.12/site-packages/airflow/example_dags/example_outlet_event_extra.py
[2024-11-07T17:04:07.227+0000] {processor.py:914} INFO - Processing file /home/airflow/.local/lib/python3.12/site-packages/airflow/example_dags/example_outlet_event_extra.py for tasks to queue
[2024-11-07T17:04:07.232+0000] {logging_mixin.py:190} INFO - [2024-11-07T17:04:07.231+0000] {dagbag.py:588} INFO - Filling up the DagBag from /home/airflow/.local/lib/python3.12/site-packages/airflow/example_dags/example_outlet_event_extra.py
[2024-11-07T17:04:07.427+0000] {processor.py:925} INFO - DAG(s) 'dataset_with_extra_from_classic_operator', 'dataset_with_extra_by_yield', 'dataset_with_extra_by_context' retrieved from /home/airflow/.local/lib/python3.12/site-packages/airflow/example_dags/example_outlet_event_extra.py
[2024-11-07T17:04:07.465+0000] {logging_mixin.py:190} INFO - [2024-11-07T17:04:07.465+0000] {dag.py:3239} INFO - Sync 3 DAGs
[2024-11-07T17:04:07.508+0000] {logging_mixin.py:190} INFO - [2024-11-07T17:04:07.508+0000] {dag.py:4180} INFO - Setting next_dagrun for dataset_with_extra_by_context to 2024-11-06 00:00:00+00:00, run_after=2024-11-07 00:00:00+00:00
[2024-11-07T17:04:07.518+0000] {logging_mixin.py:190} INFO - [2024-11-07T17:04:07.518+0000] {dag.py:4180} INFO - Setting next_dagrun for dataset_with_extra_by_yield to 2024-11-06 00:00:00+00:00, run_after=2024-11-07 00:00:00+00:00
[2024-11-07T17:04:07.531+0000] {logging_mixin.py:190} INFO - [2024-11-07T17:04:07.530+0000] {dag.py:4180} INFO - Setting next_dagrun for dataset_with_extra_from_classic_operator to 2024-11-06 00:00:00+00:00, run_after=2024-11-07 00:00:00+00:00
[2024-11-07T17:04:07.574+0000] {processor.py:208} INFO - Processing /home/airflow/.local/lib/python3.12/site-packages/airflow/example_dags/example_outlet_event_extra.py took 0.359 seconds
[2024-11-07T17:04:38.453+0000] {processor.py:186} INFO - Started process (PID=560) to work on /home/airflow/.local/lib/python3.12/site-packages/airflow/example_dags/example_outlet_event_extra.py
[2024-11-07T17:04:38.454+0000] {processor.py:914} INFO - Processing file /home/airflow/.local/lib/python3.12/site-packages/airflow/example_dags/example_outlet_event_extra.py for tasks to queue
[2024-11-07T17:04:38.457+0000] {logging_mixin.py:190} INFO - [2024-11-07T17:04:38.457+0000] {dagbag.py:588} INFO - Filling up the DagBag from /home/airflow/.local/lib/python3.12/site-packages/airflow/example_dags/example_outlet_event_extra.py
[2024-11-07T17:04:38.621+0000] {processor.py:925} INFO - DAG(s) 'dataset_with_extra_by_yield', 'dataset_with_extra_from_classic_operator', 'dataset_with_extra_by_context' retrieved from /home/airflow/.local/lib/python3.12/site-packages/airflow/example_dags/example_outlet_event_extra.py
[2024-11-07T17:04:38.650+0000] {logging_mixin.py:190} INFO - [2024-11-07T17:04:38.650+0000] {dag.py:3239} INFO - Sync 3 DAGs
[2024-11-07T17:04:38.680+0000] {logging_mixin.py:190} INFO - [2024-11-07T17:04:38.680+0000] {dag.py:4180} INFO - Setting next_dagrun for dataset_with_extra_by_context to 2024-11-06 00:00:00+00:00, run_after=2024-11-07 00:00:00+00:00
[2024-11-07T17:04:38.686+0000] {logging_mixin.py:190} INFO - [2024-11-07T17:04:38.685+0000] {dag.py:4180} INFO - Setting next_dagrun for dataset_with_extra_by_yield to 2024-11-06 00:00:00+00:00, run_after=2024-11-07 00:00:00+00:00
[2024-11-07T17:04:38.689+0000] {logging_mixin.py:190} INFO - [2024-11-07T17:04:38.689+0000] {dag.py:4180} INFO - Setting next_dagrun for dataset_with_extra_from_classic_operator to 2024-11-06 00:00:00+00:00, run_after=2024-11-07 00:00:00+00:00
[2024-11-07T17:04:38.714+0000] {processor.py:208} INFO - Processing /home/airflow/.local/lib/python3.12/site-packages/airflow/example_dags/example_outlet_event_extra.py took 0.270 seconds
[2024-11-07T17:05:09.135+0000] {processor.py:186} INFO - Started process (PID=623) to work on /home/airflow/.local/lib/python3.12/site-packages/airflow/example_dags/example_outlet_event_extra.py
[2024-11-07T17:05:09.137+0000] {processor.py:914} INFO - Processing file /home/airflow/.local/lib/python3.12/site-packages/airflow/example_dags/example_outlet_event_extra.py for tasks to queue
[2024-11-07T17:05:09.140+0000] {logging_mixin.py:190} INFO - [2024-11-07T17:05:09.140+0000] {dagbag.py:588} INFO - Filling up the DagBag from /home/airflow/.local/lib/python3.12/site-packages/airflow/example_dags/example_outlet_event_extra.py
[2024-11-07T17:05:09.312+0000] {processor.py:925} INFO - DAG(s) 'dataset_with_extra_by_yield', 'dataset_with_extra_by_context', 'dataset_with_extra_from_classic_operator' retrieved from /home/airflow/.local/lib/python3.12/site-packages/airflow/example_dags/example_outlet_event_extra.py
[2024-11-07T17:05:09.349+0000] {logging_mixin.py:190} INFO - [2024-11-07T17:05:09.349+0000] {dag.py:3239} INFO - Sync 3 DAGs
[2024-11-07T17:05:09.379+0000] {logging_mixin.py:190} INFO - [2024-11-07T17:05:09.379+0000] {dag.py:4180} INFO - Setting next_dagrun for dataset_with_extra_by_context to 2024-11-06 00:00:00+00:00, run_after=2024-11-07 00:00:00+00:00
[2024-11-07T17:05:09.385+0000] {logging_mixin.py:190} INFO - [2024-11-07T17:05:09.384+0000] {dag.py:4180} INFO - Setting next_dagrun for dataset_with_extra_by_yield to 2024-11-06 00:00:00+00:00, run_after=2024-11-07 00:00:00+00:00
[2024-11-07T17:05:09.388+0000] {logging_mixin.py:190} INFO - [2024-11-07T17:05:09.388+0000] {dag.py:4180} INFO - Setting next_dagrun for dataset_with_extra_from_classic_operator to 2024-11-06 00:00:00+00:00, run_after=2024-11-07 00:00:00+00:00
[2024-11-07T17:05:09.413+0000] {processor.py:208} INFO - Processing /home/airflow/.local/lib/python3.12/site-packages/airflow/example_dags/example_outlet_event_extra.py took 0.288 seconds
[2024-11-07T17:05:39.658+0000] {processor.py:186} INFO - Started process (PID=686) to work on /home/airflow/.local/lib/python3.12/site-packages/airflow/example_dags/example_outlet_event_extra.py
[2024-11-07T17:05:39.660+0000] {processor.py:914} INFO - Processing file /home/airflow/.local/lib/python3.12/site-packages/airflow/example_dags/example_outlet_event_extra.py for tasks to queue
[2024-11-07T17:05:39.663+0000] {logging_mixin.py:190} INFO - [2024-11-07T17:05:39.663+0000] {dagbag.py:588} INFO - Filling up the DagBag from /home/airflow/.local/lib/python3.12/site-packages/airflow/example_dags/example_outlet_event_extra.py
[2024-11-07T17:05:39.839+0000] {processor.py:925} INFO - DAG(s) 'dataset_with_extra_by_context', 'dataset_with_extra_from_classic_operator', 'dataset_with_extra_by_yield' retrieved from /home/airflow/.local/lib/python3.12/site-packages/airflow/example_dags/example_outlet_event_extra.py
[2024-11-07T17:05:39.888+0000] {logging_mixin.py:190} INFO - [2024-11-07T17:05:39.888+0000] {dag.py:3239} INFO - Sync 3 DAGs
[2024-11-07T17:05:39.925+0000] {logging_mixin.py:190} INFO - [2024-11-07T17:05:39.924+0000] {dag.py:4180} INFO - Setting next_dagrun for dataset_with_extra_by_context to 2024-11-06 00:00:00+00:00, run_after=2024-11-07 00:00:00+00:00
[2024-11-07T17:05:39.931+0000] {logging_mixin.py:190} INFO - [2024-11-07T17:05:39.931+0000] {dag.py:4180} INFO - Setting next_dagrun for dataset_with_extra_by_yield to 2024-11-06 00:00:00+00:00, run_after=2024-11-07 00:00:00+00:00
[2024-11-07T17:05:39.935+0000] {logging_mixin.py:190} INFO - [2024-11-07T17:05:39.935+0000] {dag.py:4180} INFO - Setting next_dagrun for dataset_with_extra_from_classic_operator to 2024-11-06 00:00:00+00:00, run_after=2024-11-07 00:00:00+00:00
[2024-11-07T17:05:39.977+0000] {processor.py:208} INFO - Processing /home/airflow/.local/lib/python3.12/site-packages/airflow/example_dags/example_outlet_event_extra.py took 0.328 seconds
[2024-11-07T17:06:10.186+0000] {processor.py:186} INFO - Started process (PID=749) to work on /home/airflow/.local/lib/python3.12/site-packages/airflow/example_dags/example_outlet_event_extra.py
[2024-11-07T17:06:10.190+0000] {processor.py:914} INFO - Processing file /home/airflow/.local/lib/python3.12/site-packages/airflow/example_dags/example_outlet_event_extra.py for tasks to queue
[2024-11-07T17:06:10.204+0000] {logging_mixin.py:190} INFO - [2024-11-07T17:06:10.204+0000] {dagbag.py:588} INFO - Filling up the DagBag from /home/airflow/.local/lib/python3.12/site-packages/airflow/example_dags/example_outlet_event_extra.py
[2024-11-07T17:06:10.937+0000] {processor.py:925} INFO - DAG(s) 'dataset_with_extra_from_classic_operator', 'dataset_with_extra_by_yield', 'dataset_with_extra_by_context' retrieved from /home/airflow/.local/lib/python3.12/site-packages/airflow/example_dags/example_outlet_event_extra.py
[2024-11-07T17:06:11.009+0000] {logging_mixin.py:190} INFO - [2024-11-07T17:06:11.008+0000] {dag.py:3239} INFO - Sync 3 DAGs
[2024-11-07T17:06:11.065+0000] {logging_mixin.py:190} INFO - [2024-11-07T17:06:11.065+0000] {dag.py:4180} INFO - Setting next_dagrun for dataset_with_extra_by_context to 2024-11-06 00:00:00+00:00, run_after=2024-11-07 00:00:00+00:00
[2024-11-07T17:06:11.072+0000] {logging_mixin.py:190} INFO - [2024-11-07T17:06:11.072+0000] {dag.py:4180} INFO - Setting next_dagrun for dataset_with_extra_by_yield to 2024-11-06 00:00:00+00:00, run_after=2024-11-07 00:00:00+00:00
[2024-11-07T17:06:11.081+0000] {logging_mixin.py:190} INFO - [2024-11-07T17:06:11.081+0000] {dag.py:4180} INFO - Setting next_dagrun for dataset_with_extra_from_classic_operator to 2024-11-06 00:00:00+00:00, run_after=2024-11-07 00:00:00+00:00
[2024-11-07T17:06:11.182+0000] {processor.py:208} INFO - Processing /home/airflow/.local/lib/python3.12/site-packages/airflow/example_dags/example_outlet_event_extra.py took 1.017 seconds
[2024-11-07T17:06:41.403+0000] {processor.py:186} INFO - Started process (PID=812) to work on /home/airflow/.local/lib/python3.12/site-packages/airflow/example_dags/example_outlet_event_extra.py
[2024-11-07T17:06:41.405+0000] {processor.py:914} INFO - Processing file /home/airflow/.local/lib/python3.12/site-packages/airflow/example_dags/example_outlet_event_extra.py for tasks to queue
[2024-11-07T17:06:41.409+0000] {logging_mixin.py:190} INFO - [2024-11-07T17:06:41.408+0000] {dagbag.py:588} INFO - Filling up the DagBag from /home/airflow/.local/lib/python3.12/site-packages/airflow/example_dags/example_outlet_event_extra.py
[2024-11-07T17:06:41.575+0000] {processor.py:925} INFO - DAG(s) 'dataset_with_extra_by_context', 'dataset_with_extra_from_classic_operator', 'dataset_with_extra_by_yield' retrieved from /home/airflow/.local/lib/python3.12/site-packages/airflow/example_dags/example_outlet_event_extra.py
[2024-11-07T17:06:41.609+0000] {logging_mixin.py:190} INFO - [2024-11-07T17:06:41.608+0000] {dag.py:3239} INFO - Sync 3 DAGs
[2024-11-07T17:06:41.638+0000] {logging_mixin.py:190} INFO - [2024-11-07T17:06:41.638+0000] {dag.py:4180} INFO - Setting next_dagrun for dataset_with_extra_by_context to 2024-11-06 00:00:00+00:00, run_after=2024-11-07 00:00:00+00:00
[2024-11-07T17:06:41.646+0000] {logging_mixin.py:190} INFO - [2024-11-07T17:06:41.646+0000] {dag.py:4180} INFO - Setting next_dagrun for dataset_with_extra_by_yield to 2024-11-06 00:00:00+00:00, run_after=2024-11-07 00:00:00+00:00
[2024-11-07T17:06:41.649+0000] {logging_mixin.py:190} INFO - [2024-11-07T17:06:41.648+0000] {dag.py:4180} INFO - Setting next_dagrun for dataset_with_extra_from_classic_operator to 2024-11-06 00:00:00+00:00, run_after=2024-11-07 00:00:00+00:00
[2024-11-07T17:06:41.672+0000] {processor.py:208} INFO - Processing /home/airflow/.local/lib/python3.12/site-packages/airflow/example_dags/example_outlet_event_extra.py took 0.278 seconds
[2024-11-07T17:07:12.453+0000] {processor.py:186} INFO - Started process (PID=875) to work on /home/airflow/.local/lib/python3.12/site-packages/airflow/example_dags/example_outlet_event_extra.py
[2024-11-07T17:07:12.454+0000] {processor.py:914} INFO - Processing file /home/airflow/.local/lib/python3.12/site-packages/airflow/example_dags/example_outlet_event_extra.py for tasks to queue
[2024-11-07T17:07:12.458+0000] {logging_mixin.py:190} INFO - [2024-11-07T17:07:12.457+0000] {dagbag.py:588} INFO - Filling up the DagBag from /home/airflow/.local/lib/python3.12/site-packages/airflow/example_dags/example_outlet_event_extra.py
[2024-11-07T17:07:12.641+0000] {processor.py:925} INFO - DAG(s) 'dataset_with_extra_from_classic_operator', 'dataset_with_extra_by_context', 'dataset_with_extra_by_yield' retrieved from /home/airflow/.local/lib/python3.12/site-packages/airflow/example_dags/example_outlet_event_extra.py
[2024-11-07T17:07:12.698+0000] {logging_mixin.py:190} INFO - [2024-11-07T17:07:12.698+0000] {dag.py:3239} INFO - Sync 3 DAGs
[2024-11-07T17:07:12.752+0000] {logging_mixin.py:190} INFO - [2024-11-07T17:07:12.752+0000] {dag.py:4180} INFO - Setting next_dagrun for dataset_with_extra_by_context to 2024-11-06 00:00:00+00:00, run_after=2024-11-07 00:00:00+00:00
[2024-11-07T17:07:12.769+0000] {logging_mixin.py:190} INFO - [2024-11-07T17:07:12.768+0000] {dag.py:4180} INFO - Setting next_dagrun for dataset_with_extra_by_yield to 2024-11-06 00:00:00+00:00, run_after=2024-11-07 00:00:00+00:00
[2024-11-07T17:07:12.784+0000] {logging_mixin.py:190} INFO - [2024-11-07T17:07:12.784+0000] {dag.py:4180} INFO - Setting next_dagrun for dataset_with_extra_from_classic_operator to 2024-11-06 00:00:00+00:00, run_after=2024-11-07 00:00:00+00:00
[2024-11-07T17:07:12.831+0000] {processor.py:208} INFO - Processing /home/airflow/.local/lib/python3.12/site-packages/airflow/example_dags/example_outlet_event_extra.py took 0.386 seconds
[2024-11-07T17:07:43.145+0000] {processor.py:186} INFO - Started process (PID=938) to work on /home/airflow/.local/lib/python3.12/site-packages/airflow/example_dags/example_outlet_event_extra.py
[2024-11-07T17:07:43.146+0000] {processor.py:914} INFO - Processing file /home/airflow/.local/lib/python3.12/site-packages/airflow/example_dags/example_outlet_event_extra.py for tasks to queue
[2024-11-07T17:07:43.151+0000] {logging_mixin.py:190} INFO - [2024-11-07T17:07:43.151+0000] {dagbag.py:588} INFO - Filling up the DagBag from /home/airflow/.local/lib/python3.12/site-packages/airflow/example_dags/example_outlet_event_extra.py
[2024-11-07T17:07:43.356+0000] {processor.py:925} INFO - DAG(s) 'dataset_with_extra_from_classic_operator', 'dataset_with_extra_by_context', 'dataset_with_extra_by_yield' retrieved from /home/airflow/.local/lib/python3.12/site-packages/airflow/example_dags/example_outlet_event_extra.py
[2024-11-07T17:07:43.392+0000] {logging_mixin.py:190} INFO - [2024-11-07T17:07:43.392+0000] {dag.py:3239} INFO - Sync 3 DAGs
[2024-11-07T17:07:43.429+0000] {logging_mixin.py:190} INFO - [2024-11-07T17:07:43.428+0000] {dag.py:4180} INFO - Setting next_dagrun for dataset_with_extra_by_context to 2024-11-06 00:00:00+00:00, run_after=2024-11-07 00:00:00+00:00
[2024-11-07T17:07:43.437+0000] {logging_mixin.py:190} INFO - [2024-11-07T17:07:43.437+0000] {dag.py:4180} INFO - Setting next_dagrun for dataset_with_extra_by_yield to 2024-11-06 00:00:00+00:00, run_after=2024-11-07 00:00:00+00:00
[2024-11-07T17:07:43.441+0000] {logging_mixin.py:190} INFO - [2024-11-07T17:07:43.440+0000] {dag.py:4180} INFO - Setting next_dagrun for dataset_with_extra_from_classic_operator to 2024-11-06 00:00:00+00:00, run_after=2024-11-07 00:00:00+00:00
[2024-11-07T17:07:43.475+0000] {processor.py:208} INFO - Processing /home/airflow/.local/lib/python3.12/site-packages/airflow/example_dags/example_outlet_event_extra.py took 0.343 seconds
[2024-11-07T17:08:14.205+0000] {processor.py:186} INFO - Started process (PID=1001) to work on /home/airflow/.local/lib/python3.12/site-packages/airflow/example_dags/example_outlet_event_extra.py
[2024-11-07T17:08:14.209+0000] {processor.py:914} INFO - Processing file /home/airflow/.local/lib/python3.12/site-packages/airflow/example_dags/example_outlet_event_extra.py for tasks to queue
[2024-11-07T17:08:14.220+0000] {logging_mixin.py:190} INFO - [2024-11-07T17:08:14.219+0000] {dagbag.py:588} INFO - Filling up the DagBag from /home/airflow/.local/lib/python3.12/site-packages/airflow/example_dags/example_outlet_event_extra.py
[2024-11-07T17:08:14.549+0000] {processor.py:925} INFO - DAG(s) 'dataset_with_extra_by_context', 'dataset_with_extra_by_yield', 'dataset_with_extra_from_classic_operator' retrieved from /home/airflow/.local/lib/python3.12/site-packages/airflow/example_dags/example_outlet_event_extra.py
[2024-11-07T17:08:14.589+0000] {logging_mixin.py:190} INFO - [2024-11-07T17:08:14.588+0000] {dag.py:3239} INFO - Sync 3 DAGs
[2024-11-07T17:08:14.621+0000] {logging_mixin.py:190} INFO - [2024-11-07T17:08:14.621+0000] {dag.py:4180} INFO - Setting next_dagrun for dataset_with_extra_by_context to 2024-11-06 00:00:00+00:00, run_after=2024-11-07 00:00:00+00:00
[2024-11-07T17:08:14.627+0000] {logging_mixin.py:190} INFO - [2024-11-07T17:08:14.627+0000] {dag.py:4180} INFO - Setting next_dagrun for dataset_with_extra_by_yield to 2024-11-06 00:00:00+00:00, run_after=2024-11-07 00:00:00+00:00
[2024-11-07T17:08:14.630+0000] {logging_mixin.py:190} INFO - [2024-11-07T17:08:14.630+0000] {dag.py:4180} INFO - Setting next_dagrun for dataset_with_extra_from_classic_operator to 2024-11-06 00:00:00+00:00, run_after=2024-11-07 00:00:00+00:00
[2024-11-07T17:08:14.657+0000] {processor.py:208} INFO - Processing /home/airflow/.local/lib/python3.12/site-packages/airflow/example_dags/example_outlet_event_extra.py took 0.480 seconds
[2024-11-07T17:08:44.886+0000] {processor.py:186} INFO - Started process (PID=1064) to work on /home/airflow/.local/lib/python3.12/site-packages/airflow/example_dags/example_outlet_event_extra.py
[2024-11-07T17:08:44.887+0000] {processor.py:914} INFO - Processing file /home/airflow/.local/lib/python3.12/site-packages/airflow/example_dags/example_outlet_event_extra.py for tasks to queue
[2024-11-07T17:08:44.890+0000] {logging_mixin.py:190} INFO - [2024-11-07T17:08:44.890+0000] {dagbag.py:588} INFO - Filling up the DagBag from /home/airflow/.local/lib/python3.12/site-packages/airflow/example_dags/example_outlet_event_extra.py
[2024-11-07T17:08:45.079+0000] {processor.py:925} INFO - DAG(s) 'dataset_with_extra_from_classic_operator', 'dataset_with_extra_by_context', 'dataset_with_extra_by_yield' retrieved from /home/airflow/.local/lib/python3.12/site-packages/airflow/example_dags/example_outlet_event_extra.py
[2024-11-07T17:08:45.115+0000] {logging_mixin.py:190} INFO - [2024-11-07T17:08:45.114+0000] {dag.py:3239} INFO - Sync 3 DAGs
[2024-11-07T17:08:45.147+0000] {logging_mixin.py:190} INFO - [2024-11-07T17:08:45.147+0000] {dag.py:4180} INFO - Setting next_dagrun for dataset_with_extra_by_context to 2024-11-06 00:00:00+00:00, run_after=2024-11-07 00:00:00+00:00
[2024-11-07T17:08:45.153+0000] {logging_mixin.py:190} INFO - [2024-11-07T17:08:45.153+0000] {dag.py:4180} INFO - Setting next_dagrun for dataset_with_extra_by_yield to 2024-11-06 00:00:00+00:00, run_after=2024-11-07 00:00:00+00:00
[2024-11-07T17:08:45.156+0000] {logging_mixin.py:190} INFO - [2024-11-07T17:08:45.155+0000] {dag.py:4180} INFO - Setting next_dagrun for dataset_with_extra_from_classic_operator to 2024-11-06 00:00:00+00:00, run_after=2024-11-07 00:00:00+00:00
[2024-11-07T17:08:45.178+0000] {processor.py:208} INFO - Processing /home/airflow/.local/lib/python3.12/site-packages/airflow/example_dags/example_outlet_event_extra.py took 0.302 seconds
[2024-11-07T17:09:15.482+0000] {processor.py:186} INFO - Started process (PID=1127) to work on /home/airflow/.local/lib/python3.12/site-packages/airflow/example_dags/example_outlet_event_extra.py
[2024-11-07T17:09:15.483+0000] {processor.py:914} INFO - Processing file /home/airflow/.local/lib/python3.12/site-packages/airflow/example_dags/example_outlet_event_extra.py for tasks to queue
[2024-11-07T17:09:15.488+0000] {logging_mixin.py:190} INFO - [2024-11-07T17:09:15.487+0000] {dagbag.py:588} INFO - Filling up the DagBag from /home/airflow/.local/lib/python3.12/site-packages/airflow/example_dags/example_outlet_event_extra.py
[2024-11-07T17:09:15.678+0000] {processor.py:925} INFO - DAG(s) 'dataset_with_extra_from_classic_operator', 'dataset_with_extra_by_yield', 'dataset_with_extra_by_context' retrieved from /home/airflow/.local/lib/python3.12/site-packages/airflow/example_dags/example_outlet_event_extra.py
[2024-11-07T17:09:15.710+0000] {logging_mixin.py:190} INFO - [2024-11-07T17:09:15.710+0000] {dag.py:3239} INFO - Sync 3 DAGs
[2024-11-07T17:09:15.745+0000] {logging_mixin.py:190} INFO - [2024-11-07T17:09:15.745+0000] {dag.py:4180} INFO - Setting next_dagrun for dataset_with_extra_by_context to 2024-11-06 00:00:00+00:00, run_after=2024-11-07 00:00:00+00:00
[2024-11-07T17:09:15.752+0000] {logging_mixin.py:190} INFO - [2024-11-07T17:09:15.751+0000] {dag.py:4180} INFO - Setting next_dagrun for dataset_with_extra_by_yield to 2024-11-06 00:00:00+00:00, run_after=2024-11-07 00:00:00+00:00
[2024-11-07T17:09:15.755+0000] {logging_mixin.py:190} INFO - [2024-11-07T17:09:15.755+0000] {dag.py:4180} INFO - Setting next_dagrun for dataset_with_extra_from_classic_operator to 2024-11-06 00:00:00+00:00, run_after=2024-11-07 00:00:00+00:00
[2024-11-07T17:09:15.786+0000] {processor.py:208} INFO - Processing /home/airflow/.local/lib/python3.12/site-packages/airflow/example_dags/example_outlet_event_extra.py took 0.314 seconds
[2024-11-07T17:09:46.422+0000] {processor.py:186} INFO - Started process (PID=1190) to work on /home/airflow/.local/lib/python3.12/site-packages/airflow/example_dags/example_outlet_event_extra.py
[2024-11-07T17:09:46.423+0000] {processor.py:914} INFO - Processing file /home/airflow/.local/lib/python3.12/site-packages/airflow/example_dags/example_outlet_event_extra.py for tasks to queue
[2024-11-07T17:09:46.426+0000] {logging_mixin.py:190} INFO - [2024-11-07T17:09:46.426+0000] {dagbag.py:588} INFO - Filling up the DagBag from /home/airflow/.local/lib/python3.12/site-packages/airflow/example_dags/example_outlet_event_extra.py
[2024-11-07T17:09:46.590+0000] {processor.py:925} INFO - DAG(s) 'dataset_with_extra_by_yield', 'dataset_with_extra_from_classic_operator', 'dataset_with_extra_by_context' retrieved from /home/airflow/.local/lib/python3.12/site-packages/airflow/example_dags/example_outlet_event_extra.py
[2024-11-07T17:09:46.620+0000] {logging_mixin.py:190} INFO - [2024-11-07T17:09:46.619+0000] {dag.py:3239} INFO - Sync 3 DAGs
[2024-11-07T17:09:46.648+0000] {logging_mixin.py:190} INFO - [2024-11-07T17:09:46.648+0000] {dag.py:4180} INFO - Setting next_dagrun for dataset_with_extra_by_context to 2024-11-06 00:00:00+00:00, run_after=2024-11-07 00:00:00+00:00
[2024-11-07T17:09:46.654+0000] {logging_mixin.py:190} INFO - [2024-11-07T17:09:46.653+0000] {dag.py:4180} INFO - Setting next_dagrun for dataset_with_extra_by_yield to 2024-11-06 00:00:00+00:00, run_after=2024-11-07 00:00:00+00:00
[2024-11-07T17:09:46.656+0000] {logging_mixin.py:190} INFO - [2024-11-07T17:09:46.656+0000] {dag.py:4180} INFO - Setting next_dagrun for dataset_with_extra_from_classic_operator to 2024-11-06 00:00:00+00:00, run_after=2024-11-07 00:00:00+00:00
[2024-11-07T17:09:46.679+0000] {processor.py:208} INFO - Processing /home/airflow/.local/lib/python3.12/site-packages/airflow/example_dags/example_outlet_event_extra.py took 0.267 seconds
[2024-11-07T17:10:16.770+0000] {processor.py:186} INFO - Started process (PID=1252) to work on /home/airflow/.local/lib/python3.12/site-packages/airflow/example_dags/example_outlet_event_extra.py
[2024-11-07T17:10:16.771+0000] {processor.py:914} INFO - Processing file /home/airflow/.local/lib/python3.12/site-packages/airflow/example_dags/example_outlet_event_extra.py for tasks to queue
[2024-11-07T17:10:16.775+0000] {logging_mixin.py:190} INFO - [2024-11-07T17:10:16.774+0000] {dagbag.py:588} INFO - Filling up the DagBag from /home/airflow/.local/lib/python3.12/site-packages/airflow/example_dags/example_outlet_event_extra.py
[2024-11-07T17:10:16.998+0000] {processor.py:925} INFO - DAG(s) 'dataset_with_extra_by_yield', 'dataset_with_extra_from_classic_operator', 'dataset_with_extra_by_context' retrieved from /home/airflow/.local/lib/python3.12/site-packages/airflow/example_dags/example_outlet_event_extra.py
[2024-11-07T17:10:17.032+0000] {logging_mixin.py:190} INFO - [2024-11-07T17:10:17.032+0000] {dag.py:3239} INFO - Sync 3 DAGs
[2024-11-07T17:10:17.063+0000] {logging_mixin.py:190} INFO - [2024-11-07T17:10:17.062+0000] {dag.py:4180} INFO - Setting next_dagrun for dataset_with_extra_by_context to 2024-11-06 00:00:00+00:00, run_after=2024-11-07 00:00:00+00:00
[2024-11-07T17:10:17.068+0000] {logging_mixin.py:190} INFO - [2024-11-07T17:10:17.068+0000] {dag.py:4180} INFO - Setting next_dagrun for dataset_with_extra_by_yield to 2024-11-06 00:00:00+00:00, run_after=2024-11-07 00:00:00+00:00
[2024-11-07T17:10:17.072+0000] {logging_mixin.py:190} INFO - [2024-11-07T17:10:17.072+0000] {dag.py:4180} INFO - Setting next_dagrun for dataset_with_extra_from_classic_operator to 2024-11-06 00:00:00+00:00, run_after=2024-11-07 00:00:00+00:00
[2024-11-07T17:10:17.098+0000] {processor.py:208} INFO - Processing /home/airflow/.local/lib/python3.12/site-packages/airflow/example_dags/example_outlet_event_extra.py took 0.337 seconds
[2024-11-07T17:10:47.198+0000] {processor.py:186} INFO - Started process (PID=1315) to work on /home/airflow/.local/lib/python3.12/site-packages/airflow/example_dags/example_outlet_event_extra.py
[2024-11-07T17:10:47.199+0000] {processor.py:914} INFO - Processing file /home/airflow/.local/lib/python3.12/site-packages/airflow/example_dags/example_outlet_event_extra.py for tasks to queue
[2024-11-07T17:10:47.205+0000] {logging_mixin.py:190} INFO - [2024-11-07T17:10:47.205+0000] {dagbag.py:588} INFO - Filling up the DagBag from /home/airflow/.local/lib/python3.12/site-packages/airflow/example_dags/example_outlet_event_extra.py
[2024-11-07T17:10:47.376+0000] {processor.py:925} INFO - DAG(s) 'dataset_with_extra_by_context', 'dataset_with_extra_by_yield', 'dataset_with_extra_from_classic_operator' retrieved from /home/airflow/.local/lib/python3.12/site-packages/airflow/example_dags/example_outlet_event_extra.py
[2024-11-07T17:10:47.410+0000] {logging_mixin.py:190} INFO - [2024-11-07T17:10:47.410+0000] {dag.py:3239} INFO - Sync 3 DAGs
[2024-11-07T17:10:47.443+0000] {logging_mixin.py:190} INFO - [2024-11-07T17:10:47.443+0000] {dag.py:4180} INFO - Setting next_dagrun for dataset_with_extra_by_context to 2024-11-06 00:00:00+00:00, run_after=2024-11-07 00:00:00+00:00
[2024-11-07T17:10:47.450+0000] {logging_mixin.py:190} INFO - [2024-11-07T17:10:47.450+0000] {dag.py:4180} INFO - Setting next_dagrun for dataset_with_extra_by_yield to 2024-11-06 00:00:00+00:00, run_after=2024-11-07 00:00:00+00:00
[2024-11-07T17:10:47.454+0000] {logging_mixin.py:190} INFO - [2024-11-07T17:10:47.454+0000] {dag.py:4180} INFO - Setting next_dagrun for dataset_with_extra_from_classic_operator to 2024-11-06 00:00:00+00:00, run_after=2024-11-07 00:00:00+00:00
[2024-11-07T17:10:47.479+0000] {processor.py:208} INFO - Processing /home/airflow/.local/lib/python3.12/site-packages/airflow/example_dags/example_outlet_event_extra.py took 0.289 seconds
[2024-11-07T17:11:18.147+0000] {processor.py:186} INFO - Started process (PID=1378) to work on /home/airflow/.local/lib/python3.12/site-packages/airflow/example_dags/example_outlet_event_extra.py
[2024-11-07T17:11:18.148+0000] {processor.py:914} INFO - Processing file /home/airflow/.local/lib/python3.12/site-packages/airflow/example_dags/example_outlet_event_extra.py for tasks to queue
[2024-11-07T17:11:18.152+0000] {logging_mixin.py:190} INFO - [2024-11-07T17:11:18.152+0000] {dagbag.py:588} INFO - Filling up the DagBag from /home/airflow/.local/lib/python3.12/site-packages/airflow/example_dags/example_outlet_event_extra.py
[2024-11-07T17:11:18.356+0000] {processor.py:925} INFO - DAG(s) 'dataset_with_extra_from_classic_operator', 'dataset_with_extra_by_context', 'dataset_with_extra_by_yield' retrieved from /home/airflow/.local/lib/python3.12/site-packages/airflow/example_dags/example_outlet_event_extra.py
[2024-11-07T17:11:18.397+0000] {logging_mixin.py:190} INFO - [2024-11-07T17:11:18.397+0000] {dag.py:3239} INFO - Sync 3 DAGs
[2024-11-07T17:11:18.442+0000] {logging_mixin.py:190} INFO - [2024-11-07T17:11:18.442+0000] {dag.py:4180} INFO - Setting next_dagrun for dataset_with_extra_by_context to 2024-11-06 00:00:00+00:00, run_after=2024-11-07 00:00:00+00:00
[2024-11-07T17:11:18.450+0000] {logging_mixin.py:190} INFO - [2024-11-07T17:11:18.449+0000] {dag.py:4180} INFO - Setting next_dagrun for dataset_with_extra_by_yield to 2024-11-06 00:00:00+00:00, run_after=2024-11-07 00:00:00+00:00
[2024-11-07T17:11:18.453+0000] {logging_mixin.py:190} INFO - [2024-11-07T17:11:18.453+0000] {dag.py:4180} INFO - Setting next_dagrun for dataset_with_extra_from_classic_operator to 2024-11-06 00:00:00+00:00, run_after=2024-11-07 00:00:00+00:00
[2024-11-07T17:11:18.500+0000] {processor.py:208} INFO - Processing /home/airflow/.local/lib/python3.12/site-packages/airflow/example_dags/example_outlet_event_extra.py took 0.364 seconds
[2024-11-07T17:11:48.676+0000] {processor.py:186} INFO - Started process (PID=1441) to work on /home/airflow/.local/lib/python3.12/site-packages/airflow/example_dags/example_outlet_event_extra.py
[2024-11-07T17:11:48.678+0000] {processor.py:914} INFO - Processing file /home/airflow/.local/lib/python3.12/site-packages/airflow/example_dags/example_outlet_event_extra.py for tasks to queue
[2024-11-07T17:11:48.682+0000] {logging_mixin.py:190} INFO - [2024-11-07T17:11:48.682+0000] {dagbag.py:588} INFO - Filling up the DagBag from /home/airflow/.local/lib/python3.12/site-packages/airflow/example_dags/example_outlet_event_extra.py
[2024-11-07T17:11:48.845+0000] {processor.py:925} INFO - DAG(s) 'dataset_with_extra_from_classic_operator', 'dataset_with_extra_by_yield', 'dataset_with_extra_by_context' retrieved from /home/airflow/.local/lib/python3.12/site-packages/airflow/example_dags/example_outlet_event_extra.py
[2024-11-07T17:11:48.906+0000] {logging_mixin.py:190} INFO - [2024-11-07T17:11:48.905+0000] {dag.py:3239} INFO - Sync 3 DAGs
[2024-11-07T17:11:48.936+0000] {logging_mixin.py:190} INFO - [2024-11-07T17:11:48.936+0000] {dag.py:4180} INFO - Setting next_dagrun for dataset_with_extra_by_context to 2024-11-06 00:00:00+00:00, run_after=2024-11-07 00:00:00+00:00
[2024-11-07T17:11:48.941+0000] {logging_mixin.py:190} INFO - [2024-11-07T17:11:48.941+0000] {dag.py:4180} INFO - Setting next_dagrun for dataset_with_extra_by_yield to 2024-11-06 00:00:00+00:00, run_after=2024-11-07 00:00:00+00:00
[2024-11-07T17:11:48.945+0000] {logging_mixin.py:190} INFO - [2024-11-07T17:11:48.945+0000] {dag.py:4180} INFO - Setting next_dagrun for dataset_with_extra_from_classic_operator to 2024-11-06 00:00:00+00:00, run_after=2024-11-07 00:00:00+00:00
[2024-11-07T17:11:48.972+0000] {processor.py:208} INFO - Processing /home/airflow/.local/lib/python3.12/site-packages/airflow/example_dags/example_outlet_event_extra.py took 0.304 seconds
[2024-11-07T17:12:24.132+0000] {processor.py:186} INFO - Started process (PID=1504) to work on /home/airflow/.local/lib/python3.12/site-packages/airflow/example_dags/example_outlet_event_extra.py
[2024-11-07T17:12:24.135+0000] {processor.py:914} INFO - Processing file /home/airflow/.local/lib/python3.12/site-packages/airflow/example_dags/example_outlet_event_extra.py for tasks to queue
[2024-11-07T17:12:24.147+0000] {logging_mixin.py:190} INFO - [2024-11-07T17:12:24.146+0000] {dagbag.py:588} INFO - Filling up the DagBag from /home/airflow/.local/lib/python3.12/site-packages/airflow/example_dags/example_outlet_event_extra.py
[2024-11-07T17:12:24.484+0000] {processor.py:925} INFO - DAG(s) 'dataset_with_extra_by_context', 'dataset_with_extra_by_yield', 'dataset_with_extra_from_classic_operator' retrieved from /home/airflow/.local/lib/python3.12/site-packages/airflow/example_dags/example_outlet_event_extra.py
[2024-11-07T17:12:24.540+0000] {logging_mixin.py:190} INFO - [2024-11-07T17:12:24.540+0000] {dag.py:3239} INFO - Sync 3 DAGs
[2024-11-07T17:12:24.585+0000] {logging_mixin.py:190} INFO - [2024-11-07T17:12:24.585+0000] {dag.py:4180} INFO - Setting next_dagrun for dataset_with_extra_by_context to 2024-11-06 00:00:00+00:00, run_after=2024-11-07 00:00:00+00:00
[2024-11-07T17:12:24.595+0000] {logging_mixin.py:190} INFO - [2024-11-07T17:12:24.595+0000] {dag.py:4180} INFO - Setting next_dagrun for dataset_with_extra_by_yield to 2024-11-06 00:00:00+00:00, run_after=2024-11-07 00:00:00+00:00
[2024-11-07T17:12:24.600+0000] {logging_mixin.py:190} INFO - [2024-11-07T17:12:24.600+0000] {dag.py:4180} INFO - Setting next_dagrun for dataset_with_extra_from_classic_operator to 2024-11-06 00:00:00+00:00, run_after=2024-11-07 00:00:00+00:00
[2024-11-07T17:12:24.919+0000] {processor.py:208} INFO - Processing /home/airflow/.local/lib/python3.12/site-packages/airflow/example_dags/example_outlet_event_extra.py took 0.803 seconds
[2024-11-07T17:12:55.159+0000] {processor.py:186} INFO - Started process (PID=1568) to work on /home/airflow/.local/lib/python3.12/site-packages/airflow/example_dags/example_outlet_event_extra.py
[2024-11-07T17:12:55.161+0000] {processor.py:914} INFO - Processing file /home/airflow/.local/lib/python3.12/site-packages/airflow/example_dags/example_outlet_event_extra.py for tasks to queue
[2024-11-07T17:12:55.168+0000] {logging_mixin.py:190} INFO - [2024-11-07T17:12:55.167+0000] {dagbag.py:588} INFO - Filling up the DagBag from /home/airflow/.local/lib/python3.12/site-packages/airflow/example_dags/example_outlet_event_extra.py
[2024-11-07T17:12:55.451+0000] {processor.py:925} INFO - DAG(s) 'dataset_with_extra_by_yield', 'dataset_with_extra_by_context', 'dataset_with_extra_from_classic_operator' retrieved from /home/airflow/.local/lib/python3.12/site-packages/airflow/example_dags/example_outlet_event_extra.py
[2024-11-07T17:12:55.522+0000] {logging_mixin.py:190} INFO - [2024-11-07T17:12:55.522+0000] {dag.py:3239} INFO - Sync 3 DAGs
[2024-11-07T17:12:55.572+0000] {logging_mixin.py:190} INFO - [2024-11-07T17:12:55.572+0000] {dag.py:4180} INFO - Setting next_dagrun for dataset_with_extra_by_context to 2024-11-06 00:00:00+00:00, run_after=2024-11-07 00:00:00+00:00
[2024-11-07T17:12:55.582+0000] {logging_mixin.py:190} INFO - [2024-11-07T17:12:55.581+0000] {dag.py:4180} INFO - Setting next_dagrun for dataset_with_extra_by_yield to 2024-11-06 00:00:00+00:00, run_after=2024-11-07 00:00:00+00:00
[2024-11-07T17:12:55.587+0000] {logging_mixin.py:190} INFO - [2024-11-07T17:12:55.586+0000] {dag.py:4180} INFO - Setting next_dagrun for dataset_with_extra_from_classic_operator to 2024-11-06 00:00:00+00:00, run_after=2024-11-07 00:00:00+00:00
[2024-11-07T17:12:55.632+0000] {processor.py:208} INFO - Processing /home/airflow/.local/lib/python3.12/site-packages/airflow/example_dags/example_outlet_event_extra.py took 0.489 seconds
[2024-11-07T17:13:25.892+0000] {processor.py:186} INFO - Started process (PID=1630) to work on /home/airflow/.local/lib/python3.12/site-packages/airflow/example_dags/example_outlet_event_extra.py
[2024-11-07T17:13:25.893+0000] {processor.py:914} INFO - Processing file /home/airflow/.local/lib/python3.12/site-packages/airflow/example_dags/example_outlet_event_extra.py for tasks to queue
[2024-11-07T17:13:25.896+0000] {logging_mixin.py:190} INFO - [2024-11-07T17:13:25.896+0000] {dagbag.py:588} INFO - Filling up the DagBag from /home/airflow/.local/lib/python3.12/site-packages/airflow/example_dags/example_outlet_event_extra.py
[2024-11-07T17:13:27.032+0000] {processor.py:925} INFO - DAG(s) 'dataset_with_extra_by_yield', 'dataset_with_extra_from_classic_operator', 'dataset_with_extra_by_context' retrieved from /home/airflow/.local/lib/python3.12/site-packages/airflow/example_dags/example_outlet_event_extra.py
[2024-11-07T17:13:27.144+0000] {logging_mixin.py:190} INFO - [2024-11-07T17:13:27.143+0000] {dag.py:3239} INFO - Sync 3 DAGs
[2024-11-07T17:13:27.233+0000] {logging_mixin.py:190} INFO - [2024-11-07T17:13:27.233+0000] {dag.py:4180} INFO - Setting next_dagrun for dataset_with_extra_by_context to 2024-11-06 00:00:00+00:00, run_after=2024-11-07 00:00:00+00:00
[2024-11-07T17:13:27.243+0000] {logging_mixin.py:190} INFO - [2024-11-07T17:13:27.243+0000] {dag.py:4180} INFO - Setting next_dagrun for dataset_with_extra_by_yield to 2024-11-06 00:00:00+00:00, run_after=2024-11-07 00:00:00+00:00
[2024-11-07T17:13:27.249+0000] {logging_mixin.py:190} INFO - [2024-11-07T17:13:27.249+0000] {dag.py:4180} INFO - Setting next_dagrun for dataset_with_extra_from_classic_operator to 2024-11-06 00:00:00+00:00, run_after=2024-11-07 00:00:00+00:00
[2024-11-07T17:13:27.285+0000] {processor.py:208} INFO - Processing /home/airflow/.local/lib/python3.12/site-packages/airflow/example_dags/example_outlet_event_extra.py took 1.401 seconds
[2024-11-07T17:13:57.988+0000] {processor.py:186} INFO - Started process (PID=1692) to work on /home/airflow/.local/lib/python3.12/site-packages/airflow/example_dags/example_outlet_event_extra.py
[2024-11-07T17:13:57.989+0000] {processor.py:914} INFO - Processing file /home/airflow/.local/lib/python3.12/site-packages/airflow/example_dags/example_outlet_event_extra.py for tasks to queue
[2024-11-07T17:13:57.992+0000] {logging_mixin.py:190} INFO - [2024-11-07T17:13:57.992+0000] {dagbag.py:588} INFO - Filling up the DagBag from /home/airflow/.local/lib/python3.12/site-packages/airflow/example_dags/example_outlet_event_extra.py
[2024-11-07T17:13:58.170+0000] {processor.py:925} INFO - DAG(s) 'dataset_with_extra_from_classic_operator', 'dataset_with_extra_by_context', 'dataset_with_extra_by_yield' retrieved from /home/airflow/.local/lib/python3.12/site-packages/airflow/example_dags/example_outlet_event_extra.py
[2024-11-07T17:13:58.205+0000] {logging_mixin.py:190} INFO - [2024-11-07T17:13:58.205+0000] {dag.py:3239} INFO - Sync 3 DAGs
[2024-11-07T17:13:58.234+0000] {logging_mixin.py:190} INFO - [2024-11-07T17:13:58.234+0000] {dag.py:4180} INFO - Setting next_dagrun for dataset_with_extra_by_context to 2024-11-06 00:00:00+00:00, run_after=2024-11-07 00:00:00+00:00
[2024-11-07T17:13:58.239+0000] {logging_mixin.py:190} INFO - [2024-11-07T17:13:58.239+0000] {dag.py:4180} INFO - Setting next_dagrun for dataset_with_extra_by_yield to 2024-11-06 00:00:00+00:00, run_after=2024-11-07 00:00:00+00:00
[2024-11-07T17:13:58.242+0000] {logging_mixin.py:190} INFO - [2024-11-07T17:13:58.241+0000] {dag.py:4180} INFO - Setting next_dagrun for dataset_with_extra_from_classic_operator to 2024-11-06 00:00:00+00:00, run_after=2024-11-07 00:00:00+00:00
[2024-11-07T17:13:58.268+0000] {processor.py:208} INFO - Processing /home/airflow/.local/lib/python3.12/site-packages/airflow/example_dags/example_outlet_event_extra.py took 0.295 seconds
[2024-11-07T17:14:28.410+0000] {processor.py:186} INFO - Started process (PID=1755) to work on /home/airflow/.local/lib/python3.12/site-packages/airflow/example_dags/example_outlet_event_extra.py
[2024-11-07T17:14:28.411+0000] {processor.py:914} INFO - Processing file /home/airflow/.local/lib/python3.12/site-packages/airflow/example_dags/example_outlet_event_extra.py for tasks to queue
[2024-11-07T17:14:28.414+0000] {logging_mixin.py:190} INFO - [2024-11-07T17:14:28.414+0000] {dagbag.py:588} INFO - Filling up the DagBag from /home/airflow/.local/lib/python3.12/site-packages/airflow/example_dags/example_outlet_event_extra.py
[2024-11-07T17:14:28.615+0000] {processor.py:925} INFO - DAG(s) 'dataset_with_extra_from_classic_operator', 'dataset_with_extra_by_context', 'dataset_with_extra_by_yield' retrieved from /home/airflow/.local/lib/python3.12/site-packages/airflow/example_dags/example_outlet_event_extra.py
[2024-11-07T17:14:28.654+0000] {logging_mixin.py:190} INFO - [2024-11-07T17:14:28.653+0000] {dag.py:3239} INFO - Sync 3 DAGs
[2024-11-07T17:14:28.716+0000] {logging_mixin.py:190} INFO - [2024-11-07T17:14:28.716+0000] {dag.py:4180} INFO - Setting next_dagrun for dataset_with_extra_by_context to 2024-11-06 00:00:00+00:00, run_after=2024-11-07 00:00:00+00:00
[2024-11-07T17:14:28.722+0000] {logging_mixin.py:190} INFO - [2024-11-07T17:14:28.722+0000] {dag.py:4180} INFO - Setting next_dagrun for dataset_with_extra_by_yield to 2024-11-06 00:00:00+00:00, run_after=2024-11-07 00:00:00+00:00
[2024-11-07T17:14:28.726+0000] {logging_mixin.py:190} INFO - [2024-11-07T17:14:28.726+0000] {dag.py:4180} INFO - Setting next_dagrun for dataset_with_extra_from_classic_operator to 2024-11-06 00:00:00+00:00, run_after=2024-11-07 00:00:00+00:00
[2024-11-07T17:14:28.759+0000] {processor.py:208} INFO - Processing /home/airflow/.local/lib/python3.12/site-packages/airflow/example_dags/example_outlet_event_extra.py took 0.358 seconds
[2024-11-07T17:14:59.412+0000] {processor.py:186} INFO - Started process (PID=1818) to work on /home/airflow/.local/lib/python3.12/site-packages/airflow/example_dags/example_outlet_event_extra.py
[2024-11-07T17:14:59.413+0000] {processor.py:914} INFO - Processing file /home/airflow/.local/lib/python3.12/site-packages/airflow/example_dags/example_outlet_event_extra.py for tasks to queue
[2024-11-07T17:14:59.418+0000] {logging_mixin.py:190} INFO - [2024-11-07T17:14:59.417+0000] {dagbag.py:588} INFO - Filling up the DagBag from /home/airflow/.local/lib/python3.12/site-packages/airflow/example_dags/example_outlet_event_extra.py
[2024-11-07T17:14:59.596+0000] {processor.py:925} INFO - DAG(s) 'dataset_with_extra_by_yield', 'dataset_with_extra_by_context', 'dataset_with_extra_from_classic_operator' retrieved from /home/airflow/.local/lib/python3.12/site-packages/airflow/example_dags/example_outlet_event_extra.py
[2024-11-07T17:14:59.633+0000] {logging_mixin.py:190} INFO - [2024-11-07T17:14:59.633+0000] {dag.py:3239} INFO - Sync 3 DAGs
[2024-11-07T17:15:00.112+0000] {logging_mixin.py:190} INFO - [2024-11-07T17:15:00.112+0000] {dag.py:4180} INFO - Setting next_dagrun for dataset_with_extra_by_context to 2024-11-06 00:00:00+00:00, run_after=2024-11-07 00:00:00+00:00
[2024-11-07T17:15:00.122+0000] {logging_mixin.py:190} INFO - [2024-11-07T17:15:00.122+0000] {dag.py:4180} INFO - Setting next_dagrun for dataset_with_extra_by_yield to 2024-11-06 00:00:00+00:00, run_after=2024-11-07 00:00:00+00:00
[2024-11-07T17:15:00.126+0000] {logging_mixin.py:190} INFO - [2024-11-07T17:15:00.126+0000] {dag.py:4180} INFO - Setting next_dagrun for dataset_with_extra_from_classic_operator to 2024-11-06 00:00:00+00:00, run_after=2024-11-07 00:00:00+00:00
[2024-11-07T17:15:00.184+0000] {processor.py:208} INFO - Processing /home/airflow/.local/lib/python3.12/site-packages/airflow/example_dags/example_outlet_event_extra.py took 0.781 seconds
[2024-11-07T17:15:30.477+0000] {processor.py:186} INFO - Started process (PID=1880) to work on /home/airflow/.local/lib/python3.12/site-packages/airflow/example_dags/example_outlet_event_extra.py
[2024-11-07T17:15:30.478+0000] {processor.py:914} INFO - Processing file /home/airflow/.local/lib/python3.12/site-packages/airflow/example_dags/example_outlet_event_extra.py for tasks to queue
[2024-11-07T17:15:30.483+0000] {logging_mixin.py:190} INFO - [2024-11-07T17:15:30.482+0000] {dagbag.py:588} INFO - Filling up the DagBag from /home/airflow/.local/lib/python3.12/site-packages/airflow/example_dags/example_outlet_event_extra.py
[2024-11-07T17:15:30.713+0000] {processor.py:925} INFO - DAG(s) 'dataset_with_extra_from_classic_operator', 'dataset_with_extra_by_context', 'dataset_with_extra_by_yield' retrieved from /home/airflow/.local/lib/python3.12/site-packages/airflow/example_dags/example_outlet_event_extra.py
[2024-11-07T17:15:30.746+0000] {logging_mixin.py:190} INFO - [2024-11-07T17:15:30.745+0000] {dag.py:3239} INFO - Sync 3 DAGs
[2024-11-07T17:15:31.012+0000] {logging_mixin.py:190} INFO - [2024-11-07T17:15:31.011+0000] {dag.py:4180} INFO - Setting next_dagrun for dataset_with_extra_by_context to 2024-11-06 00:00:00+00:00, run_after=2024-11-07 00:00:00+00:00
[2024-11-07T17:15:31.019+0000] {logging_mixin.py:190} INFO - [2024-11-07T17:15:31.019+0000] {dag.py:4180} INFO - Setting next_dagrun for dataset_with_extra_by_yield to 2024-11-06 00:00:00+00:00, run_after=2024-11-07 00:00:00+00:00
[2024-11-07T17:15:31.022+0000] {logging_mixin.py:190} INFO - [2024-11-07T17:15:31.022+0000] {dag.py:4180} INFO - Setting next_dagrun for dataset_with_extra_from_classic_operator to 2024-11-06 00:00:00+00:00, run_after=2024-11-07 00:00:00+00:00
[2024-11-07T17:15:31.051+0000] {processor.py:208} INFO - Processing /home/airflow/.local/lib/python3.12/site-packages/airflow/example_dags/example_outlet_event_extra.py took 0.583 seconds
[2024-11-07T17:16:01.386+0000] {processor.py:186} INFO - Started process (PID=1943) to work on /home/airflow/.local/lib/python3.12/site-packages/airflow/example_dags/example_outlet_event_extra.py
[2024-11-07T17:16:01.388+0000] {processor.py:914} INFO - Processing file /home/airflow/.local/lib/python3.12/site-packages/airflow/example_dags/example_outlet_event_extra.py for tasks to queue
[2024-11-07T17:16:01.391+0000] {logging_mixin.py:190} INFO - [2024-11-07T17:16:01.391+0000] {dagbag.py:588} INFO - Filling up the DagBag from /home/airflow/.local/lib/python3.12/site-packages/airflow/example_dags/example_outlet_event_extra.py
[2024-11-07T17:16:01.620+0000] {processor.py:925} INFO - DAG(s) 'dataset_with_extra_by_context', 'dataset_with_extra_from_classic_operator', 'dataset_with_extra_by_yield' retrieved from /home/airflow/.local/lib/python3.12/site-packages/airflow/example_dags/example_outlet_event_extra.py
[2024-11-07T17:16:01.654+0000] {logging_mixin.py:190} INFO - [2024-11-07T17:16:01.654+0000] {dag.py:3239} INFO - Sync 3 DAGs
[2024-11-07T17:16:01.910+0000] {logging_mixin.py:190} INFO - [2024-11-07T17:16:01.910+0000] {dag.py:4180} INFO - Setting next_dagrun for dataset_with_extra_by_context to 2024-11-06 00:00:00+00:00, run_after=2024-11-07 00:00:00+00:00
[2024-11-07T17:16:01.917+0000] {logging_mixin.py:190} INFO - [2024-11-07T17:16:01.917+0000] {dag.py:4180} INFO - Setting next_dagrun for dataset_with_extra_by_yield to 2024-11-06 00:00:00+00:00, run_after=2024-11-07 00:00:00+00:00
[2024-11-07T17:16:01.920+0000] {logging_mixin.py:190} INFO - [2024-11-07T17:16:01.920+0000] {dag.py:4180} INFO - Setting next_dagrun for dataset_with_extra_from_classic_operator to 2024-11-06 00:00:00+00:00, run_after=2024-11-07 00:00:00+00:00
[2024-11-07T17:16:01.945+0000] {processor.py:208} INFO - Processing /home/airflow/.local/lib/python3.12/site-packages/airflow/example_dags/example_outlet_event_extra.py took 0.568 seconds
[2024-11-07T17:16:32.455+0000] {processor.py:186} INFO - Started process (PID=2006) to work on /home/airflow/.local/lib/python3.12/site-packages/airflow/example_dags/example_outlet_event_extra.py
[2024-11-07T17:16:32.456+0000] {processor.py:914} INFO - Processing file /home/airflow/.local/lib/python3.12/site-packages/airflow/example_dags/example_outlet_event_extra.py for tasks to queue
[2024-11-07T17:16:32.460+0000] {logging_mixin.py:190} INFO - [2024-11-07T17:16:32.460+0000] {dagbag.py:588} INFO - Filling up the DagBag from /home/airflow/.local/lib/python3.12/site-packages/airflow/example_dags/example_outlet_event_extra.py
[2024-11-07T17:16:32.639+0000] {processor.py:925} INFO - DAG(s) 'dataset_with_extra_by_yield', 'dataset_with_extra_from_classic_operator', 'dataset_with_extra_by_context' retrieved from /home/airflow/.local/lib/python3.12/site-packages/airflow/example_dags/example_outlet_event_extra.py
[2024-11-07T17:16:32.671+0000] {logging_mixin.py:190} INFO - [2024-11-07T17:16:32.671+0000] {dag.py:3239} INFO - Sync 3 DAGs
[2024-11-07T17:16:32.895+0000] {logging_mixin.py:190} INFO - [2024-11-07T17:16:32.894+0000] {dag.py:4180} INFO - Setting next_dagrun for dataset_with_extra_by_context to 2024-11-06 00:00:00+00:00, run_after=2024-11-07 00:00:00+00:00
[2024-11-07T17:16:32.901+0000] {logging_mixin.py:190} INFO - [2024-11-07T17:16:32.901+0000] {dag.py:4180} INFO - Setting next_dagrun for dataset_with_extra_by_yield to 2024-11-06 00:00:00+00:00, run_after=2024-11-07 00:00:00+00:00
[2024-11-07T17:16:32.904+0000] {logging_mixin.py:190} INFO - [2024-11-07T17:16:32.904+0000] {dag.py:4180} INFO - Setting next_dagrun for dataset_with_extra_from_classic_operator to 2024-11-06 00:00:00+00:00, run_after=2024-11-07 00:00:00+00:00
[2024-11-07T17:16:32.929+0000] {processor.py:208} INFO - Processing /home/airflow/.local/lib/python3.12/site-packages/airflow/example_dags/example_outlet_event_extra.py took 0.483 seconds
[2024-11-07T17:17:03.146+0000] {processor.py:186} INFO - Started process (PID=2069) to work on /home/airflow/.local/lib/python3.12/site-packages/airflow/example_dags/example_outlet_event_extra.py
[2024-11-07T17:17:03.147+0000] {processor.py:914} INFO - Processing file /home/airflow/.local/lib/python3.12/site-packages/airflow/example_dags/example_outlet_event_extra.py for tasks to queue
[2024-11-07T17:17:03.151+0000] {logging_mixin.py:190} INFO - [2024-11-07T17:17:03.150+0000] {dagbag.py:588} INFO - Filling up the DagBag from /home/airflow/.local/lib/python3.12/site-packages/airflow/example_dags/example_outlet_event_extra.py
[2024-11-07T17:17:03.342+0000] {processor.py:925} INFO - DAG(s) 'dataset_with_extra_from_classic_operator', 'dataset_with_extra_by_context', 'dataset_with_extra_by_yield' retrieved from /home/airflow/.local/lib/python3.12/site-packages/airflow/example_dags/example_outlet_event_extra.py
[2024-11-07T17:17:03.376+0000] {logging_mixin.py:190} INFO - [2024-11-07T17:17:03.376+0000] {dag.py:3239} INFO - Sync 3 DAGs
[2024-11-07T17:17:03.412+0000] {logging_mixin.py:190} INFO - [2024-11-07T17:17:03.411+0000] {dag.py:4180} INFO - Setting next_dagrun for dataset_with_extra_by_context to 2024-11-06 00:00:00+00:00, run_after=2024-11-07 00:00:00+00:00
[2024-11-07T17:17:03.419+0000] {logging_mixin.py:190} INFO - [2024-11-07T17:17:03.419+0000] {dag.py:4180} INFO - Setting next_dagrun for dataset_with_extra_by_yield to 2024-11-06 00:00:00+00:00, run_after=2024-11-07 00:00:00+00:00
[2024-11-07T17:17:03.423+0000] {logging_mixin.py:190} INFO - [2024-11-07T17:17:03.423+0000] {dag.py:4180} INFO - Setting next_dagrun for dataset_with_extra_from_classic_operator to 2024-11-06 00:00:00+00:00, run_after=2024-11-07 00:00:00+00:00
[2024-11-07T17:17:03.656+0000] {processor.py:208} INFO - Processing /home/airflow/.local/lib/python3.12/site-packages/airflow/example_dags/example_outlet_event_extra.py took 0.519 seconds
[2024-11-07T17:17:33.789+0000] {processor.py:186} INFO - Started process (PID=2131) to work on /home/airflow/.local/lib/python3.12/site-packages/airflow/example_dags/example_outlet_event_extra.py
[2024-11-07T17:17:33.790+0000] {processor.py:914} INFO - Processing file /home/airflow/.local/lib/python3.12/site-packages/airflow/example_dags/example_outlet_event_extra.py for tasks to queue
[2024-11-07T17:17:33.794+0000] {logging_mixin.py:190} INFO - [2024-11-07T17:17:33.793+0000] {dagbag.py:588} INFO - Filling up the DagBag from /home/airflow/.local/lib/python3.12/site-packages/airflow/example_dags/example_outlet_event_extra.py
[2024-11-07T17:17:34.171+0000] {processor.py:925} INFO - DAG(s) 'dataset_with_extra_from_classic_operator', 'dataset_with_extra_by_context', 'dataset_with_extra_by_yield' retrieved from /home/airflow/.local/lib/python3.12/site-packages/airflow/example_dags/example_outlet_event_extra.py
[2024-11-07T17:17:34.207+0000] {logging_mixin.py:190} INFO - [2024-11-07T17:17:34.207+0000] {dag.py:3239} INFO - Sync 3 DAGs
[2024-11-07T17:17:34.239+0000] {logging_mixin.py:190} INFO - [2024-11-07T17:17:34.239+0000] {dag.py:4180} INFO - Setting next_dagrun for dataset_with_extra_by_context to 2024-11-06 00:00:00+00:00, run_after=2024-11-07 00:00:00+00:00
[2024-11-07T17:17:34.245+0000] {logging_mixin.py:190} INFO - [2024-11-07T17:17:34.245+0000] {dag.py:4180} INFO - Setting next_dagrun for dataset_with_extra_by_yield to 2024-11-06 00:00:00+00:00, run_after=2024-11-07 00:00:00+00:00
[2024-11-07T17:17:34.249+0000] {logging_mixin.py:190} INFO - [2024-11-07T17:17:34.249+0000] {dag.py:4180} INFO - Setting next_dagrun for dataset_with_extra_from_classic_operator to 2024-11-06 00:00:00+00:00, run_after=2024-11-07 00:00:00+00:00
[2024-11-07T17:17:34.276+0000] {processor.py:208} INFO - Processing /home/airflow/.local/lib/python3.12/site-packages/airflow/example_dags/example_outlet_event_extra.py took 0.495 seconds
[2024-11-07T17:18:04.412+0000] {processor.py:186} INFO - Started process (PID=2194) to work on /home/airflow/.local/lib/python3.12/site-packages/airflow/example_dags/example_outlet_event_extra.py
[2024-11-07T17:18:04.413+0000] {processor.py:914} INFO - Processing file /home/airflow/.local/lib/python3.12/site-packages/airflow/example_dags/example_outlet_event_extra.py for tasks to queue
[2024-11-07T17:18:04.417+0000] {logging_mixin.py:190} INFO - [2024-11-07T17:18:04.416+0000] {dagbag.py:588} INFO - Filling up the DagBag from /home/airflow/.local/lib/python3.12/site-packages/airflow/example_dags/example_outlet_event_extra.py
[2024-11-07T17:18:04.815+0000] {processor.py:925} INFO - DAG(s) 'dataset_with_extra_by_context', 'dataset_with_extra_from_classic_operator', 'dataset_with_extra_by_yield' retrieved from /home/airflow/.local/lib/python3.12/site-packages/airflow/example_dags/example_outlet_event_extra.py
[2024-11-07T17:18:04.847+0000] {logging_mixin.py:190} INFO - [2024-11-07T17:18:04.846+0000] {dag.py:3239} INFO - Sync 3 DAGs
[2024-11-07T17:18:04.875+0000] {logging_mixin.py:190} INFO - [2024-11-07T17:18:04.875+0000] {dag.py:4180} INFO - Setting next_dagrun for dataset_with_extra_by_context to 2024-11-06 00:00:00+00:00, run_after=2024-11-07 00:00:00+00:00
[2024-11-07T17:18:04.881+0000] {logging_mixin.py:190} INFO - [2024-11-07T17:18:04.881+0000] {dag.py:4180} INFO - Setting next_dagrun for dataset_with_extra_by_yield to 2024-11-06 00:00:00+00:00, run_after=2024-11-07 00:00:00+00:00
[2024-11-07T17:18:04.884+0000] {logging_mixin.py:190} INFO - [2024-11-07T17:18:04.884+0000] {dag.py:4180} INFO - Setting next_dagrun for dataset_with_extra_from_classic_operator to 2024-11-06 00:00:00+00:00, run_after=2024-11-07 00:00:00+00:00
[2024-11-07T17:18:04.905+0000] {processor.py:208} INFO - Processing /home/airflow/.local/lib/python3.12/site-packages/airflow/example_dags/example_outlet_event_extra.py took 0.502 seconds
[2024-11-07T17:18:35.313+0000] {processor.py:186} INFO - Started process (PID=2258) to work on /home/airflow/.local/lib/python3.12/site-packages/airflow/example_dags/example_outlet_event_extra.py
[2024-11-07T17:18:35.315+0000] {processor.py:914} INFO - Processing file /home/airflow/.local/lib/python3.12/site-packages/airflow/example_dags/example_outlet_event_extra.py for tasks to queue
[2024-11-07T17:18:35.323+0000] {logging_mixin.py:190} INFO - [2024-11-07T17:18:35.322+0000] {dagbag.py:588} INFO - Filling up the DagBag from /home/airflow/.local/lib/python3.12/site-packages/airflow/example_dags/example_outlet_event_extra.py
[2024-11-07T17:18:35.648+0000] {processor.py:925} INFO - DAG(s) 'dataset_with_extra_by_context', 'dataset_with_extra_by_yield', 'dataset_with_extra_from_classic_operator' retrieved from /home/airflow/.local/lib/python3.12/site-packages/airflow/example_dags/example_outlet_event_extra.py
[2024-11-07T17:18:35.939+0000] {logging_mixin.py:190} INFO - [2024-11-07T17:18:35.938+0000] {dag.py:3239} INFO - Sync 3 DAGs
[2024-11-07T17:18:35.980+0000] {logging_mixin.py:190} INFO - [2024-11-07T17:18:35.980+0000] {dag.py:4180} INFO - Setting next_dagrun for dataset_with_extra_by_context to 2024-11-06 00:00:00+00:00, run_after=2024-11-07 00:00:00+00:00
[2024-11-07T17:18:35.989+0000] {logging_mixin.py:190} INFO - [2024-11-07T17:18:35.988+0000] {dag.py:4180} INFO - Setting next_dagrun for dataset_with_extra_by_yield to 2024-11-06 00:00:00+00:00, run_after=2024-11-07 00:00:00+00:00
[2024-11-07T17:18:35.994+0000] {logging_mixin.py:190} INFO - [2024-11-07T17:18:35.994+0000] {dag.py:4180} INFO - Setting next_dagrun for dataset_with_extra_from_classic_operator to 2024-11-06 00:00:00+00:00, run_after=2024-11-07 00:00:00+00:00
[2024-11-07T17:18:36.028+0000] {processor.py:208} INFO - Processing /home/airflow/.local/lib/python3.12/site-packages/airflow/example_dags/example_outlet_event_extra.py took 0.733 seconds
[2024-11-07T17:19:06.970+0000] {processor.py:186} INFO - Started process (PID=2321) to work on /home/airflow/.local/lib/python3.12/site-packages/airflow/example_dags/example_outlet_event_extra.py
[2024-11-07T17:19:06.973+0000] {processor.py:914} INFO - Processing file /home/airflow/.local/lib/python3.12/site-packages/airflow/example_dags/example_outlet_event_extra.py for tasks to queue
[2024-11-07T17:19:06.986+0000] {logging_mixin.py:190} INFO - [2024-11-07T17:19:06.984+0000] {dagbag.py:588} INFO - Filling up the DagBag from /home/airflow/.local/lib/python3.12/site-packages/airflow/example_dags/example_outlet_event_extra.py
[2024-11-07T17:19:12.419+0000] {processor.py:925} INFO - DAG(s) 'dataset_with_extra_by_yield', 'dataset_with_extra_by_context', 'dataset_with_extra_from_classic_operator' retrieved from /home/airflow/.local/lib/python3.12/site-packages/airflow/example_dags/example_outlet_event_extra.py
[2024-11-07T17:19:12.639+0000] {logging_mixin.py:190} INFO - [2024-11-07T17:19:12.639+0000] {dag.py:3239} INFO - Sync 3 DAGs
[2024-11-07T17:19:12.818+0000] {logging_mixin.py:190} INFO - [2024-11-07T17:19:12.817+0000] {dag.py:4180} INFO - Setting next_dagrun for dataset_with_extra_by_context to 2024-11-06 00:00:00+00:00, run_after=2024-11-07 00:00:00+00:00
[2024-11-07T17:19:12.842+0000] {logging_mixin.py:190} INFO - [2024-11-07T17:19:12.841+0000] {dag.py:4180} INFO - Setting next_dagrun for dataset_with_extra_by_yield to 2024-11-06 00:00:00+00:00, run_after=2024-11-07 00:00:00+00:00
[2024-11-07T17:19:12.853+0000] {logging_mixin.py:190} INFO - [2024-11-07T17:19:12.852+0000] {dag.py:4180} INFO - Setting next_dagrun for dataset_with_extra_from_classic_operator to 2024-11-06 00:00:00+00:00, run_after=2024-11-07 00:00:00+00:00
[2024-11-07T17:19:12.985+0000] {processor.py:208} INFO - Processing /home/airflow/.local/lib/python3.12/site-packages/airflow/example_dags/example_outlet_event_extra.py took 6.033 seconds
[2024-11-07T17:19:43.615+0000] {processor.py:186} INFO - Started process (PID=2390) to work on /home/airflow/.local/lib/python3.12/site-packages/airflow/example_dags/example_outlet_event_extra.py
[2024-11-07T17:19:43.616+0000] {processor.py:914} INFO - Processing file /home/airflow/.local/lib/python3.12/site-packages/airflow/example_dags/example_outlet_event_extra.py for tasks to queue
[2024-11-07T17:19:43.619+0000] {logging_mixin.py:190} INFO - [2024-11-07T17:19:43.619+0000] {dagbag.py:588} INFO - Filling up the DagBag from /home/airflow/.local/lib/python3.12/site-packages/airflow/example_dags/example_outlet_event_extra.py
[2024-11-07T17:19:44.751+0000] {processor.py:925} INFO - DAG(s) 'dataset_with_extra_by_context', 'dataset_with_extra_from_classic_operator', 'dataset_with_extra_by_yield' retrieved from /home/airflow/.local/lib/python3.12/site-packages/airflow/example_dags/example_outlet_event_extra.py
[2024-11-07T17:19:44.793+0000] {logging_mixin.py:190} INFO - [2024-11-07T17:19:44.793+0000] {dag.py:3239} INFO - Sync 3 DAGs
[2024-11-07T17:19:44.872+0000] {logging_mixin.py:190} INFO - [2024-11-07T17:19:44.871+0000] {dag.py:4180} INFO - Setting next_dagrun for dataset_with_extra_by_context to 2024-11-06 00:00:00+00:00, run_after=2024-11-07 00:00:00+00:00
[2024-11-07T17:19:44.885+0000] {logging_mixin.py:190} INFO - [2024-11-07T17:19:44.885+0000] {dag.py:4180} INFO - Setting next_dagrun for dataset_with_extra_by_yield to 2024-11-06 00:00:00+00:00, run_after=2024-11-07 00:00:00+00:00
[2024-11-07T17:19:44.891+0000] {logging_mixin.py:190} INFO - [2024-11-07T17:19:44.891+0000] {dag.py:4180} INFO - Setting next_dagrun for dataset_with_extra_from_classic_operator to 2024-11-06 00:00:00+00:00, run_after=2024-11-07 00:00:00+00:00
[2024-11-07T17:19:44.947+0000] {processor.py:208} INFO - Processing /home/airflow/.local/lib/python3.12/site-packages/airflow/example_dags/example_outlet_event_extra.py took 1.336 seconds
[2024-11-07T17:20:15.095+0000] {processor.py:186} INFO - Started process (PID=2454) to work on /home/airflow/.local/lib/python3.12/site-packages/airflow/example_dags/example_outlet_event_extra.py
[2024-11-07T17:20:15.097+0000] {processor.py:914} INFO - Processing file /home/airflow/.local/lib/python3.12/site-packages/airflow/example_dags/example_outlet_event_extra.py for tasks to queue
[2024-11-07T17:20:15.101+0000] {logging_mixin.py:190} INFO - [2024-11-07T17:20:15.100+0000] {dagbag.py:588} INFO - Filling up the DagBag from /home/airflow/.local/lib/python3.12/site-packages/airflow/example_dags/example_outlet_event_extra.py
[2024-11-07T17:20:15.622+0000] {processor.py:925} INFO - DAG(s) 'dataset_with_extra_by_context', 'dataset_with_extra_by_yield', 'dataset_with_extra_from_classic_operator' retrieved from /home/airflow/.local/lib/python3.12/site-packages/airflow/example_dags/example_outlet_event_extra.py
[2024-11-07T17:20:15.650+0000] {logging_mixin.py:190} INFO - [2024-11-07T17:20:15.650+0000] {dag.py:3239} INFO - Sync 3 DAGs
[2024-11-07T17:20:15.679+0000] {logging_mixin.py:190} INFO - [2024-11-07T17:20:15.678+0000] {dag.py:4180} INFO - Setting next_dagrun for dataset_with_extra_by_context to 2024-11-06 00:00:00+00:00, run_after=2024-11-07 00:00:00+00:00
[2024-11-07T17:20:15.684+0000] {logging_mixin.py:190} INFO - [2024-11-07T17:20:15.684+0000] {dag.py:4180} INFO - Setting next_dagrun for dataset_with_extra_by_yield to 2024-11-06 00:00:00+00:00, run_after=2024-11-07 00:00:00+00:00
[2024-11-07T17:20:15.687+0000] {logging_mixin.py:190} INFO - [2024-11-07T17:20:15.687+0000] {dag.py:4180} INFO - Setting next_dagrun for dataset_with_extra_from_classic_operator to 2024-11-06 00:00:00+00:00, run_after=2024-11-07 00:00:00+00:00
[2024-11-07T17:20:15.712+0000] {processor.py:208} INFO - Processing /home/airflow/.local/lib/python3.12/site-packages/airflow/example_dags/example_outlet_event_extra.py took 0.628 seconds
[2024-11-07T17:20:45.787+0000] {processor.py:186} INFO - Started process (PID=2517) to work on /home/airflow/.local/lib/python3.12/site-packages/airflow/example_dags/example_outlet_event_extra.py
[2024-11-07T17:20:45.788+0000] {processor.py:914} INFO - Processing file /home/airflow/.local/lib/python3.12/site-packages/airflow/example_dags/example_outlet_event_extra.py for tasks to queue
[2024-11-07T17:20:45.796+0000] {logging_mixin.py:190} INFO - [2024-11-07T17:20:45.795+0000] {dagbag.py:588} INFO - Filling up the DagBag from /home/airflow/.local/lib/python3.12/site-packages/airflow/example_dags/example_outlet_event_extra.py
[2024-11-07T17:20:46.188+0000] {processor.py:925} INFO - DAG(s) 'dataset_with_extra_from_classic_operator', 'dataset_with_extra_by_context', 'dataset_with_extra_by_yield' retrieved from /home/airflow/.local/lib/python3.12/site-packages/airflow/example_dags/example_outlet_event_extra.py
[2024-11-07T17:20:46.218+0000] {logging_mixin.py:190} INFO - [2024-11-07T17:20:46.217+0000] {dag.py:3239} INFO - Sync 3 DAGs
[2024-11-07T17:20:46.244+0000] {logging_mixin.py:190} INFO - [2024-11-07T17:20:46.244+0000] {dag.py:4180} INFO - Setting next_dagrun for dataset_with_extra_by_context to 2024-11-06 00:00:00+00:00, run_after=2024-11-07 00:00:00+00:00
[2024-11-07T17:20:46.250+0000] {logging_mixin.py:190} INFO - [2024-11-07T17:20:46.249+0000] {dag.py:4180} INFO - Setting next_dagrun for dataset_with_extra_by_yield to 2024-11-06 00:00:00+00:00, run_after=2024-11-07 00:00:00+00:00
[2024-11-07T17:20:46.253+0000] {logging_mixin.py:190} INFO - [2024-11-07T17:20:46.252+0000] {dag.py:4180} INFO - Setting next_dagrun for dataset_with_extra_from_classic_operator to 2024-11-06 00:00:00+00:00, run_after=2024-11-07 00:00:00+00:00
[2024-11-07T17:20:46.276+0000] {processor.py:208} INFO - Processing /home/airflow/.local/lib/python3.12/site-packages/airflow/example_dags/example_outlet_event_extra.py took 0.498 seconds
[2024-11-07T17:21:17.021+0000] {processor.py:186} INFO - Started process (PID=2579) to work on /home/airflow/.local/lib/python3.12/site-packages/airflow/example_dags/example_outlet_event_extra.py
[2024-11-07T17:21:17.022+0000] {processor.py:914} INFO - Processing file /home/airflow/.local/lib/python3.12/site-packages/airflow/example_dags/example_outlet_event_extra.py for tasks to queue
[2024-11-07T17:21:17.028+0000] {logging_mixin.py:190} INFO - [2024-11-07T17:21:17.027+0000] {dagbag.py:588} INFO - Filling up the DagBag from /home/airflow/.local/lib/python3.12/site-packages/airflow/example_dags/example_outlet_event_extra.py
[2024-11-07T17:21:17.513+0000] {processor.py:925} INFO - DAG(s) 'dataset_with_extra_from_classic_operator', 'dataset_with_extra_by_context', 'dataset_with_extra_by_yield' retrieved from /home/airflow/.local/lib/python3.12/site-packages/airflow/example_dags/example_outlet_event_extra.py
[2024-11-07T17:21:17.548+0000] {logging_mixin.py:190} INFO - [2024-11-07T17:21:17.548+0000] {dag.py:3239} INFO - Sync 3 DAGs
[2024-11-07T17:21:17.578+0000] {logging_mixin.py:190} INFO - [2024-11-07T17:21:17.577+0000] {dag.py:4180} INFO - Setting next_dagrun for dataset_with_extra_by_context to 2024-11-06 00:00:00+00:00, run_after=2024-11-07 00:00:00+00:00
[2024-11-07T17:21:17.585+0000] {logging_mixin.py:190} INFO - [2024-11-07T17:21:17.585+0000] {dag.py:4180} INFO - Setting next_dagrun for dataset_with_extra_by_yield to 2024-11-06 00:00:00+00:00, run_after=2024-11-07 00:00:00+00:00
[2024-11-07T17:21:17.588+0000] {logging_mixin.py:190} INFO - [2024-11-07T17:21:17.588+0000] {dag.py:4180} INFO - Setting next_dagrun for dataset_with_extra_from_classic_operator to 2024-11-06 00:00:00+00:00, run_after=2024-11-07 00:00:00+00:00
[2024-11-07T17:21:17.612+0000] {processor.py:208} INFO - Processing /home/airflow/.local/lib/python3.12/site-packages/airflow/example_dags/example_outlet_event_extra.py took 0.601 seconds
