[2024-11-07T17:01:28.898+0000] {processor.py:186} INFO - Started process (PID=176) to work on /home/airflow/.local/lib/python3.12/site-packages/airflow/example_dags/example_dataset_alias_with_no_taskflow.py
[2024-11-07T17:01:28.902+0000] {processor.py:914} INFO - Processing file /home/airflow/.local/lib/python3.12/site-packages/airflow/example_dags/example_dataset_alias_with_no_taskflow.py for tasks to queue
[2024-11-07T17:01:28.909+0000] {logging_mixin.py:190} INFO - [2024-11-07T17:01:28.908+0000] {dagbag.py:588} INFO - Filling up the DagBag from /home/airflow/.local/lib/python3.12/site-packages/airflow/example_dags/example_dataset_alias_with_no_taskflow.py
[2024-11-07T17:01:30.779+0000] {processor.py:925} INFO - DAG(s) 'dataset_s3_bucket_producer_with_no_taskflow', 'dataset_alias_example_alias_consumer_with_no_taskflow', 'dataset_alias_example_alias_producer_with_no_taskflow', 'dataset_s3_bucket_consumer_with_no_taskflow' retrieved from /home/airflow/.local/lib/python3.12/site-packages/airflow/example_dags/example_dataset_alias_with_no_taskflow.py
[2024-11-07T17:01:31.111+0000] {logging_mixin.py:190} INFO - [2024-11-07T17:01:31.109+0000] {override.py:1900} INFO - Created Permission View: can delete on DAG:dataset_s3_bucket_producer_with_no_taskflow
[2024-11-07T17:01:31.142+0000] {logging_mixin.py:190} INFO - [2024-11-07T17:01:31.141+0000] {override.py:1900} INFO - Created Permission View: can edit on DAG:dataset_s3_bucket_producer_with_no_taskflow
[2024-11-07T17:01:31.165+0000] {logging_mixin.py:190} INFO - [2024-11-07T17:01:31.164+0000] {override.py:1900} INFO - Created Permission View: can read on DAG:dataset_s3_bucket_producer_with_no_taskflow
[2024-11-07T17:01:31.209+0000] {logging_mixin.py:190} INFO - [2024-11-07T17:01:31.207+0000] {override.py:1900} INFO - Created Permission View: can delete on DAG Run:dataset_s3_bucket_producer_with_no_taskflow
[2024-11-07T17:01:31.226+0000] {logging_mixin.py:190} INFO - [2024-11-07T17:01:31.226+0000] {override.py:1900} INFO - Created Permission View: menu access on DAG Run:dataset_s3_bucket_producer_with_no_taskflow
[2024-11-07T17:01:31.246+0000] {logging_mixin.py:190} INFO - [2024-11-07T17:01:31.246+0000] {override.py:1900} INFO - Created Permission View: can create on DAG Run:dataset_s3_bucket_producer_with_no_taskflow
[2024-11-07T17:01:31.261+0000] {logging_mixin.py:190} INFO - [2024-11-07T17:01:31.260+0000] {override.py:1900} INFO - Created Permission View: can read on DAG Run:dataset_s3_bucket_producer_with_no_taskflow
[2024-11-07T17:01:31.293+0000] {logging_mixin.py:190} INFO - [2024-11-07T17:01:31.292+0000] {override.py:1900} INFO - Created Permission View: can delete on DAG:dataset_alias_example_alias_consumer_with_no_taskflow
[2024-11-07T17:01:31.319+0000] {logging_mixin.py:190} INFO - [2024-11-07T17:01:31.318+0000] {override.py:1900} INFO - Created Permission View: can edit on DAG:dataset_alias_example_alias_consumer_with_no_taskflow
[2024-11-07T17:01:31.338+0000] {logging_mixin.py:190} INFO - [2024-11-07T17:01:31.337+0000] {override.py:1900} INFO - Created Permission View: can read on DAG:dataset_alias_example_alias_consumer_with_no_taskflow
[2024-11-07T17:01:31.359+0000] {logging_mixin.py:190} INFO - [2024-11-07T17:01:31.358+0000] {override.py:1900} INFO - Created Permission View: can delete on DAG Run:dataset_alias_example_alias_consumer_with_no_taskflow
[2024-11-07T17:01:31.374+0000] {logging_mixin.py:190} INFO - [2024-11-07T17:01:31.373+0000] {override.py:1900} INFO - Created Permission View: menu access on DAG Run:dataset_alias_example_alias_consumer_with_no_taskflow
[2024-11-07T17:01:31.399+0000] {logging_mixin.py:190} INFO - [2024-11-07T17:01:31.395+0000] {override.py:1900} INFO - Created Permission View: can create on DAG Run:dataset_alias_example_alias_consumer_with_no_taskflow
[2024-11-07T17:01:31.428+0000] {logging_mixin.py:190} INFO - [2024-11-07T17:01:31.427+0000] {override.py:1900} INFO - Created Permission View: can read on DAG Run:dataset_alias_example_alias_consumer_with_no_taskflow
[2024-11-07T17:01:31.481+0000] {logging_mixin.py:190} INFO - [2024-11-07T17:01:31.481+0000] {override.py:1900} INFO - Created Permission View: can delete on DAG:dataset_alias_example_alias_producer_with_no_taskflow
[2024-11-07T17:01:31.506+0000] {logging_mixin.py:190} INFO - [2024-11-07T17:01:31.505+0000] {override.py:1900} INFO - Created Permission View: can edit on DAG:dataset_alias_example_alias_producer_with_no_taskflow
[2024-11-07T17:01:31.528+0000] {logging_mixin.py:190} INFO - [2024-11-07T17:01:31.527+0000] {override.py:1900} INFO - Created Permission View: can read on DAG:dataset_alias_example_alias_producer_with_no_taskflow
[2024-11-07T17:01:31.550+0000] {logging_mixin.py:190} INFO - [2024-11-07T17:01:31.549+0000] {override.py:1900} INFO - Created Permission View: can delete on DAG Run:dataset_alias_example_alias_producer_with_no_taskflow
[2024-11-07T17:01:31.570+0000] {logging_mixin.py:190} INFO - [2024-11-07T17:01:31.569+0000] {override.py:1900} INFO - Created Permission View: menu access on DAG Run:dataset_alias_example_alias_producer_with_no_taskflow
[2024-11-07T17:01:31.588+0000] {logging_mixin.py:190} INFO - [2024-11-07T17:01:31.587+0000] {override.py:1900} INFO - Created Permission View: can create on DAG Run:dataset_alias_example_alias_producer_with_no_taskflow
[2024-11-07T17:01:31.606+0000] {logging_mixin.py:190} INFO - [2024-11-07T17:01:31.605+0000] {override.py:1900} INFO - Created Permission View: can read on DAG Run:dataset_alias_example_alias_producer_with_no_taskflow
[2024-11-07T17:01:31.656+0000] {logging_mixin.py:190} INFO - [2024-11-07T17:01:31.656+0000] {override.py:1900} INFO - Created Permission View: can delete on DAG:dataset_s3_bucket_consumer_with_no_taskflow
[2024-11-07T17:01:31.681+0000] {logging_mixin.py:190} INFO - [2024-11-07T17:01:31.680+0000] {override.py:1900} INFO - Created Permission View: can edit on DAG:dataset_s3_bucket_consumer_with_no_taskflow
[2024-11-07T17:01:31.700+0000] {logging_mixin.py:190} INFO - [2024-11-07T17:01:31.699+0000] {override.py:1900} INFO - Created Permission View: can read on DAG:dataset_s3_bucket_consumer_with_no_taskflow
[2024-11-07T17:01:31.718+0000] {logging_mixin.py:190} INFO - [2024-11-07T17:01:31.718+0000] {override.py:1900} INFO - Created Permission View: can delete on DAG Run:dataset_s3_bucket_consumer_with_no_taskflow
[2024-11-07T17:01:31.737+0000] {logging_mixin.py:190} INFO - [2024-11-07T17:01:31.737+0000] {override.py:1900} INFO - Created Permission View: menu access on DAG Run:dataset_s3_bucket_consumer_with_no_taskflow
[2024-11-07T17:01:31.825+0000] {logging_mixin.py:190} INFO - [2024-11-07T17:01:31.823+0000] {override.py:1900} INFO - Created Permission View: can create on DAG Run:dataset_s3_bucket_consumer_with_no_taskflow
[2024-11-07T17:01:31.897+0000] {logging_mixin.py:190} INFO - [2024-11-07T17:01:31.896+0000] {override.py:1900} INFO - Created Permission View: can read on DAG Run:dataset_s3_bucket_consumer_with_no_taskflow
[2024-11-07T17:01:31.898+0000] {logging_mixin.py:190} INFO - [2024-11-07T17:01:31.898+0000] {dag.py:3239} INFO - Sync 4 DAGs
[2024-11-07T17:01:32.039+0000] {logging_mixin.py:190} INFO - [2024-11-07T17:01:32.038+0000] {dag.py:3262} INFO - Creating ORM DAG for dataset_alias_example_alias_consumer_with_no_taskflow
[2024-11-07T17:01:32.042+0000] {logging_mixin.py:190} INFO - [2024-11-07T17:01:32.041+0000] {dag.py:3262} INFO - Creating ORM DAG for dataset_s3_bucket_producer_with_no_taskflow
[2024-11-07T17:01:32.044+0000] {logging_mixin.py:190} INFO - [2024-11-07T17:01:32.043+0000] {dag.py:3262} INFO - Creating ORM DAG for dataset_alias_example_alias_producer_with_no_taskflow
[2024-11-07T17:01:32.046+0000] {logging_mixin.py:190} INFO - [2024-11-07T17:01:32.046+0000] {dag.py:3262} INFO - Creating ORM DAG for dataset_s3_bucket_consumer_with_no_taskflow
[2024-11-07T17:01:32.075+0000] {logging_mixin.py:190} INFO - [2024-11-07T17:01:32.075+0000] {dag.py:4180} INFO - Setting next_dagrun for dataset_alias_example_alias_consumer_with_no_taskflow to None, run_after=None
[2024-11-07T17:01:32.077+0000] {logging_mixin.py:190} INFO - [2024-11-07T17:01:32.077+0000] {dag.py:4180} INFO - Setting next_dagrun for dataset_alias_example_alias_producer_with_no_taskflow to None, run_after=None
[2024-11-07T17:01:32.080+0000] {logging_mixin.py:190} INFO - [2024-11-07T17:01:32.080+0000] {dag.py:4180} INFO - Setting next_dagrun for dataset_s3_bucket_consumer_with_no_taskflow to None, run_after=None
[2024-11-07T17:01:32.083+0000] {logging_mixin.py:190} INFO - [2024-11-07T17:01:32.083+0000] {dag.py:4180} INFO - Setting next_dagrun for dataset_s3_bucket_producer_with_no_taskflow to None, run_after=None
[2024-11-07T17:01:32.168+0000] {processor.py:208} INFO - Processing /home/airflow/.local/lib/python3.12/site-packages/airflow/example_dags/example_dataset_alias_with_no_taskflow.py took 3.293 seconds
[2024-11-07T17:02:02.281+0000] {processor.py:186} INFO - Started process (PID=239) to work on /home/airflow/.local/lib/python3.12/site-packages/airflow/example_dags/example_dataset_alias_with_no_taskflow.py
[2024-11-07T17:02:02.284+0000] {processor.py:914} INFO - Processing file /home/airflow/.local/lib/python3.12/site-packages/airflow/example_dags/example_dataset_alias_with_no_taskflow.py for tasks to queue
[2024-11-07T17:02:02.293+0000] {logging_mixin.py:190} INFO - [2024-11-07T17:02:02.292+0000] {dagbag.py:588} INFO - Filling up the DagBag from /home/airflow/.local/lib/python3.12/site-packages/airflow/example_dags/example_dataset_alias_with_no_taskflow.py
[2024-11-07T17:02:02.864+0000] {processor.py:925} INFO - DAG(s) 'dataset_alias_example_alias_producer_with_no_taskflow', 'dataset_alias_example_alias_consumer_with_no_taskflow', 'dataset_s3_bucket_producer_with_no_taskflow', 'dataset_s3_bucket_consumer_with_no_taskflow' retrieved from /home/airflow/.local/lib/python3.12/site-packages/airflow/example_dags/example_dataset_alias_with_no_taskflow.py
[2024-11-07T17:02:02.968+0000] {logging_mixin.py:190} INFO - [2024-11-07T17:02:02.967+0000] {dag.py:3239} INFO - Sync 4 DAGs
[2024-11-07T17:02:03.055+0000] {logging_mixin.py:190} INFO - [2024-11-07T17:02:03.055+0000] {dag.py:4180} INFO - Setting next_dagrun for dataset_alias_example_alias_consumer_with_no_taskflow to None, run_after=None
[2024-11-07T17:02:03.072+0000] {logging_mixin.py:190} INFO - [2024-11-07T17:02:03.071+0000] {dag.py:4180} INFO - Setting next_dagrun for dataset_alias_example_alias_producer_with_no_taskflow to None, run_after=None
[2024-11-07T17:02:03.077+0000] {logging_mixin.py:190} INFO - [2024-11-07T17:02:03.076+0000] {dag.py:4180} INFO - Setting next_dagrun for dataset_s3_bucket_consumer_with_no_taskflow to None, run_after=None
[2024-11-07T17:02:03.082+0000] {logging_mixin.py:190} INFO - [2024-11-07T17:02:03.081+0000] {dag.py:4180} INFO - Setting next_dagrun for dataset_s3_bucket_producer_with_no_taskflow to None, run_after=None
[2024-11-07T17:02:03.244+0000] {processor.py:208} INFO - Processing /home/airflow/.local/lib/python3.12/site-packages/airflow/example_dags/example_dataset_alias_with_no_taskflow.py took 0.984 seconds
[2024-11-07T17:02:34.063+0000] {processor.py:186} INFO - Started process (PID=302) to work on /home/airflow/.local/lib/python3.12/site-packages/airflow/example_dags/example_dataset_alias_with_no_taskflow.py
[2024-11-07T17:02:34.067+0000] {processor.py:914} INFO - Processing file /home/airflow/.local/lib/python3.12/site-packages/airflow/example_dags/example_dataset_alias_with_no_taskflow.py for tasks to queue
[2024-11-07T17:02:34.076+0000] {logging_mixin.py:190} INFO - [2024-11-07T17:02:34.075+0000] {dagbag.py:588} INFO - Filling up the DagBag from /home/airflow/.local/lib/python3.12/site-packages/airflow/example_dags/example_dataset_alias_with_no_taskflow.py
[2024-11-07T17:02:34.569+0000] {processor.py:925} INFO - DAG(s) 'dataset_alias_example_alias_producer_with_no_taskflow', 'dataset_alias_example_alias_consumer_with_no_taskflow', 'dataset_s3_bucket_consumer_with_no_taskflow', 'dataset_s3_bucket_producer_with_no_taskflow' retrieved from /home/airflow/.local/lib/python3.12/site-packages/airflow/example_dags/example_dataset_alias_with_no_taskflow.py
[2024-11-07T17:02:34.621+0000] {logging_mixin.py:190} INFO - [2024-11-07T17:02:34.620+0000] {dag.py:3239} INFO - Sync 4 DAGs
[2024-11-07T17:02:34.677+0000] {logging_mixin.py:190} INFO - [2024-11-07T17:02:34.677+0000] {dag.py:4180} INFO - Setting next_dagrun for dataset_alias_example_alias_consumer_with_no_taskflow to None, run_after=None
[2024-11-07T17:02:34.684+0000] {logging_mixin.py:190} INFO - [2024-11-07T17:02:34.684+0000] {dag.py:4180} INFO - Setting next_dagrun for dataset_alias_example_alias_producer_with_no_taskflow to None, run_after=None
[2024-11-07T17:02:34.686+0000] {logging_mixin.py:190} INFO - [2024-11-07T17:02:34.686+0000] {dag.py:4180} INFO - Setting next_dagrun for dataset_s3_bucket_consumer_with_no_taskflow to None, run_after=None
[2024-11-07T17:02:34.690+0000] {logging_mixin.py:190} INFO - [2024-11-07T17:02:34.690+0000] {dag.py:4180} INFO - Setting next_dagrun for dataset_s3_bucket_producer_with_no_taskflow to None, run_after=None
[2024-11-07T17:02:34.740+0000] {processor.py:208} INFO - Processing /home/airflow/.local/lib/python3.12/site-packages/airflow/example_dags/example_dataset_alias_with_no_taskflow.py took 0.696 seconds
[2024-11-07T17:03:05.437+0000] {processor.py:186} INFO - Started process (PID=365) to work on /home/airflow/.local/lib/python3.12/site-packages/airflow/example_dags/example_dataset_alias_with_no_taskflow.py
[2024-11-07T17:03:05.439+0000] {processor.py:914} INFO - Processing file /home/airflow/.local/lib/python3.12/site-packages/airflow/example_dags/example_dataset_alias_with_no_taskflow.py for tasks to queue
[2024-11-07T17:03:05.444+0000] {logging_mixin.py:190} INFO - [2024-11-07T17:03:05.444+0000] {dagbag.py:588} INFO - Filling up the DagBag from /home/airflow/.local/lib/python3.12/site-packages/airflow/example_dags/example_dataset_alias_with_no_taskflow.py
[2024-11-07T17:03:05.754+0000] {processor.py:925} INFO - DAG(s) 'dataset_alias_example_alias_producer_with_no_taskflow', 'dataset_alias_example_alias_consumer_with_no_taskflow', 'dataset_s3_bucket_consumer_with_no_taskflow', 'dataset_s3_bucket_producer_with_no_taskflow' retrieved from /home/airflow/.local/lib/python3.12/site-packages/airflow/example_dags/example_dataset_alias_with_no_taskflow.py
[2024-11-07T17:03:05.798+0000] {logging_mixin.py:190} INFO - [2024-11-07T17:03:05.797+0000] {dag.py:3239} INFO - Sync 4 DAGs
[2024-11-07T17:03:05.854+0000] {logging_mixin.py:190} INFO - [2024-11-07T17:03:05.853+0000] {dag.py:4180} INFO - Setting next_dagrun for dataset_alias_example_alias_consumer_with_no_taskflow to None, run_after=None
[2024-11-07T17:03:05.860+0000] {logging_mixin.py:190} INFO - [2024-11-07T17:03:05.859+0000] {dag.py:4180} INFO - Setting next_dagrun for dataset_alias_example_alias_producer_with_no_taskflow to None, run_after=None
[2024-11-07T17:03:05.863+0000] {logging_mixin.py:190} INFO - [2024-11-07T17:03:05.862+0000] {dag.py:4180} INFO - Setting next_dagrun for dataset_s3_bucket_consumer_with_no_taskflow to None, run_after=None
[2024-11-07T17:03:05.866+0000] {logging_mixin.py:190} INFO - [2024-11-07T17:03:05.866+0000] {dag.py:4180} INFO - Setting next_dagrun for dataset_s3_bucket_producer_with_no_taskflow to None, run_after=None
[2024-11-07T17:03:05.925+0000] {processor.py:208} INFO - Processing /home/airflow/.local/lib/python3.12/site-packages/airflow/example_dags/example_dataset_alias_with_no_taskflow.py took 0.499 seconds
[2024-11-07T17:03:36.383+0000] {processor.py:186} INFO - Started process (PID=427) to work on /home/airflow/.local/lib/python3.12/site-packages/airflow/example_dags/example_dataset_alias_with_no_taskflow.py
[2024-11-07T17:03:36.384+0000] {processor.py:914} INFO - Processing file /home/airflow/.local/lib/python3.12/site-packages/airflow/example_dags/example_dataset_alias_with_no_taskflow.py for tasks to queue
[2024-11-07T17:03:36.388+0000] {logging_mixin.py:190} INFO - [2024-11-07T17:03:36.388+0000] {dagbag.py:588} INFO - Filling up the DagBag from /home/airflow/.local/lib/python3.12/site-packages/airflow/example_dags/example_dataset_alias_with_no_taskflow.py
[2024-11-07T17:03:36.590+0000] {processor.py:925} INFO - DAG(s) 'dataset_alias_example_alias_consumer_with_no_taskflow', 'dataset_s3_bucket_consumer_with_no_taskflow', 'dataset_alias_example_alias_producer_with_no_taskflow', 'dataset_s3_bucket_producer_with_no_taskflow' retrieved from /home/airflow/.local/lib/python3.12/site-packages/airflow/example_dags/example_dataset_alias_with_no_taskflow.py
[2024-11-07T17:03:36.623+0000] {logging_mixin.py:190} INFO - [2024-11-07T17:03:36.622+0000] {dag.py:3239} INFO - Sync 4 DAGs
[2024-11-07T17:03:36.652+0000] {logging_mixin.py:190} INFO - [2024-11-07T17:03:36.652+0000] {dag.py:4180} INFO - Setting next_dagrun for dataset_alias_example_alias_consumer_with_no_taskflow to None, run_after=None
[2024-11-07T17:03:36.658+0000] {logging_mixin.py:190} INFO - [2024-11-07T17:03:36.657+0000] {dag.py:4180} INFO - Setting next_dagrun for dataset_alias_example_alias_producer_with_no_taskflow to None, run_after=None
[2024-11-07T17:03:36.660+0000] {logging_mixin.py:190} INFO - [2024-11-07T17:03:36.659+0000] {dag.py:4180} INFO - Setting next_dagrun for dataset_s3_bucket_consumer_with_no_taskflow to None, run_after=None
[2024-11-07T17:03:36.662+0000] {logging_mixin.py:190} INFO - [2024-11-07T17:03:36.662+0000] {dag.py:4180} INFO - Setting next_dagrun for dataset_s3_bucket_producer_with_no_taskflow to None, run_after=None
[2024-11-07T17:03:36.696+0000] {processor.py:208} INFO - Processing /home/airflow/.local/lib/python3.12/site-packages/airflow/example_dags/example_dataset_alias_with_no_taskflow.py took 0.320 seconds
[2024-11-07T17:04:07.214+0000] {processor.py:186} INFO - Started process (PID=490) to work on /home/airflow/.local/lib/python3.12/site-packages/airflow/example_dags/example_dataset_alias_with_no_taskflow.py
[2024-11-07T17:04:07.215+0000] {processor.py:914} INFO - Processing file /home/airflow/.local/lib/python3.12/site-packages/airflow/example_dags/example_dataset_alias_with_no_taskflow.py for tasks to queue
[2024-11-07T17:04:07.220+0000] {logging_mixin.py:190} INFO - [2024-11-07T17:04:07.219+0000] {dagbag.py:588} INFO - Filling up the DagBag from /home/airflow/.local/lib/python3.12/site-packages/airflow/example_dags/example_dataset_alias_with_no_taskflow.py
[2024-11-07T17:04:07.428+0000] {processor.py:925} INFO - DAG(s) 'dataset_alias_example_alias_consumer_with_no_taskflow', 'dataset_s3_bucket_producer_with_no_taskflow', 'dataset_s3_bucket_consumer_with_no_taskflow', 'dataset_alias_example_alias_producer_with_no_taskflow' retrieved from /home/airflow/.local/lib/python3.12/site-packages/airflow/example_dags/example_dataset_alias_with_no_taskflow.py
[2024-11-07T17:04:07.461+0000] {logging_mixin.py:190} INFO - [2024-11-07T17:04:07.461+0000] {dag.py:3239} INFO - Sync 4 DAGs
[2024-11-07T17:04:07.502+0000] {logging_mixin.py:190} INFO - [2024-11-07T17:04:07.500+0000] {dag.py:4180} INFO - Setting next_dagrun for dataset_alias_example_alias_consumer_with_no_taskflow to None, run_after=None
[2024-11-07T17:04:07.510+0000] {logging_mixin.py:190} INFO - [2024-11-07T17:04:07.509+0000] {dag.py:4180} INFO - Setting next_dagrun for dataset_alias_example_alias_producer_with_no_taskflow to None, run_after=None
[2024-11-07T17:04:07.515+0000] {logging_mixin.py:190} INFO - [2024-11-07T17:04:07.515+0000] {dag.py:4180} INFO - Setting next_dagrun for dataset_s3_bucket_consumer_with_no_taskflow to None, run_after=None
[2024-11-07T17:04:07.520+0000] {logging_mixin.py:190} INFO - [2024-11-07T17:04:07.520+0000] {dag.py:4180} INFO - Setting next_dagrun for dataset_s3_bucket_producer_with_no_taskflow to None, run_after=None
[2024-11-07T17:04:07.574+0000] {processor.py:208} INFO - Processing /home/airflow/.local/lib/python3.12/site-packages/airflow/example_dags/example_dataset_alias_with_no_taskflow.py took 0.370 seconds
[2024-11-07T17:04:38.446+0000] {processor.py:186} INFO - Started process (PID=559) to work on /home/airflow/.local/lib/python3.12/site-packages/airflow/example_dags/example_dataset_alias_with_no_taskflow.py
[2024-11-07T17:04:38.447+0000] {processor.py:914} INFO - Processing file /home/airflow/.local/lib/python3.12/site-packages/airflow/example_dags/example_dataset_alias_with_no_taskflow.py for tasks to queue
[2024-11-07T17:04:38.450+0000] {logging_mixin.py:190} INFO - [2024-11-07T17:04:38.450+0000] {dagbag.py:588} INFO - Filling up the DagBag from /home/airflow/.local/lib/python3.12/site-packages/airflow/example_dags/example_dataset_alias_with_no_taskflow.py
[2024-11-07T17:04:38.636+0000] {processor.py:925} INFO - DAG(s) 'dataset_alias_example_alias_producer_with_no_taskflow', 'dataset_alias_example_alias_consumer_with_no_taskflow', 'dataset_s3_bucket_producer_with_no_taskflow', 'dataset_s3_bucket_consumer_with_no_taskflow' retrieved from /home/airflow/.local/lib/python3.12/site-packages/airflow/example_dags/example_dataset_alias_with_no_taskflow.py
[2024-11-07T17:04:38.661+0000] {logging_mixin.py:190} INFO - [2024-11-07T17:04:38.661+0000] {dag.py:3239} INFO - Sync 4 DAGs
[2024-11-07T17:04:38.687+0000] {logging_mixin.py:190} INFO - [2024-11-07T17:04:38.687+0000] {dag.py:4180} INFO - Setting next_dagrun for dataset_alias_example_alias_consumer_with_no_taskflow to None, run_after=None
[2024-11-07T17:04:38.691+0000] {logging_mixin.py:190} INFO - [2024-11-07T17:04:38.691+0000] {dag.py:4180} INFO - Setting next_dagrun for dataset_alias_example_alias_producer_with_no_taskflow to None, run_after=None
[2024-11-07T17:04:38.692+0000] {logging_mixin.py:190} INFO - [2024-11-07T17:04:38.692+0000] {dag.py:4180} INFO - Setting next_dagrun for dataset_s3_bucket_consumer_with_no_taskflow to None, run_after=None
[2024-11-07T17:04:38.694+0000] {logging_mixin.py:190} INFO - [2024-11-07T17:04:38.693+0000] {dag.py:4180} INFO - Setting next_dagrun for dataset_s3_bucket_producer_with_no_taskflow to None, run_after=None
[2024-11-07T17:04:38.718+0000] {processor.py:208} INFO - Processing /home/airflow/.local/lib/python3.12/site-packages/airflow/example_dags/example_dataset_alias_with_no_taskflow.py took 0.281 seconds
[2024-11-07T17:05:09.123+0000] {processor.py:186} INFO - Started process (PID=622) to work on /home/airflow/.local/lib/python3.12/site-packages/airflow/example_dags/example_dataset_alias_with_no_taskflow.py
[2024-11-07T17:05:09.124+0000] {processor.py:914} INFO - Processing file /home/airflow/.local/lib/python3.12/site-packages/airflow/example_dags/example_dataset_alias_with_no_taskflow.py for tasks to queue
[2024-11-07T17:05:09.128+0000] {logging_mixin.py:190} INFO - [2024-11-07T17:05:09.127+0000] {dagbag.py:588} INFO - Filling up the DagBag from /home/airflow/.local/lib/python3.12/site-packages/airflow/example_dags/example_dataset_alias_with_no_taskflow.py
[2024-11-07T17:05:09.322+0000] {processor.py:925} INFO - DAG(s) 'dataset_alias_example_alias_consumer_with_no_taskflow', 'dataset_s3_bucket_producer_with_no_taskflow', 'dataset_alias_example_alias_producer_with_no_taskflow', 'dataset_s3_bucket_consumer_with_no_taskflow' retrieved from /home/airflow/.local/lib/python3.12/site-packages/airflow/example_dags/example_dataset_alias_with_no_taskflow.py
[2024-11-07T17:05:09.353+0000] {logging_mixin.py:190} INFO - [2024-11-07T17:05:09.352+0000] {dag.py:3239} INFO - Sync 4 DAGs
[2024-11-07T17:05:09.379+0000] {logging_mixin.py:190} INFO - [2024-11-07T17:05:09.379+0000] {dag.py:4180} INFO - Setting next_dagrun for dataset_alias_example_alias_consumer_with_no_taskflow to None, run_after=None
[2024-11-07T17:05:09.382+0000] {logging_mixin.py:190} INFO - [2024-11-07T17:05:09.382+0000] {dag.py:4180} INFO - Setting next_dagrun for dataset_alias_example_alias_producer_with_no_taskflow to None, run_after=None
[2024-11-07T17:05:09.384+0000] {logging_mixin.py:190} INFO - [2024-11-07T17:05:09.384+0000] {dag.py:4180} INFO - Setting next_dagrun for dataset_s3_bucket_consumer_with_no_taskflow to None, run_after=None
[2024-11-07T17:05:09.385+0000] {logging_mixin.py:190} INFO - [2024-11-07T17:05:09.385+0000] {dag.py:4180} INFO - Setting next_dagrun for dataset_s3_bucket_producer_with_no_taskflow to None, run_after=None
[2024-11-07T17:05:09.412+0000] {processor.py:208} INFO - Processing /home/airflow/.local/lib/python3.12/site-packages/airflow/example_dags/example_dataset_alias_with_no_taskflow.py took 0.299 seconds
[2024-11-07T17:05:39.645+0000] {processor.py:186} INFO - Started process (PID=685) to work on /home/airflow/.local/lib/python3.12/site-packages/airflow/example_dags/example_dataset_alias_with_no_taskflow.py
[2024-11-07T17:05:39.647+0000] {processor.py:914} INFO - Processing file /home/airflow/.local/lib/python3.12/site-packages/airflow/example_dags/example_dataset_alias_with_no_taskflow.py for tasks to queue
[2024-11-07T17:05:39.650+0000] {logging_mixin.py:190} INFO - [2024-11-07T17:05:39.650+0000] {dagbag.py:588} INFO - Filling up the DagBag from /home/airflow/.local/lib/python3.12/site-packages/airflow/example_dags/example_dataset_alias_with_no_taskflow.py
[2024-11-07T17:05:39.854+0000] {processor.py:925} INFO - DAG(s) 'dataset_alias_example_alias_producer_with_no_taskflow', 'dataset_s3_bucket_producer_with_no_taskflow', 'dataset_s3_bucket_consumer_with_no_taskflow', 'dataset_alias_example_alias_consumer_with_no_taskflow' retrieved from /home/airflow/.local/lib/python3.12/site-packages/airflow/example_dags/example_dataset_alias_with_no_taskflow.py
[2024-11-07T17:05:39.886+0000] {logging_mixin.py:190} INFO - [2024-11-07T17:05:39.886+0000] {dag.py:3239} INFO - Sync 4 DAGs
[2024-11-07T17:05:39.915+0000] {logging_mixin.py:190} INFO - [2024-11-07T17:05:39.915+0000] {dag.py:4180} INFO - Setting next_dagrun for dataset_alias_example_alias_consumer_with_no_taskflow to None, run_after=None
[2024-11-07T17:05:39.919+0000] {logging_mixin.py:190} INFO - [2024-11-07T17:05:39.919+0000] {dag.py:4180} INFO - Setting next_dagrun for dataset_alias_example_alias_producer_with_no_taskflow to None, run_after=None
[2024-11-07T17:05:39.921+0000] {logging_mixin.py:190} INFO - [2024-11-07T17:05:39.920+0000] {dag.py:4180} INFO - Setting next_dagrun for dataset_s3_bucket_consumer_with_no_taskflow to None, run_after=None
[2024-11-07T17:05:39.922+0000] {logging_mixin.py:190} INFO - [2024-11-07T17:05:39.922+0000] {dag.py:4180} INFO - Setting next_dagrun for dataset_s3_bucket_producer_with_no_taskflow to None, run_after=None
[2024-11-07T17:05:39.950+0000] {processor.py:208} INFO - Processing /home/airflow/.local/lib/python3.12/site-packages/airflow/example_dags/example_dataset_alias_with_no_taskflow.py took 0.313 seconds
[2024-11-07T17:06:10.174+0000] {processor.py:186} INFO - Started process (PID=748) to work on /home/airflow/.local/lib/python3.12/site-packages/airflow/example_dags/example_dataset_alias_with_no_taskflow.py
[2024-11-07T17:06:10.177+0000] {processor.py:914} INFO - Processing file /home/airflow/.local/lib/python3.12/site-packages/airflow/example_dags/example_dataset_alias_with_no_taskflow.py for tasks to queue
[2024-11-07T17:06:10.195+0000] {logging_mixin.py:190} INFO - [2024-11-07T17:06:10.192+0000] {dagbag.py:588} INFO - Filling up the DagBag from /home/airflow/.local/lib/python3.12/site-packages/airflow/example_dags/example_dataset_alias_with_no_taskflow.py
[2024-11-07T17:06:10.964+0000] {processor.py:925} INFO - DAG(s) 'dataset_alias_example_alias_consumer_with_no_taskflow', 'dataset_alias_example_alias_producer_with_no_taskflow', 'dataset_s3_bucket_consumer_with_no_taskflow', 'dataset_s3_bucket_producer_with_no_taskflow' retrieved from /home/airflow/.local/lib/python3.12/site-packages/airflow/example_dags/example_dataset_alias_with_no_taskflow.py
[2024-11-07T17:06:11.030+0000] {logging_mixin.py:190} INFO - [2024-11-07T17:06:11.030+0000] {dag.py:3239} INFO - Sync 4 DAGs
[2024-11-07T17:06:11.080+0000] {logging_mixin.py:190} INFO - [2024-11-07T17:06:11.080+0000] {dag.py:4180} INFO - Setting next_dagrun for dataset_alias_example_alias_consumer_with_no_taskflow to None, run_after=None
[2024-11-07T17:06:11.086+0000] {logging_mixin.py:190} INFO - [2024-11-07T17:06:11.086+0000] {dag.py:4180} INFO - Setting next_dagrun for dataset_alias_example_alias_producer_with_no_taskflow to None, run_after=None
[2024-11-07T17:06:11.095+0000] {logging_mixin.py:190} INFO - [2024-11-07T17:06:11.095+0000] {dag.py:4180} INFO - Setting next_dagrun for dataset_s3_bucket_consumer_with_no_taskflow to None, run_after=None
[2024-11-07T17:06:11.150+0000] {logging_mixin.py:190} INFO - [2024-11-07T17:06:11.149+0000] {dag.py:4180} INFO - Setting next_dagrun for dataset_s3_bucket_producer_with_no_taskflow to None, run_after=None
[2024-11-07T17:06:11.193+0000] {processor.py:208} INFO - Processing /home/airflow/.local/lib/python3.12/site-packages/airflow/example_dags/example_dataset_alias_with_no_taskflow.py took 1.047 seconds
[2024-11-07T17:06:41.395+0000] {processor.py:186} INFO - Started process (PID=811) to work on /home/airflow/.local/lib/python3.12/site-packages/airflow/example_dags/example_dataset_alias_with_no_taskflow.py
[2024-11-07T17:06:41.396+0000] {processor.py:914} INFO - Processing file /home/airflow/.local/lib/python3.12/site-packages/airflow/example_dags/example_dataset_alias_with_no_taskflow.py for tasks to queue
[2024-11-07T17:06:41.400+0000] {logging_mixin.py:190} INFO - [2024-11-07T17:06:41.399+0000] {dagbag.py:588} INFO - Filling up the DagBag from /home/airflow/.local/lib/python3.12/site-packages/airflow/example_dags/example_dataset_alias_with_no_taskflow.py
[2024-11-07T17:06:41.584+0000] {processor.py:925} INFO - DAG(s) 'dataset_alias_example_alias_producer_with_no_taskflow', 'dataset_s3_bucket_consumer_with_no_taskflow', 'dataset_s3_bucket_producer_with_no_taskflow', 'dataset_alias_example_alias_consumer_with_no_taskflow' retrieved from /home/airflow/.local/lib/python3.12/site-packages/airflow/example_dags/example_dataset_alias_with_no_taskflow.py
[2024-11-07T17:06:41.612+0000] {logging_mixin.py:190} INFO - [2024-11-07T17:06:41.611+0000] {dag.py:3239} INFO - Sync 4 DAGs
[2024-11-07T17:06:41.638+0000] {logging_mixin.py:190} INFO - [2024-11-07T17:06:41.638+0000] {dag.py:4180} INFO - Setting next_dagrun for dataset_alias_example_alias_consumer_with_no_taskflow to None, run_after=None
[2024-11-07T17:06:41.642+0000] {logging_mixin.py:190} INFO - [2024-11-07T17:06:41.641+0000] {dag.py:4180} INFO - Setting next_dagrun for dataset_alias_example_alias_producer_with_no_taskflow to None, run_after=None
[2024-11-07T17:06:41.643+0000] {logging_mixin.py:190} INFO - [2024-11-07T17:06:41.643+0000] {dag.py:4180} INFO - Setting next_dagrun for dataset_s3_bucket_consumer_with_no_taskflow to None, run_after=None
[2024-11-07T17:06:41.645+0000] {logging_mixin.py:190} INFO - [2024-11-07T17:06:41.645+0000] {dag.py:4180} INFO - Setting next_dagrun for dataset_s3_bucket_producer_with_no_taskflow to None, run_after=None
[2024-11-07T17:06:41.669+0000] {processor.py:208} INFO - Processing /home/airflow/.local/lib/python3.12/site-packages/airflow/example_dags/example_dataset_alias_with_no_taskflow.py took 0.282 seconds
[2024-11-07T17:07:12.446+0000] {processor.py:186} INFO - Started process (PID=874) to work on /home/airflow/.local/lib/python3.12/site-packages/airflow/example_dags/example_dataset_alias_with_no_taskflow.py
[2024-11-07T17:07:12.447+0000] {processor.py:914} INFO - Processing file /home/airflow/.local/lib/python3.12/site-packages/airflow/example_dags/example_dataset_alias_with_no_taskflow.py for tasks to queue
[2024-11-07T17:07:12.450+0000] {logging_mixin.py:190} INFO - [2024-11-07T17:07:12.450+0000] {dagbag.py:588} INFO - Filling up the DagBag from /home/airflow/.local/lib/python3.12/site-packages/airflow/example_dags/example_dataset_alias_with_no_taskflow.py
[2024-11-07T17:07:12.656+0000] {processor.py:925} INFO - DAG(s) 'dataset_s3_bucket_consumer_with_no_taskflow', 'dataset_alias_example_alias_producer_with_no_taskflow', 'dataset_alias_example_alias_consumer_with_no_taskflow', 'dataset_s3_bucket_producer_with_no_taskflow' retrieved from /home/airflow/.local/lib/python3.12/site-packages/airflow/example_dags/example_dataset_alias_with_no_taskflow.py
[2024-11-07T17:07:12.729+0000] {logging_mixin.py:190} INFO - [2024-11-07T17:07:12.728+0000] {dag.py:3239} INFO - Sync 4 DAGs
[2024-11-07T17:07:12.811+0000] {logging_mixin.py:190} INFO - [2024-11-07T17:07:12.810+0000] {dag.py:4180} INFO - Setting next_dagrun for dataset_alias_example_alias_consumer_with_no_taskflow to None, run_after=None
[2024-11-07T17:07:12.817+0000] {logging_mixin.py:190} INFO - [2024-11-07T17:07:12.816+0000] {dag.py:4180} INFO - Setting next_dagrun for dataset_alias_example_alias_producer_with_no_taskflow to None, run_after=None
[2024-11-07T17:07:12.821+0000] {logging_mixin.py:190} INFO - [2024-11-07T17:07:12.820+0000] {dag.py:4180} INFO - Setting next_dagrun for dataset_s3_bucket_consumer_with_no_taskflow to None, run_after=None
[2024-11-07T17:07:12.825+0000] {logging_mixin.py:190} INFO - [2024-11-07T17:07:12.825+0000] {dag.py:4180} INFO - Setting next_dagrun for dataset_s3_bucket_producer_with_no_taskflow to None, run_after=None
[2024-11-07T17:07:12.865+0000] {processor.py:208} INFO - Processing /home/airflow/.local/lib/python3.12/site-packages/airflow/example_dags/example_dataset_alias_with_no_taskflow.py took 0.427 seconds
[2024-11-07T17:07:43.131+0000] {processor.py:186} INFO - Started process (PID=937) to work on /home/airflow/.local/lib/python3.12/site-packages/airflow/example_dags/example_dataset_alias_with_no_taskflow.py
[2024-11-07T17:07:43.133+0000] {processor.py:914} INFO - Processing file /home/airflow/.local/lib/python3.12/site-packages/airflow/example_dags/example_dataset_alias_with_no_taskflow.py for tasks to queue
[2024-11-07T17:07:43.139+0000] {logging_mixin.py:190} INFO - [2024-11-07T17:07:43.138+0000] {dagbag.py:588} INFO - Filling up the DagBag from /home/airflow/.local/lib/python3.12/site-packages/airflow/example_dags/example_dataset_alias_with_no_taskflow.py
[2024-11-07T17:07:43.370+0000] {processor.py:925} INFO - DAG(s) 'dataset_alias_example_alias_consumer_with_no_taskflow', 'dataset_s3_bucket_producer_with_no_taskflow', 'dataset_alias_example_alias_producer_with_no_taskflow', 'dataset_s3_bucket_consumer_with_no_taskflow' retrieved from /home/airflow/.local/lib/python3.12/site-packages/airflow/example_dags/example_dataset_alias_with_no_taskflow.py
[2024-11-07T17:07:43.399+0000] {logging_mixin.py:190} INFO - [2024-11-07T17:07:43.398+0000] {dag.py:3239} INFO - Sync 4 DAGs
[2024-11-07T17:07:43.430+0000] {logging_mixin.py:190} INFO - [2024-11-07T17:07:43.430+0000] {dag.py:4180} INFO - Setting next_dagrun for dataset_alias_example_alias_consumer_with_no_taskflow to None, run_after=None
[2024-11-07T17:07:43.437+0000] {logging_mixin.py:190} INFO - [2024-11-07T17:07:43.437+0000] {dag.py:4180} INFO - Setting next_dagrun for dataset_alias_example_alias_producer_with_no_taskflow to None, run_after=None
[2024-11-07T17:07:43.440+0000] {logging_mixin.py:190} INFO - [2024-11-07T17:07:43.439+0000] {dag.py:4180} INFO - Setting next_dagrun for dataset_s3_bucket_consumer_with_no_taskflow to None, run_after=None
[2024-11-07T17:07:43.441+0000] {logging_mixin.py:190} INFO - [2024-11-07T17:07:43.441+0000] {dag.py:4180} INFO - Setting next_dagrun for dataset_s3_bucket_producer_with_no_taskflow to None, run_after=None
[2024-11-07T17:07:43.474+0000] {processor.py:208} INFO - Processing /home/airflow/.local/lib/python3.12/site-packages/airflow/example_dags/example_dataset_alias_with_no_taskflow.py took 0.354 seconds
[2024-11-07T17:08:14.168+0000] {processor.py:186} INFO - Started process (PID=1000) to work on /home/airflow/.local/lib/python3.12/site-packages/airflow/example_dags/example_dataset_alias_with_no_taskflow.py
[2024-11-07T17:08:14.173+0000] {processor.py:914} INFO - Processing file /home/airflow/.local/lib/python3.12/site-packages/airflow/example_dags/example_dataset_alias_with_no_taskflow.py for tasks to queue
[2024-11-07T17:08:14.185+0000] {logging_mixin.py:190} INFO - [2024-11-07T17:08:14.183+0000] {dagbag.py:588} INFO - Filling up the DagBag from /home/airflow/.local/lib/python3.12/site-packages/airflow/example_dags/example_dataset_alias_with_no_taskflow.py
[2024-11-07T17:08:14.555+0000] {processor.py:925} INFO - DAG(s) 'dataset_alias_example_alias_consumer_with_no_taskflow', 'dataset_alias_example_alias_producer_with_no_taskflow', 'dataset_s3_bucket_consumer_with_no_taskflow', 'dataset_s3_bucket_producer_with_no_taskflow' retrieved from /home/airflow/.local/lib/python3.12/site-packages/airflow/example_dags/example_dataset_alias_with_no_taskflow.py
[2024-11-07T17:08:14.584+0000] {logging_mixin.py:190} INFO - [2024-11-07T17:08:14.584+0000] {dag.py:3239} INFO - Sync 4 DAGs
[2024-11-07T17:08:14.615+0000] {logging_mixin.py:190} INFO - [2024-11-07T17:08:14.615+0000] {dag.py:4180} INFO - Setting next_dagrun for dataset_alias_example_alias_consumer_with_no_taskflow to None, run_after=None
[2024-11-07T17:08:14.621+0000] {logging_mixin.py:190} INFO - [2024-11-07T17:08:14.621+0000] {dag.py:4180} INFO - Setting next_dagrun for dataset_alias_example_alias_producer_with_no_taskflow to None, run_after=None
[2024-11-07T17:08:14.623+0000] {logging_mixin.py:190} INFO - [2024-11-07T17:08:14.623+0000] {dag.py:4180} INFO - Setting next_dagrun for dataset_s3_bucket_consumer_with_no_taskflow to None, run_after=None
[2024-11-07T17:08:14.624+0000] {logging_mixin.py:190} INFO - [2024-11-07T17:08:14.624+0000] {dag.py:4180} INFO - Setting next_dagrun for dataset_s3_bucket_producer_with_no_taskflow to None, run_after=None
[2024-11-07T17:08:14.651+0000] {processor.py:208} INFO - Processing /home/airflow/.local/lib/python3.12/site-packages/airflow/example_dags/example_dataset_alias_with_no_taskflow.py took 0.503 seconds
[2024-11-07T17:08:44.874+0000] {processor.py:186} INFO - Started process (PID=1063) to work on /home/airflow/.local/lib/python3.12/site-packages/airflow/example_dags/example_dataset_alias_with_no_taskflow.py
[2024-11-07T17:08:44.875+0000] {processor.py:914} INFO - Processing file /home/airflow/.local/lib/python3.12/site-packages/airflow/example_dags/example_dataset_alias_with_no_taskflow.py for tasks to queue
[2024-11-07T17:08:44.880+0000] {logging_mixin.py:190} INFO - [2024-11-07T17:08:44.880+0000] {dagbag.py:588} INFO - Filling up the DagBag from /home/airflow/.local/lib/python3.12/site-packages/airflow/example_dags/example_dataset_alias_with_no_taskflow.py
[2024-11-07T17:08:45.087+0000] {processor.py:925} INFO - DAG(s) 'dataset_s3_bucket_consumer_with_no_taskflow', 'dataset_alias_example_alias_consumer_with_no_taskflow', 'dataset_alias_example_alias_producer_with_no_taskflow', 'dataset_s3_bucket_producer_with_no_taskflow' retrieved from /home/airflow/.local/lib/python3.12/site-packages/airflow/example_dags/example_dataset_alias_with_no_taskflow.py
[2024-11-07T17:08:45.115+0000] {logging_mixin.py:190} INFO - [2024-11-07T17:08:45.115+0000] {dag.py:3239} INFO - Sync 4 DAGs
[2024-11-07T17:08:45.145+0000] {logging_mixin.py:190} INFO - [2024-11-07T17:08:45.145+0000] {dag.py:4180} INFO - Setting next_dagrun for dataset_alias_example_alias_consumer_with_no_taskflow to None, run_after=None
[2024-11-07T17:08:45.148+0000] {logging_mixin.py:190} INFO - [2024-11-07T17:08:45.148+0000] {dag.py:4180} INFO - Setting next_dagrun for dataset_alias_example_alias_producer_with_no_taskflow to None, run_after=None
[2024-11-07T17:08:45.152+0000] {logging_mixin.py:190} INFO - [2024-11-07T17:08:45.152+0000] {dag.py:4180} INFO - Setting next_dagrun for dataset_s3_bucket_consumer_with_no_taskflow to None, run_after=None
[2024-11-07T17:08:45.153+0000] {logging_mixin.py:190} INFO - [2024-11-07T17:08:45.153+0000] {dag.py:4180} INFO - Setting next_dagrun for dataset_s3_bucket_producer_with_no_taskflow to None, run_after=None
[2024-11-07T17:08:45.178+0000] {processor.py:208} INFO - Processing /home/airflow/.local/lib/python3.12/site-packages/airflow/example_dags/example_dataset_alias_with_no_taskflow.py took 0.313 seconds
[2024-11-07T17:09:15.474+0000] {processor.py:186} INFO - Started process (PID=1126) to work on /home/airflow/.local/lib/python3.12/site-packages/airflow/example_dags/example_dataset_alias_with_no_taskflow.py
[2024-11-07T17:09:15.475+0000] {processor.py:914} INFO - Processing file /home/airflow/.local/lib/python3.12/site-packages/airflow/example_dags/example_dataset_alias_with_no_taskflow.py for tasks to queue
[2024-11-07T17:09:15.479+0000] {logging_mixin.py:190} INFO - [2024-11-07T17:09:15.478+0000] {dagbag.py:588} INFO - Filling up the DagBag from /home/airflow/.local/lib/python3.12/site-packages/airflow/example_dags/example_dataset_alias_with_no_taskflow.py
[2024-11-07T17:09:15.688+0000] {processor.py:925} INFO - DAG(s) 'dataset_s3_bucket_producer_with_no_taskflow', 'dataset_alias_example_alias_consumer_with_no_taskflow', 'dataset_s3_bucket_consumer_with_no_taskflow', 'dataset_alias_example_alias_producer_with_no_taskflow' retrieved from /home/airflow/.local/lib/python3.12/site-packages/airflow/example_dags/example_dataset_alias_with_no_taskflow.py
[2024-11-07T17:09:15.716+0000] {logging_mixin.py:190} INFO - [2024-11-07T17:09:15.716+0000] {dag.py:3239} INFO - Sync 4 DAGs
[2024-11-07T17:09:15.746+0000] {logging_mixin.py:190} INFO - [2024-11-07T17:09:15.746+0000] {dag.py:4180} INFO - Setting next_dagrun for dataset_alias_example_alias_consumer_with_no_taskflow to None, run_after=None
[2024-11-07T17:09:15.749+0000] {logging_mixin.py:190} INFO - [2024-11-07T17:09:15.749+0000] {dag.py:4180} INFO - Setting next_dagrun for dataset_alias_example_alias_producer_with_no_taskflow to None, run_after=None
[2024-11-07T17:09:15.751+0000] {logging_mixin.py:190} INFO - [2024-11-07T17:09:15.751+0000] {dag.py:4180} INFO - Setting next_dagrun for dataset_s3_bucket_consumer_with_no_taskflow to None, run_after=None
[2024-11-07T17:09:15.752+0000] {logging_mixin.py:190} INFO - [2024-11-07T17:09:15.752+0000] {dag.py:4180} INFO - Setting next_dagrun for dataset_s3_bucket_producer_with_no_taskflow to None, run_after=None
[2024-11-07T17:09:15.783+0000] {processor.py:208} INFO - Processing /home/airflow/.local/lib/python3.12/site-packages/airflow/example_dags/example_dataset_alias_with_no_taskflow.py took 0.318 seconds
[2024-11-07T17:09:46.413+0000] {processor.py:186} INFO - Started process (PID=1189) to work on /home/airflow/.local/lib/python3.12/site-packages/airflow/example_dags/example_dataset_alias_with_no_taskflow.py
[2024-11-07T17:09:46.419+0000] {processor.py:914} INFO - Processing file /home/airflow/.local/lib/python3.12/site-packages/airflow/example_dags/example_dataset_alias_with_no_taskflow.py for tasks to queue
[2024-11-07T17:09:46.422+0000] {logging_mixin.py:190} INFO - [2024-11-07T17:09:46.422+0000] {dagbag.py:588} INFO - Filling up the DagBag from /home/airflow/.local/lib/python3.12/site-packages/airflow/example_dags/example_dataset_alias_with_no_taskflow.py
[2024-11-07T17:09:46.605+0000] {processor.py:925} INFO - DAG(s) 'dataset_s3_bucket_producer_with_no_taskflow', 'dataset_s3_bucket_consumer_with_no_taskflow', 'dataset_alias_example_alias_consumer_with_no_taskflow', 'dataset_alias_example_alias_producer_with_no_taskflow' retrieved from /home/airflow/.local/lib/python3.12/site-packages/airflow/example_dags/example_dataset_alias_with_no_taskflow.py
[2024-11-07T17:09:46.629+0000] {logging_mixin.py:190} INFO - [2024-11-07T17:09:46.628+0000] {dag.py:3239} INFO - Sync 4 DAGs
[2024-11-07T17:09:46.655+0000] {logging_mixin.py:190} INFO - [2024-11-07T17:09:46.655+0000] {dag.py:4180} INFO - Setting next_dagrun for dataset_alias_example_alias_consumer_with_no_taskflow to None, run_after=None
[2024-11-07T17:09:46.658+0000] {logging_mixin.py:190} INFO - [2024-11-07T17:09:46.658+0000] {dag.py:4180} INFO - Setting next_dagrun for dataset_alias_example_alias_producer_with_no_taskflow to None, run_after=None
[2024-11-07T17:09:46.660+0000] {logging_mixin.py:190} INFO - [2024-11-07T17:09:46.659+0000] {dag.py:4180} INFO - Setting next_dagrun for dataset_s3_bucket_consumer_with_no_taskflow to None, run_after=None
[2024-11-07T17:09:46.661+0000] {logging_mixin.py:190} INFO - [2024-11-07T17:09:46.661+0000] {dag.py:4180} INFO - Setting next_dagrun for dataset_s3_bucket_producer_with_no_taskflow to None, run_after=None
[2024-11-07T17:09:46.686+0000] {processor.py:208} INFO - Processing /home/airflow/.local/lib/python3.12/site-packages/airflow/example_dags/example_dataset_alias_with_no_taskflow.py took 0.283 seconds
[2024-11-07T17:10:16.763+0000] {processor.py:186} INFO - Started process (PID=1251) to work on /home/airflow/.local/lib/python3.12/site-packages/airflow/example_dags/example_dataset_alias_with_no_taskflow.py
[2024-11-07T17:10:16.764+0000] {processor.py:914} INFO - Processing file /home/airflow/.local/lib/python3.12/site-packages/airflow/example_dags/example_dataset_alias_with_no_taskflow.py for tasks to queue
[2024-11-07T17:10:16.768+0000] {logging_mixin.py:190} INFO - [2024-11-07T17:10:16.767+0000] {dagbag.py:588} INFO - Filling up the DagBag from /home/airflow/.local/lib/python3.12/site-packages/airflow/example_dags/example_dataset_alias_with_no_taskflow.py
[2024-11-07T17:10:17.016+0000] {processor.py:925} INFO - DAG(s) 'dataset_alias_example_alias_producer_with_no_taskflow', 'dataset_s3_bucket_consumer_with_no_taskflow', 'dataset_alias_example_alias_consumer_with_no_taskflow', 'dataset_s3_bucket_producer_with_no_taskflow' retrieved from /home/airflow/.local/lib/python3.12/site-packages/airflow/example_dags/example_dataset_alias_with_no_taskflow.py
[2024-11-07T17:10:17.044+0000] {logging_mixin.py:190} INFO - [2024-11-07T17:10:17.044+0000] {dag.py:3239} INFO - Sync 4 DAGs
[2024-11-07T17:10:17.072+0000] {logging_mixin.py:190} INFO - [2024-11-07T17:10:17.072+0000] {dag.py:4180} INFO - Setting next_dagrun for dataset_alias_example_alias_consumer_with_no_taskflow to None, run_after=None
[2024-11-07T17:10:17.076+0000] {logging_mixin.py:190} INFO - [2024-11-07T17:10:17.076+0000] {dag.py:4180} INFO - Setting next_dagrun for dataset_alias_example_alias_producer_with_no_taskflow to None, run_after=None
[2024-11-07T17:10:17.077+0000] {logging_mixin.py:190} INFO - [2024-11-07T17:10:17.077+0000] {dag.py:4180} INFO - Setting next_dagrun for dataset_s3_bucket_consumer_with_no_taskflow to None, run_after=None
[2024-11-07T17:10:17.079+0000] {logging_mixin.py:190} INFO - [2024-11-07T17:10:17.078+0000] {dag.py:4180} INFO - Setting next_dagrun for dataset_s3_bucket_producer_with_no_taskflow to None, run_after=None
[2024-11-07T17:10:17.106+0000] {processor.py:208} INFO - Processing /home/airflow/.local/lib/python3.12/site-packages/airflow/example_dags/example_dataset_alias_with_no_taskflow.py took 0.352 seconds
[2024-11-07T17:10:47.190+0000] {processor.py:186} INFO - Started process (PID=1314) to work on /home/airflow/.local/lib/python3.12/site-packages/airflow/example_dags/example_dataset_alias_with_no_taskflow.py
[2024-11-07T17:10:47.191+0000] {processor.py:914} INFO - Processing file /home/airflow/.local/lib/python3.12/site-packages/airflow/example_dags/example_dataset_alias_with_no_taskflow.py for tasks to queue
[2024-11-07T17:10:47.194+0000] {logging_mixin.py:190} INFO - [2024-11-07T17:10:47.193+0000] {dagbag.py:588} INFO - Filling up the DagBag from /home/airflow/.local/lib/python3.12/site-packages/airflow/example_dags/example_dataset_alias_with_no_taskflow.py
[2024-11-07T17:10:47.381+0000] {processor.py:925} INFO - DAG(s) 'dataset_alias_example_alias_producer_with_no_taskflow', 'dataset_s3_bucket_consumer_with_no_taskflow', 'dataset_s3_bucket_producer_with_no_taskflow', 'dataset_alias_example_alias_consumer_with_no_taskflow' retrieved from /home/airflow/.local/lib/python3.12/site-packages/airflow/example_dags/example_dataset_alias_with_no_taskflow.py
[2024-11-07T17:10:47.410+0000] {logging_mixin.py:190} INFO - [2024-11-07T17:10:47.410+0000] {dag.py:3239} INFO - Sync 4 DAGs
[2024-11-07T17:10:47.442+0000] {logging_mixin.py:190} INFO - [2024-11-07T17:10:47.442+0000] {dag.py:4180} INFO - Setting next_dagrun for dataset_alias_example_alias_consumer_with_no_taskflow to None, run_after=None
[2024-11-07T17:10:47.446+0000] {logging_mixin.py:190} INFO - [2024-11-07T17:10:47.445+0000] {dag.py:4180} INFO - Setting next_dagrun for dataset_alias_example_alias_producer_with_no_taskflow to None, run_after=None
[2024-11-07T17:10:47.448+0000] {logging_mixin.py:190} INFO - [2024-11-07T17:10:47.447+0000] {dag.py:4180} INFO - Setting next_dagrun for dataset_s3_bucket_consumer_with_no_taskflow to None, run_after=None
[2024-11-07T17:10:47.449+0000] {logging_mixin.py:190} INFO - [2024-11-07T17:10:47.449+0000] {dag.py:4180} INFO - Setting next_dagrun for dataset_s3_bucket_producer_with_no_taskflow to None, run_after=None
[2024-11-07T17:10:47.477+0000] {processor.py:208} INFO - Processing /home/airflow/.local/lib/python3.12/site-packages/airflow/example_dags/example_dataset_alias_with_no_taskflow.py took 0.295 seconds
[2024-11-07T17:11:18.138+0000] {processor.py:186} INFO - Started process (PID=1377) to work on /home/airflow/.local/lib/python3.12/site-packages/airflow/example_dags/example_dataset_alias_with_no_taskflow.py
[2024-11-07T17:11:18.139+0000] {processor.py:914} INFO - Processing file /home/airflow/.local/lib/python3.12/site-packages/airflow/example_dags/example_dataset_alias_with_no_taskflow.py for tasks to queue
[2024-11-07T17:11:18.143+0000] {logging_mixin.py:190} INFO - [2024-11-07T17:11:18.142+0000] {dagbag.py:588} INFO - Filling up the DagBag from /home/airflow/.local/lib/python3.12/site-packages/airflow/example_dags/example_dataset_alias_with_no_taskflow.py
[2024-11-07T17:11:18.366+0000] {processor.py:925} INFO - DAG(s) 'dataset_s3_bucket_consumer_with_no_taskflow', 'dataset_alias_example_alias_producer_with_no_taskflow', 'dataset_s3_bucket_producer_with_no_taskflow', 'dataset_alias_example_alias_consumer_with_no_taskflow' retrieved from /home/airflow/.local/lib/python3.12/site-packages/airflow/example_dags/example_dataset_alias_with_no_taskflow.py
[2024-11-07T17:11:18.403+0000] {logging_mixin.py:190} INFO - [2024-11-07T17:11:18.403+0000] {dag.py:3239} INFO - Sync 4 DAGs
[2024-11-07T17:11:18.444+0000] {logging_mixin.py:190} INFO - [2024-11-07T17:11:18.443+0000] {dag.py:4180} INFO - Setting next_dagrun for dataset_alias_example_alias_consumer_with_no_taskflow to None, run_after=None
[2024-11-07T17:11:18.448+0000] {logging_mixin.py:190} INFO - [2024-11-07T17:11:18.448+0000] {dag.py:4180} INFO - Setting next_dagrun for dataset_alias_example_alias_producer_with_no_taskflow to None, run_after=None
[2024-11-07T17:11:18.450+0000] {logging_mixin.py:190} INFO - [2024-11-07T17:11:18.450+0000] {dag.py:4180} INFO - Setting next_dagrun for dataset_s3_bucket_consumer_with_no_taskflow to None, run_after=None
[2024-11-07T17:11:18.452+0000] {logging_mixin.py:190} INFO - [2024-11-07T17:11:18.452+0000] {dag.py:4180} INFO - Setting next_dagrun for dataset_s3_bucket_producer_with_no_taskflow to None, run_after=None
[2024-11-07T17:11:18.502+0000] {processor.py:208} INFO - Processing /home/airflow/.local/lib/python3.12/site-packages/airflow/example_dags/example_dataset_alias_with_no_taskflow.py took 0.374 seconds
[2024-11-07T17:11:48.669+0000] {processor.py:186} INFO - Started process (PID=1440) to work on /home/airflow/.local/lib/python3.12/site-packages/airflow/example_dags/example_dataset_alias_with_no_taskflow.py
[2024-11-07T17:11:48.670+0000] {processor.py:914} INFO - Processing file /home/airflow/.local/lib/python3.12/site-packages/airflow/example_dags/example_dataset_alias_with_no_taskflow.py for tasks to queue
[2024-11-07T17:11:48.673+0000] {logging_mixin.py:190} INFO - [2024-11-07T17:11:48.673+0000] {dagbag.py:588} INFO - Filling up the DagBag from /home/airflow/.local/lib/python3.12/site-packages/airflow/example_dags/example_dataset_alias_with_no_taskflow.py
[2024-11-07T17:11:48.859+0000] {processor.py:925} INFO - DAG(s) 'dataset_alias_example_alias_consumer_with_no_taskflow', 'dataset_alias_example_alias_producer_with_no_taskflow', 'dataset_s3_bucket_producer_with_no_taskflow', 'dataset_s3_bucket_consumer_with_no_taskflow' retrieved from /home/airflow/.local/lib/python3.12/site-packages/airflow/example_dags/example_dataset_alias_with_no_taskflow.py
[2024-11-07T17:11:48.884+0000] {logging_mixin.py:190} INFO - [2024-11-07T17:11:48.883+0000] {dag.py:3239} INFO - Sync 4 DAGs
[2024-11-07T17:11:48.938+0000] {logging_mixin.py:190} INFO - [2024-11-07T17:11:48.938+0000] {dag.py:4180} INFO - Setting next_dagrun for dataset_alias_example_alias_consumer_with_no_taskflow to None, run_after=None
[2024-11-07T17:11:48.941+0000] {logging_mixin.py:190} INFO - [2024-11-07T17:11:48.941+0000] {dag.py:4180} INFO - Setting next_dagrun for dataset_alias_example_alias_producer_with_no_taskflow to None, run_after=None
[2024-11-07T17:11:48.943+0000] {logging_mixin.py:190} INFO - [2024-11-07T17:11:48.943+0000] {dag.py:4180} INFO - Setting next_dagrun for dataset_s3_bucket_consumer_with_no_taskflow to None, run_after=None
[2024-11-07T17:11:48.946+0000] {logging_mixin.py:190} INFO - [2024-11-07T17:11:48.945+0000] {dag.py:4180} INFO - Setting next_dagrun for dataset_s3_bucket_producer_with_no_taskflow to None, run_after=None
[2024-11-07T17:11:48.980+0000] {processor.py:208} INFO - Processing /home/airflow/.local/lib/python3.12/site-packages/airflow/example_dags/example_dataset_alias_with_no_taskflow.py took 0.319 seconds
[2024-11-07T17:12:19.761+0000] {processor.py:186} INFO - Started process (PID=1503) to work on /home/airflow/.local/lib/python3.12/site-packages/airflow/example_dags/example_dataset_alias_with_no_taskflow.py
[2024-11-07T17:12:19.763+0000] {processor.py:914} INFO - Processing file /home/airflow/.local/lib/python3.12/site-packages/airflow/example_dags/example_dataset_alias_with_no_taskflow.py for tasks to queue
[2024-11-07T17:12:19.767+0000] {logging_mixin.py:190} INFO - [2024-11-07T17:12:19.767+0000] {dagbag.py:588} INFO - Filling up the DagBag from /home/airflow/.local/lib/python3.12/site-packages/airflow/example_dags/example_dataset_alias_with_no_taskflow.py
[2024-11-07T17:12:20.288+0000] {processor.py:925} INFO - DAG(s) 'dataset_s3_bucket_consumer_with_no_taskflow', 'dataset_alias_example_alias_consumer_with_no_taskflow', 'dataset_alias_example_alias_producer_with_no_taskflow', 'dataset_s3_bucket_producer_with_no_taskflow' retrieved from /home/airflow/.local/lib/python3.12/site-packages/airflow/example_dags/example_dataset_alias_with_no_taskflow.py
[2024-11-07T17:12:20.385+0000] {logging_mixin.py:190} INFO - [2024-11-07T17:12:20.384+0000] {dag.py:3239} INFO - Sync 4 DAGs
[2024-11-07T17:12:20.490+0000] {logging_mixin.py:190} INFO - [2024-11-07T17:12:20.489+0000] {dag.py:4180} INFO - Setting next_dagrun for dataset_alias_example_alias_consumer_with_no_taskflow to None, run_after=None
[2024-11-07T17:12:24.002+0000] {logging_mixin.py:190} INFO - [2024-11-07T17:12:24.002+0000] {dag.py:4180} INFO - Setting next_dagrun for dataset_alias_example_alias_producer_with_no_taskflow to None, run_after=None
[2024-11-07T17:12:24.006+0000] {logging_mixin.py:190} INFO - [2024-11-07T17:12:24.005+0000] {dag.py:4180} INFO - Setting next_dagrun for dataset_s3_bucket_consumer_with_no_taskflow to None, run_after=None
[2024-11-07T17:12:24.008+0000] {logging_mixin.py:190} INFO - [2024-11-07T17:12:24.008+0000] {dag.py:4180} INFO - Setting next_dagrun for dataset_s3_bucket_producer_with_no_taskflow to None, run_after=None
[2024-11-07T17:12:24.059+0000] {processor.py:208} INFO - Processing /home/airflow/.local/lib/python3.12/site-packages/airflow/example_dags/example_dataset_alias_with_no_taskflow.py took 4.322 seconds
[2024-11-07T17:12:54.481+0000] {processor.py:186} INFO - Started process (PID=1565) to work on /home/airflow/.local/lib/python3.12/site-packages/airflow/example_dags/example_dataset_alias_with_no_taskflow.py
[2024-11-07T17:12:54.483+0000] {processor.py:914} INFO - Processing file /home/airflow/.local/lib/python3.12/site-packages/airflow/example_dags/example_dataset_alias_with_no_taskflow.py for tasks to queue
[2024-11-07T17:12:54.488+0000] {logging_mixin.py:190} INFO - [2024-11-07T17:12:54.488+0000] {dagbag.py:588} INFO - Filling up the DagBag from /home/airflow/.local/lib/python3.12/site-packages/airflow/example_dags/example_dataset_alias_with_no_taskflow.py
[2024-11-07T17:12:54.869+0000] {processor.py:925} INFO - DAG(s) 'dataset_s3_bucket_producer_with_no_taskflow', 'dataset_s3_bucket_consumer_with_no_taskflow', 'dataset_alias_example_alias_consumer_with_no_taskflow', 'dataset_alias_example_alias_producer_with_no_taskflow' retrieved from /home/airflow/.local/lib/python3.12/site-packages/airflow/example_dags/example_dataset_alias_with_no_taskflow.py
[2024-11-07T17:12:54.926+0000] {logging_mixin.py:190} INFO - [2024-11-07T17:12:54.926+0000] {dag.py:3239} INFO - Sync 4 DAGs
[2024-11-07T17:12:54.980+0000] {logging_mixin.py:190} INFO - [2024-11-07T17:12:54.980+0000] {dag.py:4180} INFO - Setting next_dagrun for dataset_alias_example_alias_consumer_with_no_taskflow to None, run_after=None
[2024-11-07T17:12:54.987+0000] {logging_mixin.py:190} INFO - [2024-11-07T17:12:54.986+0000] {dag.py:4180} INFO - Setting next_dagrun for dataset_alias_example_alias_producer_with_no_taskflow to None, run_after=None
[2024-11-07T17:12:54.990+0000] {logging_mixin.py:190} INFO - [2024-11-07T17:12:54.990+0000] {dag.py:4180} INFO - Setting next_dagrun for dataset_s3_bucket_consumer_with_no_taskflow to None, run_after=None
[2024-11-07T17:12:54.994+0000] {logging_mixin.py:190} INFO - [2024-11-07T17:12:54.994+0000] {dag.py:4180} INFO - Setting next_dagrun for dataset_s3_bucket_producer_with_no_taskflow to None, run_after=None
[2024-11-07T17:12:55.043+0000] {processor.py:208} INFO - Processing /home/airflow/.local/lib/python3.12/site-packages/airflow/example_dags/example_dataset_alias_with_no_taskflow.py took 0.574 seconds
[2024-11-07T17:13:25.884+0000] {processor.py:186} INFO - Started process (PID=1629) to work on /home/airflow/.local/lib/python3.12/site-packages/airflow/example_dags/example_dataset_alias_with_no_taskflow.py
[2024-11-07T17:13:25.886+0000] {processor.py:914} INFO - Processing file /home/airflow/.local/lib/python3.12/site-packages/airflow/example_dags/example_dataset_alias_with_no_taskflow.py for tasks to queue
[2024-11-07T17:13:25.889+0000] {logging_mixin.py:190} INFO - [2024-11-07T17:13:25.888+0000] {dagbag.py:588} INFO - Filling up the DagBag from /home/airflow/.local/lib/python3.12/site-packages/airflow/example_dags/example_dataset_alias_with_no_taskflow.py
[2024-11-07T17:13:26.448+0000] {processor.py:925} INFO - DAG(s) 'dataset_s3_bucket_producer_with_no_taskflow', 'dataset_alias_example_alias_consumer_with_no_taskflow', 'dataset_s3_bucket_consumer_with_no_taskflow', 'dataset_alias_example_alias_producer_with_no_taskflow' retrieved from /home/airflow/.local/lib/python3.12/site-packages/airflow/example_dags/example_dataset_alias_with_no_taskflow.py
[2024-11-07T17:13:26.926+0000] {logging_mixin.py:190} INFO - [2024-11-07T17:13:26.925+0000] {dag.py:3239} INFO - Sync 4 DAGs
[2024-11-07T17:13:27.018+0000] {logging_mixin.py:190} INFO - [2024-11-07T17:13:27.018+0000] {dag.py:4180} INFO - Setting next_dagrun for dataset_alias_example_alias_consumer_with_no_taskflow to None, run_after=None
[2024-11-07T17:13:27.026+0000] {logging_mixin.py:190} INFO - [2024-11-07T17:13:27.025+0000] {dag.py:4180} INFO - Setting next_dagrun for dataset_alias_example_alias_producer_with_no_taskflow to None, run_after=None
[2024-11-07T17:13:27.031+0000] {logging_mixin.py:190} INFO - [2024-11-07T17:13:27.031+0000] {dag.py:4180} INFO - Setting next_dagrun for dataset_s3_bucket_consumer_with_no_taskflow to None, run_after=None
[2024-11-07T17:13:27.041+0000] {logging_mixin.py:190} INFO - [2024-11-07T17:13:27.040+0000] {dag.py:4180} INFO - Setting next_dagrun for dataset_s3_bucket_producer_with_no_taskflow to None, run_after=None
[2024-11-07T17:13:27.133+0000] {processor.py:208} INFO - Processing /home/airflow/.local/lib/python3.12/site-packages/airflow/example_dags/example_dataset_alias_with_no_taskflow.py took 1.257 seconds
[2024-11-07T17:13:57.969+0000] {processor.py:186} INFO - Started process (PID=1691) to work on /home/airflow/.local/lib/python3.12/site-packages/airflow/example_dags/example_dataset_alias_with_no_taskflow.py
[2024-11-07T17:13:57.972+0000] {processor.py:914} INFO - Processing file /home/airflow/.local/lib/python3.12/site-packages/airflow/example_dags/example_dataset_alias_with_no_taskflow.py for tasks to queue
[2024-11-07T17:13:57.978+0000] {logging_mixin.py:190} INFO - [2024-11-07T17:13:57.978+0000] {dagbag.py:588} INFO - Filling up the DagBag from /home/airflow/.local/lib/python3.12/site-packages/airflow/example_dags/example_dataset_alias_with_no_taskflow.py
[2024-11-07T17:13:58.180+0000] {processor.py:925} INFO - DAG(s) 'dataset_alias_example_alias_producer_with_no_taskflow', 'dataset_s3_bucket_consumer_with_no_taskflow', 'dataset_alias_example_alias_consumer_with_no_taskflow', 'dataset_s3_bucket_producer_with_no_taskflow' retrieved from /home/airflow/.local/lib/python3.12/site-packages/airflow/example_dags/example_dataset_alias_with_no_taskflow.py
[2024-11-07T17:13:58.207+0000] {logging_mixin.py:190} INFO - [2024-11-07T17:13:58.207+0000] {dag.py:3239} INFO - Sync 4 DAGs
[2024-11-07T17:13:58.232+0000] {logging_mixin.py:190} INFO - [2024-11-07T17:13:58.232+0000] {dag.py:4180} INFO - Setting next_dagrun for dataset_alias_example_alias_consumer_with_no_taskflow to None, run_after=None
[2024-11-07T17:13:58.235+0000] {logging_mixin.py:190} INFO - [2024-11-07T17:13:58.235+0000] {dag.py:4180} INFO - Setting next_dagrun for dataset_alias_example_alias_producer_with_no_taskflow to None, run_after=None
[2024-11-07T17:13:58.237+0000] {logging_mixin.py:190} INFO - [2024-11-07T17:13:58.236+0000] {dag.py:4180} INFO - Setting next_dagrun for dataset_s3_bucket_consumer_with_no_taskflow to None, run_after=None
[2024-11-07T17:13:58.238+0000] {logging_mixin.py:190} INFO - [2024-11-07T17:13:58.238+0000] {dag.py:4180} INFO - Setting next_dagrun for dataset_s3_bucket_producer_with_no_taskflow to None, run_after=None
[2024-11-07T17:13:58.263+0000] {processor.py:208} INFO - Processing /home/airflow/.local/lib/python3.12/site-packages/airflow/example_dags/example_dataset_alias_with_no_taskflow.py took 0.306 seconds
[2024-11-07T17:14:28.402+0000] {processor.py:186} INFO - Started process (PID=1754) to work on /home/airflow/.local/lib/python3.12/site-packages/airflow/example_dags/example_dataset_alias_with_no_taskflow.py
[2024-11-07T17:14:28.403+0000] {processor.py:914} INFO - Processing file /home/airflow/.local/lib/python3.12/site-packages/airflow/example_dags/example_dataset_alias_with_no_taskflow.py for tasks to queue
[2024-11-07T17:14:28.406+0000] {logging_mixin.py:190} INFO - [2024-11-07T17:14:28.406+0000] {dagbag.py:588} INFO - Filling up the DagBag from /home/airflow/.local/lib/python3.12/site-packages/airflow/example_dags/example_dataset_alias_with_no_taskflow.py
[2024-11-07T17:14:28.620+0000] {processor.py:925} INFO - DAG(s) 'dataset_alias_example_alias_consumer_with_no_taskflow', 'dataset_s3_bucket_consumer_with_no_taskflow', 'dataset_alias_example_alias_producer_with_no_taskflow', 'dataset_s3_bucket_producer_with_no_taskflow' retrieved from /home/airflow/.local/lib/python3.12/site-packages/airflow/example_dags/example_dataset_alias_with_no_taskflow.py
[2024-11-07T17:14:28.655+0000] {logging_mixin.py:190} INFO - [2024-11-07T17:14:28.655+0000] {dag.py:3239} INFO - Sync 4 DAGs
[2024-11-07T17:14:28.729+0000] {logging_mixin.py:190} INFO - [2024-11-07T17:14:28.729+0000] {dag.py:4180} INFO - Setting next_dagrun for dataset_alias_example_alias_consumer_with_no_taskflow to None, run_after=None
[2024-11-07T17:14:28.737+0000] {logging_mixin.py:190} INFO - [2024-11-07T17:14:28.737+0000] {dag.py:4180} INFO - Setting next_dagrun for dataset_alias_example_alias_producer_with_no_taskflow to None, run_after=None
[2024-11-07T17:14:28.739+0000] {logging_mixin.py:190} INFO - [2024-11-07T17:14:28.739+0000] {dag.py:4180} INFO - Setting next_dagrun for dataset_s3_bucket_consumer_with_no_taskflow to None, run_after=None
[2024-11-07T17:14:28.741+0000] {logging_mixin.py:190} INFO - [2024-11-07T17:14:28.741+0000] {dag.py:4180} INFO - Setting next_dagrun for dataset_s3_bucket_producer_with_no_taskflow to None, run_after=None
[2024-11-07T17:14:28.770+0000] {processor.py:208} INFO - Processing /home/airflow/.local/lib/python3.12/site-packages/airflow/example_dags/example_dataset_alias_with_no_taskflow.py took 0.376 seconds
[2024-11-07T17:14:59.404+0000] {processor.py:186} INFO - Started process (PID=1817) to work on /home/airflow/.local/lib/python3.12/site-packages/airflow/example_dags/example_dataset_alias_with_no_taskflow.py
[2024-11-07T17:14:59.405+0000] {processor.py:914} INFO - Processing file /home/airflow/.local/lib/python3.12/site-packages/airflow/example_dags/example_dataset_alias_with_no_taskflow.py for tasks to queue
[2024-11-07T17:14:59.409+0000] {logging_mixin.py:190} INFO - [2024-11-07T17:14:59.408+0000] {dagbag.py:588} INFO - Filling up the DagBag from /home/airflow/.local/lib/python3.12/site-packages/airflow/example_dags/example_dataset_alias_with_no_taskflow.py
[2024-11-07T17:14:59.606+0000] {processor.py:925} INFO - DAG(s) 'dataset_s3_bucket_producer_with_no_taskflow', 'dataset_alias_example_alias_consumer_with_no_taskflow', 'dataset_alias_example_alias_producer_with_no_taskflow', 'dataset_s3_bucket_consumer_with_no_taskflow' retrieved from /home/airflow/.local/lib/python3.12/site-packages/airflow/example_dags/example_dataset_alias_with_no_taskflow.py
[2024-11-07T17:15:00.311+0000] {logging_mixin.py:190} INFO - [2024-11-07T17:15:00.311+0000] {dag.py:3239} INFO - Sync 4 DAGs
[2024-11-07T17:15:00.339+0000] {logging_mixin.py:190} INFO - [2024-11-07T17:15:00.339+0000] {dag.py:4180} INFO - Setting next_dagrun for dataset_alias_example_alias_consumer_with_no_taskflow to None, run_after=None
[2024-11-07T17:15:00.343+0000] {logging_mixin.py:190} INFO - [2024-11-07T17:15:00.343+0000] {dag.py:4180} INFO - Setting next_dagrun for dataset_alias_example_alias_producer_with_no_taskflow to None, run_after=None
[2024-11-07T17:15:00.345+0000] {logging_mixin.py:190} INFO - [2024-11-07T17:15:00.345+0000] {dag.py:4180} INFO - Setting next_dagrun for dataset_s3_bucket_consumer_with_no_taskflow to None, run_after=None
[2024-11-07T17:15:00.348+0000] {logging_mixin.py:190} INFO - [2024-11-07T17:15:00.348+0000] {dag.py:4180} INFO - Setting next_dagrun for dataset_s3_bucket_producer_with_no_taskflow to None, run_after=None
[2024-11-07T17:15:00.381+0000] {processor.py:208} INFO - Processing /home/airflow/.local/lib/python3.12/site-packages/airflow/example_dags/example_dataset_alias_with_no_taskflow.py took 0.985 seconds
[2024-11-07T17:15:30.470+0000] {processor.py:186} INFO - Started process (PID=1879) to work on /home/airflow/.local/lib/python3.12/site-packages/airflow/example_dags/example_dataset_alias_with_no_taskflow.py
[2024-11-07T17:15:30.471+0000] {processor.py:914} INFO - Processing file /home/airflow/.local/lib/python3.12/site-packages/airflow/example_dags/example_dataset_alias_with_no_taskflow.py for tasks to queue
[2024-11-07T17:15:30.474+0000] {logging_mixin.py:190} INFO - [2024-11-07T17:15:30.474+0000] {dagbag.py:588} INFO - Filling up the DagBag from /home/airflow/.local/lib/python3.12/site-packages/airflow/example_dags/example_dataset_alias_with_no_taskflow.py
[2024-11-07T17:15:30.730+0000] {processor.py:925} INFO - DAG(s) 'dataset_alias_example_alias_consumer_with_no_taskflow', 'dataset_s3_bucket_consumer_with_no_taskflow', 'dataset_alias_example_alias_producer_with_no_taskflow', 'dataset_s3_bucket_producer_with_no_taskflow' retrieved from /home/airflow/.local/lib/python3.12/site-packages/airflow/example_dags/example_dataset_alias_with_no_taskflow.py
[2024-11-07T17:15:30.761+0000] {logging_mixin.py:190} INFO - [2024-11-07T17:15:30.761+0000] {dag.py:3239} INFO - Sync 4 DAGs
[2024-11-07T17:15:31.020+0000] {logging_mixin.py:190} INFO - [2024-11-07T17:15:31.019+0000] {dag.py:4180} INFO - Setting next_dagrun for dataset_alias_example_alias_consumer_with_no_taskflow to None, run_after=None
[2024-11-07T17:15:31.023+0000] {logging_mixin.py:190} INFO - [2024-11-07T17:15:31.023+0000] {dag.py:4180} INFO - Setting next_dagrun for dataset_alias_example_alias_producer_with_no_taskflow to None, run_after=None
[2024-11-07T17:15:31.025+0000] {logging_mixin.py:190} INFO - [2024-11-07T17:15:31.025+0000] {dag.py:4180} INFO - Setting next_dagrun for dataset_s3_bucket_consumer_with_no_taskflow to None, run_after=None
[2024-11-07T17:15:31.027+0000] {logging_mixin.py:190} INFO - [2024-11-07T17:15:31.027+0000] {dag.py:4180} INFO - Setting next_dagrun for dataset_s3_bucket_producer_with_no_taskflow to None, run_after=None
[2024-11-07T17:15:31.055+0000] {processor.py:208} INFO - Processing /home/airflow/.local/lib/python3.12/site-packages/airflow/example_dags/example_dataset_alias_with_no_taskflow.py took 0.594 seconds
[2024-11-07T17:16:01.379+0000] {processor.py:186} INFO - Started process (PID=1942) to work on /home/airflow/.local/lib/python3.12/site-packages/airflow/example_dags/example_dataset_alias_with_no_taskflow.py
[2024-11-07T17:16:01.380+0000] {processor.py:914} INFO - Processing file /home/airflow/.local/lib/python3.12/site-packages/airflow/example_dags/example_dataset_alias_with_no_taskflow.py for tasks to queue
[2024-11-07T17:16:01.384+0000] {logging_mixin.py:190} INFO - [2024-11-07T17:16:01.383+0000] {dagbag.py:588} INFO - Filling up the DagBag from /home/airflow/.local/lib/python3.12/site-packages/airflow/example_dags/example_dataset_alias_with_no_taskflow.py
[2024-11-07T17:16:01.632+0000] {processor.py:925} INFO - DAG(s) 'dataset_s3_bucket_producer_with_no_taskflow', 'dataset_s3_bucket_consumer_with_no_taskflow', 'dataset_alias_example_alias_producer_with_no_taskflow', 'dataset_alias_example_alias_consumer_with_no_taskflow' retrieved from /home/airflow/.local/lib/python3.12/site-packages/airflow/example_dags/example_dataset_alias_with_no_taskflow.py
[2024-11-07T17:16:01.660+0000] {logging_mixin.py:190} INFO - [2024-11-07T17:16:01.659+0000] {dag.py:3239} INFO - Sync 4 DAGs
[2024-11-07T17:16:01.890+0000] {logging_mixin.py:190} INFO - [2024-11-07T17:16:01.890+0000] {dag.py:4180} INFO - Setting next_dagrun for dataset_alias_example_alias_consumer_with_no_taskflow to None, run_after=None
[2024-11-07T17:16:01.894+0000] {logging_mixin.py:190} INFO - [2024-11-07T17:16:01.894+0000] {dag.py:4180} INFO - Setting next_dagrun for dataset_alias_example_alias_producer_with_no_taskflow to None, run_after=None
[2024-11-07T17:16:01.896+0000] {logging_mixin.py:190} INFO - [2024-11-07T17:16:01.896+0000] {dag.py:4180} INFO - Setting next_dagrun for dataset_s3_bucket_consumer_with_no_taskflow to None, run_after=None
[2024-11-07T17:16:01.897+0000] {logging_mixin.py:190} INFO - [2024-11-07T17:16:01.897+0000] {dag.py:4180} INFO - Setting next_dagrun for dataset_s3_bucket_producer_with_no_taskflow to None, run_after=None
[2024-11-07T17:16:01.922+0000] {processor.py:208} INFO - Processing /home/airflow/.local/lib/python3.12/site-packages/airflow/example_dags/example_dataset_alias_with_no_taskflow.py took 0.552 seconds
[2024-11-07T17:16:31.971+0000] {processor.py:186} INFO - Started process (PID=2005) to work on /home/airflow/.local/lib/python3.12/site-packages/airflow/example_dags/example_dataset_alias_with_no_taskflow.py
[2024-11-07T17:16:31.972+0000] {processor.py:914} INFO - Processing file /home/airflow/.local/lib/python3.12/site-packages/airflow/example_dags/example_dataset_alias_with_no_taskflow.py for tasks to queue
[2024-11-07T17:16:31.976+0000] {logging_mixin.py:190} INFO - [2024-11-07T17:16:31.975+0000] {dagbag.py:588} INFO - Filling up the DagBag from /home/airflow/.local/lib/python3.12/site-packages/airflow/example_dags/example_dataset_alias_with_no_taskflow.py
[2024-11-07T17:16:32.145+0000] {processor.py:925} INFO - DAG(s) 'dataset_s3_bucket_producer_with_no_taskflow', 'dataset_s3_bucket_consumer_with_no_taskflow', 'dataset_alias_example_alias_consumer_with_no_taskflow', 'dataset_alias_example_alias_producer_with_no_taskflow' retrieved from /home/airflow/.local/lib/python3.12/site-packages/airflow/example_dags/example_dataset_alias_with_no_taskflow.py
[2024-11-07T17:16:32.169+0000] {logging_mixin.py:190} INFO - [2024-11-07T17:16:32.169+0000] {dag.py:3239} INFO - Sync 4 DAGs
[2024-11-07T17:16:32.384+0000] {logging_mixin.py:190} INFO - [2024-11-07T17:16:32.383+0000] {dag.py:4180} INFO - Setting next_dagrun for dataset_alias_example_alias_consumer_with_no_taskflow to None, run_after=None
[2024-11-07T17:16:32.387+0000] {logging_mixin.py:190} INFO - [2024-11-07T17:16:32.387+0000] {dag.py:4180} INFO - Setting next_dagrun for dataset_alias_example_alias_producer_with_no_taskflow to None, run_after=None
[2024-11-07T17:16:32.389+0000] {logging_mixin.py:190} INFO - [2024-11-07T17:16:32.388+0000] {dag.py:4180} INFO - Setting next_dagrun for dataset_s3_bucket_consumer_with_no_taskflow to None, run_after=None
[2024-11-07T17:16:32.391+0000] {logging_mixin.py:190} INFO - [2024-11-07T17:16:32.390+0000] {dag.py:4180} INFO - Setting next_dagrun for dataset_s3_bucket_producer_with_no_taskflow to None, run_after=None
[2024-11-07T17:16:32.416+0000] {processor.py:208} INFO - Processing /home/airflow/.local/lib/python3.12/site-packages/airflow/example_dags/example_dataset_alias_with_no_taskflow.py took 0.454 seconds
[2024-11-07T17:17:03.137+0000] {processor.py:186} INFO - Started process (PID=2068) to work on /home/airflow/.local/lib/python3.12/site-packages/airflow/example_dags/example_dataset_alias_with_no_taskflow.py
[2024-11-07T17:17:03.138+0000] {processor.py:914} INFO - Processing file /home/airflow/.local/lib/python3.12/site-packages/airflow/example_dags/example_dataset_alias_with_no_taskflow.py for tasks to queue
[2024-11-07T17:17:03.142+0000] {logging_mixin.py:190} INFO - [2024-11-07T17:17:03.141+0000] {dagbag.py:588} INFO - Filling up the DagBag from /home/airflow/.local/lib/python3.12/site-packages/airflow/example_dags/example_dataset_alias_with_no_taskflow.py
[2024-11-07T17:17:03.348+0000] {processor.py:925} INFO - DAG(s) 'dataset_s3_bucket_consumer_with_no_taskflow', 'dataset_alias_example_alias_producer_with_no_taskflow', 'dataset_alias_example_alias_consumer_with_no_taskflow', 'dataset_s3_bucket_producer_with_no_taskflow' retrieved from /home/airflow/.local/lib/python3.12/site-packages/airflow/example_dags/example_dataset_alias_with_no_taskflow.py
[2024-11-07T17:17:03.377+0000] {logging_mixin.py:190} INFO - [2024-11-07T17:17:03.377+0000] {dag.py:3239} INFO - Sync 4 DAGs
[2024-11-07T17:17:03.408+0000] {logging_mixin.py:190} INFO - [2024-11-07T17:17:03.408+0000] {dag.py:4180} INFO - Setting next_dagrun for dataset_alias_example_alias_consumer_with_no_taskflow to None, run_after=None
[2024-11-07T17:17:03.414+0000] {logging_mixin.py:190} INFO - [2024-11-07T17:17:03.413+0000] {dag.py:4180} INFO - Setting next_dagrun for dataset_alias_example_alias_producer_with_no_taskflow to None, run_after=None
[2024-11-07T17:17:03.417+0000] {logging_mixin.py:190} INFO - [2024-11-07T17:17:03.417+0000] {dag.py:4180} INFO - Setting next_dagrun for dataset_s3_bucket_consumer_with_no_taskflow to None, run_after=None
[2024-11-07T17:17:03.419+0000] {logging_mixin.py:190} INFO - [2024-11-07T17:17:03.419+0000] {dag.py:4180} INFO - Setting next_dagrun for dataset_s3_bucket_producer_with_no_taskflow to None, run_after=None
[2024-11-07T17:17:03.647+0000] {processor.py:208} INFO - Processing /home/airflow/.local/lib/python3.12/site-packages/airflow/example_dags/example_dataset_alias_with_no_taskflow.py took 0.520 seconds
[2024-11-07T17:17:33.782+0000] {processor.py:186} INFO - Started process (PID=2130) to work on /home/airflow/.local/lib/python3.12/site-packages/airflow/example_dags/example_dataset_alias_with_no_taskflow.py
[2024-11-07T17:17:33.783+0000] {processor.py:914} INFO - Processing file /home/airflow/.local/lib/python3.12/site-packages/airflow/example_dags/example_dataset_alias_with_no_taskflow.py for tasks to queue
[2024-11-07T17:17:33.786+0000] {logging_mixin.py:190} INFO - [2024-11-07T17:17:33.786+0000] {dagbag.py:588} INFO - Filling up the DagBag from /home/airflow/.local/lib/python3.12/site-packages/airflow/example_dags/example_dataset_alias_with_no_taskflow.py
[2024-11-07T17:17:34.243+0000] {processor.py:925} INFO - DAG(s) 'dataset_alias_example_alias_producer_with_no_taskflow', 'dataset_s3_bucket_producer_with_no_taskflow', 'dataset_alias_example_alias_consumer_with_no_taskflow', 'dataset_s3_bucket_consumer_with_no_taskflow' retrieved from /home/airflow/.local/lib/python3.12/site-packages/airflow/example_dags/example_dataset_alias_with_no_taskflow.py
[2024-11-07T17:17:34.271+0000] {logging_mixin.py:190} INFO - [2024-11-07T17:17:34.271+0000] {dag.py:3239} INFO - Sync 4 DAGs
[2024-11-07T17:17:34.299+0000] {logging_mixin.py:190} INFO - [2024-11-07T17:17:34.299+0000] {dag.py:4180} INFO - Setting next_dagrun for dataset_alias_example_alias_consumer_with_no_taskflow to None, run_after=None
[2024-11-07T17:17:34.303+0000] {logging_mixin.py:190} INFO - [2024-11-07T17:17:34.303+0000] {dag.py:4180} INFO - Setting next_dagrun for dataset_alias_example_alias_producer_with_no_taskflow to None, run_after=None
[2024-11-07T17:17:34.305+0000] {logging_mixin.py:190} INFO - [2024-11-07T17:17:34.304+0000] {dag.py:4180} INFO - Setting next_dagrun for dataset_s3_bucket_consumer_with_no_taskflow to None, run_after=None
[2024-11-07T17:17:34.306+0000] {logging_mixin.py:190} INFO - [2024-11-07T17:17:34.306+0000] {dag.py:4180} INFO - Setting next_dagrun for dataset_s3_bucket_producer_with_no_taskflow to None, run_after=None
[2024-11-07T17:17:34.333+0000] {processor.py:208} INFO - Processing /home/airflow/.local/lib/python3.12/site-packages/airflow/example_dags/example_dataset_alias_with_no_taskflow.py took 0.559 seconds
[2024-11-07T17:18:04.400+0000] {processor.py:186} INFO - Started process (PID=2193) to work on /home/airflow/.local/lib/python3.12/site-packages/airflow/example_dags/example_dataset_alias_with_no_taskflow.py
[2024-11-07T17:18:04.402+0000] {processor.py:914} INFO - Processing file /home/airflow/.local/lib/python3.12/site-packages/airflow/example_dags/example_dataset_alias_with_no_taskflow.py for tasks to queue
[2024-11-07T17:18:04.406+0000] {logging_mixin.py:190} INFO - [2024-11-07T17:18:04.406+0000] {dagbag.py:588} INFO - Filling up the DagBag from /home/airflow/.local/lib/python3.12/site-packages/airflow/example_dags/example_dataset_alias_with_no_taskflow.py
[2024-11-07T17:18:04.826+0000] {processor.py:925} INFO - DAG(s) 'dataset_alias_example_alias_consumer_with_no_taskflow', 'dataset_s3_bucket_producer_with_no_taskflow', 'dataset_alias_example_alias_producer_with_no_taskflow', 'dataset_s3_bucket_consumer_with_no_taskflow' retrieved from /home/airflow/.local/lib/python3.12/site-packages/airflow/example_dags/example_dataset_alias_with_no_taskflow.py
[2024-11-07T17:18:04.852+0000] {logging_mixin.py:190} INFO - [2024-11-07T17:18:04.852+0000] {dag.py:3239} INFO - Sync 4 DAGs
[2024-11-07T17:18:04.877+0000] {logging_mixin.py:190} INFO - [2024-11-07T17:18:04.877+0000] {dag.py:4180} INFO - Setting next_dagrun for dataset_alias_example_alias_consumer_with_no_taskflow to None, run_after=None
[2024-11-07T17:18:04.880+0000] {logging_mixin.py:190} INFO - [2024-11-07T17:18:04.880+0000] {dag.py:4180} INFO - Setting next_dagrun for dataset_alias_example_alias_producer_with_no_taskflow to None, run_after=None
[2024-11-07T17:18:04.882+0000] {logging_mixin.py:190} INFO - [2024-11-07T17:18:04.881+0000] {dag.py:4180} INFO - Setting next_dagrun for dataset_s3_bucket_consumer_with_no_taskflow to None, run_after=None
[2024-11-07T17:18:04.884+0000] {logging_mixin.py:190} INFO - [2024-11-07T17:18:04.884+0000] {dag.py:4180} INFO - Setting next_dagrun for dataset_s3_bucket_producer_with_no_taskflow to None, run_after=None
[2024-11-07T17:18:04.906+0000] {processor.py:208} INFO - Processing /home/airflow/.local/lib/python3.12/site-packages/airflow/example_dags/example_dataset_alias_with_no_taskflow.py took 0.516 seconds
[2024-11-07T17:18:35.292+0000] {processor.py:186} INFO - Started process (PID=2257) to work on /home/airflow/.local/lib/python3.12/site-packages/airflow/example_dags/example_dataset_alias_with_no_taskflow.py
[2024-11-07T17:18:35.294+0000] {processor.py:914} INFO - Processing file /home/airflow/.local/lib/python3.12/site-packages/airflow/example_dags/example_dataset_alias_with_no_taskflow.py for tasks to queue
[2024-11-07T17:18:35.301+0000] {logging_mixin.py:190} INFO - [2024-11-07T17:18:35.300+0000] {dagbag.py:588} INFO - Filling up the DagBag from /home/airflow/.local/lib/python3.12/site-packages/airflow/example_dags/example_dataset_alias_with_no_taskflow.py
[2024-11-07T17:18:35.659+0000] {processor.py:925} INFO - DAG(s) 'dataset_alias_example_alias_producer_with_no_taskflow', 'dataset_s3_bucket_consumer_with_no_taskflow', 'dataset_s3_bucket_producer_with_no_taskflow', 'dataset_alias_example_alias_consumer_with_no_taskflow' retrieved from /home/airflow/.local/lib/python3.12/site-packages/airflow/example_dags/example_dataset_alias_with_no_taskflow.py
[2024-11-07T17:18:35.945+0000] {logging_mixin.py:190} INFO - [2024-11-07T17:18:35.945+0000] {dag.py:3239} INFO - Sync 4 DAGs
[2024-11-07T17:18:35.984+0000] {logging_mixin.py:190} INFO - [2024-11-07T17:18:35.983+0000] {dag.py:4180} INFO - Setting next_dagrun for dataset_alias_example_alias_consumer_with_no_taskflow to None, run_after=None
[2024-11-07T17:18:35.989+0000] {logging_mixin.py:190} INFO - [2024-11-07T17:18:35.988+0000] {dag.py:4180} INFO - Setting next_dagrun for dataset_alias_example_alias_producer_with_no_taskflow to None, run_after=None
[2024-11-07T17:18:35.992+0000] {logging_mixin.py:190} INFO - [2024-11-07T17:18:35.992+0000] {dag.py:4180} INFO - Setting next_dagrun for dataset_s3_bucket_consumer_with_no_taskflow to None, run_after=None
[2024-11-07T17:18:35.994+0000] {logging_mixin.py:190} INFO - [2024-11-07T17:18:35.994+0000] {dag.py:4180} INFO - Setting next_dagrun for dataset_s3_bucket_producer_with_no_taskflow to None, run_after=None
[2024-11-07T17:18:36.030+0000] {processor.py:208} INFO - Processing /home/airflow/.local/lib/python3.12/site-packages/airflow/example_dags/example_dataset_alias_with_no_taskflow.py took 0.755 seconds
[2024-11-07T17:19:07.196+0000] {processor.py:186} INFO - Started process (PID=2320) to work on /home/airflow/.local/lib/python3.12/site-packages/airflow/example_dags/example_dataset_alias_with_no_taskflow.py
[2024-11-07T17:19:07.212+0000] {processor.py:914} INFO - Processing file /home/airflow/.local/lib/python3.12/site-packages/airflow/example_dags/example_dataset_alias_with_no_taskflow.py for tasks to queue
[2024-11-07T17:19:07.219+0000] {logging_mixin.py:190} INFO - [2024-11-07T17:19:07.218+0000] {dagbag.py:588} INFO - Filling up the DagBag from /home/airflow/.local/lib/python3.12/site-packages/airflow/example_dags/example_dataset_alias_with_no_taskflow.py
[2024-11-07T17:19:12.764+0000] {processor.py:925} INFO - DAG(s) 'dataset_s3_bucket_consumer_with_no_taskflow', 'dataset_s3_bucket_producer_with_no_taskflow', 'dataset_alias_example_alias_producer_with_no_taskflow', 'dataset_alias_example_alias_consumer_with_no_taskflow' retrieved from /home/airflow/.local/lib/python3.12/site-packages/airflow/example_dags/example_dataset_alias_with_no_taskflow.py
[2024-11-07T17:19:12.841+0000] {logging_mixin.py:190} INFO - [2024-11-07T17:19:12.840+0000] {dag.py:3239} INFO - Sync 4 DAGs
[2024-11-07T17:19:12.997+0000] {logging_mixin.py:190} INFO - [2024-11-07T17:19:12.997+0000] {dag.py:4180} INFO - Setting next_dagrun for dataset_alias_example_alias_consumer_with_no_taskflow to None, run_after=None
[2024-11-07T17:19:13.005+0000] {logging_mixin.py:190} INFO - [2024-11-07T17:19:13.005+0000] {dag.py:4180} INFO - Setting next_dagrun for dataset_alias_example_alias_producer_with_no_taskflow to None, run_after=None
[2024-11-07T17:19:13.012+0000] {logging_mixin.py:190} INFO - [2024-11-07T17:19:13.011+0000] {dag.py:4180} INFO - Setting next_dagrun for dataset_s3_bucket_consumer_with_no_taskflow to None, run_after=None
[2024-11-07T17:19:13.020+0000] {logging_mixin.py:190} INFO - [2024-11-07T17:19:13.018+0000] {dag.py:4180} INFO - Setting next_dagrun for dataset_s3_bucket_producer_with_no_taskflow to None, run_after=None
[2024-11-07T17:19:13.145+0000] {processor.py:208} INFO - Processing /home/airflow/.local/lib/python3.12/site-packages/airflow/example_dags/example_dataset_alias_with_no_taskflow.py took 6.205 seconds
[2024-11-07T17:19:43.610+0000] {processor.py:186} INFO - Started process (PID=2389) to work on /home/airflow/.local/lib/python3.12/site-packages/airflow/example_dags/example_dataset_alias_with_no_taskflow.py
[2024-11-07T17:19:43.611+0000] {processor.py:914} INFO - Processing file /home/airflow/.local/lib/python3.12/site-packages/airflow/example_dags/example_dataset_alias_with_no_taskflow.py for tasks to queue
[2024-11-07T17:19:43.614+0000] {logging_mixin.py:190} INFO - [2024-11-07T17:19:43.614+0000] {dagbag.py:588} INFO - Filling up the DagBag from /home/airflow/.local/lib/python3.12/site-packages/airflow/example_dags/example_dataset_alias_with_no_taskflow.py
[2024-11-07T17:19:44.685+0000] {processor.py:925} INFO - DAG(s) 'dataset_s3_bucket_producer_with_no_taskflow', 'dataset_alias_example_alias_consumer_with_no_taskflow', 'dataset_s3_bucket_consumer_with_no_taskflow', 'dataset_alias_example_alias_producer_with_no_taskflow' retrieved from /home/airflow/.local/lib/python3.12/site-packages/airflow/example_dags/example_dataset_alias_with_no_taskflow.py
[2024-11-07T17:19:44.716+0000] {logging_mixin.py:190} INFO - [2024-11-07T17:19:44.716+0000] {dag.py:3239} INFO - Sync 4 DAGs
[2024-11-07T17:19:44.747+0000] {logging_mixin.py:190} INFO - [2024-11-07T17:19:44.746+0000] {dag.py:4180} INFO - Setting next_dagrun for dataset_alias_example_alias_consumer_with_no_taskflow to None, run_after=None
[2024-11-07T17:19:44.751+0000] {logging_mixin.py:190} INFO - [2024-11-07T17:19:44.750+0000] {dag.py:4180} INFO - Setting next_dagrun for dataset_alias_example_alias_producer_with_no_taskflow to None, run_after=None
[2024-11-07T17:19:44.753+0000] {logging_mixin.py:190} INFO - [2024-11-07T17:19:44.753+0000] {dag.py:4180} INFO - Setting next_dagrun for dataset_s3_bucket_consumer_with_no_taskflow to None, run_after=None
[2024-11-07T17:19:44.755+0000] {logging_mixin.py:190} INFO - [2024-11-07T17:19:44.755+0000] {dag.py:4180} INFO - Setting next_dagrun for dataset_s3_bucket_producer_with_no_taskflow to None, run_after=None
[2024-11-07T17:19:44.785+0000] {processor.py:208} INFO - Processing /home/airflow/.local/lib/python3.12/site-packages/airflow/example_dags/example_dataset_alias_with_no_taskflow.py took 1.179 seconds
[2024-11-07T17:20:15.089+0000] {processor.py:186} INFO - Started process (PID=2453) to work on /home/airflow/.local/lib/python3.12/site-packages/airflow/example_dags/example_dataset_alias_with_no_taskflow.py
[2024-11-07T17:20:15.091+0000] {processor.py:914} INFO - Processing file /home/airflow/.local/lib/python3.12/site-packages/airflow/example_dags/example_dataset_alias_with_no_taskflow.py for tasks to queue
[2024-11-07T17:20:15.096+0000] {logging_mixin.py:190} INFO - [2024-11-07T17:20:15.096+0000] {dagbag.py:588} INFO - Filling up the DagBag from /home/airflow/.local/lib/python3.12/site-packages/airflow/example_dags/example_dataset_alias_with_no_taskflow.py
[2024-11-07T17:20:15.637+0000] {processor.py:925} INFO - DAG(s) 'dataset_alias_example_alias_consumer_with_no_taskflow', 'dataset_s3_bucket_producer_with_no_taskflow', 'dataset_alias_example_alias_producer_with_no_taskflow', 'dataset_s3_bucket_consumer_with_no_taskflow' retrieved from /home/airflow/.local/lib/python3.12/site-packages/airflow/example_dags/example_dataset_alias_with_no_taskflow.py
[2024-11-07T17:20:15.663+0000] {logging_mixin.py:190} INFO - [2024-11-07T17:20:15.663+0000] {dag.py:3239} INFO - Sync 4 DAGs
[2024-11-07T17:20:15.688+0000] {logging_mixin.py:190} INFO - [2024-11-07T17:20:15.687+0000] {dag.py:4180} INFO - Setting next_dagrun for dataset_alias_example_alias_consumer_with_no_taskflow to None, run_after=None
[2024-11-07T17:20:15.690+0000] {logging_mixin.py:190} INFO - [2024-11-07T17:20:15.690+0000] {dag.py:4180} INFO - Setting next_dagrun for dataset_alias_example_alias_producer_with_no_taskflow to None, run_after=None
[2024-11-07T17:20:15.692+0000] {logging_mixin.py:190} INFO - [2024-11-07T17:20:15.692+0000] {dag.py:4180} INFO - Setting next_dagrun for dataset_s3_bucket_consumer_with_no_taskflow to None, run_after=None
[2024-11-07T17:20:15.693+0000] {logging_mixin.py:190} INFO - [2024-11-07T17:20:15.693+0000] {dag.py:4180} INFO - Setting next_dagrun for dataset_s3_bucket_producer_with_no_taskflow to None, run_after=None
[2024-11-07T17:20:15.720+0000] {processor.py:208} INFO - Processing /home/airflow/.local/lib/python3.12/site-packages/airflow/example_dags/example_dataset_alias_with_no_taskflow.py took 0.646 seconds
[2024-11-07T17:20:45.778+0000] {processor.py:186} INFO - Started process (PID=2516) to work on /home/airflow/.local/lib/python3.12/site-packages/airflow/example_dags/example_dataset_alias_with_no_taskflow.py
[2024-11-07T17:20:45.780+0000] {processor.py:914} INFO - Processing file /home/airflow/.local/lib/python3.12/site-packages/airflow/example_dags/example_dataset_alias_with_no_taskflow.py for tasks to queue
[2024-11-07T17:20:45.783+0000] {logging_mixin.py:190} INFO - [2024-11-07T17:20:45.783+0000] {dagbag.py:588} INFO - Filling up the DagBag from /home/airflow/.local/lib/python3.12/site-packages/airflow/example_dags/example_dataset_alias_with_no_taskflow.py
[2024-11-07T17:20:46.191+0000] {processor.py:925} INFO - DAG(s) 'dataset_s3_bucket_consumer_with_no_taskflow', 'dataset_s3_bucket_producer_with_no_taskflow', 'dataset_alias_example_alias_producer_with_no_taskflow', 'dataset_alias_example_alias_consumer_with_no_taskflow' retrieved from /home/airflow/.local/lib/python3.12/site-packages/airflow/example_dags/example_dataset_alias_with_no_taskflow.py
[2024-11-07T17:20:46.218+0000] {logging_mixin.py:190} INFO - [2024-11-07T17:20:46.218+0000] {dag.py:3239} INFO - Sync 4 DAGs
[2024-11-07T17:20:46.244+0000] {logging_mixin.py:190} INFO - [2024-11-07T17:20:46.244+0000] {dag.py:4180} INFO - Setting next_dagrun for dataset_alias_example_alias_consumer_with_no_taskflow to None, run_after=None
[2024-11-07T17:20:46.247+0000] {logging_mixin.py:190} INFO - [2024-11-07T17:20:46.247+0000] {dag.py:4180} INFO - Setting next_dagrun for dataset_alias_example_alias_producer_with_no_taskflow to None, run_after=None
[2024-11-07T17:20:46.249+0000] {logging_mixin.py:190} INFO - [2024-11-07T17:20:46.248+0000] {dag.py:4180} INFO - Setting next_dagrun for dataset_s3_bucket_consumer_with_no_taskflow to None, run_after=None
[2024-11-07T17:20:46.250+0000] {logging_mixin.py:190} INFO - [2024-11-07T17:20:46.250+0000] {dag.py:4180} INFO - Setting next_dagrun for dataset_s3_bucket_producer_with_no_taskflow to None, run_after=None
[2024-11-07T17:20:46.274+0000] {processor.py:208} INFO - Processing /home/airflow/.local/lib/python3.12/site-packages/airflow/example_dags/example_dataset_alias_with_no_taskflow.py took 0.506 seconds
[2024-11-07T17:21:17.017+0000] {processor.py:186} INFO - Started process (PID=2578) to work on /home/airflow/.local/lib/python3.12/site-packages/airflow/example_dags/example_dataset_alias_with_no_taskflow.py
[2024-11-07T17:21:17.019+0000] {processor.py:914} INFO - Processing file /home/airflow/.local/lib/python3.12/site-packages/airflow/example_dags/example_dataset_alias_with_no_taskflow.py for tasks to queue
[2024-11-07T17:21:17.027+0000] {logging_mixin.py:190} INFO - [2024-11-07T17:21:17.026+0000] {dagbag.py:588} INFO - Filling up the DagBag from /home/airflow/.local/lib/python3.12/site-packages/airflow/example_dags/example_dataset_alias_with_no_taskflow.py
[2024-11-07T17:21:17.533+0000] {processor.py:925} INFO - DAG(s) 'dataset_s3_bucket_producer_with_no_taskflow', 'dataset_alias_example_alias_consumer_with_no_taskflow', 'dataset_alias_example_alias_producer_with_no_taskflow', 'dataset_s3_bucket_consumer_with_no_taskflow' retrieved from /home/airflow/.local/lib/python3.12/site-packages/airflow/example_dags/example_dataset_alias_with_no_taskflow.py
[2024-11-07T17:21:17.565+0000] {logging_mixin.py:190} INFO - [2024-11-07T17:21:17.565+0000] {dag.py:3239} INFO - Sync 4 DAGs
[2024-11-07T17:21:17.589+0000] {logging_mixin.py:190} INFO - [2024-11-07T17:21:17.588+0000] {dag.py:4180} INFO - Setting next_dagrun for dataset_alias_example_alias_consumer_with_no_taskflow to None, run_after=None
[2024-11-07T17:21:17.593+0000] {logging_mixin.py:190} INFO - [2024-11-07T17:21:17.593+0000] {dag.py:4180} INFO - Setting next_dagrun for dataset_alias_example_alias_producer_with_no_taskflow to None, run_after=None
[2024-11-07T17:21:17.594+0000] {logging_mixin.py:190} INFO - [2024-11-07T17:21:17.594+0000] {dag.py:4180} INFO - Setting next_dagrun for dataset_s3_bucket_consumer_with_no_taskflow to None, run_after=None
[2024-11-07T17:21:17.598+0000] {logging_mixin.py:190} INFO - [2024-11-07T17:21:17.598+0000] {dag.py:4180} INFO - Setting next_dagrun for dataset_s3_bucket_producer_with_no_taskflow to None, run_after=None
[2024-11-07T17:21:17.628+0000] {processor.py:208} INFO - Processing /home/airflow/.local/lib/python3.12/site-packages/airflow/example_dags/example_dataset_alias_with_no_taskflow.py took 0.621 seconds
