[2024-11-08T05:10:22.797+0000] {taskinstance.py:1083} INFO - Dependencies all met for <TaskInstance: spark_airflow_dag.spark_submit_task manual__2024-11-08T05:10:18.703503+00:00 [queued]>
[2024-11-08T05:10:22.820+0000] {taskinstance.py:1083} INFO - Dependencies all met for <TaskInstance: spark_airflow_dag.spark_submit_task manual__2024-11-08T05:10:18.703503+00:00 [queued]>
[2024-11-08T05:10:22.820+0000] {taskinstance.py:1279} INFO - 
--------------------------------------------------------------------------------
[2024-11-08T05:10:22.821+0000] {taskinstance.py:1280} INFO - Starting attempt 1 of 1
[2024-11-08T05:10:22.821+0000] {taskinstance.py:1281} INFO - 
--------------------------------------------------------------------------------
[2024-11-08T05:10:22.845+0000] {taskinstance.py:1300} INFO - Executing <Task(SparkSubmitOperator): spark_submit_task> on 2024-11-08 05:10:18.703503+00:00
[2024-11-08T05:10:22.855+0000] {standard_task_runner.py:55} INFO - Started process 996 to run task
[2024-11-08T05:10:22.860+0000] {standard_task_runner.py:82} INFO - Running: ['***', 'tasks', 'run', 'spark_***_dag', 'spark_submit_task', 'manual__2024-11-08T05:10:18.703503+00:00', '--job-id', '3', '--raw', '--subdir', 'DAGS_FOLDER/spark_jobs_dag.py', '--cfg-path', '/tmp/tmpjl1hhst5']
[2024-11-08T05:10:22.861+0000] {standard_task_runner.py:83} INFO - Job 3: Subtask spark_submit_task
[2024-11-08T05:10:22.881+0000] {warnings.py:110} WARNING - /home/***/.local/lib/python3.7/site-packages/***/settings.py:249: DeprecationWarning: The sql_alchemy_conn option in [core] has been moved to the sql_alchemy_conn option in [database] - the old setting has been used, but please update your config.
  SQL_ALCHEMY_CONN = conf.get("database", "SQL_ALCHEMY_CONN")

[2024-11-08T05:10:22.956+0000] {task_command.py:388} INFO - Running <TaskInstance: spark_airflow_dag.spark_submit_task manual__2024-11-08T05:10:18.703503+00:00 [running]> on host d15876d5b6ad
[2024-11-08T05:10:23.067+0000] {taskinstance.py:1509} INFO - Exporting the following env vars:
AIRFLOW_CTX_DAG_OWNER=***
AIRFLOW_CTX_DAG_ID=spark_***_dag
AIRFLOW_CTX_TASK_ID=spark_submit_task
AIRFLOW_CTX_EXECUTION_DATE=2024-11-08T05:10:18.703503+00:00
AIRFLOW_CTX_TRY_NUMBER=1
AIRFLOW_CTX_DAG_RUN_ID=manual__2024-11-08T05:10:18.703503+00:00
[2024-11-08T05:10:23.087+0000] {base.py:73} INFO - Using connection ID 'spark_local' for task execution.
[2024-11-08T05:10:23.090+0000] {spark_submit.py:339} INFO - Spark-Submit cmd: spark-submit --master spark://cdb3c0bf0542:7077 --name arrow-spark --queue root.default /opt/***/dags/spark_etl_script_docker.py
[2024-11-08T05:10:23.281+0000] {spark_submit.py:490} INFO - /home/***/.local/lib/python3.7/site-packages/pyspark/bin/load-spark-env.sh: line 68: ps: command not found
[2024-11-08T05:10:28.505+0000] {spark_submit.py:490} INFO - 24/11/08 05:10:28 INFO SparkContext: Running Spark version 3.4.4
[2024-11-08T05:10:28.632+0000] {spark_submit.py:490} INFO - 24/11/08 05:10:28 WARN NativeCodeLoader: Unable to load native-hadoop library for your platform... using builtin-java classes where applicable
[2024-11-08T05:10:28.781+0000] {spark_submit.py:490} INFO - 24/11/08 05:10:28 INFO ResourceUtils: ==============================================================
[2024-11-08T05:10:28.781+0000] {spark_submit.py:490} INFO - 24/11/08 05:10:28 INFO ResourceUtils: No custom resources configured for spark.driver.
[2024-11-08T05:10:28.782+0000] {spark_submit.py:490} INFO - 24/11/08 05:10:28 INFO ResourceUtils: ==============================================================
[2024-11-08T05:10:28.782+0000] {spark_submit.py:490} INFO - 24/11/08 05:10:28 INFO SparkContext: Submitted application: DataExtraction
[2024-11-08T05:10:28.815+0000] {spark_submit.py:490} INFO - 24/11/08 05:10:28 INFO ResourceProfile: Default ResourceProfile created, executor resources: Map(memory -> name: memory, amount: 1024, script: , vendor: , offHeap -> name: offHeap, amount: 0, script: , vendor: ), task resources: Map(cpus -> name: cpus, amount: 1.0)
[2024-11-08T05:10:28.833+0000] {spark_submit.py:490} INFO - 24/11/08 05:10:28 INFO ResourceProfile: Limiting resource is cpu
[2024-11-08T05:10:28.834+0000] {spark_submit.py:490} INFO - 24/11/08 05:10:28 INFO ResourceProfileManager: Added ResourceProfile id: 0
[2024-11-08T05:10:28.915+0000] {spark_submit.py:490} INFO - 24/11/08 05:10:28 INFO SecurityManager: Changing view acls to: default
[2024-11-08T05:10:28.916+0000] {spark_submit.py:490} INFO - 24/11/08 05:10:28 INFO SecurityManager: Changing modify acls to: default
[2024-11-08T05:10:28.916+0000] {spark_submit.py:490} INFO - 24/11/08 05:10:28 INFO SecurityManager: Changing view acls groups to:
[2024-11-08T05:10:28.917+0000] {spark_submit.py:490} INFO - 24/11/08 05:10:28 INFO SecurityManager: Changing modify acls groups to:
[2024-11-08T05:10:28.917+0000] {spark_submit.py:490} INFO - 24/11/08 05:10:28 INFO SecurityManager: SecurityManager: authentication disabled; ui acls disabled; users with view permissions: default; groups with view permissions: EMPTY; users with modify permissions: default; groups with modify permissions: EMPTY
[2024-11-08T05:10:29.462+0000] {spark_submit.py:490} INFO - 24/11/08 05:10:29 INFO Utils: Successfully started service 'sparkDriver' on port 35285.
[2024-11-08T05:10:29.521+0000] {spark_submit.py:490} INFO - 24/11/08 05:10:29 INFO SparkEnv: Registering MapOutputTracker
[2024-11-08T05:10:29.598+0000] {spark_submit.py:490} INFO - 24/11/08 05:10:29 INFO SparkEnv: Registering BlockManagerMaster
[2024-11-08T05:10:29.632+0000] {spark_submit.py:490} INFO - 24/11/08 05:10:29 INFO BlockManagerMasterEndpoint: Using org.apache.spark.storage.DefaultTopologyMapper for getting topology information
[2024-11-08T05:10:29.633+0000] {spark_submit.py:490} INFO - 24/11/08 05:10:29 INFO BlockManagerMasterEndpoint: BlockManagerMasterEndpoint up
[2024-11-08T05:10:29.643+0000] {spark_submit.py:490} INFO - 24/11/08 05:10:29 INFO SparkEnv: Registering BlockManagerMasterHeartbeat
[2024-11-08T05:10:29.676+0000] {spark_submit.py:490} INFO - 24/11/08 05:10:29 INFO DiskBlockManager: Created local directory at /tmp/blockmgr-ad797ba2-d2d2-4472-b848-450268347ab0
[2024-11-08T05:10:29.714+0000] {spark_submit.py:490} INFO - 24/11/08 05:10:29 INFO MemoryStore: MemoryStore started with capacity 434.4 MiB
[2024-11-08T05:10:29.782+0000] {spark_submit.py:490} INFO - 24/11/08 05:10:29 INFO SparkEnv: Registering OutputCommitCoordinator
[2024-11-08T05:10:30.082+0000] {spark_submit.py:490} INFO - 24/11/08 05:10:30 INFO JettyUtils: Start Jetty 0.0.0.0:4040 for SparkUI
[2024-11-08T05:10:30.206+0000] {spark_submit.py:490} INFO - 24/11/08 05:10:30 INFO Utils: Successfully started service 'SparkUI' on port 4040.
[2024-11-08T05:10:30.411+0000] {spark_submit.py:490} INFO - 24/11/08 05:10:30 INFO StandaloneAppClient$ClientEndpoint: Connecting to master spark://cdb3c0bf0542:7077...
[2024-11-08T05:10:30.490+0000] {spark_submit.py:490} INFO - 24/11/08 05:10:30 INFO TransportClientFactory: Successfully created connection to cdb3c0bf0542/172.18.0.5:7077 after 45 ms (0 ms spent in bootstraps)
[2024-11-08T05:10:50.411+0000] {spark_submit.py:490} INFO - 24/11/08 05:10:50 INFO StandaloneAppClient$ClientEndpoint: Connecting to master spark://cdb3c0bf0542:7077...
[2024-11-08T05:11:10.408+0000] {spark_submit.py:490} INFO - 24/11/08 05:11:10 INFO StandaloneAppClient$ClientEndpoint: Connecting to master spark://cdb3c0bf0542:7077...
[2024-11-08T05:11:30.409+0000] {spark_submit.py:490} INFO - 24/11/08 05:11:30 WARN StandaloneSchedulerBackend: Application ID is not initialized yet.
[2024-11-08T05:11:30.412+0000] {spark_submit.py:490} INFO - 24/11/08 05:11:30 ERROR StandaloneSchedulerBackend: Application has been killed. Reason: All masters are unresponsive! Giving up.
[2024-11-08T05:11:30.430+0000] {spark_submit.py:490} INFO - 24/11/08 05:11:30 INFO Utils: Successfully started service 'org.apache.spark.network.netty.NettyBlockTransferService' on port 38307.
[2024-11-08T05:11:30.431+0000] {spark_submit.py:490} INFO - 24/11/08 05:11:30 INFO NettyBlockTransferService: Server created on d15876d5b6ad:38307
[2024-11-08T05:11:30.436+0000] {spark_submit.py:490} INFO - 24/11/08 05:11:30 INFO BlockManager: Using org.apache.spark.storage.RandomBlockReplicationPolicy for block replication policy
[2024-11-08T05:11:30.449+0000] {spark_submit.py:490} INFO - 24/11/08 05:11:30 INFO BlockManagerMaster: Registering BlockManager BlockManagerId(driver, d15876d5b6ad, 38307, None)
[2024-11-08T05:11:30.459+0000] {spark_submit.py:490} INFO - 24/11/08 05:11:30 INFO BlockManagerMasterEndpoint: Registering block manager d15876d5b6ad:38307 with 434.4 MiB RAM, BlockManagerId(driver, d15876d5b6ad, 38307, None)
[2024-11-08T05:11:30.463+0000] {spark_submit.py:490} INFO - 24/11/08 05:11:30 INFO BlockManagerMaster: Registered BlockManager BlockManagerId(driver, d15876d5b6ad, 38307, None)
[2024-11-08T05:11:30.465+0000] {spark_submit.py:490} INFO - 24/11/08 05:11:30 INFO BlockManager: Initialized BlockManager: BlockManagerId(driver, d15876d5b6ad, 38307, None)
[2024-11-08T05:11:30.866+0000] {spark_submit.py:490} INFO - 24/11/08 05:11:30 INFO StandaloneSchedulerBackend: SchedulerBackend is ready for scheduling beginning after reached minRegisteredResourcesRatio: 0.0
[2024-11-08T05:11:30.950+0000] {spark_submit.py:490} INFO - /home/***/.local/lib/python3.7/site-packages/pyspark/python/lib/pyspark.zip/pyspark/context.py:317: FutureWarning: Python 3.7 support is deprecated in Spark 3.4.
[2024-11-08T05:11:30.952+0000] {spark_submit.py:490} INFO - warnings.warn("Python 3.7 support is deprecated in Spark 3.4.", FutureWarning)
[2024-11-08T05:11:31.296+0000] {spark_submit.py:490} INFO - 24/11/08 05:11:31 INFO SparkContext: SparkContext is stopping with exitCode 0.
[2024-11-08T05:11:31.318+0000] {spark_submit.py:490} INFO - 24/11/08 05:11:31 INFO SparkUI: Stopped Spark web UI at http://d15876d5b6ad:4040
[2024-11-08T05:11:31.327+0000] {spark_submit.py:490} INFO - 24/11/08 05:11:31 INFO StandaloneSchedulerBackend: Shutting down all executors
[2024-11-08T05:11:31.332+0000] {spark_submit.py:490} INFO - 24/11/08 05:11:31 INFO StandaloneSchedulerBackend$StandaloneDriverEndpoint: Asking each executor to shut down
[2024-11-08T05:11:31.342+0000] {spark_submit.py:490} INFO - 24/11/08 05:11:31 WARN StandaloneAppClient$ClientEndpoint: Drop UnregisterApplication(null) because has not yet connected to master
[2024-11-08T05:11:31.361+0000] {spark_submit.py:490} INFO - 24/11/08 05:11:31 INFO MapOutputTrackerMasterEndpoint: MapOutputTrackerMasterEndpoint stopped!
[2024-11-08T05:11:31.396+0000] {spark_submit.py:490} INFO - 24/11/08 05:11:31 INFO MemoryStore: MemoryStore cleared
[2024-11-08T05:11:31.397+0000] {spark_submit.py:490} INFO - 24/11/08 05:11:31 INFO BlockManager: BlockManager stopped
[2024-11-08T05:11:31.406+0000] {spark_submit.py:490} INFO - 24/11/08 05:11:31 INFO BlockManagerMaster: BlockManagerMaster stopped
[2024-11-08T05:11:31.409+0000] {spark_submit.py:490} INFO - 24/11/08 05:11:31 INFO OutputCommitCoordinator$OutputCommitCoordinatorEndpoint: OutputCommitCoordinator stopped!
[2024-11-08T05:11:31.433+0000] {spark_submit.py:490} INFO - 24/11/08 05:11:31 INFO SparkContext: Successfully stopped SparkContext
[2024-11-08T05:11:31.870+0000] {spark_submit.py:490} INFO - Traceback (most recent call last):
[2024-11-08T05:11:31.871+0000] {spark_submit.py:490} INFO - File "/opt/***/dags/spark_etl_script_docker.py", line 25, in <module>
[2024-11-08T05:11:31.872+0000] {spark_submit.py:490} INFO - RDD = sparkContext.parallelize([data])
[2024-11-08T05:11:31.872+0000] {spark_submit.py:490} INFO - File "/home/***/.local/lib/python3.7/site-packages/pyspark/python/lib/pyspark.zip/pyspark/context.py", line 780, in parallelize
[2024-11-08T05:11:31.873+0000] {spark_submit.py:490} INFO - File "/home/***/.local/lib/python3.7/site-packages/pyspark/python/lib/pyspark.zip/pyspark/context.py", line 627, in defaultParallelism
[2024-11-08T05:11:31.874+0000] {spark_submit.py:490} INFO - File "/home/***/.local/lib/python3.7/site-packages/pyspark/python/lib/py4j-0.10.9.7-src.zip/py4j/java_gateway.py", line 1323, in __call__
[2024-11-08T05:11:31.874+0000] {spark_submit.py:490} INFO - File "/home/***/.local/lib/python3.7/site-packages/pyspark/python/lib/pyspark.zip/pyspark/errors/exceptions/captured.py", line 169, in deco
[2024-11-08T05:11:31.876+0000] {spark_submit.py:490} INFO - File "/home/***/.local/lib/python3.7/site-packages/pyspark/python/lib/py4j-0.10.9.7-src.zip/py4j/protocol.py", line 328, in get_return_value
[2024-11-08T05:11:31.880+0000] {spark_submit.py:490} INFO - py4j.protocol.Py4JJavaError: An error occurred while calling o24.defaultParallelism.
[2024-11-08T05:11:31.880+0000] {spark_submit.py:490} INFO - : java.lang.IllegalStateException: Cannot call methods on a stopped SparkContext.
[2024-11-08T05:11:31.881+0000] {spark_submit.py:490} INFO - This stopped SparkContext was created at:
[2024-11-08T05:11:31.881+0000] {spark_submit.py:490} INFO - 
[2024-11-08T05:11:31.882+0000] {spark_submit.py:490} INFO - org.apache.spark.api.java.JavaSparkContext.<init>(JavaSparkContext.scala:58)
[2024-11-08T05:11:31.882+0000] {spark_submit.py:490} INFO - java.base/jdk.internal.reflect.NativeConstructorAccessorImpl.newInstance0(Native Method)
[2024-11-08T05:11:31.883+0000] {spark_submit.py:490} INFO - java.base/jdk.internal.reflect.NativeConstructorAccessorImpl.newInstance(NativeConstructorAccessorImpl.java:62)
[2024-11-08T05:11:31.883+0000] {spark_submit.py:490} INFO - java.base/jdk.internal.reflect.DelegatingConstructorAccessorImpl.newInstance(DelegatingConstructorAccessorImpl.java:45)
[2024-11-08T05:11:31.884+0000] {spark_submit.py:490} INFO - java.base/java.lang.reflect.Constructor.newInstance(Constructor.java:490)
[2024-11-08T05:11:31.884+0000] {spark_submit.py:490} INFO - py4j.reflection.MethodInvoker.invoke(MethodInvoker.java:247)
[2024-11-08T05:11:31.885+0000] {spark_submit.py:490} INFO - py4j.reflection.ReflectionEngine.invoke(ReflectionEngine.java:374)
[2024-11-08T05:11:31.885+0000] {spark_submit.py:490} INFO - py4j.Gateway.invoke(Gateway.java:238)
[2024-11-08T05:11:31.886+0000] {spark_submit.py:490} INFO - py4j.commands.ConstructorCommand.invokeConstructor(ConstructorCommand.java:80)
[2024-11-08T05:11:31.886+0000] {spark_submit.py:490} INFO - py4j.commands.ConstructorCommand.execute(ConstructorCommand.java:69)
[2024-11-08T05:11:31.887+0000] {spark_submit.py:490} INFO - py4j.ClientServerConnection.waitForCommands(ClientServerConnection.java:182)
[2024-11-08T05:11:31.887+0000] {spark_submit.py:490} INFO - py4j.ClientServerConnection.run(ClientServerConnection.java:106)
[2024-11-08T05:11:31.888+0000] {spark_submit.py:490} INFO - java.base/java.lang.Thread.run(Thread.java:829)
[2024-11-08T05:11:31.888+0000] {spark_submit.py:490} INFO - 
[2024-11-08T05:11:31.888+0000] {spark_submit.py:490} INFO - The currently active SparkContext was created at:
[2024-11-08T05:11:31.889+0000] {spark_submit.py:490} INFO - 
[2024-11-08T05:11:31.889+0000] {spark_submit.py:490} INFO - (No active SparkContext.)
[2024-11-08T05:11:31.890+0000] {spark_submit.py:490} INFO - 
[2024-11-08T05:11:31.890+0000] {spark_submit.py:490} INFO - at org.apache.spark.SparkContext.assertNotStopped(SparkContext.scala:120)
[2024-11-08T05:11:31.890+0000] {spark_submit.py:490} INFO - at org.apache.spark.SparkContext.defaultParallelism(SparkContext.scala:2554)
[2024-11-08T05:11:31.891+0000] {spark_submit.py:490} INFO - at java.base/jdk.internal.reflect.NativeMethodAccessorImpl.invoke0(Native Method)
[2024-11-08T05:11:31.891+0000] {spark_submit.py:490} INFO - at java.base/jdk.internal.reflect.NativeMethodAccessorImpl.invoke(NativeMethodAccessorImpl.java:62)
[2024-11-08T05:11:31.892+0000] {spark_submit.py:490} INFO - at java.base/jdk.internal.reflect.DelegatingMethodAccessorImpl.invoke(DelegatingMethodAccessorImpl.java:43)
[2024-11-08T05:11:31.892+0000] {spark_submit.py:490} INFO - at java.base/java.lang.reflect.Method.invoke(Method.java:566)
[2024-11-08T05:11:31.893+0000] {spark_submit.py:490} INFO - at py4j.reflection.MethodInvoker.invoke(MethodInvoker.java:244)
[2024-11-08T05:11:31.893+0000] {spark_submit.py:490} INFO - at py4j.reflection.ReflectionEngine.invoke(ReflectionEngine.java:374)
[2024-11-08T05:11:31.894+0000] {spark_submit.py:490} INFO - at py4j.Gateway.invoke(Gateway.java:282)
[2024-11-08T05:11:31.894+0000] {spark_submit.py:490} INFO - at py4j.commands.AbstractCommand.invokeMethod(AbstractCommand.java:132)
[2024-11-08T05:11:31.895+0000] {spark_submit.py:490} INFO - at py4j.commands.CallCommand.execute(CallCommand.java:79)
[2024-11-08T05:11:31.895+0000] {spark_submit.py:490} INFO - at py4j.ClientServerConnection.waitForCommands(ClientServerConnection.java:182)
[2024-11-08T05:11:31.896+0000] {spark_submit.py:490} INFO - at py4j.ClientServerConnection.run(ClientServerConnection.java:106)
[2024-11-08T05:11:31.896+0000] {spark_submit.py:490} INFO - at java.base/java.lang.Thread.run(Thread.java:829)
[2024-11-08T05:11:31.896+0000] {spark_submit.py:490} INFO - 
[2024-11-08T05:11:31.941+0000] {spark_submit.py:490} INFO - 24/11/08 05:11:31 INFO ShutdownHookManager: Shutdown hook called
[2024-11-08T05:11:31.942+0000] {spark_submit.py:490} INFO - 24/11/08 05:11:31 INFO ShutdownHookManager: Deleting directory /tmp/spark-0c0f6b74-4bd8-4f87-abd6-7d1afa3b5e2d/pyspark-3c7ac447-96b7-40a3-99e0-0f334d9f5afb
[2024-11-08T05:11:31.952+0000] {spark_submit.py:490} INFO - 24/11/08 05:11:31 INFO ShutdownHookManager: Deleting directory /tmp/spark-ae4abb77-ab7f-41e1-a6db-78fab5b2401b
[2024-11-08T05:11:31.966+0000] {spark_submit.py:490} INFO - 24/11/08 05:11:31 INFO ShutdownHookManager: Deleting directory /tmp/spark-0c0f6b74-4bd8-4f87-abd6-7d1afa3b5e2d
[2024-11-08T05:11:32.051+0000] {taskinstance.py:1768} ERROR - Task failed with exception
Traceback (most recent call last):
  File "/home/airflow/.local/lib/python3.7/site-packages/airflow/providers/apache/spark/operators/spark_submit.py", line 157, in execute
    self._hook.submit(self._application)
  File "/home/airflow/.local/lib/python3.7/site-packages/airflow/providers/apache/spark/hooks/spark_submit.py", line 422, in submit
    f"Cannot execute: {self._mask_cmd(spark_submit_cmd)}. Error code is: {returncode}."
airflow.exceptions.AirflowException: Cannot execute: spark-submit --master spark://cdb3c0bf0542:7077 --name arrow-spark --queue root.default /opt/***/dags/spark_etl_script_docker.py. Error code is: 1.
[2024-11-08T05:11:32.075+0000] {taskinstance.py:1323} INFO - Marking task as FAILED. dag_id=spark_***_dag, task_id=spark_submit_task, execution_date=20241108T051018, start_date=20241108T051022, end_date=20241108T051132
[2024-11-08T05:11:32.107+0000] {standard_task_runner.py:105} ERROR - Failed to execute job 3 for task spark_submit_task (Cannot execute: spark-submit --master spark://cdb3c0bf0542:7077 --name arrow-spark --queue root.default /opt/***/dags/spark_etl_script_docker.py. Error code is: 1.; 996)
[2024-11-08T05:11:32.140+0000] {local_task_job.py:208} INFO - Task exited with return code 1
[2024-11-08T05:11:32.170+0000] {taskinstance.py:2578} INFO - 0 downstream tasks scheduled from follow-on schedule check
